[INFO ]  Logging setup
[INFO ]  {'r': {2: 2410.0,
       4: 2410.0,
       8: 2410.0,
       16: 2410.0,
       32: 2410.0,
       64: 2420.0,
       128: 2460.0,
       256: 2540.0,
       512: 2600.0,
       1024: 2690.0,
       2048: 2850.0,
       4096: 3110.0,
       8192: 3570.0,
       16384: 4650.0,
       32768: 6260.0,
       65536: 9280.0,
       131072: 15260.0,
       262144: 27300.0,
       524288: 51120.0,
       1048576: 98930.0,
       2097152: 195090.0,
       4194304: 386920.0,
       8388608: 770420.0},
 'w': {2: 1260.0,
       4: 1250.0,
       8: 1260.0,
       16: 1260.0,
       32: 1320.0,
       64: 1320.0,
       128: 1370.0,
       256: 1720.0,
       512: 1840.0,
       1024: 1980.0,
       2048: 2200.0,
       4096: 2410.0,
       8192: 2790.0,
       16384: 3870.0,
       32768: 5450.0,
       65536: 8320.0,
       131072: 14050.0,
       262144: 25850.0,
       524288: 49010.0,
       1048576: 95220.0,
       2097152: 187660.0,
       4194304: 372430.0,
       8388608: 738840.0}}
[INFO ]  Looking at redis
[INFO ]  Working on: redis - sim-cachegrind-method-rand-config-size=536870912*block=512*assoc=4-run-0.cachegrind.out
[INFO ]  Working on: redis - sim-cachegrind-method-rand-config-size=16777216*block=4096*assoc=4-run-0.cachegrind.out
[INFO ]  Working on: redis - sim-cachegrind-method-rand-config-size=2147483648*block=4096*assoc=4-run-0.cachegrind.out
[INFO ]  Working on: redis - sim-cachegrind-method-rand-config-size=1073741824*block=1024*assoc=4-run-0.cachegrind.out
[INFO ]  Working on: redis - sim-cachegrind-method-rand-config-size=8589934592*block=32768*assoc=4-run-0.cachegrind.out
[INFO ]  Working on: redis - sim-cachegrind-method-rand-config-size=2147483648*block=64*assoc=4-run-0.cachegrind.out
[INFO ]  Working on: redis - sim-cachegrind-method-rand-config-size=1073741824*block=256*assoc=4-run-0.cachegrind.out
[INFO ]  Working on: redis - sim-cachegrind-method-rand-config-size=8589934592*block=1024*assoc=4-run-0.cachegrind.out
[INFO ]  Working on: redis - sim-cachegrind-method-rand-config-size=4294967296*block=512*assoc=4-run-0.cachegrind.out
[INFO ]  Working on: redis - sim-cachegrind-method-rand-config-size=1073741824*block=32768*assoc=4-run-0.cachegrind.out
[INFO ]  Working on: redis - sim-cachegrind-method-rand-config-size=536870912*block=64*assoc=4-run-0.cachegrind.out
[INFO ]  Working on: redis - sim-cachegrind-method-rand-config-size=536870912*block=32768*assoc=4-run-0.cachegrind.out
[INFO ]  Working on: redis - sim-cachegrind-method-rand-config-size=67108864*block=4096*assoc=4-run-0.cachegrind.out
[INFO ]  Working on: redis - sim-cachegrind-method-rand-config-l3-run-0.cachegrind.out
[INFO ]  Working on: redis - sim-cachegrind-method-rand-config-size=268435456*block=256*assoc=4-run-0.cachegrind.out
[INFO ]  Working on: redis - sim-cachegrind-method-rand-config-size=4294967296*block=256*assoc=4-run-0.cachegrind.out
[INFO ]  Working on: redis - sim-cachegrind-method-rand-config-size=1073741824*block=4096*assoc=4-run-0.cachegrind.out
[INFO ]  Working on: redis - sim-cachegrind-method-rand-config-size=4294967296*block=1024*assoc=4-run-0.cachegrind.out
[INFO ]  Working on: redis - sim-cachegrind-method-rand-config-size=2147483648*block=32768*assoc=4-run-0.cachegrind.out
[INFO ]  Working on: redis - sim-cachegrind-method-rand-config-size=536870912*block=1024*assoc=4-run-0.cachegrind.out
[INFO ]  Working on: redis - sim-cachegrind-method-rand-config-size=8589934592*block=4096*assoc=4-run-0.cachegrind.out
[INFO ]  Working on: redis - sim-cachegrind-method-rand-config-size=268435456*block=512*assoc=4-run-0.cachegrind.out
[INFO ]  Working on: redis - sim-cachegrind-method-rand-config-size=1073741824*block=64*assoc=4-run-0.cachegrind.out
[INFO ]  Working on: redis - sim-cachegrind-method-rand-config-size=268435456*block=64*assoc=4-run-0.cachegrind.out
[INFO ]  Working on: redis - sim-cachegrind-method-rand-config-size=4294967296*block=32768*assoc=4-run-0.cachegrind.out
[INFO ]  Working on: redis - sim-cachegrind-method-rand-config-size=8589934592*block=256*assoc=4-run-0.cachegrind.out
[INFO ]  Working on: redis - sim-cachegrind-method-rand-config-size=268435456*block=4096*assoc=4-run-0.cachegrind.out
[INFO ]  Working on: redis - sim-cachegrind-method-rand-config-size=2147483648*block=512*assoc=4-run-0.cachegrind.out
[INFO ]  Working on: redis - sim-cachegrind-method-rand-config-size=1073741824*block=512*assoc=4-run-0.cachegrind.out
[INFO ]  Working on: redis - sim-cachegrind-method-rand-config-size=8589934592*block=512*assoc=4-run-0.cachegrind.out
[INFO ]  Working on: redis - sim-cachegrind-method-rand-config-size=536870912*block=4096*assoc=4-run-0.cachegrind.out
[INFO ]  Working on: redis - sim-cachegrind-method-rand-config-size=268435456*block=32768*assoc=4-run-0.cachegrind.out
[INFO ]  Working on: redis - sim-cachegrind-method-rand-config-size=536870912*block=256*assoc=4-run-0.cachegrind.out
[INFO ]  Working on: redis - sim-cachegrind-method-rand-config-size=2147483648*block=256*assoc=4-run-0.cachegrind.out
[INFO ]  Working on: redis - sim-cachegrind-method-rand-config-size=4294967296*block=64*assoc=4-run-0.cachegrind.out
[INFO ]  Working on: redis - sim-cachegrind-method-rand-config-size=4294967296*block=4096*assoc=4-run-0.cachegrind.out
[INFO ]  Working on: redis - sim-cachegrind-method-rand-config-size=2147483648*block=1024*assoc=4-run-0.cachegrind.out
[INFO ]  Working on: redis - sim-cachegrind-method-rand-config-l2-run-0.cachegrind.out
[INFO ]  Working on: redis - sim-cachegrind-method-rand-config-size=268435456*block=1024*assoc=4-run-0.cachegrind.out
[INFO ]  Working on: redis - sim-cachegrind-method-rand-config-size=33554432*block=4096*assoc=4-run-0.cachegrind.out
[INFO ]  Working on: redis - sim-cachegrind-method-rand-config-size=8589934592*block=64*assoc=4-run-0.cachegrind.out
[INFO ]  Looking at metis
[INFO ]  Working on: metis - sim-cachegrind-method-linreg-config-size=536870912*block=4096*assoc=4-run-0.cachegrind.out
[INFO ]  Working on: metis - sim-cachegrind-method-linreg-config-size=8589934592*block=4096*assoc=4-run-0.cachegrind.out
[INFO ]  Working on: metis - sim-cachegrind-method-linreg-config-size=268435456*block=4096*assoc=4-run-0.cachegrind.out
[INFO ]  Working on: metis - sim-cachegrind-method-linreg-config-l3-run-0.cachegrind.out
[INFO ]  Working on: metis - sim-cachegrind-method-linreg-config-l2-run-0.cachegrind.out
[INFO ]  Working on: metis - sim-cachegrind-method-linreg-config-size=2147483648*block=4096*assoc=4-run-0.cachegrind.out
[INFO ]  Working on: metis - sim-cachegrind-method-linreg-config-size=1073741824*block=4096*assoc=4-run-0.cachegrind.out
[INFO ]  Working on: metis - sim-cachegrind-method-linreg-config-size=17179869184*block=4096*assoc=4-run-0.cachegrind.out
[INFO ]  Working on: metis - sim-cachegrind-method-linreg-config-size=34359738368*block=4096*assoc=4-run-0.cachegrind.out
[INFO ]  Working on: metis - sim-cachegrind-method-linreg-config-size=4294967296*block=4096*assoc=4-run-0.cachegrind.out
[INFO ]  Working on: metis - sim-cachegrind-method-linreg-config-size=137438953472*block=4096*assoc=4-run-0.cachegrind.out
[INFO ]  Looking at turi
[INFO ]  Working on: turi - sim-cachegrind-method-graphcol-config-size=8589934592*block=4096*assoc=4-run-0.cachegrind.out
[INFO ]  Working on: turi - sim-cachegrind-method-graphcol-config-size=2147483648*block=4096*assoc=4-run-0.cachegrind.out
[INFO ]  Working on: turi - sim-cachegrind-method-graphcol-config-l3-run-0.cachegrind.out
[INFO ]  Working on: turi - sim-cachegrind-method-graphcol-config-size=134217728*block=4096*assoc=4-run-0.cachegrind.out
[INFO ]  Working on: turi - sim-cachegrind-method-graphcol-config-size=67108864*block=4096*assoc=4-run-0.cachegrind.out
[INFO ]  Working on: turi - sim-cachegrind-method-graphcol-config-size=33554432*block=4096*assoc=4-run-0.cachegrind.out
[INFO ]  Working on: turi - sim-cachegrind-method-graphcol-config-size=4294967296*block=4096*assoc=4-run-0.cachegrind.out
[INFO ]  Working on: turi - sim-cachegrind-method-graphcol-config-size=17179869184*block=4096*assoc=4-run-0.cachegrind.out
[INFO ]  Working on: turi - sim-cachegrind-method-graphcol-config-size=536870912*block=4096*assoc=4-run-0.cachegrind.out
[INFO ]  Working on: turi - sim-cachegrind-method-graphcol-config-size=1073741824*block=4096*assoc=4-run-0.cachegrind.out
[INFO ]  Working on: turi - sim-cachegrind-method-graphcol-config-l2-run-0.cachegrind.out
[INFO ]  AMAT: redis Memtier+Redis -R:R
[INFO ]  redis-method-rand - pberry=7.290641073032503, pberry_main=6.855295934573632, diff=0.4353451384588709, numa=6.35049372942858
[INFO ]  AMAT: metis Linear Regression - 40GB
[INFO ]  metis-method-linreg - pberry=16.499536789048204, pberry_main=13.511431007480283, diff=2.9881057815679206, numa=22.11539088578868
[INFO ]  AMAT: turi Twitter - Graph Col.
[INFO ]  turi-method-graphcol - pberry=3.6657514146379278, pberry_main=3.3718812026429967, diff=0.293870211994931, numa=8.715319263459977
[INFO ]  
{'metis': {'dir': 'metis',
           'methods': {'linreg': {'AMATs': {'cachegrind': {'infiniswap': {'cache': {4: {0.6399411304155419: 63.82131532680003,
                                                                                        1.2798822608310838: 63.77869855301268,
                                                                                        2.5597645216621676: 63.767032463025295,
                                                                                        5.119529043324335: 63.785328522668266,
                                                                                        10.23905808664867: 63.669646031905835,
                                                                                        20.47811617329734: 63.82471328894546,
                                                                                        40.95623234659468: 63.749667545826625,
                                                                                        81.91246469318936: 63.766378141195446,
                                                                                        327.64985877275745: 63.79673080504401}}},
                                                           'lats-sweep': {3000: 13.360618133275786,
                                                                          6000: 17.447571647431438,
                                                                          10000: 22.896842999638967,
                                                                          16000: 31.070750027950265,
                                                                          24000: 41.96929273236532,
                                                                          32000: 52.86783543678039,
                                                                          40000: 63.766378141195446},
                                                           'legoos': {'cache': {4: {0.6399411304155419: 22.910577296040113,
                                                                                    1.2798822608310838: 22.899923102593274,
                                                                                    2.5597645216621676: 22.897006580096424,
                                                                                    5.119529043324335: 22.901580595007168,
                                                                                    10.23905808664867: 22.87265997231656,
                                                                                    20.47811617329734: 22.91142678657647,
                                                                                    40.95623234659468: 22.89266535079676,
                                                                                    81.91246469318936: 22.896842999638967,
                                                                                    327.64985877275745: 22.904431165601107}}},
                                                           'pberry': {'cache': {4: {0: {'blocks': {64: 154.8093863941422}},
                                                                                    0.6399411304155419: {'blocks': {4096: 16.502850243210172}},
                                                                                    1.2798822608310838: {'blocks': {4096: 16.499536789048204}},
                                                                                    2.5597645216621676: {'blocks': {4096: 16.49862975055168}},
                                                                                    5.119529043324335: {'blocks': {4096: 16.500052269188924}},
                                                                                    10.23905808664867: {'blocks': {4096: 16.491057955532142}},
                                                                                    20.47811617329734: {'blocks': {4096: 16.503114434766978}},
                                                                                    40.95623234659468: {'blocks': {4096: 16.497279628239493}},
                                                                                    81.91246469318936: {'blocks': {4096: 16.498578877029413}},
                                                                                    327.64985877275745: {'blocks': {4096: 16.500938796643638}}}}},
                                                           'pberry-2x-main': {'cache': {4: {0: {'blocks': {64: 154.8093863941422}},
                                                                                            0.6399411304155419: {'blocks': {4096: 18.61942517182078}},
                                                                                            1.2798822608310838: {'blocks': {4096: 18.616111717658818}},
                                                                                            2.5597645216621676: {'blocks': {4096: 18.615204679162296}},
                                                                                            5.119529043324335: {'blocks': {4096: 18.616627197799538}},
                                                                                            10.23905808664867: {'blocks': {4096: 18.607632884142756}},
                                                                                            20.47811617329734: {'blocks': {4096: 18.619689363377592}},
                                                                                            40.95623234659468: {'blocks': {4096: 18.613854556850097}},
                                                                                            81.91246469318936: {'blocks': {4096: 18.615153805640023}},
                                                                                            327.64985877275745: {'blocks': {4096: 18.617513725254252}}}}},
                                                           'pberry-3x-main': {'cache': {4: {0: {'blocks': {64: 154.8093863941422}},
                                                                                            0.6399411304155419: {'blocks': {4096: 23.724105881999314}},
                                                                                            1.2798822608310838: {'blocks': {4096: 23.72079242783735}},
                                                                                            2.5597645216621676: {'blocks': {4096: 23.71988538934083}},
                                                                                            5.119529043324335: {'blocks': {4096: 23.72130790797807}},
                                                                                            10.23905808664867: {'blocks': {4096: 23.71231359432129}},
                                                                                            20.47811617329734: {'blocks': {4096: 23.724370073556123}},
                                                                                            40.95623234659468: {'blocks': {4096: 23.718535267028635}},
                                                                                            81.91246469318936: {'blocks': {4096: 23.719834515818558}},
                                                                                            327.64985877275745: {'blocks': {4096: 23.722194435432787}}}}},
                                                           'pberry-4x-main': {'cache': {4: {0: {'blocks': {64: 154.8093863941422}},
                                                                                            0.6399411304155419: {'blocks': {4096: 28.82878659217785}},
                                                                                            1.2798822608310838: {'blocks': {4096: 28.825473138015884}},
                                                                                            2.5597645216621676: {'blocks': {4096: 28.824566099519362}},
                                                                                            5.119529043324335: {'blocks': {4096: 28.825988618156607}},
                                                                                            10.23905808664867: {'blocks': {4096: 28.816994304499826}},
                                                                                            20.47811617329734: {'blocks': {4096: 28.829050783734658}},
                                                                                            40.95623234659468: {'blocks': {4096: 28.823215977207166}},
                                                                                            81.91246469318936: {'blocks': {4096: 28.824515225997093}},
                                                                                            327.64985877275745: {'blocks': {4096: 28.826875145611318}}}}},
                                                           'pberry-5x-main': {'cache': {4: {0: {'blocks': {64: 154.8093863941422}},
                                                                                            0.6399411304155419: {'blocks': {4096: 33.933467302356384}},
                                                                                            1.2798822608310838: {'blocks': {4096: 33.93015384819442}},
                                                                                            2.5597645216621676: {'blocks': {4096: 33.9292468096979}},
                                                                                            5.119529043324335: {'blocks': {4096: 33.930669328335135}},
                                                                                            10.23905808664867: {'blocks': {4096: 33.92167501467836}},
                                                                                            20.47811617329734: {'blocks': {4096: 33.9337314939132}},
                                                                                            40.95623234659468: {'blocks': {4096: 33.927896687385704}},
                                                                                            81.91246469318936: {'blocks': {4096: 33.92919593617563}},
                                                                                            327.64985877275745: {'blocks': {4096: 33.93155585578986}}}}},
                                                           'pberry-main': {'cache': {4: {0: {'blocks': {64: 154.8093863941422}},
                                                                                         0.6399411304155419: {'blocks': {4096: 13.51474446164225}},
                                                                                         1.2798822608310838: {'blocks': {4096: 13.511431007480283}},
                                                                                         2.5597645216621676: {'blocks': {4096: 13.510523968983764}},
                                                                                         5.119529043324335: {'blocks': {4096: 13.511946487621005}},
                                                                                         10.23905808664867: {'blocks': {4096: 13.502952173964225}},
                                                                                         20.47811617329734: {'blocks': {4096: 13.515008653199057}},
                                                                                         40.95623234659468: {'blocks': {4096: 13.509173846671567}},
                                                                                         81.91246469318936: {'blocks': {4096: 13.510473095461492}},
                                                                                         327.64985877275745: {'blocks': {4096: 13.512833015075719}}}}},
                                                           'regions': {'cache': {4: {0.6399411304155419: 22.910577296040113,
                                                                                     1.2798822608310838: 22.899923102593274,
                                                                                     2.5597645216621676: 22.897006580096424,
                                                                                     5.119529043324335: 22.901580595007168,
                                                                                     10.23905808664867: 22.87265997231656,
                                                                                     20.47811617329734: 22.91142678657647,
                                                                                     40.95623234659468: 22.89266535079676,
                                                                                     81.91246469318936: 22.896842999638967,
                                                                                     327.64985877275745: 22.904431165601107}}}},
                                            'callgrind': {}},
                                  'miss_rates': {'cachegrind': {'L1': (0.07073561756983646,
                                                                       7.89079971466161e-05),
                                                                'L2': (0.07073536839424503,
                                                                       7.876930135753229e-05),
                                                                'L3': (0.07105734587214232,
                                                                       7.27802219210436e-05),
                                                                'cache': {4: {0: {'blocks': {64: (0.07105734587214232,
                                                                                                  7.27802219210436e-05)}},
                                                                              0.6399411304155419: {'blocks': {4096: (0.0015566366162263663,
                                                                                                                     1.1657764871065843e-06)}},
                                                                              1.2798822608310838: {'blocks': {4096: (0.0015554229138737459,
                                                                                                                     1.1474898137249232e-06)}},
                                                                              2.5597645216621676: {'blocks': {4096: (0.0015550903927558839,
                                                                                                                     1.1444419544069565e-06)}},
                                                                              5.119529043324335: {'blocks': {4096: (0.0015556128899243474,
                                                                                                                    1.142156179197889e-06)}},
                                                                              10.23905808664867: {'blocks': {4096: (0.0015523127973010701,
                                                                                                                    1.1314888907780563e-06)}},
                                                                              20.47811617329734: {'blocks': {4096: (0.0015567385580970287,
                                                                                                                    1.1307270720452447e-06)}},
                                                                              40.95623234659468: {'blocks': {4096: (0.0015545967364330915,
                                                                                                                    1.1307270100134775e-06)}},
                                                                              81.91246469318936: {'blocks': {4096: (0.0015550736604258006,
                                                                                                                    1.1307269988132983e-06)}},
                                                                              327.64985877275745: {'blocks': {4096: (0.0015559771568108825,
                                                                                                                     8.678558378868214e-07)}}}}},
                                                 'callgrind': {'cache': {}}},
                                  'name': 'Linear Regression - 40GB',
                                  'num_cores': 8,
                                  'numa_overhead': {'cachegrind': 22.11539088578868,
                                                    'callgrind': 0},
                                  'peak_mem': 42949672960,
                                  'peak_rss': 41946898432,
                                  'pretty_name': 'Linear Regression',
                                  'raw': {'cachegrind': {'d1_miss_rd': [],
                                                         'd1_miss_wr': [],
                                                         'num_reads': 6581220653.0,
                                                         'num_writes': 1312429957.0},
                                          'callgrind': {'d1_miss_rd': [],
                                                        'd1_miss_wr': []}},
                                  'read_write_ratio': {'cachegrind': 7.061717224876193,
                                                       'callgrind': 0}}},
           'methods_valid': ['linreg'],
           'process_name': 'XX'},
 'redis': {'dir': 'redis',
           'methods': {'rand': {'AMATs': {'cachegrind': {'infiniswap': {'cache': {4: {0.42493505631219447: 119.58851212241424,
                                                                                      0.8498701126243889: 112.90398063205184,
                                                                                      1.6997402252487779: 104.55052439328173,
                                                                                      6.7989609009951115: 73.53687179897646,
                                                                                      13.597921801990223: 51.31331295705459,
                                                                                      27.195843603980446: 29.42697545998029,
                                                                                      54.39168720796089: 13.689788124966729,
                                                                                      108.78337441592178: 3.5927575742886853,
                                                                                      217.56674883184357: 3.4251403250763355}}},
                                                         'lats-sweep': {3000: 3.9009649722084374,
                                                                        6000: 4.6946533359455955,
                                                                        10000: 5.752904487595141,
                                                                        16000: 7.34028121506946,
                                                                        24000: 9.456783518368548,
                                                                        32000: 11.573285821667639,
                                                                        40000: 13.689788124966729},
                                                         'legoos': {'cache': {4: {0.42493505631219447: 32.227585486957025,
                                                                                  0.8498701126243889: 30.556452614366417,
                                                                                  1.6997402252487779: 28.46808855467389,
                                                                                  6.7989609009951115: 20.714675406097577,
                                                                                  13.597921801990223: 15.158785695617109,
                                                                                  27.195843603980446: 9.687201321348532,
                                                                                  54.39168720796089: 5.752904487595141,
                                                                                  108.78337441592178: 3.2286468499256302,
                                                                                  217.56674883184357: 3.1867425376225427}}},
                                                         'pberry': {'cache': {4: {0: {'blocks': {64: 21.38196460126084}},
                                                                                  0.42493505631219447: {'blocks': {4096: 12.599037808139217}},
                                                                                  0.8498701126243889: {'blocks': {4096: 12.079315484763537}},
                                                                                  1.6997402252487779: {'blocks': {4096: 11.429834262199165}},
                                                                                  6.7989609009951115: {'blocks': {64: 15.404341912720177,
                                                                                                                  256: 9.909715465453315,
                                                                                                                  512: 9.027526660686632,
                                                                                                                  1024: 4.221948058427792,
                                                                                                                  4096: 9.018522772991929,
                                                                                                                  32768: 16.06478079349869}},
                                                                                  13.597921801990223: {'blocks': {64: 141.3194611132795,
                                                                                                                  256: 5.56723071150457,
                                                                                                                  512: 7.7621283928756615,
                                                                                                                  1024: 7.186916985183053,
                                                                                                                  4096: 7.290641073032503,
                                                                                                                  32768: 13.103896327005684}},
                                                                                  27.195843603980446: {'blocks': {64: 11.060219576809978,
                                                                                                                  256: 6.765399898510596,
                                                                                                                  512: 5.362199031108543,
                                                                                                                  1024: 5.6297325345880225,
                                                                                                                  4096: 5.5889783326349765,
                                                                                                                  32768: 10.096968020105026}},
                                                                                  54.39168720796089: {'blocks': {64: 7.701885381337875,
                                                                                                                 256: 4.981388311080139,
                                                                                                                 512: 4.6383201203922475,
                                                                                                                 1024: 4.438227600880819,
                                                                                                                 4096: 4.365412017337671,
                                                                                                                 32768: 6.327837588951818}},
                                                                                  108.78337441592178: {'blocks': {64: 5.530076665905905,
                                                                                                                  256: 4.012920193207452,
                                                                                                                  512: 3.761682222282094,
                                                                                                                  1024: 3.6379675773680917,
                                                                                                                  4096: 3.5803678920224544,
                                                                                                                  32768: 3.55091675711345}},
                                                                                  217.56674883184357: {'blocks': {64: 5.418394139795983,
                                                                                                                  256: 3.864626280441319,
                                                                                                                  512: 3.7071045295729044,
                                                                                                                  1024: 3.707046611304973,
                                                                                                                  4096: 3.5673356508961938,
                                                                                                                  32768: 3.5488552598546983}}}}},
                                                         'pberry-2x-main': {'cache': {4: {0: {'blocks': {64: 21.38196460126084}},
                                                                                          0.42493505631219447: {'blocks': {4096: 12.907407281214251}},
                                                                                          0.8498701126243889: {'blocks': {4096: 12.387684957838575}},
                                                                                          1.6997402252487779: {'blocks': {4096: 11.738203735274197}},
                                                                                          6.7989609009951115: {'blocks': {64: 15.712711385795213,
                                                                                                                          256: 10.218084938528348,
                                                                                                                          512: 9.335896133761667,
                                                                                                                          1024: 4.530317531502826,
                                                                                                                          4096: 9.326892246066963,
                                                                                                                          32768: 16.373150266573727}},
                                                                                          13.597921801990223: {'blocks': {64: 141.62783058635452,
                                                                                                                          256: 5.875600184579604,
                                                                                                                          512: 8.070497865950696,
                                                                                                                          1024: 7.495286458258088,
                                                                                                                          4096: 7.599010546107539,
                                                                                                                          32768: 13.412265800080718}},
                                                                                          27.195843603980446: {'blocks': {64: 11.368589049885012,
                                                                                                                          256: 7.073769371585629,
                                                                                                                          512: 5.670568504183578,
                                                                                                                          1024: 5.938102007663057,
                                                                                                                          4096: 5.8973478057100115,
                                                                                                                          32768: 10.405337493180062}},
                                                                                          54.39168720796089: {'blocks': {64: 8.01025485441291,
                                                                                                                         256: 5.289757784155174,
                                                                                                                         512: 4.9466895934672825,
                                                                                                                         1024: 4.746597073955853,
                                                                                                                         4096: 4.673781490412706,
                                                                                                                         32768: 6.636207062026851}},
                                                                                          108.78337441592178: {'blocks': {64: 5.83844613898094,
                                                                                                                          256: 4.321289666282486,
                                                                                                                          512: 4.070051695357129,
                                                                                                                          1024: 3.9463370504431254,
                                                                                                                          4096: 3.8887373650974886,
                                                                                                                          32768: 3.8592862301884847}},
                                                                                          217.56674883184357: {'blocks': {64: 5.726763612871017,
                                                                                                                          256: 4.1729957535163535,
                                                                                                                          512: 4.015474002647938,
                                                                                                                          1024: 4.015416084380007,
                                                                                                                          4096: 3.875705123971228,
                                                                                                                          32768: 3.857224732929733}}}}},
                                                         'pberry-3x-main': {'cache': {4: {0: {'blocks': {64: 21.38196460126084}},
                                                                                          0.42493505631219447: {'blocks': {4096: 13.651121892748158}},
                                                                                          0.8498701126243889: {'blocks': {4096: 13.131399569372482}},
                                                                                          1.6997402252487779: {'blocks': {4096: 12.481918346808104}},
                                                                                          6.7989609009951115: {'blocks': {64: 16.456425997329116,
                                                                                                                          256: 10.961799550062256,
                                                                                                                          512: 10.079610745295572,
                                                                                                                          1024: 5.274032143036734,
                                                                                                                          4096: 10.07060685760087,
                                                                                                                          32768: 17.11686487810763}},
                                                                                          13.597921801990223: {'blocks': {64: 142.37154519788842,
                                                                                                                          256: 6.619314796113511,
                                                                                                                          512: 8.8142124774846,
                                                                                                                          1024: 8.239001069791993,
                                                                                                                          4096: 8.342725157641445,
                                                                                                                          32768: 14.155980411614625}},
                                                                                          27.195843603980446: {'blocks': {64: 12.112303661418919,
                                                                                                                          256: 7.817483983119537,
                                                                                                                          512: 6.414283115717484,
                                                                                                                          1024: 6.681816619196964,
                                                                                                                          4096: 6.641062417243917,
                                                                                                                          32768: 11.149052104713967}},
                                                                                          54.39168720796089: {'blocks': {64: 8.753969465946815,
                                                                                                                         256: 6.03347239568908,
                                                                                                                         512: 5.690404205001188,
                                                                                                                         1024: 5.490311685489761,
                                                                                                                         4096: 5.417496101946613,
                                                                                                                         32768: 7.379921673560759}},
                                                                                          108.78337441592178: {'blocks': {64: 6.582160750514846,
                                                                                                                          256: 5.065004277816393,
                                                                                                                          512: 4.8137663068910355,
                                                                                                                          1024: 4.690051661977032,
                                                                                                                          4096: 4.632451976631395,
                                                                                                                          32768: 4.603000841722391}},
                                                                                          217.56674883184357: {'blocks': {64: 6.470478224404923,
                                                                                                                          256: 4.916710365050261,
                                                                                                                          512: 4.759188614181845,
                                                                                                                          1024: 4.759130695913914,
                                                                                                                          4096: 4.619419735505135,
                                                                                                                          32768: 4.600939344463639}}}}},
                                                         'pberry-4x-main': {'cache': {4: {0: {'blocks': {64: 21.38196460126084}},
                                                                                          0.42493505631219447: {'blocks': {4096: 14.394836504282065}},
                                                                                          0.8498701126243889: {'blocks': {4096: 13.875114180906387}},
                                                                                          1.6997402252487779: {'blocks': {4096: 13.225632958342011}},
                                                                                          6.7989609009951115: {'blocks': {64: 17.200140608863027,
                                                                                                                          256: 11.705514161596163,
                                                                                                                          512: 10.823325356829478,
                                                                                                                          1024: 6.0177467545706405,
                                                                                                                          4096: 10.814321469134777,
                                                                                                                          32768: 17.860579489641538}},
                                                                                          13.597921801990223: {'blocks': {64: 143.11525980942233,
                                                                                                                          256: 7.363029407647417,
                                                                                                                          512: 9.55792708901851,
                                                                                                                          1024: 8.982715681325901,
                                                                                                                          4096: 9.086439769175351,
                                                                                                                          32768: 14.899695023148531}},
                                                                                          27.195843603980446: {'blocks': {64: 12.856018272952825,
                                                                                                                          256: 8.561198594653444,
                                                                                                                          512: 7.157997727251391,
                                                                                                                          1024: 7.425531230730871,
                                                                                                                          4096: 7.384777028777824,
                                                                                                                          32768: 11.892766716247873}},
                                                                                          54.39168720796089: {'blocks': {64: 9.497684077480722,
                                                                                                                         256: 6.777187007222988,
                                                                                                                         512: 6.434118816535094,
                                                                                                                         1024: 6.234026297023667,
                                                                                                                         4096: 6.16121071348052,
                                                                                                                         32768: 8.123636285094664}},
                                                                                          108.78337441592178: {'blocks': {64: 7.325875362048753,
                                                                                                                          256: 5.808718889350299,
                                                                                                                          512: 5.557480918424942,
                                                                                                                          1024: 5.4337662735109395,
                                                                                                                          4096: 5.376166588165302,
                                                                                                                          32768: 5.346715453256297}},
                                                                                          217.56674883184357: {'blocks': {64: 7.214192835938831,
                                                                                                                          256: 5.660424976584167,
                                                                                                                          512: 5.502903225715753,
                                                                                                                          1024: 5.50284530744782,
                                                                                                                          4096: 5.363134347039042,
                                                                                                                          32768: 5.344653955997546}}}}},
                                                         'pberry-5x-main': {'cache': {4: {0: {'blocks': {64: 21.38196460126084}},
                                                                                          0.42493505631219447: {'blocks': {4096: 15.138551115815973}},
                                                                                          0.8498701126243889: {'blocks': {4096: 14.618828792440294}},
                                                                                          1.6997402252487779: {'blocks': {4096: 13.969347569875918}},
                                                                                          6.7989609009951115: {'blocks': {64: 17.943855220396934,
                                                                                                                          256: 12.44922877313007,
                                                                                                                          512: 11.567039968363385,
                                                                                                                          1024: 6.7614613661045455,
                                                                                                                          4096: 11.558036080668682,
                                                                                                                          32768: 18.604294101175444}},
                                                                                          13.597921801990223: {'blocks': {64: 143.85897442095623,
                                                                                                                          256: 8.106744019181322,
                                                                                                                          512: 10.301641700552416,
                                                                                                                          1024: 9.726430292859808,
                                                                                                                          4096: 9.830154380709258,
                                                                                                                          32768: 15.643409634682438}},
                                                                                          27.195843603980446: {'blocks': {64: 13.599732884486732,
                                                                                                                          256: 9.304913206187349,
                                                                                                                          512: 7.901712338785297,
                                                                                                                          1024: 8.169245842264777,
                                                                                                                          4096: 8.12849164031173,
                                                                                                                          32768: 12.63648132778178}},
                                                                                          54.39168720796089: {'blocks': {64: 10.241398689014627,
                                                                                                                         256: 7.520901618756895,
                                                                                                                         512: 7.177833428069,
                                                                                                                         1024: 6.977740908557573,
                                                                                                                         4096: 6.9049253250144265,
                                                                                                                         32768: 8.86735089662857}},
                                                                                          108.78337441592178: {'blocks': {64: 8.069589973582659,
                                                                                                                          256: 6.552433500884206,
                                                                                                                          512: 6.301195529958848,
                                                                                                                          1024: 6.177480885044845,
                                                                                                                          4096: 6.119881199699207,
                                                                                                                          32768: 6.090430064790204}},
                                                                                          217.56674883184357: {'blocks': {64: 7.957907447472736,
                                                                                                                          256: 6.404139588118073,
                                                                                                                          512: 6.246617837249658,
                                                                                                                          1024: 6.246559918981727,
                                                                                                                          4096: 6.106848958572948,
                                                                                                                          32768: 6.088368567531452}}}}},
                                                         'pberry-main': {'cache': {4: {0: {'blocks': {64: 21.38196460126084}},
                                                                                       0.42493505631219447: {'blocks': {4096: 12.163692669680344}},
                                                                                       0.8498701126243889: {'blocks': {4096: 11.643970346304668}},
                                                                                       1.6997402252487779: {'blocks': {4096: 10.99448912374029}},
                                                                                       6.7989609009951115: {'blocks': {64: 14.968996774261306,
                                                                                                                       256: 9.47437032699444,
                                                                                                                       512: 8.59218152222776,
                                                                                                                       1024: 3.7866029199689204,
                                                                                                                       4096: 8.583177634533056,
                                                                                                                       32768: 15.629435655039819}},
                                                                                       13.597921801990223: {'blocks': {64: 140.88411597482062,
                                                                                                                       256: 5.131885573045698,
                                                                                                                       512: 7.32678325441679,
                                                                                                                       1024: 6.751571846724182,
                                                                                                                       4096: 6.855295934573632,
                                                                                                                       32768: 12.66855118854681}},
                                                                                       27.195843603980446: {'blocks': {64: 10.624874438351105,
                                                                                                                       256: 6.330054760051724,
                                                                                                                       512: 4.926853892649671,
                                                                                                                       1024: 5.194387396129152,
                                                                                                                       4096: 5.153633194176104,
                                                                                                                       32768: 9.661622881646155}},
                                                                                       54.39168720796089: {'blocks': {64: 7.266540242879004,
                                                                                                                      256: 4.5460431726212684,
                                                                                                                      512: 4.202974981933375,
                                                                                                                      1024: 4.0028824624219475,
                                                                                                                      4096: 3.9300668788788,
                                                                                                                      32768: 5.892492450492944}},
                                                                                       108.78337441592178: {'blocks': {64: 5.094731527447033,
                                                                                                                       256: 3.5775750547485794,
                                                                                                                       512: 3.3263370838232222,
                                                                                                                       1024: 3.2026224389092195,
                                                                                                                       4096: 3.145022753563582,
                                                                                                                       32768: 3.115571618654578}},
                                                                                       217.56674883184357: {'blocks': {64: 4.983049001337109,
                                                                                                                       256: 3.429281141982447,
                                                                                                                       512: 3.271759391114032,
                                                                                                                       1024: 3.2717014728461007,
                                                                                                                       4096: 3.1319905124373215,
                                                                                                                       32768: 3.113510121395826}}}}},
                                                         'regions': {'cache': {4: {0.42493505631219447: 32.227585486957025,
                                                                                   0.8498701126243889: 30.556452614366417,
                                                                                   1.6997402252487779: 28.46808855467389,
                                                                                   6.7989609009951115: 20.714675406097577,
                                                                                   13.597921801990223: 15.158785695617109,
                                                                                   27.195843603980446: 9.687201321348532,
                                                                                   54.39168720796089: 5.752904487595141,
                                                                                   108.78337441592178: 3.2286468499256302,
                                                                                   217.56674883184357: 3.1867425376225427}}}},
                                          'callgrind': {}},
                                'miss_rates': {'cachegrind': {'L1': (0.010739088367658873,
                                                                     0.010122353165780303),
                                                              'L2': (0.010477585696171455,
                                                                     0.01000191182028712),
                                                              'L3': (0.009248206263077053,
                                                                     0.008667371562262109),
                                                              'cache': {4: {0: {'blocks': {64: (0.009248206263077053,
                                                                                                0.008667371562262109)}},
                                                                            0.42493505631219447: {'blocks': {4096: (0.004098909025242574,
                                                                                                                    0.00023717967341599914)}},
                                                                            0.8498701126243889: {'blocks': {4096: (0.0038607964041138263,
                                                                                                                   0.00023007662515436828)}},
                                                                            1.6997402252487779: {'blocks': {4096: (0.0035621977691761755,
                                                                                                                   0.00022353614123611634)}},
                                                                            6.7989609009951115: {'blocks': {64: (0.005120917529996938,
                                                                                                                 0.004407122906430572),
                                                                                                            256: (0.0031151987140025194,
                                                                                                                  0.0011354316675625802),
                                                                                                            512: (0.002789157759411835,
                                                                                                                  0.0005780209277327018),
                                                                                                            1024: (0.00012829954496051257,
                                                                                                                   0.0005325314278315875),
                                                                                                            4096: (0.0024764469135009513,
                                                                                                                   0.00014776061250920274),
                                                                                                            32768: (0.0028597127995386366,
                                                                                                                    6.359906719307222e-05)}},
                                                                            13.597921801990223: {'blocks': {64: (0.032511210762331835,
                                                                                                                 0.11197068403908794),
                                                                                                            256: (0.0003978670090247125,
                                                                                                                  0.0016968139252134544),
                                                                                                            512: (0.002103905016819205,
                                                                                                                  0.0005388237557955962),
                                                                                                            1024: (0.0018322478970160586,
                                                                                                                   0.0002786408994318882),
                                                                                                            4096: (0.0017012372024064978,
                                                                                                                   8.71279345457762e-05),
                                                                                                            32768: (0.0011210762331838565,
                                                                                                                    0.0024429967426710096)}},
                                                                            27.195843603980446: {'blocks': {64: (0.0028759648239517458,
                                                                                                                 0.0036258763074299223),
                                                                                                            256: (0.0014239079575880393,
                                                                                                                  0.0009192687923036366),
                                                                                                            512: (0.0007931358376756032,
                                                                                                                  0.0004895720274724582),
                                                                                                            1024: (0.0010115564264581204,
                                                                                                                   0.0002447314674433458),
                                                                                                            4096: (0.0009222085815034009,
                                                                                                                   6.253219527756948e-05),
                                                                                                            32768: (0.0014949148834960614,
                                                                                                                    3.760591334607277e-05)}},
                                                                            54.39168720796089: {'blocks': {64: (0.001340546358080515,
                                                                                                                0.00257095270448967),
                                                                                                           256: (0.0005304450018077243,
                                                                                                                 0.0006475729237451328),
                                                                                                           512: (0.000463427697897222,
                                                                                                                 0.00032675579495911907),
                                                                                                           1024: (0.00040637358924544743,
                                                                                                                  0.0001674403910867633),
                                                                                                           4096: (0.0003628566368901707,
                                                                                                                  4.303926917374869e-05),
                                                                                                           32768: (0.0006378960565072365,
                                                                                                                   1.0021119861524463e-05)}},
                                                                            108.78337441592178: {'blocks': {64: (0.00024408910366371895,
                                                                                                                 0.002122029936229108),
                                                                                                            256: (5.837054810848291e-05,
                                                                                                                  0.00047089348528032006),
                                                                                                            512: (2.6963156567800695e-05,
                                                                                                                  0.0002133696937019114),
                                                                                                            1024: (1.1309180163815093e-05,
                                                                                                                   8.983809578514024e-05),
                                                                                                            4096: (3.190112918002006e-06,
                                                                                                                   3.2300557037418686e-05),
                                                                                                            32768: (1.5043044228480145e-07,
                                                                                                                    3.972376706759286e-06)}},
                                                                            217.56674883184357: {'blocks': {64: (0.0002403388870959126,
                                                                                                                 0.0019803247545982484),
                                                                                                            256: (4.154621563367436e-05,
                                                                                                                  0.0003188488782442435),
                                                                                                            512: (2.1102884130780265e-05,
                                                                                                                  0.00015827741008940353),
                                                                                                            1024: (1.5754136112032715e-05,
                                                                                                                   0.00016337502665512903),
                                                                                                            4096: (2.1900656693111595e-06,
                                                                                                                   2.0920000554255985e-05),
                                                                                                            32768: (1.0993982194448793e-07,
                                                                                                                    2.9921497164584363e-06)}}}}},
                                               'callgrind': {'cache': {}}},
                                'name': 'Memtier+Redis -R:R',
                                'num_cores': 4,
                                'numa_overhead': {'cachegrind': 6.35049372942858,
                                                  'callgrind': 0},
                                'peak_mem': 4294967296,
                                'peak_rss': 3948183552,
                                'pretty_name': 'Redis - Random',
                                'raw': {'cachegrind': {'d1_miss_rd': [],
                                                       'd1_miss_wr': [],
                                                       'num_reads': 50562824630.0,
                                                       'num_writes': 22501935552.0},
                                        'callgrind': {'d1_miss_rd': [],
                                                      'd1_miss_wr': []}},
                                'read_write_ratio': {'cachegrind': 2.2536864823423937,
                                                     'callgrind': 0}}},
           'methods_valid': ['rand'],
           'process_name': 'redis-server'},
 'turi': {'dir': 'turi',
          'methods': {'graphcol': {'AMATs': {'cachegrind': {'infiniswap': {'cache': {4: {0.5442332337033968: 128.98468770627707,
                                                                                         1.0884664674067936: 108.88723085883623,
                                                                                         2.1769329348135873: 88.5037101231304,
                                                                                         8.70773173925435: 28.867811892526092,
                                                                                         17.4154634785087: 12.904047184362303,
                                                                                         34.8309269570174: 6.121785559818039,
                                                                                         69.6618539140348: 3.789670278845487,
                                                                                         139.3237078280696: 3.3787319492563257,
                                                                                         278.6474156561392: 3.3787374837008133}}},
                                                            'lats-sweep': {3000: 3.402681149546313,
                                                                           6000: 3.4340586465165166,
                                                                           10000: 3.4758953091434543,
                                                                           16000: 3.5386503030838607,
                                                                           24000: 3.6223236283377362,
                                                                           32000: 3.7059969535916113,
                                                                           40000: 3.789670278845487},
                                                            'legoos': {'cache': {4: {0.5442332337033968: 34.77464966600135,
                                                                                     1.0884664674067936: 29.750285454141135,
                                                                                     2.1769329348135873: 24.654405270214685,
                                                                                     8.70773173925435: 9.745430712563605,
                                                                                     17.4154634785087: 5.754489535522659,
                                                                                     34.8309269570174: 4.058924129386592,
                                                                                     69.6618539140348: 3.4758953091434543,
                                                                                     139.3237078280696: 3.373160726746164,
                                                                                     278.6474156561392: 3.3731621103572857}}},
                                                            'pberry': {'cache': {4: {0: {'blocks': {64: 16.48260271925503}},
                                                                                     0.5442332337033968: {'blocks': {4096: 13.43161447474629}},
                                                                                     1.0884664674067936: {'blocks': {4096: 11.869037204857767}},
                                                                                     2.1769329348135873: {'blocks': {4096: 10.284218467656638}},
                                                                                     8.70773173925435: {'blocks': {4096: 5.647527380227152}},
                                                                                     17.4154634785087: {'blocks': {4096: 4.406344674167418}},
                                                                                     34.8309269570174: {'blocks': {4096: 3.879023832859101}},
                                                                                     69.6618539140348: {'blocks': {4096: 3.6977018697634856}},
                                                                                     139.3237078280696: {'blocks': {4096: 3.6657514146379278}},
                                                                                     278.6474156561392: {'blocks': {4096: 3.665751844940987}}}}},
                                                            'pberry-2x-main': {'cache': {4: {0: {'blocks': {64: 16.48260271925503}},
                                                                                             0.5442332337033968: {'blocks': {4096: 13.639772541576036}},
                                                                                             1.0884664674067936: {'blocks': {4096: 12.077195271687508}},
                                                                                             2.1769329348135873: {'blocks': {4096: 10.492376534486382}},
                                                                                             8.70773173925435: {'blocks': {4096: 5.855685447056896}},
                                                                                             17.4154634785087: {'blocks': {4096: 4.614502740997162}},
                                                                                             34.8309269570174: {'blocks': {4096: 4.0871818996888445}},
                                                                                             69.6618539140348: {'blocks': {4096: 3.9058599365932287}},
                                                                                             139.3237078280696: {'blocks': {4096: 3.873909481467671}},
                                                                                             278.6474156561392: {'blocks': {4096: 3.8739099117707303}}}}},
                                                            'pberry-3x-main': {'cache': {4: {0: {'blocks': {64: 16.48260271925503}},
                                                                                             0.5442332337033968: {'blocks': {4096: 14.141800820400709}},
                                                                                             1.0884664674067936: {'blocks': {4096: 12.579223550512186}},
                                                                                             2.1769329348135873: {'blocks': {4096: 10.994404813311055}},
                                                                                             8.70773173925435: {'blocks': {4096: 6.35771372588157}},
                                                                                             17.4154634785087: {'blocks': {4096: 5.116531019821836}},
                                                                                             34.8309269570174: {'blocks': {4096: 4.589210178513519}},
                                                                                             69.6618539140348: {'blocks': {4096: 4.407888215417903}},
                                                                                             139.3237078280696: {'blocks': {4096: 4.375937760292346}},
                                                                                             278.6474156561392: {'blocks': {4096: 4.375938190595405}}}}},
                                                            'pberry-4x-main': {'cache': {4: {0: {'blocks': {64: 16.48260271925503}},
                                                                                             0.5442332337033968: {'blocks': {4096: 14.643829099225387}},
                                                                                             1.0884664674067936: {'blocks': {4096: 13.081251829336857}},
                                                                                             2.1769329348135873: {'blocks': {4096: 11.49643309213573}},
                                                                                             8.70773173925435: {'blocks': {4096: 6.859742004706246}},
                                                                                             17.4154634785087: {'blocks': {4096: 5.61855929864651}},
                                                                                             34.8309269570174: {'blocks': {4096: 5.091238457338194}},
                                                                                             69.6618539140348: {'blocks': {4096: 4.909916494242578}},
                                                                                             139.3237078280696: {'blocks': {4096: 4.8779660391170205}},
                                                                                             278.6474156561392: {'blocks': {4096: 4.87796646942008}}}}},
                                                            'pberry-5x-main': {'cache': {4: {0: {'blocks': {64: 16.48260271925503}},
                                                                                             0.5442332337033968: {'blocks': {4096: 15.145857378050058}},
                                                                                             1.0884664674067936: {'blocks': {4096: 13.583280108161532}},
                                                                                             2.1769329348135873: {'blocks': {4096: 11.998461370960404}},
                                                                                             8.70773173925435: {'blocks': {4096: 7.36177028353092}},
                                                                                             17.4154634785087: {'blocks': {4096: 6.120587577471185}},
                                                                                             34.8309269570174: {'blocks': {4096: 5.593266736162868}},
                                                                                             69.6618539140348: {'blocks': {4096: 5.411944773067252}},
                                                                                             139.3237078280696: {'blocks': {4096: 5.379994317941694}},
                                                                                             278.6474156561392: {'blocks': {4096: 5.379994748244754}}}}},
                                                            'pberry-main': {'cache': {4: {0: {'blocks': {64: 16.48260271925503}},
                                                                                          0.5442332337033968: {'blocks': {4096: 13.137744262751362}},
                                                                                          1.0884664674067936: {'blocks': {4096: 11.575166992862831}},
                                                                                          2.1769329348135873: {'blocks': {4096: 9.990348255661706}},
                                                                                          8.70773173925435: {'blocks': {4096: 5.353657168232221}},
                                                                                          17.4154634785087: {'blocks': {4096: 4.112474462172486}},
                                                                                          34.8309269570174: {'blocks': {4096: 3.58515362086417}},
                                                                                          69.6618539140348: {'blocks': {4096: 3.4038316577685537}},
                                                                                          139.3237078280696: {'blocks': {4096: 3.3718812026429967}},
                                                                                          278.6474156561392: {'blocks': {4096: 3.371881632946056}}}}},
                                                            'regions': {'cache': {4: {0.5442332337033968: 34.77464966600135,
                                                                                      1.0884664674067936: 29.750285454141135,
                                                                                      2.1769329348135873: 24.654405270214685,
                                                                                      8.70773173925435: 9.745430712563605,
                                                                                      17.4154634785087: 5.754489535522659,
                                                                                      34.8309269570174: 4.058924129386592,
                                                                                      69.6618539140348: 3.4758953091434543,
                                                                                      139.3237078280696: 3.373160726746164,
                                                                                      278.6474156561392: 3.3731621103572857}}}},
                                             'callgrind': {}},
                                   'miss_rates': {'cachegrind': {'L1': (0.03819992519774492,
                                                                        0.006958849811260781),
                                                                 'L2': (0.035761897530159605,
                                                                        0.006712777451671852),
                                                                 'L3': (0.008245809621584745,
                                                                        0.0028025061054351144),
                                                                 'cache': {4: {0: {'blocks': {64: (0.008245809621584745,
                                                                                                   0.0028025061054351144)}},
                                                                               0.5442332337033968: {'blocks': {4096: (0.005042919369282695,
                                                                                                                      0.0001659331056988432)}},
                                                                               1.0884664674067936: {'blocks': {4096: (0.004256743818618373,
                                                                                                                      0.00010707959619911544)}},
                                                                               2.1769329348135873: {'blocks': {4096: (0.003444781284716508,
                                                                                                                      7.02080771343151e-05)}},
                                                                               8.70773173925435: {'blocks': {4096: (0.0010023538730639973,
                                                                                                                    6.688277669840203e-05)}},
                                                                               17.4154634785087: {'blocks': {4096: (0.0003705182793498265,
                                                                                                                    3.164450710570018e-05)}},
                                                                               34.8309269570174: {'blocks': {4096: (0.00010283574477385363,
                                                                                                                    1.549301215488069e-05)}},
                                                                               69.6618539140348: {'blocks': {4096: (1.444532620478813e-05,
                                                                                                                    4.22741078525859e-06)}},
                                                                               139.3237078280696: {'blocks': {4096: (3.949089890063156e-09,
                                                                                                                     4.698588772332906e-07)}},
                                                                               278.6474156561392: {'blocks': {4096: (1.1589632718168908e-08,
                                                                                                                     4.5826871991494445e-07)}}}}},
                                                  'callgrind': {'cache': {}}},
                                   'name': 'Twitter - Graph Col.',
                                   'num_cores': 10,
                                   'numa_overhead': {'cachegrind': 8.715319263459977,
                                                     'callgrind': 0},
                                   'peak_mem': 8585052160,
                                   'peak_rss': 6165450752,
                                   'pretty_name': 'Graph Coloring',
                                   'raw': {'cachegrind': {'d1_miss_rd': [],
                                                          'd1_miss_wr': [],
                                                          'num_reads': 6160329050275.0,
                                                          'num_writes': 3940472808973.0},
                                           'callgrind': {'d1_miss_rd': [],
                                                         'd1_miss_wr': []}},
                                   'read_write_ratio': {'cachegrind': 1.5633476866651843,
                                                        'callgrind': 0}}},
          'methods_valid': ['graphcol'],
          'process_name': 'XX'}}
[INFO ]  Plot generated at: /store/KCacheSim/scripts/../plots/amat-vs-rss-redis
[INFO ]  Plot generated at: /store/KCacheSim/scripts/../plots/amat-vs-rss-metis
[INFO ]  Plot generated at: /store/KCacheSim/scripts/../plots/amat-vs-rss-turi
