[PB]: My pid is 87399
[PB]: Loading Twitter graph
[PB]: Loading graph from local path
Finished parsing file /store/KCacheSim/apps/turi/Twitter-dataset/data/edges.csv
Parsing completed. Parsed 100 lines in 237.323 secs.
------------------------------------------------------
Inferred types from first 100 line(s) of file as 
column_type_hints=[int,int]
If parsing fails due to incorrect types, you can correct
the inferred type list above and pass it to read_csv in
the column_type_hints argument
------------------------------------------------------
Read 3434891 lines. Lines per second: 7228.51
Read 6812760 lines. Lines per second: 11763.5
Read 10175095 lines. Lines per second: 15053.2
Read 13534915 lines. Lines per second: 15719.2
Read 16803631 lines. Lines per second: 17849.6
Read 20059295 lines. Lines per second: 18903.6
Read 23328550 lines. Lines per second: 19989.5
Read 26761764 lines. Lines per second: 21272.3
Read 30300225 lines. Lines per second: 21724.5
Read 33731302 lines. Lines per second: 22607.8
Read 37042226 lines. Lines per second: 23398.6
Read 40404490 lines. Lines per second: 23622.5
Read 43933748 lines. Lines per second: 23496.7
Read 47321358 lines. Lines per second: 23546.3
Read 51071838 lines. Lines per second: 23728.4
Read 54681917 lines. Lines per second: 24168.8
Read 58229765 lines. Lines per second: 24362.5
Read 61750347 lines. Lines per second: 23995.6
Read 65063535 lines. Lines per second: 24153.4
Read 68396814 lines. Lines per second: 24214.7
Read 71700994 lines. Lines per second: 24161.5
Read 75010404 lines. Lines per second: 24066.6
Read 78332823 lines. Lines per second: 23808.1
Read 81545109 lines. Lines per second: 23660.9
Read 84800199 lines. Lines per second: 24408.6
Finished parsing file /store/KCacheSim/apps/turi/Twitter-dataset/data/edges.csv
Parsing completed. Parsed 85331845 lines in 3475.13 secs.
+----------+----------+
| src_node | dst_node |
+----------+----------+
|    1     |  11553   |
|    1     | 8762940  |
|    1     | 8762941  |
|    1     |  688136  |
|    1     | 8762942  |
|    3     |  718952  |
|    3     | 3109655  |
|    3     |  562897  |
|    3     |    6     |
|    3     |    7     |
+----------+----------+
[85331845 rows x 2 columns]
Note: Only the head of the SFrame is printed.
You can use print_rows(num_rows=m, num_columns=n) to print more rows and columns.
[PB]: Loading graph from local path
Finished parsing file /store/KCacheSim/apps/turi/Twitter-dataset/data/nodes.csv
Parsing completed. Parsed 100 lines in 192.489 secs.
------------------------------------------------------
Inferred types from first 100 line(s) of file as 
column_type_hints=[int]
If parsing fails due to incorrect types, you can correct
the inferred type list above and pass it to read_csv in
the column_type_hints argument
------------------------------------------------------
Read 5948878 lines. Lines per second: 25236.2
Finished parsing file /store/KCacheSim/apps/turi/Twitter-dataset/data/nodes.csv
Parsing completed. Parsed 11316811 lines in 240.052 secs.
+---------+
| node_id |
+---------+
|    1    |
|    2    |
|    3    |
|    4    |
|    5    |
|    6    |
|    7    |
|    8    |
|    9    |
|    10   |
+---------+
[11316811 rows x 1 columns]
Note: Only the head of the SFrame is printed.
You can use print_rows(num_rows=m, num_columns=n) to print more rows and columns.
{'num_edges': 85331845, 'num_vertices': 11316811}
[PB]: Running GraphColoring
+----------------------------+
| Number of vertices updated |
+----------------------------+
| 6590803                    |
| 6580122                    |
| 195243                     |
| 160383                     |
| 126594                     |
| 98912                      |
| 91539                      |
| 78427                      |
| 66888                      |
| 57165                      |
| 42148                      |
| 33413                      |
| 20560                      |
| 16551                      |
| 12847                      |
| 10527                      |
| 9057                       |
| 8018                       |
| 7349                       |
| 6353                       |
| 5745                       |
| 5042                       |
| 4580                       |
| 4001                       |
| 3600                       |
| 3108                       |
| 2779                       |
| 2338                       |
| 2077                       |
| 1828                       |
| 1647                       |
| 1499                       |
| 1384                       |
| 1263                       |
| 1052                       |
| 926                        |
| 829                        |
| 744                        |
| 695                        |
| 609                        |
| 577                        |
| 544                        |
| 508                        |
| 477                        |
| 427                        |
| 379                        |
| 349                        |
| 325                        |
| 286                        |
| 266                        |
| 244                        |
| 225                        |
| 216                        |
| 204                        |
| 198                        |
| 190                        |
| 185                        |
| 181                        |
| 177                        |
| 170                        |
| 163                        |
| 157                        |
| 151                        |
| 146                        |
| 143                        |
| 140                        |
| 136                        |
| 130                        |
| 119                        |
| 115                        |
| 111                        |
| 107                        |
| 102                        |
| 100                        |
| 95                         |
| 93                         |
| 87                         |
| 85                         |
| 82                         |
| 78                         |
| 76                         |
| 73                         |
| 71                         |
| 68                         |
| 65                         |
| 63                         |
| 60                         |
| 58                         |
| 55                         |
| 53                         |
| 50                         |
| 48                         |
| 45                         |
| 42                         |
| 40                         |
| 38                         |
| 34                         |
| 31                         |
| 30                         |
| 29                         |
| 28                         |
| 27                         |
| 25                         |
| 22                         |
| 20                         |
| 18                         |
| 16                         |
| 15                         |
| 13                         |
| 11                         |
| 10                         |
| 7                          |
| 6                          |
| 4                          |
| 3                          |
| 1                          |
| 0                          |
+----------------------------+
[PB]: Done Running GraphColoring
color_id
+---------+----------+
|   __id  | color_id |
+---------+----------+
| 9053432 |   0.0    |
| 9053408 |   0.0    |
| 9053406 |   0.0    |
| 9053387 |   0.0    |
| 9053385 |   0.0    |
| 9053364 |   0.0    |
| 9053345 |   0.0    |
| 9053324 |   0.0    |
| 9053322 |   0.0    |
| 9053282 |   0.0    |
+---------+----------+
[11316811 rows x 2 columns]
Note: Only the head of the SFrame is printed.
You can use print_rows(num_rows=m, num_columns=n) to print more rows and columns.
num_colors
115
Class                                    : GraphColoringModel

Graph
-----
num_edges                                : 85331845
num_vertices                             : 11316811

Results
-------
graph                                    : SGraph. See m['graph']
number of colors in the graph            : 115
vertex color id                          : SFrame. See m.color_id

Metrics
-------
training time (secs)                     : 122155.8025

Queryable Fields
----------------
graph                                    : A new SGraph with the color id as a vertex property
component_id                             : An SFrame with each vertex's component id
component_size                           : An SFrame with the size of each component
training_time                            : Total training time of the model

None
