==79514== Cachegrind, a cache and branch-prediction profiler
==79514== Copyright (C) 2002-2017, and GNU GPL'd, by Nicholas Nethercote et al.
==79514== Using Valgrind-3.16.0.GIT-3c62dde639-20200111 and LibVEX; rerun with -h for copyright info
==79514== Command: ./obj/linear_regression ./data/lr_40GB.txt -p 8
==79514== Parent PID: 79505
==79514== 
--79514-- 
--79514-- Valgrind options:
--79514--    --tool=cachegrind
--79514--    --I1=32768,8,64
--79514--    --D1=32768,8,64
--79514--    --L2=536870912,4,4096
--79514--    --cachegrind-out-file=/store/pberry-app-scripts/app-2/output/sim-cachegrind-method-3-config-size=536870912*block=4096*assoc=4.cachegrind.detail
--79514--    --log-file=/store/pberry-app-scripts/app-2/output/sim-cachegrind-method-3-config-size=536870912*block=4096*assoc=4.cachegrind.out
--79514--    -v
--79514--    --trace-children=yes
--79514-- Contents of /proc/version:
--79514--   Linux version 4.4.0-142-generic (buildd@lgw01-amd64-033) (gcc version 5.4.0 20160609 (Ubuntu 5.4.0-6ubuntu1~16.04.10) ) #168-Ubuntu SMP Wed Jan 16 21:00:45 UTC 2019
--79514-- 
--79514-- Arch and hwcaps: AMD64, LittleEndian, amd64-cx16-lzcnt-rdtscp-sse3-ssse3-avx-avx2-bmi-f16c-rdrand
--79514-- Page sizes: currently 4096, max supported 4096
--79514-- Valgrind library directory: /store/pberry-app-scripts/valgrind/build/lib/valgrind
--79514-- warning: L3 cache found, using its data for the LL simulation.
==79514== Cache configuration used:
==79514==   I1: 32,768 B, 8-way, 64 B lines
==79514==   D1: 32,768 B, 8-way, 64 B lines
==79514==   LL: 536,870,912 B, 4-way, 4096 B lines
--79514-- Reading syms from /store/pberry-app-scripts/app-2/Metis/obj/linear_regression
--79514-- Reading syms from /lib/x86_64-linux-gnu/ld-2.23.so
--79514--   Considering /lib/x86_64-linux-gnu/ld-2.23.so ..
--79514--   .. CRC mismatch (computed aa979a42 wanted 9019bbb7)
--79514--   Considering /usr/lib/debug/lib/x86_64-linux-gnu/ld-2.23.so ..
--79514--   .. CRC is valid
--79514-- Reading syms from /store/pberry-app-scripts/valgrind/build/lib/valgrind/cachegrind-amd64-linux
--79514--    object doesn't have a dynamic symbol table
--79514-- Scheduler: using generic scheduler lock implementation.
==79514== embedded gdbserver: reading from /tmp/vgdb-pipe-from-vgdb-to-79514-by-timran-on-???
==79514== embedded gdbserver: writing to   /tmp/vgdb-pipe-to-vgdb-from-79514-by-timran-on-???
==79514== embedded gdbserver: shared mem   /tmp/vgdb-pipe-shared-mem-vgdb-79514-by-timran-on-???
==79514== 
==79514== TO CONTROL THIS PROCESS USING vgdb (which you probably
==79514== don't want to do, unless you know exactly what you're doing,
==79514== or are doing some strange experiment):
==79514==   /store/pberry-app-scripts/valgrind/build/lib/valgrind/../../bin/vgdb --pid=79514 ...command...
==79514== 
==79514== TO DEBUG THIS PROCESS USING GDB: start GDB like this
==79514==   /path/to/gdb ./obj/linear_regression
==79514== and then give GDB the following command
==79514==   target remote | /store/pberry-app-scripts/valgrind/build/lib/valgrind/../../bin/vgdb --pid=79514
==79514== --pid is optional if only one valgrind process is running
==79514== 
--79514-- Reading syms from /store/pberry-app-scripts/valgrind/build/lib/valgrind/vgpreload_core-amd64-linux.so
--79514-- Reading syms from /lib/x86_64-linux-gnu/libpthread-2.23.so
--79514--   Considering /usr/lib/debug/.build-id/ce/17e023542265fc11d9bc8f534bb4f070493d30.debug ..
--79514--   .. build-id is valid
--79514-- Reading syms from /usr/lib/x86_64-linux-gnu/libstdc++.so.6.0.21
--79514--   Considering /usr/lib/x86_64-linux-gnu/libstdc++.so.6.0.21 ..
--79514--   .. CRC mismatch (computed b2e7dc97 wanted c9833bdf)
--79514--    object doesn't have a symbol table
--79514-- Reading syms from /lib/x86_64-linux-gnu/libm-2.23.so
--79514--   Considering /lib/x86_64-linux-gnu/libm-2.23.so ..
--79514--   .. CRC mismatch (computed e8c3647b wanted c3efddac)
--79514--   Considering /usr/lib/debug/lib/x86_64-linux-gnu/libm-2.23.so ..
--79514--   .. CRC is valid
--79514-- Reading syms from /lib/x86_64-linux-gnu/libc-2.23.so
--79514--   Considering /lib/x86_64-linux-gnu/libc-2.23.so ..
--79514--   .. CRC mismatch (computed 7a8ee3e4 wanted a5190ac4)
--79514--   Considering /usr/lib/debug/lib/x86_64-linux-gnu/libc-2.23.so ..
--79514--   .. CRC is valid
--79514-- Reading syms from /lib/x86_64-linux-gnu/libgcc_s.so.1
--79514--   Considering /lib/x86_64-linux-gnu/libgcc_s.so.1 ..
--79514--   .. CRC mismatch (computed b9a68419 wanted 29d51b00)
--79514--    object doesn't have a symbol table
==79514== 
==79514== I   refs:      309,426,162,266
==79514== I1  misses:              3,757
==79514== LLi misses:                291
==79514== I1  miss rate:            0.00%
==79514== LLi miss rate:            0.00%
==79514== 
==79514== D   refs:        7,897,306,584  (6,584,876,633 rd   + 1,312,429,951 wr)
==79514== D1  misses:        655,576,409  (  655,473,233 rd   +       103,176 wr)
==79514== LLd misses:         10,243,774  (   10,242,268 rd   +         1,506 wr)
==79514== D1  miss rate:             8.3% (         10.0%     +           0.0%  )
==79514== LLd miss rate:             0.1% (          0.2%     +           0.0%  )
==79514== 
==79514== LL refs:           655,580,166  (  655,476,990 rd   +       103,176 wr)
==79514== LL misses:          10,244,065  (   10,242,559 rd   +         1,506 wr)
==79514== LL miss rate:              0.0% (          0.0%     +           0.0%  )
