==79204== Cachegrind, a cache and branch-prediction profiler
==79204== Copyright (C) 2002-2017, and GNU GPL'd, by Nicholas Nethercote et al.
==79204== Using Valgrind-3.16.0.GIT-3c62dde639-20200111 and LibVEX; rerun with -h for copyright info
==79204== Command: ./obj/linear_regression ./data/lr_40GB.txt -p 8
==79204== Parent PID: 79195
==79204== 
--79204-- 
--79204-- Valgrind options:
--79204--    --tool=cachegrind
--79204--    --I1=32768,8,64
--79204--    --D1=32768,8,64
--79204--    --L2=268435456,4,4096
--79204--    --cachegrind-out-file=/store/pberry-app-scripts/app-2/output/sim-cachegrind-method-3-config-size=268435456*block=4096*assoc=4.cachegrind.detail
--79204--    --log-file=/store/pberry-app-scripts/app-2/output/sim-cachegrind-method-3-config-size=268435456*block=4096*assoc=4.cachegrind.out
--79204--    -v
--79204--    --trace-children=yes
--79204-- Contents of /proc/version:
--79204--   Linux version 4.4.0-142-generic (buildd@lgw01-amd64-033) (gcc version 5.4.0 20160609 (Ubuntu 5.4.0-6ubuntu1~16.04.10) ) #168-Ubuntu SMP Wed Jan 16 21:00:45 UTC 2019
--79204-- 
--79204-- Arch and hwcaps: AMD64, LittleEndian, amd64-cx16-lzcnt-rdtscp-sse3-ssse3-avx-avx2-bmi-f16c-rdrand
--79204-- Page sizes: currently 4096, max supported 4096
--79204-- Valgrind library directory: /store/pberry-app-scripts/valgrind/build/lib/valgrind
--79204-- warning: L3 cache found, using its data for the LL simulation.
==79204== Cache configuration used:
==79204==   I1: 32,768 B, 8-way, 64 B lines
==79204==   D1: 32,768 B, 8-way, 64 B lines
==79204==   LL: 268,435,456 B, 4-way, 4096 B lines
--79204-- Reading syms from /store/pberry-app-scripts/app-2/Metis/obj/linear_regression
--79204-- Reading syms from /lib/x86_64-linux-gnu/ld-2.23.so
--79204--   Considering /lib/x86_64-linux-gnu/ld-2.23.so ..
--79204--   .. CRC mismatch (computed aa979a42 wanted 9019bbb7)
--79204--   Considering /usr/lib/debug/lib/x86_64-linux-gnu/ld-2.23.so ..
--79204--   .. CRC is valid
--79204-- Reading syms from /store/pberry-app-scripts/valgrind/build/lib/valgrind/cachegrind-amd64-linux
--79204--    object doesn't have a dynamic symbol table
--79204-- Scheduler: using generic scheduler lock implementation.
==79204== embedded gdbserver: reading from /tmp/vgdb-pipe-from-vgdb-to-79204-by-timran-on-???
==79204== embedded gdbserver: writing to   /tmp/vgdb-pipe-to-vgdb-from-79204-by-timran-on-???
==79204== embedded gdbserver: shared mem   /tmp/vgdb-pipe-shared-mem-vgdb-79204-by-timran-on-???
==79204== 
==79204== TO CONTROL THIS PROCESS USING vgdb (which you probably
==79204== don't want to do, unless you know exactly what you're doing,
==79204== or are doing some strange experiment):
==79204==   /store/pberry-app-scripts/valgrind/build/lib/valgrind/../../bin/vgdb --pid=79204 ...command...
==79204== 
==79204== TO DEBUG THIS PROCESS USING GDB: start GDB like this
==79204==   /path/to/gdb ./obj/linear_regression
==79204== and then give GDB the following command
==79204==   target remote | /store/pberry-app-scripts/valgrind/build/lib/valgrind/../../bin/vgdb --pid=79204
==79204== --pid is optional if only one valgrind process is running
==79204== 
--79204-- Reading syms from /store/pberry-app-scripts/valgrind/build/lib/valgrind/vgpreload_core-amd64-linux.so
--79204-- Reading syms from /lib/x86_64-linux-gnu/libpthread-2.23.so
--79204--   Considering /usr/lib/debug/.build-id/ce/17e023542265fc11d9bc8f534bb4f070493d30.debug ..
--79204--   .. build-id is valid
--79204-- Reading syms from /usr/lib/x86_64-linux-gnu/libstdc++.so.6.0.21
--79204--   Considering /usr/lib/x86_64-linux-gnu/libstdc++.so.6.0.21 ..
--79204--   .. CRC mismatch (computed b2e7dc97 wanted c9833bdf)
--79204--    object doesn't have a symbol table
--79204-- Reading syms from /lib/x86_64-linux-gnu/libm-2.23.so
--79204--   Considering /lib/x86_64-linux-gnu/libm-2.23.so ..
--79204--   .. CRC mismatch (computed e8c3647b wanted c3efddac)
--79204--   Considering /usr/lib/debug/lib/x86_64-linux-gnu/libm-2.23.so ..
--79204--   .. CRC is valid
--79204-- Reading syms from /lib/x86_64-linux-gnu/libc-2.23.so
--79204--   Considering /lib/x86_64-linux-gnu/libc-2.23.so ..
--79204--   .. CRC mismatch (computed 7a8ee3e4 wanted a5190ac4)
--79204--   Considering /usr/lib/debug/lib/x86_64-linux-gnu/libc-2.23.so ..
--79204--   .. CRC is valid
--79204-- Reading syms from /lib/x86_64-linux-gnu/libgcc_s.so.1
--79204--   Considering /lib/x86_64-linux-gnu/libgcc_s.so.1 ..
--79204--   .. CRC mismatch (computed b9a68419 wanted 29d51b00)
--79204--    object doesn't have a symbol table
==79204== 
==79204== I   refs:      309,411,832,830
==79204== I1  misses:              3,758
==79204== LLi misses:                291
==79204== I1  miss rate:            0.00%
==79204== LLi miss rate:            0.00%
==79204== 
==79204== D   refs:        7,892,724,236  (6,580,294,266 rd   + 1,312,429,970 wr)
==79204== D1  misses:        655,576,323  (  655,473,164 rd   +       103,159 wr)
==79204== LLd misses:         10,244,657  (   10,243,127 rd   +         1,530 wr)
==79204== D1  miss rate:             8.3% (         10.0%     +           0.0%  )
==79204== LLd miss rate:             0.1% (          0.2%     +           0.0%  )
==79204== 
==79204== LL refs:           655,580,081  (  655,476,922 rd   +       103,159 wr)
==79204== LL misses:          10,244,948  (   10,243,418 rd   +         1,530 wr)
==79204== LL miss rate:              0.0% (          0.0%     +           0.0%  )
