==85541== Cachegrind, a cache and branch-prediction profiler
==85541== Copyright (C) 2002-2017, and GNU GPL'd, by Nicholas Nethercote et al.
==85541== Using Valgrind-3.16.0.GIT-74b01035ef-20200315 and LibVEX; rerun with -h for copyright info
==85541== Command: ./obj/linear_regression ./data/lr_40GB.txt -p 8
==85541== Parent PID: 85527
==85541== 
--85541-- 
--85541-- Valgrind options:
--85541--    --tool=cachegrind
--85541--    --I1=32768,8,64
--85541--    --D1=32768,8,64
--85541--    --L2=8388608,16,64
--85541--    --cachegrind-out-file=/store/KCacheSim/scripts/../logs//metis/sim-cachegrind-method-linreg-config-l3-run-0.cachegrind.detail
--85541--    --log-file=/store/KCacheSim/scripts/../logs//metis/sim-cachegrind-method-linreg-config-l3-run-0.cachegrind.out
--85541--    -v
--85541--    --trace-children=yes
--85541-- Contents of /proc/version:
--85541--   Linux version 5.4.0-51-generic (buildd@lcy01-amd64-020) (gcc version 9.3.0 (Ubuntu 9.3.0-10ubuntu2)) #56-Ubuntu SMP Mon Oct 5 14:28:49 UTC 2020
--85541-- 
--85541-- Arch and hwcaps: AMD64, LittleEndian, amd64-cx16-lzcnt-rdtscp-sse3-ssse3-avx-avx2-bmi-f16c-rdrand
--85541-- Page sizes: currently 4096, max supported 4096
--85541-- Valgrind library directory: /store/KCacheSim/valgrind/build/lib/valgrind
--85541-- warning: L3 cache found, using its data for the LL simulation.
==85541== Cache configuration used:
==85541==   I1: 32,768 B, 8-way, 64 B lines
==85541==   D1: 32,768 B, 8-way, 64 B lines
==85541==   LL: 8,388,608 B, 16-way, 64 B lines
--85541-- Reading syms from /store/KCacheSim/apps/metis/Metis/obj/linear_regression
--85541-- Reading syms from /usr/lib/x86_64-linux-gnu/ld-2.31.so
--85541--   Considering /usr/lib/x86_64-linux-gnu/ld-2.31.so ..
--85541--   .. CRC mismatch (computed 387b17ea wanted d28cf5ef)
--85541--    object doesn't have a symbol table
--85541-- Reading syms from /store/KCacheSim/valgrind/build/lib/valgrind/cachegrind-amd64-linux
--85541--    object doesn't have a dynamic symbol table
--85541-- Scheduler: using generic scheduler lock implementation.
==85541== embedded gdbserver: reading from /tmp/vgdb-pipe-from-vgdb-to-85541-by-timran-on-???
==85541== embedded gdbserver: writing to   /tmp/vgdb-pipe-to-vgdb-from-85541-by-timran-on-???
==85541== embedded gdbserver: shared mem   /tmp/vgdb-pipe-shared-mem-vgdb-85541-by-timran-on-???
==85541== 
==85541== TO CONTROL THIS PROCESS USING vgdb (which you probably
==85541== don't want to do, unless you know exactly what you're doing,
==85541== or are doing some strange experiment):
==85541==   /store/KCacheSim/valgrind/build/lib/valgrind/../../bin/vgdb --pid=85541 ...command...
==85541== 
==85541== TO DEBUG THIS PROCESS USING GDB: start GDB like this
==85541==   /path/to/gdb ./obj/linear_regression
==85541== and then give GDB the following command
==85541==   target remote | /store/KCacheSim/valgrind/build/lib/valgrind/../../bin/vgdb --pid=85541
==85541== --pid is optional if only one valgrind process is running
==85541== 
--85541-- Reading syms from /store/KCacheSim/valgrind/build/lib/valgrind/vgpreload_core-amd64-linux.so
--85541-- Reading syms from /usr/lib/x86_64-linux-gnu/libpthread-2.31.so
--85541--   Considering /usr/lib/debug/.build-id/77/5cbbfff814456660786780b0b3b40096b4c05e.debug ..
--85541--   .. build-id is valid
--85541-- Reading syms from /usr/lib/x86_64-linux-gnu/libstdc++.so.6.0.28
--85541--    object doesn't have a symbol table
--85541-- Reading syms from /usr/lib/x86_64-linux-gnu/libm-2.31.so
--85541--   Considering /usr/lib/x86_64-linux-gnu/libm-2.31.so ..
--85541--   .. CRC mismatch (computed 327d785f wanted 751f5509)
--85541--    object doesn't have a symbol table
--85541-- Reading syms from /usr/lib/x86_64-linux-gnu/libc-2.31.so
--85541--   Considering /usr/lib/x86_64-linux-gnu/libc-2.31.so ..
--85541--   .. CRC mismatch (computed a6f43087 wanted 6555436e)
--85541--    object doesn't have a symbol table
--85541-- Reading syms from /usr/lib/x86_64-linux-gnu/libgcc_s.so.1
--85541--    object doesn't have a symbol table
==85541== 
==85541== I   refs:      301,616,813,837
==85541== I1  misses:              3,961
==85541== LLi misses:              3,492
==85541== I1  miss rate:            0.00%
==85541== LLi miss rate:            0.00%
==85541== 
==85541== D   refs:       10,536,672,675  (9,224,448,042 rd   + 1,312,224,633 wr)
==85541== D1  misses:        655,579,540  (  655,475,962 rd   +       103,578 wr)
==85541== LLd misses:        655,560,299  (  655,464,795 rd   +        95,504 wr)
==85541== D1  miss rate:             6.2% (          7.1%     +           0.0%  )
==85541== LLd miss rate:             6.2% (          7.1%     +           0.0%  )
==85541== 
==85541== LL refs:           655,583,501  (  655,479,923 rd   +       103,578 wr)
==85541== LL misses:         655,563,791  (  655,468,287 rd   +        95,504 wr)
==85541== LL miss rate:              0.2% (          0.2%     +           0.0%  )
