==85717== Cachegrind, a cache and branch-prediction profiler
==85717== Copyright (C) 2002-2017, and GNU GPL'd, by Nicholas Nethercote et al.
==85717== Using Valgrind-3.16.0.GIT-74b01035ef-20200315 and LibVEX; rerun with -h for copyright info
==85717== Command: ./obj/linear_regression ./data/lr_40GB.txt -p 8
==85717== Parent PID: 85694
==85717== 
--85717-- 
--85717-- Valgrind options:
--85717--    --tool=cachegrind
--85717--    --I1=32768,8,64
--85717--    --D1=32768,8,64
--85717--    --L2=137438953472,4,4096
--85717--    --cachegrind-out-file=/store/KCacheSim/scripts/../logs//metis/sim-cachegrind-method-linreg-config-size=137438953472*block=4096*assoc=4-run-0.cachegrind.detail
--85717--    --log-file=/store/KCacheSim/scripts/../logs//metis/sim-cachegrind-method-linreg-config-size=137438953472*block=4096*assoc=4-run-0.cachegrind.out
--85717--    -v
--85717--    --trace-children=yes
--85717-- Contents of /proc/version:
--85717--   Linux version 5.4.0-51-generic (buildd@lcy01-amd64-020) (gcc version 9.3.0 (Ubuntu 9.3.0-10ubuntu2)) #56-Ubuntu SMP Mon Oct 5 14:28:49 UTC 2020
--85717-- 
--85717-- Arch and hwcaps: AMD64, LittleEndian, amd64-cx16-lzcnt-rdtscp-sse3-ssse3-avx-avx2-bmi-f16c-rdrand
--85717-- Page sizes: currently 4096, max supported 4096
--85717-- Valgrind library directory: /store/KCacheSim/valgrind/build/lib/valgrind
--85717-- warning: L3 cache found, using its data for the LL simulation.
==85717== Cache configuration used:
==85717==   I1: 32,768 B, 8-way, 64 B lines
==85717==   D1: 32,768 B, 8-way, 64 B lines
==85717==   LL: 0 B, 4-way, 4096 B lines
--85717-- Reading syms from /store/KCacheSim/apps/metis/Metis/obj/linear_regression
--85717-- Reading syms from /usr/lib/x86_64-linux-gnu/ld-2.31.so
--85717--   Considering /usr/lib/x86_64-linux-gnu/ld-2.31.so ..
--85717--   .. CRC mismatch (computed 387b17ea wanted d28cf5ef)
--85717--    object doesn't have a symbol table
--85717-- Reading syms from /store/KCacheSim/valgrind/build/lib/valgrind/cachegrind-amd64-linux
--85717--    object doesn't have a dynamic symbol table
--85717-- Scheduler: using generic scheduler lock implementation.
==85717== embedded gdbserver: reading from /tmp/vgdb-pipe-from-vgdb-to-85717-by-timran-on-???
==85717== embedded gdbserver: writing to   /tmp/vgdb-pipe-to-vgdb-from-85717-by-timran-on-???
==85717== embedded gdbserver: shared mem   /tmp/vgdb-pipe-shared-mem-vgdb-85717-by-timran-on-???
==85717== 
==85717== TO CONTROL THIS PROCESS USING vgdb (which you probably
==85717== don't want to do, unless you know exactly what you're doing,
==85717== or are doing some strange experiment):
==85717==   /store/KCacheSim/valgrind/build/lib/valgrind/../../bin/vgdb --pid=85717 ...command...
==85717== 
==85717== TO DEBUG THIS PROCESS USING GDB: start GDB like this
==85717==   /path/to/gdb ./obj/linear_regression
==85717== and then give GDB the following command
==85717==   target remote | /store/KCacheSim/valgrind/build/lib/valgrind/../../bin/vgdb --pid=85717
==85717== --pid is optional if only one valgrind process is running
==85717== 
--85717-- Reading syms from /store/KCacheSim/valgrind/build/lib/valgrind/vgpreload_core-amd64-linux.so
--85717-- Reading syms from /usr/lib/x86_64-linux-gnu/libpthread-2.31.so
--85717--   Considering /usr/lib/debug/.build-id/77/5cbbfff814456660786780b0b3b40096b4c05e.debug ..
--85717--   .. build-id is valid
--85717-- Reading syms from /usr/lib/x86_64-linux-gnu/libstdc++.so.6.0.28
--85717--    object doesn't have a symbol table
--85717-- Reading syms from /usr/lib/x86_64-linux-gnu/libm-2.31.so
--85717--   Considering /usr/lib/x86_64-linux-gnu/libm-2.31.so ..
--85717--   .. CRC mismatch (computed 327d785f wanted 751f5509)
--85717--    object doesn't have a symbol table
--85717-- Reading syms from /usr/lib/x86_64-linux-gnu/libc-2.31.so
--85717--   Considering /usr/lib/x86_64-linux-gnu/libc-2.31.so ..
--85717--   .. CRC mismatch (computed a6f43087 wanted 6555436e)
--85717--    object doesn't have a symbol table
--85717-- Reading syms from /usr/lib/x86_64-linux-gnu/libgcc_s.so.1
--85717--    object doesn't have a symbol table
==85717== 
==85717== I   refs:      301,722,298,879
==85717== I1  misses:              3,961
==85717== LLi misses:                221
==85717== I1  miss rate:            0.00%
==85717== LLi miss rate:            0.00%
==85717== 
==85717== D   refs:       10,571,943,931  (9,259,719,302 rd   + 1,312,224,629 wr)
==85717== D1  misses:        655,579,607  (  655,476,034 rd   +       103,573 wr)
==85717== LLd misses:         10,241,398  (   10,240,284 rd   +         1,114 wr)
==85717== D1  miss rate:             6.2% (          7.1%     +           0.0%  )
==85717== LLd miss rate:             0.1% (          0.1%     +           0.0%  )
==85717== 
==85717== LL refs:           655,583,568  (  655,479,995 rd   +       103,573 wr)
==85717== LL misses:          10,241,619  (   10,240,505 rd   +         1,114 wr)
==85717== LL miss rate:              0.0% (          0.0%     +           0.0%  )
