==79588== Cachegrind, a cache and branch-prediction profiler
==79588== Copyright (C) 2002-2017, and GNU GPL'd, by Nicholas Nethercote et al.
==79588== Using Valgrind-3.16.0.GIT-3c62dde639-20200111 and LibVEX; rerun with -h for copyright info
==79588== Command: ./obj/linear_regression ./data/lr_40GB.txt -p 8
==79588== Parent PID: 79579
==79588== 
--79588-- 
--79588-- Valgrind options:
--79588--    --tool=cachegrind
--79588--    --I1=32768,8,64
--79588--    --D1=32768,8,64
--79588--    --L2=1073741824,4,4096
--79588--    --cachegrind-out-file=/store/pberry-app-scripts/app-2/output/sim-cachegrind-method-3-config-size=1073741824*block=4096*assoc=4.cachegrind.detail
--79588--    --log-file=/store/pberry-app-scripts/app-2/output/sim-cachegrind-method-3-config-size=1073741824*block=4096*assoc=4.cachegrind.out
--79588--    -v
--79588--    --trace-children=yes
--79588-- Contents of /proc/version:
--79588--   Linux version 4.4.0-142-generic (buildd@lgw01-amd64-033) (gcc version 5.4.0 20160609 (Ubuntu 5.4.0-6ubuntu1~16.04.10) ) #168-Ubuntu SMP Wed Jan 16 21:00:45 UTC 2019
--79588-- 
--79588-- Arch and hwcaps: AMD64, LittleEndian, amd64-cx16-lzcnt-rdtscp-sse3-ssse3-avx-avx2-bmi-f16c-rdrand
--79588-- Page sizes: currently 4096, max supported 4096
--79588-- Valgrind library directory: /store/pberry-app-scripts/valgrind/build/lib/valgrind
--79588-- warning: L3 cache found, using its data for the LL simulation.
==79588== Cache configuration used:
==79588==   I1: 32,768 B, 8-way, 64 B lines
==79588==   D1: 32,768 B, 8-way, 64 B lines
==79588==   LL: 1,073,741,824 B, 4-way, 4096 B lines
--79588-- Reading syms from /store/pberry-app-scripts/app-2/Metis/obj/linear_regression
--79588-- Reading syms from /lib/x86_64-linux-gnu/ld-2.23.so
--79588--   Considering /lib/x86_64-linux-gnu/ld-2.23.so ..
--79588--   .. CRC mismatch (computed aa979a42 wanted 9019bbb7)
--79588--   Considering /usr/lib/debug/lib/x86_64-linux-gnu/ld-2.23.so ..
--79588--   .. CRC is valid
--79588-- Reading syms from /store/pberry-app-scripts/valgrind/build/lib/valgrind/cachegrind-amd64-linux
--79588--    object doesn't have a dynamic symbol table
--79588-- Scheduler: using generic scheduler lock implementation.
==79588== embedded gdbserver: reading from /tmp/vgdb-pipe-from-vgdb-to-79588-by-timran-on-???
==79588== embedded gdbserver: writing to   /tmp/vgdb-pipe-to-vgdb-from-79588-by-timran-on-???
==79588== embedded gdbserver: shared mem   /tmp/vgdb-pipe-shared-mem-vgdb-79588-by-timran-on-???
==79588== 
==79588== TO CONTROL THIS PROCESS USING vgdb (which you probably
==79588== don't want to do, unless you know exactly what you're doing,
==79588== or are doing some strange experiment):
==79588==   /store/pberry-app-scripts/valgrind/build/lib/valgrind/../../bin/vgdb --pid=79588 ...command...
==79588== 
==79588== TO DEBUG THIS PROCESS USING GDB: start GDB like this
==79588==   /path/to/gdb ./obj/linear_regression
==79588== and then give GDB the following command
==79588==   target remote | /store/pberry-app-scripts/valgrind/build/lib/valgrind/../../bin/vgdb --pid=79588
==79588== --pid is optional if only one valgrind process is running
==79588== 
--79588-- Reading syms from /store/pberry-app-scripts/valgrind/build/lib/valgrind/vgpreload_core-amd64-linux.so
--79588-- Reading syms from /lib/x86_64-linux-gnu/libpthread-2.23.so
--79588--   Considering /usr/lib/debug/.build-id/ce/17e023542265fc11d9bc8f534bb4f070493d30.debug ..
--79588--   .. build-id is valid
--79588-- Reading syms from /usr/lib/x86_64-linux-gnu/libstdc++.so.6.0.21
--79588--   Considering /usr/lib/x86_64-linux-gnu/libstdc++.so.6.0.21 ..
--79588--   .. CRC mismatch (computed b2e7dc97 wanted c9833bdf)
--79588--    object doesn't have a symbol table
--79588-- Reading syms from /lib/x86_64-linux-gnu/libm-2.23.so
--79588--   Considering /lib/x86_64-linux-gnu/libm-2.23.so ..
--79588--   .. CRC mismatch (computed e8c3647b wanted c3efddac)
--79588--   Considering /usr/lib/debug/lib/x86_64-linux-gnu/libm-2.23.so ..
--79588--   .. CRC is valid
--79588-- Reading syms from /lib/x86_64-linux-gnu/libc-2.23.so
--79588--   Considering /lib/x86_64-linux-gnu/libc-2.23.so ..
--79588--   .. CRC mismatch (computed 7a8ee3e4 wanted a5190ac4)
--79588--   Considering /usr/lib/debug/lib/x86_64-linux-gnu/libc-2.23.so ..
--79588--   .. CRC is valid
--79588-- Reading syms from /lib/x86_64-linux-gnu/libgcc_s.so.1
--79588--   Considering /lib/x86_64-linux-gnu/libgcc_s.so.1 ..
--79588--   .. CRC mismatch (computed b9a68419 wanted 29d51b00)
--79588--    object doesn't have a symbol table
==79588== 
==79588== I   refs:      309,431,039,412
==79588== I1  misses:              3,758
==79588== LLi misses:                291
==79588== I1  miss rate:            0.00%
==79588== LLi miss rate:            0.00%
==79588== 
==79588== D   refs:        7,898,625,960  (6,586,195,920 rd   + 1,312,430,040 wr)
==79588== D1  misses:        655,576,263  (  655,473,094 rd   +       103,169 wr)
==79588== LLd misses:         10,243,632  (   10,242,130 rd   +         1,502 wr)
==79588== D1  miss rate:             8.3% (         10.0%     +           0.0%  )
==79588== LLd miss rate:             0.1% (          0.2%     +           0.0%  )
==79588== 
==79588== LL refs:           655,580,021  (  655,476,852 rd   +       103,169 wr)
==79588== LL misses:          10,243,923  (   10,242,421 rd   +         1,502 wr)
==79588== LL miss rate:              0.0% (          0.0%     +           0.0%  )
