==86206== Cachegrind, a cache and branch-prediction profiler
==86206== Copyright (C) 2002-2017, and GNU GPL'd, by Nicholas Nethercote et al.
==86206== Using Valgrind-3.16.0.GIT-74b01035ef-20200315 and LibVEX; rerun with -h for copyright info
==86206== Command: ./obj/linear_regression ./data/lr_40GB.txt -p 8
==86206== Parent PID: 86193
==86206== 
--86206-- 
--86206-- Valgrind options:
--86206--    --tool=cachegrind
--86206--    --I1=32768,8,64
--86206--    --D1=32768,8,64
--86206--    --L2=8589934592,4,4096
--86206--    --cachegrind-out-file=/store/KCacheSim/scripts/../logs//metis/sim-cachegrind-method-linreg-config-size=8589934592*block=4096*assoc=4-run-0.cachegrind.detail
--86206--    --log-file=/store/KCacheSim/scripts/../logs//metis/sim-cachegrind-method-linreg-config-size=8589934592*block=4096*assoc=4-run-0.cachegrind.out
--86206--    -v
--86206--    --trace-children=yes
--86206-- Contents of /proc/version:
--86206--   Linux version 5.4.0-51-generic (buildd@lcy01-amd64-020) (gcc version 9.3.0 (Ubuntu 9.3.0-10ubuntu2)) #56-Ubuntu SMP Mon Oct 5 14:28:49 UTC 2020
--86206-- 
--86206-- Arch and hwcaps: AMD64, LittleEndian, amd64-cx16-lzcnt-rdtscp-sse3-ssse3-avx-avx2-bmi-f16c-rdrand
--86206-- Page sizes: currently 4096, max supported 4096
--86206-- Valgrind library directory: /store/KCacheSim/valgrind/build/lib/valgrind
--86206-- warning: L3 cache found, using its data for the LL simulation.
==86206== Cache configuration used:
==86206==   I1: 32,768 B, 8-way, 64 B lines
==86206==   D1: 32,768 B, 8-way, 64 B lines
==86206==   LL: 0 B, 4-way, 4096 B lines
--86206-- Reading syms from /store/KCacheSim/apps/metis/Metis/obj/linear_regression
--86206-- Reading syms from /usr/lib/x86_64-linux-gnu/ld-2.31.so
--86206--   Considering /usr/lib/x86_64-linux-gnu/ld-2.31.so ..
--86206--   .. CRC mismatch (computed 387b17ea wanted d28cf5ef)
--86206--    object doesn't have a symbol table
--86206-- Reading syms from /store/KCacheSim/valgrind/build/lib/valgrind/cachegrind-amd64-linux
--86206--    object doesn't have a dynamic symbol table
--86206-- Scheduler: using generic scheduler lock implementation.
==86206== embedded gdbserver: reading from /tmp/vgdb-pipe-from-vgdb-to-86206-by-timran-on-???
==86206== embedded gdbserver: writing to   /tmp/vgdb-pipe-to-vgdb-from-86206-by-timran-on-???
==86206== embedded gdbserver: shared mem   /tmp/vgdb-pipe-shared-mem-vgdb-86206-by-timran-on-???
==86206== 
==86206== TO CONTROL THIS PROCESS USING vgdb (which you probably
==86206== don't want to do, unless you know exactly what you're doing,
==86206== or are doing some strange experiment):
==86206==   /store/KCacheSim/valgrind/build/lib/valgrind/../../bin/vgdb --pid=86206 ...command...
==86206== 
==86206== TO DEBUG THIS PROCESS USING GDB: start GDB like this
==86206==   /path/to/gdb ./obj/linear_regression
==86206== and then give GDB the following command
==86206==   target remote | /store/KCacheSim/valgrind/build/lib/valgrind/../../bin/vgdb --pid=86206
==86206== --pid is optional if only one valgrind process is running
==86206== 
--86206-- Reading syms from /store/KCacheSim/valgrind/build/lib/valgrind/vgpreload_core-amd64-linux.so
--86206-- Reading syms from /usr/lib/x86_64-linux-gnu/libpthread-2.31.so
--86206--   Considering /usr/lib/debug/.build-id/77/5cbbfff814456660786780b0b3b40096b4c05e.debug ..
--86206--   .. build-id is valid
--86206-- Reading syms from /usr/lib/x86_64-linux-gnu/libstdc++.so.6.0.28
--86206--    object doesn't have a symbol table
--86206-- Reading syms from /usr/lib/x86_64-linux-gnu/libm-2.31.so
--86206--   Considering /usr/lib/x86_64-linux-gnu/libm-2.31.so ..
--86206--   .. CRC mismatch (computed 327d785f wanted 751f5509)
--86206--    object doesn't have a symbol table
--86206-- Reading syms from /usr/lib/x86_64-linux-gnu/libc-2.31.so
--86206--   Considering /usr/lib/x86_64-linux-gnu/libc-2.31.so ..
--86206--   .. CRC mismatch (computed a6f43087 wanted 6555436e)
--86206--    object doesn't have a symbol table
--86206-- Reading syms from /usr/lib/x86_64-linux-gnu/libgcc_s.so.1
--86206--    object doesn't have a symbol table
==86206== 
==86206== I   refs:      301,618,913,263
==86206== I1  misses:              3,926
==86206== LLi misses:                312
==86206== I1  miss rate:            0.00%
==86206== LLi miss rate:            0.00%
==86206== 
==86206== D   refs:       10,537,597,225  (9,225,372,880 rd   + 1,312,224,345 wr)
==86206== D1  misses:        655,579,318  (  655,475,749 rd   +       103,569 wr)
==86206== LLd misses:         10,242,576  (   10,241,116 rd   +         1,460 wr)
==86206== D1  miss rate:             6.2% (          7.1%     +           0.0%  )
==86206== LLd miss rate:             0.1% (          0.1%     +           0.0%  )
==86206== 
==86206== LL refs:           655,583,244  (  655,479,675 rd   +       103,569 wr)
==86206== LL misses:          10,242,888  (   10,241,428 rd   +         1,460 wr)
==86206== LL miss rate:              0.0% (          0.0%     +           0.0%  )
