==85247== Cachegrind, a cache and branch-prediction profiler
==85247== Copyright (C) 2002-2017, and GNU GPL'd, by Nicholas Nethercote et al.
==85247== Using Valgrind-3.16.0.GIT-74b01035ef-20200315 and LibVEX; rerun with -h for copyright info
==85247== Command: ./obj/linear_regression ./data/lr_40GB.txt -p 8
==85247== Parent PID: 85186
==85247== 
--85247-- 
--85247-- Valgrind options:
--85247--    --tool=cachegrind
--85247--    --I1=32768,8,64
--85247--    --D1=32768,8,64
--85247--    --L2=65536,16,64
--85247--    --cachegrind-out-file=/store/KCacheSim/scripts/../logs//metis/sim-cachegrind-method-linreg-config-l2-run-0.cachegrind.detail
--85247--    --log-file=/store/KCacheSim/scripts/../logs//metis/sim-cachegrind-method-linreg-config-l2-run-0.cachegrind.out
--85247--    -v
--85247--    --trace-children=yes
--85247-- Contents of /proc/version:
--85247--   Linux version 5.4.0-51-generic (buildd@lcy01-amd64-020) (gcc version 9.3.0 (Ubuntu 9.3.0-10ubuntu2)) #56-Ubuntu SMP Mon Oct 5 14:28:49 UTC 2020
--85247-- 
--85247-- Arch and hwcaps: AMD64, LittleEndian, amd64-cx16-lzcnt-rdtscp-sse3-ssse3-avx-avx2-bmi-f16c-rdrand
--85247-- Page sizes: currently 4096, max supported 4096
--85247-- Valgrind library directory: /store/KCacheSim/valgrind/build/lib/valgrind
--85247-- warning: L3 cache found, using its data for the LL simulation.
==85247== Cache configuration used:
==85247==   I1: 32,768 B, 8-way, 64 B lines
==85247==   D1: 32,768 B, 8-way, 64 B lines
==85247==   LL: 65,536 B, 16-way, 64 B lines
--85247-- Reading syms from /store/KCacheSim/apps/metis/Metis/obj/linear_regression
--85247-- Reading syms from /usr/lib/x86_64-linux-gnu/ld-2.31.so
--85247--   Considering /usr/lib/x86_64-linux-gnu/ld-2.31.so ..
--85247--   .. CRC mismatch (computed 387b17ea wanted d28cf5ef)
--85247--    object doesn't have a symbol table
--85247-- Reading syms from /store/KCacheSim/valgrind/build/lib/valgrind/cachegrind-amd64-linux
--85247--    object doesn't have a dynamic symbol table
--85247-- Scheduler: using generic scheduler lock implementation.
==85247== embedded gdbserver: reading from /tmp/vgdb-pipe-from-vgdb-to-85247-by-timran-on-???
==85247== embedded gdbserver: writing to   /tmp/vgdb-pipe-to-vgdb-from-85247-by-timran-on-???
==85247== embedded gdbserver: shared mem   /tmp/vgdb-pipe-shared-mem-vgdb-85247-by-timran-on-???
==85247== 
==85247== TO CONTROL THIS PROCESS USING vgdb (which you probably
==85247== don't want to do, unless you know exactly what you're doing,
==85247== or are doing some strange experiment):
==85247==   /store/KCacheSim/valgrind/build/lib/valgrind/../../bin/vgdb --pid=85247 ...command...
==85247== 
==85247== TO DEBUG THIS PROCESS USING GDB: start GDB like this
==85247==   /path/to/gdb ./obj/linear_regression
==85247== and then give GDB the following command
==85247==   target remote | /store/KCacheSim/valgrind/build/lib/valgrind/../../bin/vgdb --pid=85247
==85247== --pid is optional if only one valgrind process is running
==85247== 
--85247-- Reading syms from /store/KCacheSim/valgrind/build/lib/valgrind/vgpreload_core-amd64-linux.so
--85247-- Reading syms from /usr/lib/x86_64-linux-gnu/libpthread-2.31.so
--85247--   Considering /usr/lib/debug/.build-id/77/5cbbfff814456660786780b0b3b40096b4c05e.debug ..
--85247--   .. build-id is valid
--85247-- Reading syms from /usr/lib/x86_64-linux-gnu/libstdc++.so.6.0.28
--85247--    object doesn't have a symbol table
--85247-- Reading syms from /usr/lib/x86_64-linux-gnu/libm-2.31.so
--85247--   Considering /usr/lib/x86_64-linux-gnu/libm-2.31.so ..
--85247--   .. CRC mismatch (computed 327d785f wanted 751f5509)
--85247--    object doesn't have a symbol table
--85247-- Reading syms from /usr/lib/x86_64-linux-gnu/libc-2.31.so
--85247--   Considering /usr/lib/x86_64-linux-gnu/libc-2.31.so ..
--85247--   .. CRC mismatch (computed a6f43087 wanted 6555436e)
--85247--    object doesn't have a symbol table
--85247-- Reading syms from /usr/lib/x86_64-linux-gnu/libgcc_s.so.1
--85247--    object doesn't have a symbol table
==85247== 
==85247== I   refs:      301,742,452,670
==85247== I1  misses:              3,962
==85247== LLi misses:              3,708
==85247== I1  miss rate:            0.00%
==85247== LLi miss rate:            0.00%
==85247== 
==85247== D   refs:       10,578,782,129  (9,266,557,719 rd   + 1,312,224,410 wr)
==85247== D1  misses:        655,579,228  (  655,475,683 rd   +       103,545 wr)
==85247== LLd misses:        655,576,737  (  655,473,374 rd   +       103,363 wr)
==85247== D1  miss rate:             6.2% (          7.1%     +           0.0%  )
==85247== LLd miss rate:             6.2% (          7.1%     +           0.0%  )
==85247== 
==85247== LL refs:           655,583,190  (  655,479,645 rd   +       103,545 wr)
==85247== LL misses:         655,580,445  (  655,477,082 rd   +       103,363 wr)
==85247== LL miss rate:              0.2% (          0.2%     +           0.0%  )
