==86605== Cachegrind, a cache and branch-prediction profiler
==86605== Copyright (C) 2002-2017, and GNU GPL'd, by Nicholas Nethercote et al.
==86605== Using Valgrind-3.16.0.GIT-74b01035ef-20200315 and LibVEX; rerun with -h for copyright info
==86605== Command: ./obj/linear_regression ./data/lr_40GB.txt -p 8
==86605== Parent PID: 86578
==86605== 
--86605-- 
--86605-- Valgrind options:
--86605--    --tool=cachegrind
--86605--    --I1=32768,8,64
--86605--    --D1=32768,8,64
--86605--    --L2=4294967296,4,4096
--86605--    --cachegrind-out-file=/store/KCacheSim/scripts/../logs//metis/sim-cachegrind-method-linreg-config-size=4294967296*block=4096*assoc=4-run-0.cachegrind.detail
--86605--    --log-file=/store/KCacheSim/scripts/../logs//metis/sim-cachegrind-method-linreg-config-size=4294967296*block=4096*assoc=4-run-0.cachegrind.out
--86605--    -v
--86605--    --trace-children=yes
--86605-- Contents of /proc/version:
--86605--   Linux version 5.4.0-51-generic (buildd@lcy01-amd64-020) (gcc version 9.3.0 (Ubuntu 9.3.0-10ubuntu2)) #56-Ubuntu SMP Mon Oct 5 14:28:49 UTC 2020
--86605-- 
--86605-- Arch and hwcaps: AMD64, LittleEndian, amd64-cx16-lzcnt-rdtscp-sse3-ssse3-avx-avx2-bmi-f16c-rdrand
--86605-- Page sizes: currently 4096, max supported 4096
--86605-- Valgrind library directory: /store/KCacheSim/valgrind/build/lib/valgrind
--86605-- warning: L3 cache found, using its data for the LL simulation.
==86605== Cache configuration used:
==86605==   I1: 32,768 B, 8-way, 64 B lines
==86605==   D1: 32,768 B, 8-way, 64 B lines
==86605==   LL: 0 B, 4-way, 4096 B lines
--86605-- Reading syms from /store/KCacheSim/apps/metis/Metis/obj/linear_regression
--86605-- Reading syms from /usr/lib/x86_64-linux-gnu/ld-2.31.so
--86605--   Considering /usr/lib/x86_64-linux-gnu/ld-2.31.so ..
--86605--   .. CRC mismatch (computed 387b17ea wanted d28cf5ef)
--86605--    object doesn't have a symbol table
--86605-- Reading syms from /store/KCacheSim/valgrind/build/lib/valgrind/cachegrind-amd64-linux
--86605--    object doesn't have a dynamic symbol table
--86605-- Scheduler: using generic scheduler lock implementation.
==86605== embedded gdbserver: reading from /tmp/vgdb-pipe-from-vgdb-to-86605-by-timran-on-???
==86605== embedded gdbserver: writing to   /tmp/vgdb-pipe-to-vgdb-from-86605-by-timran-on-???
==86605== embedded gdbserver: shared mem   /tmp/vgdb-pipe-shared-mem-vgdb-86605-by-timran-on-???
==86605== 
==86605== TO CONTROL THIS PROCESS USING vgdb (which you probably
==86605== don't want to do, unless you know exactly what you're doing,
==86605== or are doing some strange experiment):
==86605==   /store/KCacheSim/valgrind/build/lib/valgrind/../../bin/vgdb --pid=86605 ...command...
==86605== 
==86605== TO DEBUG THIS PROCESS USING GDB: start GDB like this
==86605==   /path/to/gdb ./obj/linear_regression
==86605== and then give GDB the following command
==86605==   target remote | /store/KCacheSim/valgrind/build/lib/valgrind/../../bin/vgdb --pid=86605
==86605== --pid is optional if only one valgrind process is running
==86605== 
--86605-- Reading syms from /store/KCacheSim/valgrind/build/lib/valgrind/vgpreload_core-amd64-linux.so
--86605-- Reading syms from /usr/lib/x86_64-linux-gnu/libpthread-2.31.so
--86605--   Considering /usr/lib/debug/.build-id/77/5cbbfff814456660786780b0b3b40096b4c05e.debug ..
--86605--   .. build-id is valid
--86605-- Reading syms from /usr/lib/x86_64-linux-gnu/libstdc++.so.6.0.28
--86605--    object doesn't have a symbol table
--86605-- Reading syms from /usr/lib/x86_64-linux-gnu/libm-2.31.so
--86605--   Considering /usr/lib/x86_64-linux-gnu/libm-2.31.so ..
--86605--   .. CRC mismatch (computed 327d785f wanted 751f5509)
--86605--    object doesn't have a symbol table
--86605-- Reading syms from /usr/lib/x86_64-linux-gnu/libc-2.31.so
--86605--   Considering /usr/lib/x86_64-linux-gnu/libc-2.31.so ..
--86605--   .. CRC mismatch (computed a6f43087 wanted 6555436e)
--86605--    object doesn't have a symbol table
--86605-- Reading syms from /usr/lib/x86_64-linux-gnu/libgcc_s.so.1
--86605--    object doesn't have a symbol table
==86605== 
==86605== I   refs:      301,784,049,812
==86605== I1  misses:              3,929
==86605== LLi misses:                312
==86605== I1  miss rate:            0.00%
==86605== LLi miss rate:            0.00%
==86605== 
==86605== D   refs:       10,592,681,340  (9,280,457,011 rd   + 1,312,224,329 wr)
==86605== D1  misses:        655,579,294  (  655,475,728 rd   +       103,566 wr)
==86605== LLd misses:         10,242,656  (   10,241,192 rd   +         1,464 wr)
==86605== D1  miss rate:             6.2% (          7.1%     +           0.0%  )
==86605== LLd miss rate:             0.1% (          0.1%     +           0.0%  )
==86605== 
==86605== LL refs:           655,583,223  (  655,479,657 rd   +       103,566 wr)
==86605== LL misses:          10,242,968  (   10,241,504 rd   +         1,464 wr)
==86605== LL miss rate:              0.0% (          0.0%     +           0.0%  )
