==79890== Cachegrind, a cache and branch-prediction profiler
==79890== Copyright (C) 2002-2017, and GNU GPL'd, by Nicholas Nethercote et al.
==79890== Using Valgrind-3.16.0.GIT-3c62dde639-20200111 and LibVEX; rerun with -h for copyright info
==79890== Command: ./obj/linear_regression ./data/lr_40GB.txt -p 8
==79890== Parent PID: 79881
==79890== 
--79890-- 
--79890-- Valgrind options:
--79890--    --tool=cachegrind
--79890--    --I1=32768,8,64
--79890--    --D1=32768,8,64
--79890--    --L2=2147483648,4,4096
--79890--    --cachegrind-out-file=/store/pberry-app-scripts/app-2/output/sim-cachegrind-method-3-config-size=2147483648*block=4096*assoc=4.cachegrind.detail
--79890--    --log-file=/store/pberry-app-scripts/app-2/output/sim-cachegrind-method-3-config-size=2147483648*block=4096*assoc=4.cachegrind.out
--79890--    -v
--79890--    --trace-children=yes
--79890-- Contents of /proc/version:
--79890--   Linux version 4.4.0-142-generic (buildd@lgw01-amd64-033) (gcc version 5.4.0 20160609 (Ubuntu 5.4.0-6ubuntu1~16.04.10) ) #168-Ubuntu SMP Wed Jan 16 21:00:45 UTC 2019
--79890-- 
--79890-- Arch and hwcaps: AMD64, LittleEndian, amd64-cx16-lzcnt-rdtscp-sse3-ssse3-avx-avx2-bmi-f16c-rdrand
--79890-- Page sizes: currently 4096, max supported 4096
--79890-- Valgrind library directory: /store/pberry-app-scripts/valgrind/build/lib/valgrind
--79890-- warning: L3 cache found, using its data for the LL simulation.
==79890== Cache configuration used:
==79890==   I1: 32,768 B, 8-way, 64 B lines
==79890==   D1: 32,768 B, 8-way, 64 B lines
==79890==   LL: -2,147,483,648 B, 4-way, 4096 B lines
--79890-- Reading syms from /store/pberry-app-scripts/app-2/Metis/obj/linear_regression
--79890-- Reading syms from /lib/x86_64-linux-gnu/ld-2.23.so
--79890--   Considering /lib/x86_64-linux-gnu/ld-2.23.so ..
--79890--   .. CRC mismatch (computed aa979a42 wanted 9019bbb7)
--79890--   Considering /usr/lib/debug/lib/x86_64-linux-gnu/ld-2.23.so ..
--79890--   .. CRC is valid
--79890-- Reading syms from /store/pberry-app-scripts/valgrind/build/lib/valgrind/cachegrind-amd64-linux
--79890--    object doesn't have a dynamic symbol table
--79890-- Scheduler: using generic scheduler lock implementation.
==79890== embedded gdbserver: reading from /tmp/vgdb-pipe-from-vgdb-to-79890-by-timran-on-???
==79890== embedded gdbserver: writing to   /tmp/vgdb-pipe-to-vgdb-from-79890-by-timran-on-???
==79890== embedded gdbserver: shared mem   /tmp/vgdb-pipe-shared-mem-vgdb-79890-by-timran-on-???
==79890== 
==79890== TO CONTROL THIS PROCESS USING vgdb (which you probably
==79890== don't want to do, unless you know exactly what you're doing,
==79890== or are doing some strange experiment):
==79890==   /store/pberry-app-scripts/valgrind/build/lib/valgrind/../../bin/vgdb --pid=79890 ...command...
==79890== 
==79890== TO DEBUG THIS PROCESS USING GDB: start GDB like this
==79890==   /path/to/gdb ./obj/linear_regression
==79890== and then give GDB the following command
==79890==   target remote | /store/pberry-app-scripts/valgrind/build/lib/valgrind/../../bin/vgdb --pid=79890
==79890== --pid is optional if only one valgrind process is running
==79890== 
--79890-- Reading syms from /store/pberry-app-scripts/valgrind/build/lib/valgrind/vgpreload_core-amd64-linux.so
--79890-- Reading syms from /lib/x86_64-linux-gnu/libpthread-2.23.so
--79890--   Considering /usr/lib/debug/.build-id/ce/17e023542265fc11d9bc8f534bb4f070493d30.debug ..
--79890--   .. build-id is valid
--79890-- Reading syms from /usr/lib/x86_64-linux-gnu/libstdc++.so.6.0.21
--79890--   Considering /usr/lib/x86_64-linux-gnu/libstdc++.so.6.0.21 ..
--79890--   .. CRC mismatch (computed b2e7dc97 wanted c9833bdf)
--79890--    object doesn't have a symbol table
--79890-- Reading syms from /lib/x86_64-linux-gnu/libm-2.23.so
--79890--   Considering /lib/x86_64-linux-gnu/libm-2.23.so ..
--79890--   .. CRC mismatch (computed e8c3647b wanted c3efddac)
--79890--   Considering /usr/lib/debug/lib/x86_64-linux-gnu/libm-2.23.so ..
--79890--   .. CRC is valid
--79890-- Reading syms from /lib/x86_64-linux-gnu/libc-2.23.so
--79890--   Considering /lib/x86_64-linux-gnu/libc-2.23.so ..
--79890--   .. CRC mismatch (computed 7a8ee3e4 wanted a5190ac4)
--79890--   Considering /usr/lib/debug/lib/x86_64-linux-gnu/libc-2.23.so ..
--79890--   .. CRC is valid
--79890-- Reading syms from /lib/x86_64-linux-gnu/libgcc_s.so.1
--79890--   Considering /lib/x86_64-linux-gnu/libgcc_s.so.1 ..
--79890--   .. CRC mismatch (computed b9a68419 wanted 29d51b00)
--79890--    object doesn't have a symbol table
==79890== 
==79890== I   refs:      309,424,025,100
==79890== I1  misses:              3,758
==79890== LLi misses:                290
==79890== I1  miss rate:            0.00%
==79890== LLi miss rate:            0.00%
==79890== 
==79890== D   refs:        7,896,272,304  (6,583,842,334 rd   + 1,312,429,970 wr)
==79890== D1  misses:        655,576,479  (  655,473,315 rd   +       103,164 wr)
==79890== LLd misses:         10,243,409  (   10,241,910 rd   +         1,499 wr)
==79890== D1  miss rate:             8.3% (         10.0%     +           0.0%  )
==79890== LLd miss rate:             0.1% (          0.2%     +           0.0%  )
==79890== 
==79890== LL refs:           655,580,237  (  655,477,073 rd   +       103,164 wr)
==79890== LL misses:          10,243,699  (   10,242,200 rd   +         1,499 wr)
==79890== LL miss rate:              0.0% (          0.0%     +           0.0%  )
