==80615== Cachegrind, a cache and branch-prediction profiler
==80615== Copyright (C) 2002-2017, and GNU GPL'd, by Nicholas Nethercote et al.
==80615== Using Valgrind-3.16.0.GIT-3c62dde639-20200111 and LibVEX; rerun with -h for copyright info
==80615== Command: ./obj/linear_regression ./data/lr_40GB.txt -p 8
==80615== Parent PID: 80606
==80615== 
--80615-- 
--80615-- Valgrind options:
--80615--    --tool=cachegrind
--80615--    --I1=32768,8,64
--80615--    --D1=32768,8,64
--80615--    --L2=17179869184,4,4096
--80615--    --cachegrind-out-file=/store/pberry-app-scripts/app-2/output/sim-cachegrind-method-3-config-size=17179869184*block=4096*assoc=4.cachegrind.detail
--80615--    --log-file=/store/pberry-app-scripts/app-2/output/sim-cachegrind-method-3-config-size=17179869184*block=4096*assoc=4.cachegrind.out
--80615--    -v
--80615--    --trace-children=yes
--80615-- Contents of /proc/version:
--80615--   Linux version 4.4.0-142-generic (buildd@lgw01-amd64-033) (gcc version 5.4.0 20160609 (Ubuntu 5.4.0-6ubuntu1~16.04.10) ) #168-Ubuntu SMP Wed Jan 16 21:00:45 UTC 2019
--80615-- 
--80615-- Arch and hwcaps: AMD64, LittleEndian, amd64-cx16-lzcnt-rdtscp-sse3-ssse3-avx-avx2-bmi-f16c-rdrand
--80615-- Page sizes: currently 4096, max supported 4096
--80615-- Valgrind library directory: /store/pberry-app-scripts/valgrind/build/lib/valgrind
--80615-- warning: L3 cache found, using its data for the LL simulation.
==80615== Cache configuration used:
==80615==   I1: 32,768 B, 8-way, 64 B lines
==80615==   D1: 32,768 B, 8-way, 64 B lines
==80615==   LL: 0 B, 4-way, 4096 B lines
--80615-- Reading syms from /store/pberry-app-scripts/app-2/Metis/obj/linear_regression
--80615-- Reading syms from /lib/x86_64-linux-gnu/ld-2.23.so
--80615--   Considering /lib/x86_64-linux-gnu/ld-2.23.so ..
--80615--   .. CRC mismatch (computed aa979a42 wanted 9019bbb7)
--80615--   Considering /usr/lib/debug/lib/x86_64-linux-gnu/ld-2.23.so ..
--80615--   .. CRC is valid
--80615-- Reading syms from /store/pberry-app-scripts/valgrind/build/lib/valgrind/cachegrind-amd64-linux
--80615--    object doesn't have a dynamic symbol table
--80615-- Scheduler: using generic scheduler lock implementation.
==80615== embedded gdbserver: reading from /tmp/vgdb-pipe-from-vgdb-to-80615-by-timran-on-???
==80615== embedded gdbserver: writing to   /tmp/vgdb-pipe-to-vgdb-from-80615-by-timran-on-???
==80615== embedded gdbserver: shared mem   /tmp/vgdb-pipe-shared-mem-vgdb-80615-by-timran-on-???
==80615== 
==80615== TO CONTROL THIS PROCESS USING vgdb (which you probably
==80615== don't want to do, unless you know exactly what you're doing,
==80615== or are doing some strange experiment):
==80615==   /store/pberry-app-scripts/valgrind/build/lib/valgrind/../../bin/vgdb --pid=80615 ...command...
==80615== 
==80615== TO DEBUG THIS PROCESS USING GDB: start GDB like this
==80615==   /path/to/gdb ./obj/linear_regression
==80615== and then give GDB the following command
==80615==   target remote | /store/pberry-app-scripts/valgrind/build/lib/valgrind/../../bin/vgdb --pid=80615
==80615== --pid is optional if only one valgrind process is running
==80615== 
--80615-- Reading syms from /store/pberry-app-scripts/valgrind/build/lib/valgrind/vgpreload_core-amd64-linux.so
--80615-- Reading syms from /lib/x86_64-linux-gnu/libpthread-2.23.so
--80615--   Considering /usr/lib/debug/.build-id/ce/17e023542265fc11d9bc8f534bb4f070493d30.debug ..
--80615--   .. build-id is valid
--80615-- Reading syms from /usr/lib/x86_64-linux-gnu/libstdc++.so.6.0.21
--80615--   Considering /usr/lib/x86_64-linux-gnu/libstdc++.so.6.0.21 ..
--80615--   .. CRC mismatch (computed b2e7dc97 wanted c9833bdf)
--80615--    object doesn't have a symbol table
--80615-- Reading syms from /lib/x86_64-linux-gnu/libm-2.23.so
--80615--   Considering /lib/x86_64-linux-gnu/libm-2.23.so ..
--80615--   .. CRC mismatch (computed e8c3647b wanted c3efddac)
--80615--   Considering /usr/lib/debug/lib/x86_64-linux-gnu/libm-2.23.so ..
--80615--   .. CRC is valid
--80615-- Reading syms from /lib/x86_64-linux-gnu/libc-2.23.so
--80615--   Considering /lib/x86_64-linux-gnu/libc-2.23.so ..
--80615--   .. CRC mismatch (computed 7a8ee3e4 wanted a5190ac4)
--80615--   Considering /usr/lib/debug/lib/x86_64-linux-gnu/libc-2.23.so ..
--80615--   .. CRC is valid
--80615-- Reading syms from /lib/x86_64-linux-gnu/libgcc_s.so.1
--80615--   Considering /lib/x86_64-linux-gnu/libgcc_s.so.1 ..
--80615--   .. CRC mismatch (computed b9a68419 wanted 29d51b00)
--80615--    object doesn't have a symbol table
==80615== 
==80615== I   refs:      309,433,849,401
==80615== I1  misses:              3,759
==80615== LLi misses:                281
==80615== I1  miss rate:            0.00%
==80615== LLi miss rate:            0.00%
==80615== 
==80615== D   refs:        7,900,028,373  (6,587,598,417 rd   + 1,312,429,956 wr)
==80615== D1  misses:        655,576,274  (  655,473,110 rd   +       103,164 wr)
==80615== LLd misses:         10,242,543  (   10,241,059 rd   +         1,484 wr)
==80615== D1  miss rate:             8.3% (         10.0%     +           0.0%  )
==80615== LLd miss rate:             0.1% (          0.2%     +           0.0%  )
==80615== 
==80615== LL refs:           655,580,033  (  655,476,869 rd   +       103,164 wr)
==80615== LL misses:          10,242,824  (   10,241,340 rd   +         1,484 wr)
==80615== LL miss rate:              0.0% (          0.0%     +           0.0%  )
