==80685== Cachegrind, a cache and branch-prediction profiler
==80685== Copyright (C) 2002-2017, and GNU GPL'd, by Nicholas Nethercote et al.
==80685== Using Valgrind-3.16.0.GIT-3c62dde639-20200111 and LibVEX; rerun with -h for copyright info
==80685== Command: ./obj/linear_regression ./data/lr_40GB.txt -p 8
==80685== Parent PID: 80676
==80685== 
--80685-- 
--80685-- Valgrind options:
--80685--    --tool=cachegrind
--80685--    --I1=32768,8,64
--80685--    --D1=32768,8,64
--80685--    --L2=34359738368,4,4096
--80685--    --cachegrind-out-file=/store/pberry-app-scripts/app-2/output/sim-cachegrind-method-3-config-size=34359738368*block=4096*assoc=4.cachegrind.detail
--80685--    --log-file=/store/pberry-app-scripts/app-2/output/sim-cachegrind-method-3-config-size=34359738368*block=4096*assoc=4.cachegrind.out
--80685--    -v
--80685--    --trace-children=yes
--80685-- Contents of /proc/version:
--80685--   Linux version 4.4.0-142-generic (buildd@lgw01-amd64-033) (gcc version 5.4.0 20160609 (Ubuntu 5.4.0-6ubuntu1~16.04.10) ) #168-Ubuntu SMP Wed Jan 16 21:00:45 UTC 2019
--80685-- 
--80685-- Arch and hwcaps: AMD64, LittleEndian, amd64-cx16-lzcnt-rdtscp-sse3-ssse3-avx-avx2-bmi-f16c-rdrand
--80685-- Page sizes: currently 4096, max supported 4096
--80685-- Valgrind library directory: /store/pberry-app-scripts/valgrind/build/lib/valgrind
--80685-- warning: L3 cache found, using its data for the LL simulation.
==80685== Cache configuration used:
==80685==   I1: 32,768 B, 8-way, 64 B lines
==80685==   D1: 32,768 B, 8-way, 64 B lines
==80685==   LL: 0 B, 4-way, 4096 B lines
--80685-- Reading syms from /store/pberry-app-scripts/app-2/Metis/obj/linear_regression
--80685-- Reading syms from /lib/x86_64-linux-gnu/ld-2.23.so
--80685--   Considering /lib/x86_64-linux-gnu/ld-2.23.so ..
--80685--   .. CRC mismatch (computed aa979a42 wanted 9019bbb7)
--80685--   Considering /usr/lib/debug/lib/x86_64-linux-gnu/ld-2.23.so ..
--80685--   .. CRC is valid
--80685-- Reading syms from /store/pberry-app-scripts/valgrind/build/lib/valgrind/cachegrind-amd64-linux
--80685--    object doesn't have a dynamic symbol table
--80685-- Scheduler: using generic scheduler lock implementation.
==80685== embedded gdbserver: reading from /tmp/vgdb-pipe-from-vgdb-to-80685-by-timran-on-???
==80685== embedded gdbserver: writing to   /tmp/vgdb-pipe-to-vgdb-from-80685-by-timran-on-???
==80685== embedded gdbserver: shared mem   /tmp/vgdb-pipe-shared-mem-vgdb-80685-by-timran-on-???
==80685== 
==80685== TO CONTROL THIS PROCESS USING vgdb (which you probably
==80685== don't want to do, unless you know exactly what you're doing,
==80685== or are doing some strange experiment):
==80685==   /store/pberry-app-scripts/valgrind/build/lib/valgrind/../../bin/vgdb --pid=80685 ...command...
==80685== 
==80685== TO DEBUG THIS PROCESS USING GDB: start GDB like this
==80685==   /path/to/gdb ./obj/linear_regression
==80685== and then give GDB the following command
==80685==   target remote | /store/pberry-app-scripts/valgrind/build/lib/valgrind/../../bin/vgdb --pid=80685
==80685== --pid is optional if only one valgrind process is running
==80685== 
--80685-- Reading syms from /store/pberry-app-scripts/valgrind/build/lib/valgrind/vgpreload_core-amd64-linux.so
--80685-- Reading syms from /lib/x86_64-linux-gnu/libpthread-2.23.so
--80685--   Considering /usr/lib/debug/.build-id/ce/17e023542265fc11d9bc8f534bb4f070493d30.debug ..
--80685--   .. build-id is valid
--80685-- Reading syms from /usr/lib/x86_64-linux-gnu/libstdc++.so.6.0.21
--80685--   Considering /usr/lib/x86_64-linux-gnu/libstdc++.so.6.0.21 ..
--80685--   .. CRC mismatch (computed b2e7dc97 wanted c9833bdf)
--80685--    object doesn't have a symbol table
--80685-- Reading syms from /lib/x86_64-linux-gnu/libm-2.23.so
--80685--   Considering /lib/x86_64-linux-gnu/libm-2.23.so ..
--80685--   .. CRC mismatch (computed e8c3647b wanted c3efddac)
--80685--   Considering /usr/lib/debug/lib/x86_64-linux-gnu/libm-2.23.so ..
--80685--   .. CRC is valid
--80685-- Reading syms from /lib/x86_64-linux-gnu/libc-2.23.so
--80685--   Considering /lib/x86_64-linux-gnu/libc-2.23.so ..
--80685--   .. CRC mismatch (computed 7a8ee3e4 wanted a5190ac4)
--80685--   Considering /usr/lib/debug/lib/x86_64-linux-gnu/libc-2.23.so ..
--80685--   .. CRC is valid
--80685-- Reading syms from /lib/x86_64-linux-gnu/libgcc_s.so.1
--80685--   Considering /lib/x86_64-linux-gnu/libgcc_s.so.1 ..
--80685--   .. CRC mismatch (computed b9a68419 wanted 29d51b00)
--80685--    object doesn't have a symbol table
==80685== 
==80685== I   refs:      309,428,168,081
==80685== I1  misses:              3,758
==80685== LLi misses:                277
==80685== I1  miss rate:            0.00%
==80685== LLi miss rate:            0.00%
==80685== 
==80685== D   refs:        7,898,008,042  (6,585,578,073 rd   + 1,312,429,969 wr)
==80685== D1  misses:        655,576,342  (  655,473,176 rd   +       103,166 wr)
==80685== LLd misses:         10,242,543  (   10,241,059 rd   +         1,484 wr)
==80685== D1  miss rate:             8.3% (         10.0%     +           0.0%  )
==80685== LLd miss rate:             0.1% (          0.2%     +           0.0%  )
==80685== 
==80685== LL refs:           655,580,100  (  655,476,934 rd   +       103,166 wr)
==80685== LL misses:          10,242,820  (   10,241,336 rd   +         1,484 wr)
==80685== LL miss rate:              0.0% (          0.0%     +           0.0%  )
