79260:C 15 Dec 2020 00:51:40.779 # oO0OoO0OoO0Oo Redis is starting oO0OoO0OoO0Oo
79260:C 15 Dec 2020 00:51:40.791 # Redis version=255.255.255, bits=64, commit=9acd40d9, modified=1, pid=79260, just started
79260:C 15 Dec 2020 00:51:40.791 # Configuration loaded
79260:M 15 Dec 2020 00:51:40.832 * monotonic clock: POSIX clock_gettime
                _._                                                  
           _.-``__ ''-._                                             
      _.-``    `.  `_.  ''-._           Redis 255.255.255 (9acd40d9/1) 64 bit
  .-`` .-```.  ```\/    _.,_ ''-._                                   
 (    '      ,       .-`  | `,    )     Running in standalone mode
 |`-._`-...-` __...-.``-._|'` _.-'|     Port: 30044
 |    `-._   `._    /     _.-'    |     PID: 79260
  `-._    `-._  `-./  _.-'    _.-'                                   
 |`-._`-._    `-.__.-'    _.-'_.-'|                                  
 |    `-._`-._        _.-'_.-'    |           http://redis.io        
  `-._    `-._`-.__.-'_.-'    _.-'                                   
 |`-._`-._    `-.__.-'    _.-'_.-'|                                  
 |    `-._`-._        _.-'_.-'    |                                  
  `-._    `-._`-.__.-'_.-'    _.-'                                   
      `-._    `-.__.-'    _.-'                                       
          `-._        _.-'                                           
              `-.__.-'                                               

79260:M 15 Dec 2020 00:51:40.965 # Server initialized
79260:M 15 Dec 2020 00:51:41.020 * Ready to accept connections
79260:signal-handler (1608016196) Received SIGINT scheduling shutdown...
79260:M 15 Dec 2020 02:10:02.828 # User requested shutdown...
79260:M 15 Dec 2020 02:10:06.402 * Removing the pid file.
79260:M 15 Dec 2020 02:10:07.220 # Redis is now ready to exit, bye bye...
