73252:C 10 Apr 2020 10:07:52.619 # oO0OoO0OoO0Oo Redis is starting oO0OoO0OoO0Oo
73252:C 10 Apr 2020 10:07:52.639 # Redis version=999.999.999, bits=64, commit=767977c5, modified=0, pid=73252, just started
73252:C 10 Apr 2020 10:07:52.639 # Configuration loaded
                _._                                                  
           _.-``__ ''-._                                             
      _.-``    `.  `_.  ''-._           Redis 999.999.999 (767977c5/0) 64 bit
  .-`` .-```.  ```\/    _.,_ ''-._                                   
 (    '      ,       .-`  | `,    )     Running in standalone mode
 |`-._`-...-` __...-.``-._|'` _.-'|     Port: 30030
 |    `-._   `._    /     _.-'    |     PID: 73252
  `-._    `-._  `-./  _.-'    _.-'                                   
 |`-._`-._    `-.__.-'    _.-'_.-'|                                  
 |    `-._`-._        _.-'_.-'    |           http://redis.io        
  `-._    `-._`-.__.-'_.-'    _.-'                                   
 |`-._`-._    `-.__.-'    _.-'_.-'|                                  
 |    `-._`-._        _.-'_.-'    |                                  
  `-._    `-._`-.__.-'_.-'    _.-'                                   
      `-._    `-.__.-'    _.-'                                       
          `-._        _.-'                                           
              `-.__.-'                                               

73252:M 10 Apr 2020 10:07:52.876 # WARNING: The TCP backlog setting of 511 cannot be enforced because /proc/sys/net/core/somaxconn is set to the lower value of 128.
73252:M 10 Apr 2020 10:07:52.877 # Server initialized
73252:M 10 Apr 2020 10:07:52.952 * Ready to accept connections
73252:signal-handler (1586534859) Received SIGINT scheduling shutdown...
73252:M 10 Apr 2020 12:07:39.299 # User requested shutdown...
73252:M 10 Apr 2020 12:07:39.300 * Removing the pid file.
73252:M 10 Apr 2020 12:07:39.302 # Redis is now ready to exit, bye bye...
