79245:C 15 Dec 2020 00:51:40.951 # oO0OoO0OoO0Oo Redis is starting oO0OoO0OoO0Oo
79245:C 15 Dec 2020 00:51:40.962 # Redis version=255.255.255, bits=64, commit=9acd40d9, modified=1, pid=79245, just started
79245:C 15 Dec 2020 00:51:40.962 # Configuration loaded
79245:M 15 Dec 2020 00:51:40.996 * monotonic clock: POSIX clock_gettime
                _._                                                  
           _.-``__ ''-._                                             
      _.-``    `.  `_.  ''-._           Redis 255.255.255 (9acd40d9/1) 64 bit
  .-`` .-```.  ```\/    _.,_ ''-._                                   
 (    '      ,       .-`  | `,    )     Running in standalone mode
 |`-._`-...-` __...-.``-._|'` _.-'|     Port: 30042
 |    `-._   `._    /     _.-'    |     PID: 79245
  `-._    `-._  `-./  _.-'    _.-'                                   
 |`-._`-._    `-.__.-'    _.-'_.-'|                                  
 |    `-._`-._        _.-'_.-'    |           http://redis.io        
  `-._    `-._`-.__.-'_.-'    _.-'                                   
 |`-._`-._    `-.__.-'    _.-'_.-'|                                  
 |    `-._`-._        _.-'_.-'    |                                  
  `-._    `-._`-.__.-'_.-'    _.-'                                   
      `-._    `-.__.-'    _.-'                                       
          `-._        _.-'                                           
              `-.__.-'                                               

79245:M 15 Dec 2020 00:51:41.117 # Server initialized
79245:M 15 Dec 2020 00:51:41.157 * Ready to accept connections
79245:signal-handler (1608013721) Received SIGINT scheduling shutdown...
79245:M 15 Dec 2020 01:28:41.889 # User requested shutdown...
79245:M 15 Dec 2020 01:28:42.014 * Removing the pid file.
79245:M 15 Dec 2020 01:28:42.338 # Redis is now ready to exit, bye bye...
