79411:C 15 Dec 2020 00:51:40.742 # oO0OoO0OoO0Oo Redis is starting oO0OoO0OoO0Oo
79411:C 15 Dec 2020 00:51:40.753 # Redis version=255.255.255, bits=64, commit=9acd40d9, modified=1, pid=79411, just started
79411:C 15 Dec 2020 00:51:40.754 # Configuration loaded
79411:M 15 Dec 2020 00:51:40.795 * monotonic clock: POSIX clock_gettime
                _._                                                  
           _.-``__ ''-._                                             
      _.-``    `.  `_.  ''-._           Redis 255.255.255 (9acd40d9/1) 64 bit
  .-`` .-```.  ```\/    _.,_ ''-._                                   
 (    '      ,       .-`  | `,    )     Running in standalone mode
 |`-._`-...-` __...-.``-._|'` _.-'|     Port: 30070
 |    `-._   `._    /     _.-'    |     PID: 79411
  `-._    `-._  `-./  _.-'    _.-'                                   
 |`-._`-._    `-.__.-'    _.-'_.-'|                                  
 |    `-._`-._        _.-'_.-'    |           http://redis.io        
  `-._    `-._`-.__.-'_.-'    _.-'                                   
 |`-._`-._    `-.__.-'    _.-'_.-'|                                  
 |    `-._`-._        _.-'_.-'    |                                  
  `-._    `-._`-.__.-'_.-'    _.-'                                   
      `-._    `-.__.-'    _.-'                                       
          `-._        _.-'                                           
              `-.__.-'                                               

79411:M 15 Dec 2020 00:51:40.927 # Server initialized
79411:M 15 Dec 2020 00:51:40.987 * Ready to accept connections
79411:signal-handler (1608015364) Received SIGINT scheduling shutdown...
79411:M 15 Dec 2020 01:56:06.897 # User requested shutdown...
79411:M 15 Dec 2020 01:56:09.012 * Removing the pid file.
79411:M 15 Dec 2020 01:56:09.902 # Redis is now ready to exit, bye bye...
