79318:C 15 Dec 2020 00:51:40.759 # oO0OoO0OoO0Oo Redis is starting oO0OoO0OoO0Oo
79318:C 15 Dec 2020 00:51:40.770 # Redis version=255.255.255, bits=64, commit=9acd40d9, modified=1, pid=79318, just started
79318:C 15 Dec 2020 00:51:40.771 # Configuration loaded
79318:M 15 Dec 2020 00:51:40.812 * monotonic clock: POSIX clock_gettime
                _._                                                  
           _.-``__ ''-._                                             
      _.-``    `.  `_.  ''-._           Redis 255.255.255 (9acd40d9/1) 64 bit
  .-`` .-```.  ```\/    _.,_ ''-._                                   
 (    '      ,       .-`  | `,    )     Running in standalone mode
 |`-._`-...-` __...-.``-._|'` _.-'|     Port: 30052
 |    `-._   `._    /     _.-'    |     PID: 79318
  `-._    `-._  `-./  _.-'    _.-'                                   
 |`-._`-._    `-.__.-'    _.-'_.-'|                                  
 |    `-._`-._        _.-'_.-'    |           http://redis.io        
  `-._    `-._`-.__.-'_.-'    _.-'                                   
 |`-._`-._    `-.__.-'    _.-'_.-'|                                  
 |    `-._`-._        _.-'_.-'    |                                  
  `-._    `-._`-.__.-'_.-'    _.-'                                   
      `-._    `-.__.-'    _.-'                                       
          `-._        _.-'                                           
              `-.__.-'                                               

79318:M 15 Dec 2020 00:51:40.945 # Server initialized
79318:M 15 Dec 2020 00:51:41.006 * Ready to accept connections
79318:signal-handler (1608021925) Received SIGINT scheduling shutdown...
79318:M 15 Dec 2020 03:45:25.998 # User requested shutdown...
79318:M 15 Dec 2020 03:45:26.078 * Removing the pid file.
79318:M 15 Dec 2020 03:45:26.148 # Redis is now ready to exit, bye bye...
