83944:C 15 Dec 2020 01:24:26.827 # oO0OoO0OoO0Oo Redis is starting oO0OoO0OoO0Oo
83944:C 15 Dec 2020 01:24:26.838 # Redis version=255.255.255, bits=64, commit=9acd40d9, modified=1, pid=83944, just started
83944:C 15 Dec 2020 01:24:26.839 # Configuration loaded
83944:M 15 Dec 2020 01:24:26.879 * monotonic clock: POSIX clock_gettime
                _._                                                  
           _.-``__ ''-._                                             
      _.-``    `.  `_.  ''-._           Redis 255.255.255 (9acd40d9/1) 64 bit
  .-`` .-```.  ```\/    _.,_ ''-._                                   
 (    '      ,       .-`  | `,    )     Running in standalone mode
 |`-._`-...-` __...-.``-._|'` _.-'|     Port: 30080
 |    `-._   `._    /     _.-'    |     PID: 83944
  `-._    `-._  `-./  _.-'    _.-'                                   
 |`-._`-._    `-.__.-'    _.-'_.-'|                                  
 |    `-._`-._        _.-'_.-'    |           http://redis.io        
  `-._    `-._`-.__.-'_.-'    _.-'                                   
 |`-._`-._    `-.__.-'    _.-'_.-'|                                  
 |    `-._`-._        _.-'_.-'    |                                  
  `-._    `-._`-.__.-'_.-'    _.-'                                   
      `-._    `-.__.-'    _.-'                                       
          `-._        _.-'                                           
              `-.__.-'                                               

83944:M 15 Dec 2020 01:24:27.127 # Server initialized
83944:M 15 Dec 2020 01:24:27.182 * Ready to accept connections
83944:signal-handler (1608013477) Received SIGINT scheduling shutdown...
83944:M 15 Dec 2020 01:24:37.566 # User requested shutdown...
83944:M 15 Dec 2020 01:24:37.570 * Removing the pid file.
83944:M 15 Dec 2020 01:24:37.571 # Redis is now ready to exit, bye bye...
