77089:C 10 Apr 2020 12:14:19.911 # oO0OoO0OoO0Oo Redis is starting oO0OoO0OoO0Oo
77089:C 10 Apr 2020 12:14:19.933 # Redis version=999.999.999, bits=64, commit=767977c5, modified=0, pid=77089, just started
77089:C 10 Apr 2020 12:14:19.934 # Configuration loaded
                _._                                                  
           _.-``__ ''-._                                             
      _.-``    `.  `_.  ''-._           Redis 999.999.999 (767977c5/0) 64 bit
  .-`` .-```.  ```\/    _.,_ ''-._                                   
 (    '      ,       .-`  | `,    )     Running in standalone mode
 |`-._`-...-` __...-.``-._|'` _.-'|     Port: 30044
 |    `-._   `._    /     _.-'    |     PID: 77089
  `-._    `-._  `-./  _.-'    _.-'                                   
 |`-._`-._    `-.__.-'    _.-'_.-'|                                  
 |    `-._`-._        _.-'_.-'    |           http://redis.io        
  `-._    `-._`-.__.-'_.-'    _.-'                                   
 |`-._`-._    `-.__.-'    _.-'_.-'|                                  
 |    `-._`-._        _.-'_.-'    |                                  
  `-._    `-._`-.__.-'_.-'    _.-'                                   
      `-._    `-.__.-'    _.-'                                       
          `-._        _.-'                                           
              `-.__.-'                                               

77089:M 10 Apr 2020 12:14:20.208 # WARNING: The TCP backlog setting of 511 cannot be enforced because /proc/sys/net/core/somaxconn is set to the lower value of 128.
77089:M 10 Apr 2020 12:14:20.208 # Server initialized
77089:M 10 Apr 2020 12:14:20.289 * Ready to accept connections
77089:signal-handler (1586542791) Received SIGINT scheduling shutdown...
77089:M 10 Apr 2020 14:19:51.872 # User requested shutdown...
77089:M 10 Apr 2020 14:19:51.874 * Removing the pid file.
77089:M 10 Apr 2020 14:19:51.876 # Redis is now ready to exit, bye bye...
