==73676== Cachegrind, a cache and branch-prediction profiler
==73676== Copyright (C) 2002-2017, and GNU GPL'd, by Nicholas Nethercote et al.
==73676== Using Valgrind-3.16.0.GIT-3c62dde639-20200111 and LibVEX; rerun with -h for copyright info
==73676== Command: ./src/redis-server ./redis.conf --port 30053
==73676== Parent PID: 73539
==73676== 
--73676-- 
--73676-- Valgrind options:
--73676--    --tool=cachegrind
--73676--    --I1=32768,8,64
--73676--    --D1=32768,8,64
--73676--    --L2=16777216,4,512
--73676--    --cachegrind-out-file=/store/pberry-app-scripts/app-1/output/sim-cachegrind-method-2-config-size=16777216*block=512*assoc=4.cachegrind.detail
--73676--    --log-file=/store/pberry-app-scripts/app-1/output/sim-cachegrind-method-2-config-size=16777216*block=512*assoc=4.cachegrind.out
--73676--    -v
--73676--    --trace-children=yes
--73676-- Contents of /proc/version:
--73676--   Linux version 4.4.0-142-generic (buildd@lgw01-amd64-033) (gcc version 5.4.0 20160609 (Ubuntu 5.4.0-6ubuntu1~16.04.10) ) #168-Ubuntu SMP Wed Jan 16 21:00:45 UTC 2019
--73676-- 
--73676-- Arch and hwcaps: AMD64, LittleEndian, amd64-cx16-lzcnt-rdtscp-sse3-ssse3-avx-avx2-bmi-f16c-rdrand
--73676-- Page sizes: currently 4096, max supported 4096
--73676-- Valgrind library directory: /store/pberry-app-scripts/valgrind/build/lib/valgrind
--73676-- warning: L3 cache found, using its data for the LL simulation.
==73676== Cache configuration used:
==73676==   I1: 32,768 B, 8-way, 64 B lines
==73676==   D1: 32,768 B, 8-way, 64 B lines
==73676==   LL: 16,777,216 B, 4-way, 512 B lines
--73676-- Reading syms from /store/pberry-app-scripts/app-1/redis/src/redis-server
--73676-- Reading syms from /lib/x86_64-linux-gnu/ld-2.23.so
--73676--   Considering /lib/x86_64-linux-gnu/ld-2.23.so ..
--73676--   .. CRC mismatch (computed aa979a42 wanted 9019bbb7)
--73676--   Considering /usr/lib/debug/lib/x86_64-linux-gnu/ld-2.23.so ..
--73676--   .. CRC is valid
--73676-- Reading syms from /store/pberry-app-scripts/valgrind/build/lib/valgrind/cachegrind-amd64-linux
--73676--    object doesn't have a dynamic symbol table
--73676-- Scheduler: using generic scheduler lock implementation.
==73676== embedded gdbserver: reading from /tmp/vgdb-pipe-from-vgdb-to-73676-by-timran-on-???
==73676== embedded gdbserver: writing to   /tmp/vgdb-pipe-to-vgdb-from-73676-by-timran-on-???
==73676== embedded gdbserver: shared mem   /tmp/vgdb-pipe-shared-mem-vgdb-73676-by-timran-on-???
==73676== 
==73676== TO CONTROL THIS PROCESS USING vgdb (which you probably
==73676== don't want to do, unless you know exactly what you're doing,
==73676== or are doing some strange experiment):
==73676==   /store/pberry-app-scripts/valgrind/build/lib/valgrind/../../bin/vgdb --pid=73676 ...command...
==73676== 
==73676== TO DEBUG THIS PROCESS USING GDB: start GDB like this
==73676==   /path/to/gdb ./src/redis-server
==73676== and then give GDB the following command
==73676==   target remote | /store/pberry-app-scripts/valgrind/build/lib/valgrind/../../bin/vgdb --pid=73676
==73676== --pid is optional if only one valgrind process is running
==73676== 
--73676-- Reading syms from /store/pberry-app-scripts/valgrind/build/lib/valgrind/vgpreload_core-amd64-linux.so
--73676-- Reading syms from /lib/x86_64-linux-gnu/libm-2.23.so
--73676--   Considering /lib/x86_64-linux-gnu/libm-2.23.so ..
--73676--   .. CRC mismatch (computed e8c3647b wanted c3efddac)
--73676--   Considering /usr/lib/debug/lib/x86_64-linux-gnu/libm-2.23.so ..
--73676--   .. CRC is valid
--73676-- Reading syms from /lib/x86_64-linux-gnu/libdl-2.23.so
--73676--   Considering /lib/x86_64-linux-gnu/libdl-2.23.so ..
--73676--   .. CRC mismatch (computed 39227170 wanted ab6e2c22)
--73676--   Considering /usr/lib/debug/lib/x86_64-linux-gnu/libdl-2.23.so ..
--73676--   .. CRC is valid
--73676-- Reading syms from /lib/x86_64-linux-gnu/librt-2.23.so
--73676--   Considering /lib/x86_64-linux-gnu/librt-2.23.so ..
--73676--   .. CRC mismatch (computed 734d0439 wanted 09d6393c)
--73676--   Considering /usr/lib/debug/lib/x86_64-linux-gnu/librt-2.23.so ..
--73676--   .. CRC is valid
--73676-- Reading syms from /lib/x86_64-linux-gnu/libpthread-2.23.so
--73676--   Considering /usr/lib/debug/.build-id/ce/17e023542265fc11d9bc8f534bb4f070493d30.debug ..
--73676--   .. build-id is valid
--73676-- Reading syms from /lib/x86_64-linux-gnu/libc-2.23.so
--73676--   Considering /lib/x86_64-linux-gnu/libc-2.23.so ..
--73676--   .. CRC mismatch (computed 7a8ee3e4 wanted a5190ac4)
--73676--   Considering /usr/lib/debug/lib/x86_64-linux-gnu/libc-2.23.so ..
--73676--   .. CRC is valid
==73676== 
==73676== I   refs:      322,138,611,046
==73676== I1  misses:        570,011,186
==73676== LLi misses:          1,253,318
==73676== I1  miss rate:            0.18%
==73676== LLi miss rate:            0.00%
==73676== 
==73676== D   refs:      125,030,740,669  (88,596,776,550 rd   + 36,433,964,119 wr)
==73676== D1  misses:      1,232,562,118  (   872,080,274 rd   +    360,481,844 wr)
==73676== LLd misses:        457,027,910  (   412,407,076 rd   +     44,620,834 wr)
==73676== D1  miss rate:             1.0% (           1.0%     +            1.0%  )
==73676== LLd miss rate:             0.4% (           0.5%     +            0.1%  )
==73676== 
==73676== LL refs:         1,802,573,304  ( 1,442,091,460 rd   +    360,481,844 wr)
==73676== LL misses:         458,281,228  (   413,660,394 rd   +     44,620,834 wr)
==73676== LL miss rate:              0.1% (           0.1%     +            0.1%  )
