==79156== Cachegrind, a cache and branch-prediction profiler
==79156== Copyright (C) 2002-2017, and GNU GPL'd, by Nicholas Nethercote et al.
==79156== Using Valgrind-3.16.0.GIT-74b01035ef-20200315 and LibVEX; rerun with -h for copyright info
==79156== Command: ./src/redis-server ./redis.conf --port 30032
==79156== Parent PID: 79127
==79156== 
--79156-- 
--79156-- Valgrind options:
--79156--    --tool=cachegrind
--79156--    --I1=32768,8,64
--79156--    --D1=32768,8,64
--79156--    --L2=8589934592,4,256
--79156--    --cachegrind-out-file=/store/KCacheSim/scripts/../logs//redis/sim-cachegrind-method-rand-config-size=8589934592*block=256*assoc=4-run-0.cachegrind.detail
--79156--    --log-file=/store/KCacheSim/scripts/../logs//redis/sim-cachegrind-method-rand-config-size=8589934592*block=256*assoc=4-run-0.cachegrind.out
--79156--    -v
--79156--    --trace-children=yes
--79156-- Contents of /proc/version:
--79156--   Linux version 5.4.0-51-generic (buildd@lcy01-amd64-020) (gcc version 9.3.0 (Ubuntu 9.3.0-10ubuntu2)) #56-Ubuntu SMP Mon Oct 5 14:28:49 UTC 2020
--79156-- 
--79156-- Arch and hwcaps: AMD64, LittleEndian, amd64-cx16-lzcnt-rdtscp-sse3-ssse3-avx-avx2-bmi-f16c-rdrand
--79156-- Page sizes: currently 4096, max supported 4096
--79156-- Valgrind library directory: /store/KCacheSim/valgrind/build/lib/valgrind
--79156-- warning: L3 cache found, using its data for the LL simulation.
==79156== Cache configuration used:
==79156==   I1: 32,768 B, 8-way, 64 B lines
==79156==   D1: 32,768 B, 8-way, 64 B lines
==79156==   LL: 0 B, 4-way, 256 B lines
--79156-- Reading syms from /store/KCacheSim/apps/redis/redis/src/redis-server
--79156-- Reading syms from /usr/lib/x86_64-linux-gnu/ld-2.31.so
--79156--   Considering /usr/lib/x86_64-linux-gnu/ld-2.31.so ..
--79156--   .. CRC mismatch (computed 387b17ea wanted d28cf5ef)
--79156--    object doesn't have a symbol table
--79156-- Reading syms from /store/KCacheSim/valgrind/build/lib/valgrind/cachegrind-amd64-linux
--79156--    object doesn't have a dynamic symbol table
--79156-- Scheduler: using generic scheduler lock implementation.
==79156== embedded gdbserver: reading from /tmp/vgdb-pipe-from-vgdb-to-79156-by-timran-on-???
==79156== embedded gdbserver: writing to   /tmp/vgdb-pipe-to-vgdb-from-79156-by-timran-on-???
==79156== embedded gdbserver: shared mem   /tmp/vgdb-pipe-shared-mem-vgdb-79156-by-timran-on-???
==79156== 
==79156== TO CONTROL THIS PROCESS USING vgdb (which you probably
==79156== don't want to do, unless you know exactly what you're doing,
==79156== or are doing some strange experiment):
==79156==   /store/KCacheSim/valgrind/build/lib/valgrind/../../bin/vgdb --pid=79156 ...command...
==79156== 
==79156== TO DEBUG THIS PROCESS USING GDB: start GDB like this
==79156==   /path/to/gdb ./src/redis-server
==79156== and then give GDB the following command
==79156==   target remote | /store/KCacheSim/valgrind/build/lib/valgrind/../../bin/vgdb --pid=79156
==79156== --pid is optional if only one valgrind process is running
==79156== 
--79156-- Reading syms from /store/KCacheSim/valgrind/build/lib/valgrind/vgpreload_core-amd64-linux.so
--79156-- Reading syms from /usr/lib/x86_64-linux-gnu/libm-2.31.so
--79156--   Considering /usr/lib/x86_64-linux-gnu/libm-2.31.so ..
--79156--   .. CRC mismatch (computed 327d785f wanted 751f5509)
--79156--    object doesn't have a symbol table
--79156-- Reading syms from /usr/lib/x86_64-linux-gnu/libdl-2.31.so
--79156--   Considering /usr/lib/x86_64-linux-gnu/libdl-2.31.so ..
--79156--   .. CRC mismatch (computed 4fd191ca wanted df8dd39a)
--79156--    object doesn't have a symbol table
--79156-- Reading syms from /usr/lib/x86_64-linux-gnu/libpthread-2.31.so
--79156--   Considering /usr/lib/debug/.build-id/77/5cbbfff814456660786780b0b3b40096b4c05e.debug ..
--79156--   .. build-id is valid
--79156-- Reading syms from /usr/lib/x86_64-linux-gnu/libc-2.31.so
--79156--   Considering /usr/lib/x86_64-linux-gnu/libc-2.31.so ..
--79156--   .. CRC mismatch (computed a6f43087 wanted 6555436e)
--79156--    object doesn't have a symbol table
==79156== 
==79156== I   refs:      329,090,703,357
==79156== I1  misses:        925,991,325
==79156== LLi misses:              2,181
==79156== I1  miss rate:            0.28%
==79156== LLi miss rate:            0.00%
==79156== 
==79156== D   refs:      120,962,682,442  (83,825,252,117 rd   + 37,137,430,325 wr)
==79156== D1  misses:      1,249,234,834  (   884,571,969 rd   +    364,662,865 wr)
==79156== LLd misses:         15,323,850  (     3,482,622 rd   +     11,841,228 wr)
==79156== D1  miss rate:             1.0% (           1.1%     +            1.0%  )
==79156== LLd miss rate:             0.0% (           0.0%     +            0.0%  )
==79156== 
==79156== LL refs:         2,175,226,159  ( 1,810,563,294 rd   +    364,662,865 wr)
==79156== LL misses:          15,326,031  (     3,484,803 rd   +     11,841,228 wr)
==79156== LL miss rate:              0.0% (           0.0%     +            0.0%  )
