==73667== Cachegrind, a cache and branch-prediction profiler
==73667== Copyright (C) 2002-2017, and GNU GPL'd, by Nicholas Nethercote et al.
==73667== Using Valgrind-3.16.0.GIT-3c62dde639-20200111 and LibVEX; rerun with -h for copyright info
==73667== Command: ./src/redis-server ./redis.conf --port 30051
==73667== Parent PID: 73412
==73667== 
--73667-- 
--73667-- Valgrind options:
--73667--    --tool=cachegrind
--73667--    --I1=32768,8,64
--73667--    --D1=32768,8,64
--73667--    --L2=16777216,4,64
--73667--    --cachegrind-out-file=/store/pberry-app-scripts/app-1/output/sim-cachegrind-method-2-config-size=16777216*block=64*assoc=4.cachegrind.detail
--73667--    --log-file=/store/pberry-app-scripts/app-1/output/sim-cachegrind-method-2-config-size=16777216*block=64*assoc=4.cachegrind.out
--73667--    -v
--73667--    --trace-children=yes
--73667-- Contents of /proc/version:
--73667--   Linux version 4.4.0-142-generic (buildd@lgw01-amd64-033) (gcc version 5.4.0 20160609 (Ubuntu 5.4.0-6ubuntu1~16.04.10) ) #168-Ubuntu SMP Wed Jan 16 21:00:45 UTC 2019
--73667-- 
--73667-- Arch and hwcaps: AMD64, LittleEndian, amd64-cx16-lzcnt-rdtscp-sse3-ssse3-avx-avx2-bmi-f16c-rdrand
--73667-- Page sizes: currently 4096, max supported 4096
--73667-- Valgrind library directory: /store/pberry-app-scripts/valgrind/build/lib/valgrind
--73667-- warning: L3 cache found, using its data for the LL simulation.
==73667== Cache configuration used:
==73667==   I1: 32,768 B, 8-way, 64 B lines
==73667==   D1: 32,768 B, 8-way, 64 B lines
==73667==   LL: 16,777,216 B, 4-way, 64 B lines
--73667-- Reading syms from /store/pberry-app-scripts/app-1/redis/src/redis-server
--73667-- Reading syms from /lib/x86_64-linux-gnu/ld-2.23.so
--73667--   Considering /lib/x86_64-linux-gnu/ld-2.23.so ..
--73667--   .. CRC mismatch (computed aa979a42 wanted 9019bbb7)
--73667--   Considering /usr/lib/debug/lib/x86_64-linux-gnu/ld-2.23.so ..
--73667--   .. CRC is valid
--73667-- Reading syms from /store/pberry-app-scripts/valgrind/build/lib/valgrind/cachegrind-amd64-linux
--73667--    object doesn't have a dynamic symbol table
--73667-- Scheduler: using generic scheduler lock implementation.
==73667== embedded gdbserver: reading from /tmp/vgdb-pipe-from-vgdb-to-73667-by-timran-on-???
==73667== embedded gdbserver: writing to   /tmp/vgdb-pipe-to-vgdb-from-73667-by-timran-on-???
==73667== embedded gdbserver: shared mem   /tmp/vgdb-pipe-shared-mem-vgdb-73667-by-timran-on-???
==73667== 
==73667== TO CONTROL THIS PROCESS USING vgdb (which you probably
==73667== don't want to do, unless you know exactly what you're doing,
==73667== or are doing some strange experiment):
==73667==   /store/pberry-app-scripts/valgrind/build/lib/valgrind/../../bin/vgdb --pid=73667 ...command...
==73667== 
==73667== TO DEBUG THIS PROCESS USING GDB: start GDB like this
==73667==   /path/to/gdb ./src/redis-server
==73667== and then give GDB the following command
==73667==   target remote | /store/pberry-app-scripts/valgrind/build/lib/valgrind/../../bin/vgdb --pid=73667
==73667== --pid is optional if only one valgrind process is running
==73667== 
--73667-- Reading syms from /store/pberry-app-scripts/valgrind/build/lib/valgrind/vgpreload_core-amd64-linux.so
--73667-- Reading syms from /lib/x86_64-linux-gnu/libm-2.23.so
--73667--   Considering /lib/x86_64-linux-gnu/libm-2.23.so ..
--73667--   .. CRC mismatch (computed e8c3647b wanted c3efddac)
--73667--   Considering /usr/lib/debug/lib/x86_64-linux-gnu/libm-2.23.so ..
--73667--   .. CRC is valid
--73667-- Reading syms from /lib/x86_64-linux-gnu/libdl-2.23.so
--73667--   Considering /lib/x86_64-linux-gnu/libdl-2.23.so ..
--73667--   .. CRC mismatch (computed 39227170 wanted ab6e2c22)
--73667--   Considering /usr/lib/debug/lib/x86_64-linux-gnu/libdl-2.23.so ..
--73667--   .. CRC is valid
--73667-- Reading syms from /lib/x86_64-linux-gnu/librt-2.23.so
--73667--   Considering /lib/x86_64-linux-gnu/librt-2.23.so ..
--73667--   .. CRC mismatch (computed 734d0439 wanted 09d6393c)
--73667--   Considering /usr/lib/debug/lib/x86_64-linux-gnu/librt-2.23.so ..
--73667--   .. CRC is valid
--73667-- Reading syms from /lib/x86_64-linux-gnu/libpthread-2.23.so
--73667--   Considering /usr/lib/debug/.build-id/ce/17e023542265fc11d9bc8f534bb4f070493d30.debug ..
--73667--   .. build-id is valid
--73667-- Reading syms from /lib/x86_64-linux-gnu/libc-2.23.so
--73667--   Considering /lib/x86_64-linux-gnu/libc-2.23.so ..
--73667--   .. CRC mismatch (computed 7a8ee3e4 wanted a5190ac4)
--73667--   Considering /usr/lib/debug/lib/x86_64-linux-gnu/libc-2.23.so ..
--73667--   .. CRC is valid
==73667== 
==73667== I   refs:      315,214,659,703
==73667== I1  misses:        568,194,040
==73667== LLi misses:          2,268,394
==73667== I1  miss rate:            0.18%
==73667== LLi miss rate:            0.00%
==73667== 
==73667== D   refs:      123,128,482,691  (86,859,171,456 rd   + 36,269,311,235 wr)
==73667== D1  misses:      1,231,775,518  (   871,457,959 rd   +    360,317,559 wr)
==73667== LLd misses:        896,201,489  (   645,495,960 rd   +    250,705,529 wr)
==73667== D1  miss rate:             1.0% (           1.0%     +            1.0%  )
==73667== LLd miss rate:             0.7% (           0.7%     +            0.7%  )
==73667== 
==73667== LL refs:         1,799,969,558  ( 1,439,651,999 rd   +    360,317,559 wr)
==73667== LL misses:         898,469,883  (   647,764,354 rd   +    250,705,529 wr)
==73667== LL miss rate:              0.2% (           0.2%     +            0.7%  )
