==84905== Cachegrind, a cache and branch-prediction profiler
==84905== Copyright (C) 2002-2017, and GNU GPL'd, by Nicholas Nethercote et al.
==84905== Using Valgrind-3.16.0.GIT-74b01035ef-20200315 and LibVEX; rerun with -h for copyright info
==84905== Command: ./src/redis-server ./redis.conf --port 30096
==84905== Parent PID: 84901
==84905== 
--84905-- 
--84905-- Valgrind options:
--84905--    --tool=cachegrind
--84905--    --I1=32768,8,64
--84905--    --D1=32768,8,64
--84905--    --L2=268435456,4,1024
--84905--    --cachegrind-out-file=/store/KCacheSim/scripts/../logs//redis/sim-cachegrind-method-rand-config-size=268435456*block=1024*assoc=4-run-0.cachegrind.detail
--84905--    --log-file=/store/KCacheSim/scripts/../logs//redis/sim-cachegrind-method-rand-config-size=268435456*block=1024*assoc=4-run-0.cachegrind.out
--84905--    -v
--84905--    --trace-children=yes
--84905-- Contents of /proc/version:
--84905--   Linux version 5.4.0-51-generic (buildd@lcy01-amd64-020) (gcc version 9.3.0 (Ubuntu 9.3.0-10ubuntu2)) #56-Ubuntu SMP Mon Oct 5 14:28:49 UTC 2020
--84905-- 
--84905-- Arch and hwcaps: AMD64, LittleEndian, amd64-cx16-lzcnt-rdtscp-sse3-ssse3-avx-avx2-bmi-f16c-rdrand
--84905-- Page sizes: currently 4096, max supported 4096
--84905-- Valgrind library directory: /store/KCacheSim/valgrind/build/lib/valgrind
--84905-- warning: L3 cache found, using its data for the LL simulation.
==84905== Cache configuration used:
==84905==   I1: 32,768 B, 8-way, 64 B lines
==84905==   D1: 32,768 B, 8-way, 64 B lines
==84905==   LL: 268,435,456 B, 4-way, 1024 B lines
--84905-- Reading syms from /store/KCacheSim/apps/redis/redis/src/redis-server
--84905-- Reading syms from /usr/lib/x86_64-linux-gnu/ld-2.31.so
--84905--   Considering /usr/lib/x86_64-linux-gnu/ld-2.31.so ..
--84905--   .. CRC mismatch (computed 387b17ea wanted d28cf5ef)
--84905--    object doesn't have a symbol table
--84905-- Reading syms from /store/KCacheSim/valgrind/build/lib/valgrind/cachegrind-amd64-linux
--84905--    object doesn't have a dynamic symbol table
--84905-- Scheduler: using generic scheduler lock implementation.
==84905== embedded gdbserver: reading from /tmp/vgdb-pipe-from-vgdb-to-84905-by-timran-on-???
==84905== embedded gdbserver: writing to   /tmp/vgdb-pipe-to-vgdb-from-84905-by-timran-on-???
==84905== embedded gdbserver: shared mem   /tmp/vgdb-pipe-shared-mem-vgdb-84905-by-timran-on-???
==84905== 
==84905== TO CONTROL THIS PROCESS USING vgdb (which you probably
==84905== don't want to do, unless you know exactly what you're doing,
==84905== or are doing some strange experiment):
==84905==   /store/KCacheSim/valgrind/build/lib/valgrind/../../bin/vgdb --pid=84905 ...command...
==84905== 
==84905== TO DEBUG THIS PROCESS USING GDB: start GDB like this
==84905==   /path/to/gdb ./src/redis-server
==84905== and then give GDB the following command
==84905==   target remote | /store/KCacheSim/valgrind/build/lib/valgrind/../../bin/vgdb --pid=84905
==84905== --pid is optional if only one valgrind process is running
==84905== 
--84905-- Reading syms from /store/KCacheSim/valgrind/build/lib/valgrind/vgpreload_core-amd64-linux.so
--84905-- Reading syms from /usr/lib/x86_64-linux-gnu/libm-2.31.so
--84905--   Considering /usr/lib/x86_64-linux-gnu/libm-2.31.so ..
--84905--   .. CRC mismatch (computed 327d785f wanted 751f5509)
--84905--    object doesn't have a symbol table
--84905-- Reading syms from /usr/lib/x86_64-linux-gnu/libdl-2.31.so
--84905--   Considering /usr/lib/x86_64-linux-gnu/libdl-2.31.so ..
--84905--   .. CRC mismatch (computed 4fd191ca wanted df8dd39a)
--84905--    object doesn't have a symbol table
--84905-- Reading syms from /usr/lib/x86_64-linux-gnu/libpthread-2.31.so
--84905--   Considering /usr/lib/debug/.build-id/77/5cbbfff814456660786780b0b3b40096b4c05e.debug ..
--84905--   .. build-id is valid
--84905-- Reading syms from /usr/lib/x86_64-linux-gnu/libc-2.31.so
--84905--   Considering /usr/lib/x86_64-linux-gnu/libc-2.31.so ..
--84905--   .. CRC mismatch (computed a6f43087 wanted 6555436e)
--84905--    object doesn't have a symbol table
==84905== 
==84905== I   refs:      18,844,526
==84905== I1  misses:        32,944
==84905== LLi misses:           770
==84905== I1  miss rate:       0.17%
==84905== LLi miss rate:       0.00%
==84905== 
==84905== D   refs:       7,903,043  (5,307,891 rd   + 2,595,152 wr)
==84905== D1  misses:       233,219  (  124,504 rd   +   108,715 wr)
==84905== LLd misses:         2,063  (      681 rd   +     1,382 wr)
==84905== D1  miss rate:        3.0% (      2.3%     +       4.2%  )
==84905== LLd miss rate:        0.0% (      0.0%     +       0.1%  )
==84905== 
==84905== LL refs:          266,163  (  157,448 rd   +   108,715 wr)
==84905== LL misses:          2,833  (    1,451 rd   +     1,382 wr)
==84905== LL miss rate:         0.0% (      0.0%     +       0.1%  )
