79267:C 15 Dec 2020 00:51:40.724 # oO0OoO0OoO0Oo Redis is starting oO0OoO0OoO0Oo
79267:C 15 Dec 2020 00:51:40.736 # Redis version=255.255.255, bits=64, commit=9acd40d9, modified=1, pid=79267, just started
79267:C 15 Dec 2020 00:51:40.736 # Configuration loaded
79267:M 15 Dec 2020 00:51:40.777 * monotonic clock: POSIX clock_gettime
                _._                                                  
           _.-``__ ''-._                                             
      _.-``    `.  `_.  ''-._           Redis 255.255.255 (9acd40d9/1) 64 bit
  .-`` .-```.  ```\/    _.,_ ''-._                                   
 (    '      ,       .-`  | `,    )     Running in standalone mode
 |`-._`-...-` __...-.``-._|'` _.-'|     Port: 30048
 |    `-._   `._    /     _.-'    |     PID: 79267
  `-._    `-._  `-./  _.-'    _.-'                                   
 |`-._`-._    `-.__.-'    _.-'_.-'|                                  
 |    `-._`-._        _.-'_.-'    |           http://redis.io        
  `-._    `-._`-.__.-'_.-'    _.-'                                   
 |`-._`-._    `-.__.-'    _.-'_.-'|                                  
 |    `-._`-._        _.-'_.-'    |                                  
  `-._    `-._`-.__.-'_.-'    _.-'                                   
      `-._    `-.__.-'    _.-'                                       
          `-._        _.-'                                           
              `-.__.-'                                               

79267:M 15 Dec 2020 00:51:40.909 # Server initialized
79267:M 15 Dec 2020 00:51:40.967 * Ready to accept connections
79267:signal-handler (1608018876) Received SIGINT scheduling shutdown...
79267:M 15 Dec 2020 02:54:37.001 # User requested shutdown...
79267:M 15 Dec 2020 02:54:37.892 * Removing the pid file.
79267:M 15 Dec 2020 02:54:38.452 # Redis is now ready to exit, bye bye...
