==79391== Cachegrind, a cache and branch-prediction profiler
==79391== Copyright (C) 2002-2017, and GNU GPL'd, by Nicholas Nethercote et al.
==79391== Using Valgrind-3.16.0.GIT-74b01035ef-20200315 and LibVEX; rerun with -h for copyright info
==79391== Command: ./src/redis-server ./redis.conf --port 30062
==79391== Parent PID: 79363
==79391== 
--79391-- 
--79391-- Valgrind options:
--79391--    --tool=cachegrind
--79391--    --I1=32768,8,64
--79391--    --D1=32768,8,64
--79391--    --L2=2147483648,4,32768
--79391--    --cachegrind-out-file=/store/KCacheSim/scripts/../logs//redis/sim-cachegrind-method-rand-config-size=2147483648*block=32768*assoc=4-run-0.cachegrind.detail
--79391--    --log-file=/store/KCacheSim/scripts/../logs//redis/sim-cachegrind-method-rand-config-size=2147483648*block=32768*assoc=4-run-0.cachegrind.out
--79391--    -v
--79391--    --trace-children=yes
--79391-- Contents of /proc/version:
--79391--   Linux version 5.4.0-51-generic (buildd@lcy01-amd64-020) (gcc version 9.3.0 (Ubuntu 9.3.0-10ubuntu2)) #56-Ubuntu SMP Mon Oct 5 14:28:49 UTC 2020
--79391-- 
--79391-- Arch and hwcaps: AMD64, LittleEndian, amd64-cx16-lzcnt-rdtscp-sse3-ssse3-avx-avx2-bmi-f16c-rdrand
--79391-- Page sizes: currently 4096, max supported 4096
--79391-- Valgrind library directory: /store/KCacheSim/valgrind/build/lib/valgrind
--79391-- warning: L3 cache found, using its data for the LL simulation.
==79391== Cache configuration used:
==79391==   I1: 32,768 B, 8-way, 64 B lines
==79391==   D1: 32,768 B, 8-way, 64 B lines
==79391==   LL: -2,147,483,648 B, 4-way, 32768 B lines
--79391-- Reading syms from /store/KCacheSim/apps/redis/redis/src/redis-server
--79391-- Reading syms from /usr/lib/x86_64-linux-gnu/ld-2.31.so
--79391--   Considering /usr/lib/x86_64-linux-gnu/ld-2.31.so ..
--79391--   .. CRC mismatch (computed 387b17ea wanted d28cf5ef)
--79391--    object doesn't have a symbol table
--79391-- Reading syms from /store/KCacheSim/valgrind/build/lib/valgrind/cachegrind-amd64-linux
--79391--    object doesn't have a dynamic symbol table
--79391-- Scheduler: using generic scheduler lock implementation.
==79391== embedded gdbserver: reading from /tmp/vgdb-pipe-from-vgdb-to-79391-by-timran-on-???
==79391== embedded gdbserver: writing to   /tmp/vgdb-pipe-to-vgdb-from-79391-by-timran-on-???
==79391== embedded gdbserver: shared mem   /tmp/vgdb-pipe-shared-mem-vgdb-79391-by-timran-on-???
==79391== 
==79391== TO CONTROL THIS PROCESS USING vgdb (which you probably
==79391== don't want to do, unless you know exactly what you're doing,
==79391== or are doing some strange experiment):
==79391==   /store/KCacheSim/valgrind/build/lib/valgrind/../../bin/vgdb --pid=79391 ...command...
==79391== 
==79391== TO DEBUG THIS PROCESS USING GDB: start GDB like this
==79391==   /path/to/gdb ./src/redis-server
==79391== and then give GDB the following command
==79391==   target remote | /store/KCacheSim/valgrind/build/lib/valgrind/../../bin/vgdb --pid=79391
==79391== --pid is optional if only one valgrind process is running
==79391== 
--79391-- Reading syms from /store/KCacheSim/valgrind/build/lib/valgrind/vgpreload_core-amd64-linux.so
--79391-- Reading syms from /usr/lib/x86_64-linux-gnu/libm-2.31.so
--79391--   Considering /usr/lib/x86_64-linux-gnu/libm-2.31.so ..
--79391--   .. CRC mismatch (computed 327d785f wanted 751f5509)
--79391--    object doesn't have a symbol table
--79391-- Reading syms from /usr/lib/x86_64-linux-gnu/libdl-2.31.so
--79391--   Considering /usr/lib/x86_64-linux-gnu/libdl-2.31.so ..
--79391--   .. CRC mismatch (computed 4fd191ca wanted df8dd39a)
--79391--    object doesn't have a symbol table
--79391-- Reading syms from /usr/lib/x86_64-linux-gnu/libpthread-2.31.so
--79391--   Considering /usr/lib/debug/.build-id/77/5cbbfff814456660786780b0b3b40096b4c05e.debug ..
--79391--   .. build-id is valid
--79391-- Reading syms from /usr/lib/x86_64-linux-gnu/libc-2.31.so
--79391--   Considering /usr/lib/x86_64-linux-gnu/libc-2.31.so ..
--79391--   .. CRC mismatch (computed a6f43087 wanted 6555436e)
--79391--    object doesn't have a symbol table
==79391== 
==79391== I   refs:      330,805,554,928
==79391== I1  misses:        916,384,507
==79391== LLi misses:              9,865
==79391== I1  miss rate:            0.28%
==79391== LLi miss rate:            0.00%
==79391== 
==79391== D   refs:      121,447,259,067  (84,133,964,229 rd   + 37,313,294,838 wr)
==79391== D1  misses:      1,280,966,757  (   902,930,263 rd   +    378,036,494 wr)
==79391== LLd misses:         54,042,645  (    53,668,724 rd   +        373,921 wr)
==79391== D1  miss rate:             1.1% (           1.1%     +            1.0%  )
==79391== LLd miss rate:             0.0% (           0.1%     +            0.0%  )
==79391== 
==79391== LL refs:         2,197,351,264  ( 1,819,314,770 rd   +    378,036,494 wr)
==79391== LL misses:          54,052,510  (    53,678,589 rd   +        373,921 wr)
==79391== LL miss rate:              0.0% (           0.0%     +            0.0%  )
