==83944== Cachegrind, a cache and branch-prediction profiler
==83944== Copyright (C) 2002-2017, and GNU GPL'd, by Nicholas Nethercote et al.
==83944== Using Valgrind-3.16.0.GIT-74b01035ef-20200315 and LibVEX; rerun with -h for copyright info
==83944== Command: ./src/redis-server ./redis.conf --port 30080
==83944== Parent PID: 83940
==83944== 
--83944-- 
--83944-- Valgrind options:
--83944--    --tool=cachegrind
--83944--    --I1=32768,8,64
--83944--    --D1=32768,8,64
--83944--    --L2=536870912,4,256
--83944--    --cachegrind-out-file=/store/KCacheSim/scripts/../logs//redis/sim-cachegrind-method-rand-config-size=536870912*block=256*assoc=4-run-0.cachegrind.detail
--83944--    --log-file=/store/KCacheSim/scripts/../logs//redis/sim-cachegrind-method-rand-config-size=536870912*block=256*assoc=4-run-0.cachegrind.out
--83944--    -v
--83944--    --trace-children=yes
--83944-- Contents of /proc/version:
--83944--   Linux version 5.4.0-51-generic (buildd@lcy01-amd64-020) (gcc version 9.3.0 (Ubuntu 9.3.0-10ubuntu2)) #56-Ubuntu SMP Mon Oct 5 14:28:49 UTC 2020
--83944-- 
--83944-- Arch and hwcaps: AMD64, LittleEndian, amd64-cx16-lzcnt-rdtscp-sse3-ssse3-avx-avx2-bmi-f16c-rdrand
--83944-- Page sizes: currently 4096, max supported 4096
--83944-- Valgrind library directory: /store/KCacheSim/valgrind/build/lib/valgrind
--83944-- warning: L3 cache found, using its data for the LL simulation.
==83944== Cache configuration used:
==83944==   I1: 32,768 B, 8-way, 64 B lines
==83944==   D1: 32,768 B, 8-way, 64 B lines
==83944==   LL: 536,870,912 B, 4-way, 256 B lines
--83944-- Reading syms from /store/KCacheSim/apps/redis/redis/src/redis-server
--83944-- Reading syms from /usr/lib/x86_64-linux-gnu/ld-2.31.so
--83944--   Considering /usr/lib/x86_64-linux-gnu/ld-2.31.so ..
--83944--   .. CRC mismatch (computed 387b17ea wanted d28cf5ef)
--83944--    object doesn't have a symbol table
--83944-- Reading syms from /store/KCacheSim/valgrind/build/lib/valgrind/cachegrind-amd64-linux
--83944--    object doesn't have a dynamic symbol table
--83944-- Scheduler: using generic scheduler lock implementation.
==83944== embedded gdbserver: reading from /tmp/vgdb-pipe-from-vgdb-to-83944-by-timran-on-???
==83944== embedded gdbserver: writing to   /tmp/vgdb-pipe-to-vgdb-from-83944-by-timran-on-???
==83944== embedded gdbserver: shared mem   /tmp/vgdb-pipe-shared-mem-vgdb-83944-by-timran-on-???
==83944== 
==83944== TO CONTROL THIS PROCESS USING vgdb (which you probably
==83944== don't want to do, unless you know exactly what you're doing,
==83944== or are doing some strange experiment):
==83944==   /store/KCacheSim/valgrind/build/lib/valgrind/../../bin/vgdb --pid=83944 ...command...
==83944== 
==83944== TO DEBUG THIS PROCESS USING GDB: start GDB like this
==83944==   /path/to/gdb ./src/redis-server
==83944== and then give GDB the following command
==83944==   target remote | /store/KCacheSim/valgrind/build/lib/valgrind/../../bin/vgdb --pid=83944
==83944== --pid is optional if only one valgrind process is running
==83944== 
--83944-- Reading syms from /store/KCacheSim/valgrind/build/lib/valgrind/vgpreload_core-amd64-linux.so
--83944-- Reading syms from /usr/lib/x86_64-linux-gnu/libm-2.31.so
--83944--   Considering /usr/lib/x86_64-linux-gnu/libm-2.31.so ..
--83944--   .. CRC mismatch (computed 327d785f wanted 751f5509)
--83944--    object doesn't have a symbol table
--83944-- Reading syms from /usr/lib/x86_64-linux-gnu/libdl-2.31.so
--83944--   Considering /usr/lib/x86_64-linux-gnu/libdl-2.31.so ..
--83944--   .. CRC mismatch (computed 4fd191ca wanted df8dd39a)
--83944--    object doesn't have a symbol table
--83944-- Reading syms from /usr/lib/x86_64-linux-gnu/libpthread-2.31.so
--83944--   Considering /usr/lib/debug/.build-id/77/5cbbfff814456660786780b0b3b40096b4c05e.debug ..
--83944--   .. build-id is valid
--83944-- Reading syms from /usr/lib/x86_64-linux-gnu/libc-2.31.so
--83944--   Considering /usr/lib/x86_64-linux-gnu/libc-2.31.so ..
--83944--   .. CRC mismatch (computed a6f43087 wanted 6555436e)
--83944--    object doesn't have a symbol table
==83944== 
==83944== I   refs:      19,378,161
==83944== I1  misses:        34,720
==83944== LLi misses:         1,957
==83944== I1  miss rate:       0.18%
==83944== LLi miss rate:       0.01%
==83944== 
==83944== D   refs:       8,172,778  (5,474,191 rd   + 2,698,587 wr)
==83944== D1  misses:       247,326  (  132,027 rd   +   115,299 wr)
==83944== LLd misses:         6,757  (    2,178 rd   +     4,579 wr)
==83944== D1  miss rate:        3.0% (      2.4%     +       4.3%  )
==83944== LLd miss rate:        0.1% (      0.0%     +       0.2%  )
==83944== 
==83944== LL refs:          282,046  (  166,747 rd   +   115,299 wr)
==83944== LL misses:          8,714  (    4,135 rd   +     4,579 wr)
==83944== LL miss rate:         0.0% (      0.0%     +       0.2%  )
