73676:C 10 Apr 2020 10:07:52.610 # oO0OoO0OoO0Oo Redis is starting oO0OoO0OoO0Oo
73676:C 10 Apr 2020 10:07:52.630 # Redis version=999.999.999, bits=64, commit=767977c5, modified=0, pid=73676, just started
73676:C 10 Apr 2020 10:07:52.630 # Configuration loaded
                _._                                                  
           _.-``__ ''-._                                             
      _.-``    `.  `_.  ''-._           Redis 999.999.999 (767977c5/0) 64 bit
  .-`` .-```.  ```\/    _.,_ ''-._                                   
 (    '      ,       .-`  | `,    )     Running in standalone mode
 |`-._`-...-` __...-.``-._|'` _.-'|     Port: 30053
 |    `-._   `._    /     _.-'    |     PID: 73676
  `-._    `-._  `-./  _.-'    _.-'                                   
 |`-._`-._    `-.__.-'    _.-'_.-'|                                  
 |    `-._`-._        _.-'_.-'    |           http://redis.io        
  `-._    `-._`-.__.-'_.-'    _.-'                                   
 |`-._`-._    `-.__.-'    _.-'_.-'|                                  
 |    `-._`-._        _.-'_.-'    |                                  
  `-._    `-._`-.__.-'_.-'    _.-'                                   
      `-._    `-.__.-'    _.-'                                       
          `-._        _.-'                                           
              `-.__.-'                                               

73676:M 10 Apr 2020 10:07:52.866 # WARNING: The TCP backlog setting of 511 cannot be enforced because /proc/sys/net/core/somaxconn is set to the lower value of 128.
73676:M 10 Apr 2020 10:07:52.867 # Server initialized
73676:M 10 Apr 2020 10:07:52.942 * Ready to accept connections
73676:signal-handler (1586535343) Received SIGINT scheduling shutdown...
73676:M 10 Apr 2020 12:15:44.003 # User requested shutdown...
73676:M 10 Apr 2020 12:15:44.006 * Removing the pid file.
73676:M 10 Apr 2020 12:15:44.007 # Redis is now ready to exit, bye bye...
