79391:C 15 Dec 2020 00:51:40.756 # oO0OoO0OoO0Oo Redis is starting oO0OoO0OoO0Oo
79391:C 15 Dec 2020 00:51:40.768 # Redis version=255.255.255, bits=64, commit=9acd40d9, modified=1, pid=79391, just started
79391:C 15 Dec 2020 00:51:40.768 # Configuration loaded
79391:M 15 Dec 2020 00:51:40.809 * monotonic clock: POSIX clock_gettime
                _._                                                  
           _.-``__ ''-._                                             
      _.-``    `.  `_.  ''-._           Redis 255.255.255 (9acd40d9/1) 64 bit
  .-`` .-```.  ```\/    _.,_ ''-._                                   
 (    '      ,       .-`  | `,    )     Running in standalone mode
 |`-._`-...-` __...-.``-._|'` _.-'|     Port: 30062
 |    `-._   `._    /     _.-'    |     PID: 79391
  `-._    `-._  `-./  _.-'    _.-'                                   
 |`-._`-._    `-.__.-'    _.-'_.-'|                                  
 |    `-._`-._        _.-'_.-'    |           http://redis.io        
  `-._    `-._`-.__.-'_.-'    _.-'                                   
 |`-._`-._    `-.__.-'    _.-'_.-'|                                  
 |    `-._`-._        _.-'_.-'    |                                  
  `-._    `-._`-.__.-'_.-'    _.-'                                   
      `-._    `-.__.-'    _.-'                                       
          `-._        _.-'                                           
              `-.__.-'                                               

79391:M 15 Dec 2020 00:51:40.941 # Server initialized
79391:M 15 Dec 2020 00:51:40.995 * Ready to accept connections
79391:signal-handler (1608021413) Received SIGINT scheduling shutdown...
79391:M 15 Dec 2020 03:36:53.667 # User requested shutdown...
79391:M 15 Dec 2020 03:36:54.258 * Removing the pid file.
79391:M 15 Dec 2020 03:36:54.534 # Redis is now ready to exit, bye bye...
