==73401== Cachegrind, a cache and branch-prediction profiler
==73401== Copyright (C) 2002-2017, and GNU GPL'd, by Nicholas Nethercote et al.
==73401== Using Valgrind-3.16.0.GIT-3c62dde639-20200111 and LibVEX; rerun with -h for copyright info
==73401== Command: ./src/redis-server ./redis.conf --port 30032
==73401== Parent PID: 73228
==73401== 
--73401-- 
--73401-- Valgrind options:
--73401--    --tool=cachegrind
--73401--    --I1=32768,8,64
--73401--    --D1=32768,8,64
--73401--    --L2=268435456,4,4096
--73401--    --cachegrind-out-file=/store/pberry-app-scripts/app-1/output/sim-cachegrind-method-2-config-size=268435456*block=4096*assoc=4.cachegrind.detail
--73401--    --log-file=/store/pberry-app-scripts/app-1/output/sim-cachegrind-method-2-config-size=268435456*block=4096*assoc=4.cachegrind.out
--73401--    -v
--73401--    --trace-children=yes
--73401-- Contents of /proc/version:
--73401--   Linux version 4.4.0-142-generic (buildd@lgw01-amd64-033) (gcc version 5.4.0 20160609 (Ubuntu 5.4.0-6ubuntu1~16.04.10) ) #168-Ubuntu SMP Wed Jan 16 21:00:45 UTC 2019
--73401-- 
--73401-- Arch and hwcaps: AMD64, LittleEndian, amd64-cx16-lzcnt-rdtscp-sse3-ssse3-avx-avx2-bmi-f16c-rdrand
--73401-- Page sizes: currently 4096, max supported 4096
--73401-- Valgrind library directory: /store/pberry-app-scripts/valgrind/build/lib/valgrind
--73401-- warning: L3 cache found, using its data for the LL simulation.
==73401== Cache configuration used:
==73401==   I1: 32,768 B, 8-way, 64 B lines
==73401==   D1: 32,768 B, 8-way, 64 B lines
==73401==   LL: 268,435,456 B, 4-way, 4096 B lines
--73401-- Reading syms from /store/pberry-app-scripts/app-1/redis/src/redis-server
--73401-- Reading syms from /lib/x86_64-linux-gnu/ld-2.23.so
--73401--   Considering /lib/x86_64-linux-gnu/ld-2.23.so ..
--73401--   .. CRC mismatch (computed aa979a42 wanted 9019bbb7)
--73401--   Considering /usr/lib/debug/lib/x86_64-linux-gnu/ld-2.23.so ..
--73401--   .. CRC is valid
--73401-- Reading syms from /store/pberry-app-scripts/valgrind/build/lib/valgrind/cachegrind-amd64-linux
--73401--    object doesn't have a dynamic symbol table
--73401-- Scheduler: using generic scheduler lock implementation.
==73401== embedded gdbserver: reading from /tmp/vgdb-pipe-from-vgdb-to-73401-by-timran-on-???
==73401== embedded gdbserver: writing to   /tmp/vgdb-pipe-to-vgdb-from-73401-by-timran-on-???
==73401== embedded gdbserver: shared mem   /tmp/vgdb-pipe-shared-mem-vgdb-73401-by-timran-on-???
==73401== 
==73401== TO CONTROL THIS PROCESS USING vgdb (which you probably
==73401== don't want to do, unless you know exactly what you're doing,
==73401== or are doing some strange experiment):
==73401==   /store/pberry-app-scripts/valgrind/build/lib/valgrind/../../bin/vgdb --pid=73401 ...command...
==73401== 
==73401== TO DEBUG THIS PROCESS USING GDB: start GDB like this
==73401==   /path/to/gdb ./src/redis-server
==73401== and then give GDB the following command
==73401==   target remote | /store/pberry-app-scripts/valgrind/build/lib/valgrind/../../bin/vgdb --pid=73401
==73401== --pid is optional if only one valgrind process is running
==73401== 
--73401-- Reading syms from /store/pberry-app-scripts/valgrind/build/lib/valgrind/vgpreload_core-amd64-linux.so
--73401-- Reading syms from /lib/x86_64-linux-gnu/libm-2.23.so
--73401--   Considering /lib/x86_64-linux-gnu/libm-2.23.so ..
--73401--   .. CRC mismatch (computed e8c3647b wanted c3efddac)
--73401--   Considering /usr/lib/debug/lib/x86_64-linux-gnu/libm-2.23.so ..
--73401--   .. CRC is valid
--73401-- Reading syms from /lib/x86_64-linux-gnu/libdl-2.23.so
--73401--   Considering /lib/x86_64-linux-gnu/libdl-2.23.so ..
--73401--   .. CRC mismatch (computed 39227170 wanted ab6e2c22)
--73401--   Considering /usr/lib/debug/lib/x86_64-linux-gnu/libdl-2.23.so ..
--73401--   .. CRC is valid
--73401-- Reading syms from /lib/x86_64-linux-gnu/librt-2.23.so
--73401--   Considering /lib/x86_64-linux-gnu/librt-2.23.so ..
--73401--   .. CRC mismatch (computed 734d0439 wanted 09d6393c)
--73401--   Considering /usr/lib/debug/lib/x86_64-linux-gnu/librt-2.23.so ..
--73401--   .. CRC is valid
--73401-- Reading syms from /lib/x86_64-linux-gnu/libpthread-2.23.so
--73401--   Considering /usr/lib/debug/.build-id/ce/17e023542265fc11d9bc8f534bb4f070493d30.debug ..
--73401--   .. build-id is valid
--73401-- Reading syms from /lib/x86_64-linux-gnu/libc-2.23.so
--73401--   Considering /lib/x86_64-linux-gnu/libc-2.23.so ..
--73401--   .. CRC mismatch (computed 7a8ee3e4 wanted a5190ac4)
--73401--   Considering /usr/lib/debug/lib/x86_64-linux-gnu/libc-2.23.so ..
--73401--   .. CRC is valid
==73401== 
==73401== I   refs:      318,297,648,074
==73401== I1  misses:        568,739,809
==73401== LLi misses:            112,419
==73401== I1  miss rate:            0.18%
==73401== LLi miss rate:            0.00%
==73401== 
==73401== D   refs:      124,076,153,382  (87,721,032,022 rd   + 36,355,121,360 wr)
==73401== D1  misses:      1,236,751,931  (   876,303,637 rd   +    360,448,294 wr)
==73401== LLd misses:        222,608,334  (   217,236,479 rd   +      5,371,855 wr)
==73401== D1  miss rate:             1.0% (           1.0%     +            1.0%  )
==73401== LLd miss rate:             0.2% (           0.2%     +            0.0%  )
==73401== 
==73401== LL refs:         1,805,491,740  ( 1,445,043,446 rd   +    360,448,294 wr)
==73401== LL misses:         222,720,753  (   217,348,898 rd   +      5,371,855 wr)
==73401== LL miss rate:              0.1% (           0.1%     +            0.0%  )
