79406:C 15 Dec 2020 00:51:40.750 # oO0OoO0OoO0Oo Redis is starting oO0OoO0OoO0Oo
79406:C 15 Dec 2020 00:51:40.762 # Redis version=255.255.255, bits=64, commit=9acd40d9, modified=1, pid=79406, just started
79406:C 15 Dec 2020 00:51:40.762 # Configuration loaded
79406:M 15 Dec 2020 00:51:40.804 * monotonic clock: POSIX clock_gettime
                _._                                                  
           _.-``__ ''-._                                             
      _.-``    `.  `_.  ''-._           Redis 255.255.255 (9acd40d9/1) 64 bit
  .-`` .-```.  ```\/    _.,_ ''-._                                   
 (    '      ,       .-`  | `,    )     Running in standalone mode
 |`-._`-...-` __...-.``-._|'` _.-'|     Port: 30068
 |    `-._   `._    /     _.-'    |     PID: 79406
  `-._    `-._  `-./  _.-'    _.-'                                   
 |`-._`-._    `-.__.-'    _.-'_.-'|                                  
 |    `-._`-._        _.-'_.-'    |           http://redis.io        
  `-._    `-._`-.__.-'_.-'    _.-'                                   
 |`-._`-._    `-.__.-'    _.-'_.-'|                                  
 |    `-._`-._        _.-'_.-'    |                                  
  `-._    `-._`-.__.-'_.-'    _.-'                                   
      `-._    `-.__.-'    _.-'                                       
          `-._        _.-'                                           
              `-.__.-'                                               

79406:M 15 Dec 2020 00:51:40.935 # Server initialized
79406:M 15 Dec 2020 00:51:41.004 * Ready to accept connections
79406:signal-handler (1608021350) Received SIGINT scheduling shutdown...
79406:M 15 Dec 2020 03:35:51.202 # User requested shutdown...
79406:M 15 Dec 2020 03:35:51.653 * Removing the pid file.
79406:M 15 Dec 2020 03:35:51.874 # Redis is now ready to exit, bye bye...
