84905:C 15 Dec 2020 01:29:26.099 # oO0OoO0OoO0Oo Redis is starting oO0OoO0OoO0Oo
84905:C 15 Dec 2020 01:29:26.111 # Redis version=255.255.255, bits=64, commit=9acd40d9, modified=1, pid=84905, just started
84905:C 15 Dec 2020 01:29:26.112 # Configuration loaded
84905:M 15 Dec 2020 01:29:26.153 * monotonic clock: POSIX clock_gettime
                _._                                                  
           _.-``__ ''-._                                             
      _.-``    `.  `_.  ''-._           Redis 255.255.255 (9acd40d9/1) 64 bit
  .-`` .-```.  ```\/    _.,_ ''-._                                   
 (    '      ,       .-`  | `,    )     Running in standalone mode
 |`-._`-...-` __...-.``-._|'` _.-'|     Port: 30096
 |    `-._   `._    /     _.-'    |     PID: 84905
  `-._    `-._  `-./  _.-'    _.-'                                   
 |`-._`-._    `-.__.-'    _.-'_.-'|                                  
 |    `-._`-._        _.-'_.-'    |           http://redis.io        
  `-._    `-._`-.__.-'_.-'    _.-'                                   
 |`-._`-._    `-.__.-'    _.-'_.-'|                                  
 |    `-._`-._        _.-'_.-'    |                                  
  `-._    `-._`-.__.-'_.-'    _.-'                                   
      `-._    `-.__.-'    _.-'                                       
          `-._        _.-'                                           
              `-.__.-'                                               

84905:M 15 Dec 2020 01:29:26.297 # Server initialized
84905:M 15 Dec 2020 01:29:26.341 * Ready to accept connections
84905:signal-handler (1608013775) Received SIGINT scheduling shutdown...
84905:M 15 Dec 2020 01:29:36.026 # User requested shutdown...
84905:M 15 Dec 2020 01:29:36.029 * Removing the pid file.
84905:M 15 Dec 2020 01:29:36.031 # Redis is now ready to exit, bye bye...
