==79109== Cachegrind, a cache and branch-prediction profiler
==79109== Copyright (C) 2002-2017, and GNU GPL'd, by Nicholas Nethercote et al.
==79109== Using Valgrind-3.16.0.GIT-74b01035ef-20200315 and LibVEX; rerun with -h for copyright info
==79109== Command: ./src/redis-server ./redis.conf --port 30028
==79109== Parent PID: 79064
==79109== 
--79109-- 
--79109-- Valgrind options:
--79109--    --tool=cachegrind
--79109--    --I1=32768,8,64
--79109--    --D1=32768,8,64
--79109--    --L2=8589934592,4,4096
--79109--    --cachegrind-out-file=/store/KCacheSim/scripts/../logs//redis/sim-cachegrind-method-rand-config-size=8589934592*block=4096*assoc=4-run-0.cachegrind.detail
--79109--    --log-file=/store/KCacheSim/scripts/../logs//redis/sim-cachegrind-method-rand-config-size=8589934592*block=4096*assoc=4-run-0.cachegrind.out
--79109--    -v
--79109--    --trace-children=yes
--79109-- Contents of /proc/version:
--79109--   Linux version 5.4.0-51-generic (buildd@lcy01-amd64-020) (gcc version 9.3.0 (Ubuntu 9.3.0-10ubuntu2)) #56-Ubuntu SMP Mon Oct 5 14:28:49 UTC 2020
--79109-- 
--79109-- Arch and hwcaps: AMD64, LittleEndian, amd64-cx16-lzcnt-rdtscp-sse3-ssse3-avx-avx2-bmi-f16c-rdrand
--79109-- Page sizes: currently 4096, max supported 4096
--79109-- Valgrind library directory: /store/KCacheSim/valgrind/build/lib/valgrind
--79109-- warning: L3 cache found, using its data for the LL simulation.
==79109== Cache configuration used:
==79109==   I1: 32,768 B, 8-way, 64 B lines
==79109==   D1: 32,768 B, 8-way, 64 B lines
==79109==   LL: 0 B, 4-way, 4096 B lines
--79109-- Reading syms from /store/KCacheSim/apps/redis/redis/src/redis-server
--79109-- Reading syms from /usr/lib/x86_64-linux-gnu/ld-2.31.so
--79109--   Considering /usr/lib/x86_64-linux-gnu/ld-2.31.so ..
--79109--   .. CRC mismatch (computed 387b17ea wanted d28cf5ef)
--79109--    object doesn't have a symbol table
--79109-- Reading syms from /store/KCacheSim/valgrind/build/lib/valgrind/cachegrind-amd64-linux
--79109--    object doesn't have a dynamic symbol table
--79109-- Scheduler: using generic scheduler lock implementation.
==79109== embedded gdbserver: reading from /tmp/vgdb-pipe-from-vgdb-to-79109-by-timran-on-???
==79109== embedded gdbserver: writing to   /tmp/vgdb-pipe-to-vgdb-from-79109-by-timran-on-???
==79109== embedded gdbserver: shared mem   /tmp/vgdb-pipe-shared-mem-vgdb-79109-by-timran-on-???
==79109== 
==79109== TO CONTROL THIS PROCESS USING vgdb (which you probably
==79109== don't want to do, unless you know exactly what you're doing,
==79109== or are doing some strange experiment):
==79109==   /store/KCacheSim/valgrind/build/lib/valgrind/../../bin/vgdb --pid=79109 ...command...
==79109== 
==79109== TO DEBUG THIS PROCESS USING GDB: start GDB like this
==79109==   /path/to/gdb ./src/redis-server
==79109== and then give GDB the following command
==79109==   target remote | /store/KCacheSim/valgrind/build/lib/valgrind/../../bin/vgdb --pid=79109
==79109== --pid is optional if only one valgrind process is running
==79109== 
--79109-- Reading syms from /store/KCacheSim/valgrind/build/lib/valgrind/vgpreload_core-amd64-linux.so
--79109-- Reading syms from /usr/lib/x86_64-linux-gnu/libm-2.31.so
--79109--   Considering /usr/lib/x86_64-linux-gnu/libm-2.31.so ..
--79109--   .. CRC mismatch (computed 327d785f wanted 751f5509)
--79109--    object doesn't have a symbol table
--79109-- Reading syms from /usr/lib/x86_64-linux-gnu/libdl-2.31.so
--79109--   Considering /usr/lib/x86_64-linux-gnu/libdl-2.31.so ..
--79109--   .. CRC mismatch (computed 4fd191ca wanted df8dd39a)
--79109--    object doesn't have a symbol table
--79109-- Reading syms from /usr/lib/x86_64-linux-gnu/libpthread-2.31.so
--79109--   Considering /usr/lib/debug/.build-id/77/5cbbfff814456660786780b0b3b40096b4c05e.debug ..
--79109--   .. build-id is valid
--79109-- Reading syms from /usr/lib/x86_64-linux-gnu/libc-2.31.so
--79109--   Considering /usr/lib/x86_64-linux-gnu/libc-2.31.so ..
--79109--   .. CRC mismatch (computed a6f43087 wanted 6555436e)
--79109--    object doesn't have a symbol table
==79023== 
==79023== I   refs:      329,601,324,393
==79023== I1  misses:        930,810,168
==79023== LLi misses:                331
==79023== I1  miss rate:            0.28%
==79023== LLi miss rate:            0.00%
==79023== 
==79023== D   refs:      121,219,479,518  (83,981,956,604 rd   + 37,237,522,914 wr)
==79023== D1  misses:      1,268,385,021  (   895,725,528 rd   +    372,659,493 wr)
==79023== LLd misses:            962,935  (       183,926 rd   +        779,009 wr)
==79023== D1  miss rate:             1.0% (           1.1%     +            1.0%  )
==79023== LLd miss rate:             0.0% (           0.0%     +            0.0%  )
==79023== 
==79023== LL refs:         2,199,195,189  ( 1,826,535,696 rd   +    372,659,493 wr)
==79023== LL misses:             963,266  (       184,257 rd   +        779,009 wr)
==79023== LL miss rate:              0.0% (           0.0%     +            0.0%  )
