==79298== Cachegrind, a cache and branch-prediction profiler
==79298== Copyright (C) 2002-2017, and GNU GPL'd, by Nicholas Nethercote et al.
==79298== Using Valgrind-3.16.0.GIT-74b01035ef-20200315 and LibVEX; rerun with -h for copyright info
==79298== Command: ./src/redis-server ./redis.conf --port 30050
==79298== Parent PID: 79276
==79298== 
--79298-- 
--79298-- Valgrind options:
--79298--    --tool=cachegrind
--79298--    --I1=32768,8,64
--79298--    --D1=32768,8,64
--79298--    --L2=4294967296,4,32768
--79298--    --cachegrind-out-file=/store/KCacheSim/scripts/../logs//redis/sim-cachegrind-method-rand-config-size=4294967296*block=32768*assoc=4-run-0.cachegrind.detail
--79298--    --log-file=/store/KCacheSim/scripts/../logs//redis/sim-cachegrind-method-rand-config-size=4294967296*block=32768*assoc=4-run-0.cachegrind.out
--79298--    -v
--79298--    --trace-children=yes
--79298-- Contents of /proc/version:
--79298--   Linux version 5.4.0-51-generic (buildd@lcy01-amd64-020) (gcc version 9.3.0 (Ubuntu 9.3.0-10ubuntu2)) #56-Ubuntu SMP Mon Oct 5 14:28:49 UTC 2020
--79298-- 
--79298-- Arch and hwcaps: AMD64, LittleEndian, amd64-cx16-lzcnt-rdtscp-sse3-ssse3-avx-avx2-bmi-f16c-rdrand
--79298-- Page sizes: currently 4096, max supported 4096
--79298-- Valgrind library directory: /store/KCacheSim/valgrind/build/lib/valgrind
--79298-- warning: L3 cache found, using its data for the LL simulation.
==79298== Cache configuration used:
==79298==   I1: 32,768 B, 8-way, 64 B lines
==79298==   D1: 32,768 B, 8-way, 64 B lines
==79298==   LL: 0 B, 4-way, 32768 B lines
--79298-- Reading syms from /store/KCacheSim/apps/redis/redis/src/redis-server
--79298-- Reading syms from /usr/lib/x86_64-linux-gnu/ld-2.31.so
--79298--   Considering /usr/lib/x86_64-linux-gnu/ld-2.31.so ..
--79298--   .. CRC mismatch (computed 387b17ea wanted d28cf5ef)
--79298--    object doesn't have a symbol table
--79298-- Reading syms from /store/KCacheSim/valgrind/build/lib/valgrind/cachegrind-amd64-linux
--79298--    object doesn't have a dynamic symbol table
--79298-- Scheduler: using generic scheduler lock implementation.
==79298== embedded gdbserver: reading from /tmp/vgdb-pipe-from-vgdb-to-79298-by-timran-on-???
==79298== embedded gdbserver: writing to   /tmp/vgdb-pipe-to-vgdb-from-79298-by-timran-on-???
==79298== embedded gdbserver: shared mem   /tmp/vgdb-pipe-shared-mem-vgdb-79298-by-timran-on-???
==79298== 
==79298== TO CONTROL THIS PROCESS USING vgdb (which you probably
==79298== don't want to do, unless you know exactly what you're doing,
==79298== or are doing some strange experiment):
==79298==   /store/KCacheSim/valgrind/build/lib/valgrind/../../bin/vgdb --pid=79298 ...command...
==79298== 
==79298== TO DEBUG THIS PROCESS USING GDB: start GDB like this
==79298==   /path/to/gdb ./src/redis-server
==79298== and then give GDB the following command
==79298==   target remote | /store/KCacheSim/valgrind/build/lib/valgrind/../../bin/vgdb --pid=79298
==79298== --pid is optional if only one valgrind process is running
==79298== 
--79298-- Reading syms from /store/KCacheSim/valgrind/build/lib/valgrind/vgpreload_core-amd64-linux.so
--79298-- Reading syms from /usr/lib/x86_64-linux-gnu/libm-2.31.so
--79298--   Considering /usr/lib/x86_64-linux-gnu/libm-2.31.so ..
--79298--   .. CRC mismatch (computed 327d785f wanted 751f5509)
--79298--    object doesn't have a symbol table
--79298-- Reading syms from /usr/lib/x86_64-linux-gnu/libdl-2.31.so
--79298--   Considering /usr/lib/x86_64-linux-gnu/libdl-2.31.so ..
--79298--   .. CRC mismatch (computed 4fd191ca wanted df8dd39a)
--79298--    object doesn't have a symbol table
--79298-- Reading syms from /usr/lib/x86_64-linux-gnu/libpthread-2.31.so
--79298--   Considering /usr/lib/debug/.build-id/77/5cbbfff814456660786780b0b3b40096b4c05e.debug ..
--79298--   .. build-id is valid
--79298-- Reading syms from /usr/lib/x86_64-linux-gnu/libc-2.31.so
--79298--   Considering /usr/lib/x86_64-linux-gnu/libc-2.31.so ..
--79298--   .. CRC mismatch (computed a6f43087 wanted 6555436e)
--79298--    object doesn't have a symbol table
==79298== 
==79298== I   refs:      238,455,759,540
==79298== I1  misses:        686,731,532
==79298== LLi misses:                 78
==79298== I1  miss rate:            0.29%
==79298== LLi miss rate:            0.00%
==79298== 
==79298== D   refs:       87,711,284,420  (60,672,559,765 rd   + 27,038,724,655 wr)
==79298== D1  misses:        892,034,678  (   635,060,008 rd   +    256,974,670 wr)
==79298== LLd misses:            116,535  (         9,127 rd   +        107,408 wr)
==79298== D1  miss rate:             1.0% (           1.0%     +            1.0%  )
==79298== LLd miss rate:             0.0% (           0.0%     +            0.0%  )
==79298== 
==79298== LL refs:         1,578,766,210  ( 1,321,791,540 rd   +    256,974,670 wr)
==79298== LL misses:             116,613  (         9,205 rd   +        107,408 wr)
==79298== LL miss rate:              0.0% (           0.0%     +            0.0%  )
