73326:C 10 Apr 2020 10:07:52.615 # oO0OoO0OoO0Oo Redis is starting oO0OoO0OoO0Oo
73326:C 10 Apr 2020 10:07:52.635 # Redis version=999.999.999, bits=64, commit=767977c5, modified=0, pid=73326, just started
73326:C 10 Apr 2020 10:07:52.635 # Configuration loaded
                _._                                                  
           _.-``__ ''-._                                             
      _.-``    `.  `_.  ''-._           Redis 999.999.999 (767977c5/0) 64 bit
  .-`` .-```.  ```\/    _.,_ ''-._                                   
 (    '      ,       .-`  | `,    )     Running in standalone mode
 |`-._`-...-` __...-.``-._|'` _.-'|     Port: 30035
 |    `-._   `._    /     _.-'    |     PID: 73326
  `-._    `-._  `-./  _.-'    _.-'                                   
 |`-._`-._    `-.__.-'    _.-'_.-'|                                  
 |    `-._`-._        _.-'_.-'    |           http://redis.io        
  `-._    `-._`-.__.-'_.-'    _.-'                                   
 |`-._`-._    `-.__.-'    _.-'_.-'|                                  
 |    `-._`-._        _.-'_.-'    |                                  
  `-._    `-._`-.__.-'_.-'    _.-'                                   
      `-._    `-.__.-'    _.-'                                       
          `-._        _.-'                                           
              `-.__.-'                                               

73326:M 10 Apr 2020 10:07:52.873 # WARNING: The TCP backlog setting of 511 cannot be enforced because /proc/sys/net/core/somaxconn is set to the lower value of 128.
73326:M 10 Apr 2020 10:07:52.874 # Server initialized
73326:M 10 Apr 2020 10:07:52.952 * Ready to accept connections
73326:signal-handler (1586534920) Received SIGINT scheduling shutdown...
73326:M 10 Apr 2020 12:08:40.873 # User requested shutdown...
73326:M 10 Apr 2020 12:08:40.874 * Removing the pid file.
73326:M 10 Apr 2020 12:08:40.876 # Redis is now ready to exit, bye bye...
