73407:C 10 Apr 2020 10:07:52.619 # oO0OoO0OoO0Oo Redis is starting oO0OoO0OoO0Oo
73407:C 10 Apr 2020 10:07:52.639 # Redis version=999.999.999, bits=64, commit=767977c5, modified=0, pid=73407, just started
73407:C 10 Apr 2020 10:07:52.639 # Configuration loaded
                _._                                                  
           _.-``__ ''-._                                             
      _.-``    `.  `_.  ''-._           Redis 999.999.999 (767977c5/0) 64 bit
  .-`` .-```.  ```\/    _.,_ ''-._                                   
 (    '      ,       .-`  | `,    )     Running in standalone mode
 |`-._`-...-` __...-.``-._|'` _.-'|     Port: 30025
 |    `-._   `._    /     _.-'    |     PID: 73407
  `-._    `-._  `-./  _.-'    _.-'                                   
 |`-._`-._    `-.__.-'    _.-'_.-'|                                  
 |    `-._`-._        _.-'_.-'    |           http://redis.io        
  `-._    `-._`-.__.-'_.-'    _.-'                                   
 |`-._`-._    `-.__.-'    _.-'_.-'|                                  
 |    `-._`-._        _.-'_.-'    |                                  
  `-._    `-._`-.__.-'_.-'    _.-'                                   
      `-._    `-.__.-'    _.-'                                       
          `-._        _.-'                                           
              `-.__.-'                                               

73407:M 10 Apr 2020 10:07:52.877 # WARNING: The TCP backlog setting of 511 cannot be enforced because /proc/sys/net/core/somaxconn is set to the lower value of 128.
73407:M 10 Apr 2020 10:07:52.878 # Server initialized
73407:M 10 Apr 2020 10:07:52.951 * Ready to accept connections
73407:signal-handler (1586535088) Received SIGINT scheduling shutdown...
73407:M 10 Apr 2020 12:11:28.923 # User requested shutdown...
73407:M 10 Apr 2020 12:11:28.924 * Removing the pid file.
73407:M 10 Apr 2020 12:11:28.926 # Redis is now ready to exit, bye bye...
