==73569== Cachegrind, a cache and branch-prediction profiler
==73569== Copyright (C) 2002-2017, and GNU GPL'd, by Nicholas Nethercote et al.
==73569== Using Valgrind-3.16.0.GIT-3c62dde639-20200111 and LibVEX; rerun with -h for copyright info
==73569== Command: ./src/redis-server ./redis.conf --port 30038
==73569== Parent PID: 73109
==73569== 
--73569-- 
--73569-- Valgrind options:
--73569--    --tool=cachegrind
--73569--    --I1=32768,8,64
--73569--    --D1=32768,8,64
--73569--    --L2=67108864,4,4096
--73569--    --cachegrind-out-file=/store/pberry-app-scripts/app-1/output/sim-cachegrind-method-2-config-size=67108864*block=4096*assoc=4.cachegrind.detail
--73569--    --log-file=/store/pberry-app-scripts/app-1/output/sim-cachegrind-method-2-config-size=67108864*block=4096*assoc=4.cachegrind.out
--73569--    -v
--73569--    --trace-children=yes
--73569-- Contents of /proc/version:
--73569--   Linux version 4.4.0-142-generic (buildd@lgw01-amd64-033) (gcc version 5.4.0 20160609 (Ubuntu 5.4.0-6ubuntu1~16.04.10) ) #168-Ubuntu SMP Wed Jan 16 21:00:45 UTC 2019
--73569-- 
--73569-- Arch and hwcaps: AMD64, LittleEndian, amd64-cx16-lzcnt-rdtscp-sse3-ssse3-avx-avx2-bmi-f16c-rdrand
--73569-- Page sizes: currently 4096, max supported 4096
--73569-- Valgrind library directory: /store/pberry-app-scripts/valgrind/build/lib/valgrind
--73569-- warning: L3 cache found, using its data for the LL simulation.
==73569== Cache configuration used:
==73569==   I1: 32,768 B, 8-way, 64 B lines
==73569==   D1: 32,768 B, 8-way, 64 B lines
==73569==   LL: 67,108,864 B, 4-way, 4096 B lines
--73569-- Reading syms from /store/pberry-app-scripts/app-1/redis/src/redis-server
--73569-- Reading syms from /lib/x86_64-linux-gnu/ld-2.23.so
--73569--   Considering /lib/x86_64-linux-gnu/ld-2.23.so ..
--73569--   .. CRC mismatch (computed aa979a42 wanted 9019bbb7)
--73569--   Considering /usr/lib/debug/lib/x86_64-linux-gnu/ld-2.23.so ..
--73569--   .. CRC is valid
--73569-- Reading syms from /store/pberry-app-scripts/valgrind/build/lib/valgrind/cachegrind-amd64-linux
--73569--    object doesn't have a dynamic symbol table
--73569-- Scheduler: using generic scheduler lock implementation.
==73569== embedded gdbserver: reading from /tmp/vgdb-pipe-from-vgdb-to-73569-by-timran-on-???
==73569== embedded gdbserver: writing to   /tmp/vgdb-pipe-to-vgdb-from-73569-by-timran-on-???
==73569== embedded gdbserver: shared mem   /tmp/vgdb-pipe-shared-mem-vgdb-73569-by-timran-on-???
==73569== 
==73569== TO CONTROL THIS PROCESS USING vgdb (which you probably
==73569== don't want to do, unless you know exactly what you're doing,
==73569== or are doing some strange experiment):
==73569==   /store/pberry-app-scripts/valgrind/build/lib/valgrind/../../bin/vgdb --pid=73569 ...command...
==73569== 
==73569== TO DEBUG THIS PROCESS USING GDB: start GDB like this
==73569==   /path/to/gdb ./src/redis-server
==73569== and then give GDB the following command
==73569==   target remote | /store/pberry-app-scripts/valgrind/build/lib/valgrind/../../bin/vgdb --pid=73569
==73569== --pid is optional if only one valgrind process is running
==73569== 
--73569-- Reading syms from /store/pberry-app-scripts/valgrind/build/lib/valgrind/vgpreload_core-amd64-linux.so
--73569-- Reading syms from /lib/x86_64-linux-gnu/libm-2.23.so
--73569--   Considering /lib/x86_64-linux-gnu/libm-2.23.so ..
--73569--   .. CRC mismatch (computed e8c3647b wanted c3efddac)
--73569--   Considering /usr/lib/debug/lib/x86_64-linux-gnu/libm-2.23.so ..
--73569--   .. CRC is valid
--73569-- Reading syms from /lib/x86_64-linux-gnu/libdl-2.23.so
--73569--   Considering /lib/x86_64-linux-gnu/libdl-2.23.so ..
--73569--   .. CRC mismatch (computed 39227170 wanted ab6e2c22)
--73569--   Considering /usr/lib/debug/lib/x86_64-linux-gnu/libdl-2.23.so ..
--73569--   .. CRC is valid
--73569-- Reading syms from /lib/x86_64-linux-gnu/librt-2.23.so
--73569--   Considering /lib/x86_64-linux-gnu/librt-2.23.so ..
--73569--   .. CRC mismatch (computed 734d0439 wanted 09d6393c)
--73569--   Considering /usr/lib/debug/lib/x86_64-linux-gnu/librt-2.23.so ..
--73569--   .. CRC is valid
--73569-- Reading syms from /lib/x86_64-linux-gnu/libpthread-2.23.so
--73569--   Considering /usr/lib/debug/.build-id/ce/17e023542265fc11d9bc8f534bb4f070493d30.debug ..
--73569--   .. build-id is valid
--73569-- Reading syms from /lib/x86_64-linux-gnu/libc-2.23.so
--73569--   Considering /lib/x86_64-linux-gnu/libc-2.23.so ..
--73569--   .. CRC mismatch (computed 7a8ee3e4 wanted a5190ac4)
--73569--   Considering /usr/lib/debug/lib/x86_64-linux-gnu/libc-2.23.so ..
--73569--   .. CRC is valid
==73569== 
==73569== I   refs:      315,304,408,075
==73569== I1  misses:        569,083,234
==73569== LLi misses:            370,629
==73569== I1  miss rate:            0.18%
==73569== LLi miss rate:            0.00%
==73569== 
==73569== D   refs:      123,162,253,414  (86,882,361,692 rd   + 36,279,891,722 wr)
==73569== D1  misses:      1,229,614,169  (   869,341,607 rd   +    360,272,562 wr)
==73569== LLd misses:        317,602,022  (   309,492,155 rd   +      8,109,867 wr)
==73569== D1  miss rate:             1.0% (           1.0%     +            1.0%  )
==73569== LLd miss rate:             0.3% (           0.4%     +            0.0%  )
==73569== 
==73569== LL refs:         1,798,697,403  ( 1,438,424,841 rd   +    360,272,562 wr)
==73569== LL misses:         317,972,651  (   309,862,784 rd   +      8,109,867 wr)
==73569== LL miss rate:              0.1% (           0.1%     +            0.0%  )
