79255:C 15 Dec 2020 00:51:40.739 # oO0OoO0OoO0Oo Redis is starting oO0OoO0OoO0Oo
79255:C 15 Dec 2020 00:51:40.751 # Redis version=255.255.255, bits=64, commit=9acd40d9, modified=1, pid=79255, just started
79255:C 15 Dec 2020 00:51:40.752 # Configuration loaded
79255:M 15 Dec 2020 00:51:40.793 * monotonic clock: POSIX clock_gettime
                _._                                                  
           _.-``__ ''-._                                             
      _.-``    `.  `_.  ''-._           Redis 255.255.255 (9acd40d9/1) 64 bit
  .-`` .-```.  ```\/    _.,_ ''-._                                   
 (    '      ,       .-`  | `,    )     Running in standalone mode
 |`-._`-...-` __...-.``-._|'` _.-'|     Port: 30046
 |    `-._   `._    /     _.-'    |     PID: 79255
  `-._    `-._  `-./  _.-'    _.-'                                   
 |`-._`-._    `-.__.-'    _.-'_.-'|                                  
 |    `-._`-._        _.-'_.-'    |           http://redis.io        
  `-._    `-._`-.__.-'_.-'    _.-'                                   
 |`-._`-._    `-.__.-'    _.-'_.-'|                                  
 |    `-._`-._        _.-'_.-'    |                                  
  `-._    `-._`-.__.-'_.-'    _.-'                                   
      `-._    `-.__.-'    _.-'                                       
          `-._        _.-'                                           
              `-.__.-'                                               

79255:M 15 Dec 2020 00:51:40.924 # Server initialized
79255:M 15 Dec 2020 00:51:40.972 * Ready to accept connections
79255:signal-handler (1608016746) Received SIGINT scheduling shutdown...
79255:M 15 Dec 2020 02:19:08.582 # User requested shutdown...
79255:M 15 Dec 2020 02:19:14.792 * Removing the pid file.
79255:M 15 Dec 2020 02:19:15.308 # Redis is now ready to exit, bye bye...
