==79212== Cachegrind, a cache and branch-prediction profiler
==79212== Copyright (C) 2002-2017, and GNU GPL'd, by Nicholas Nethercote et al.
==79212== Using Valgrind-3.16.0.GIT-74b01035ef-20200315 and LibVEX; rerun with -h for copyright info
==79212== Command: ./src/redis-server ./redis.conf --port 30038
==79212== Parent PID: 79185
==79212== 
--79212-- 
--79212-- Valgrind options:
--79212--    --tool=cachegrind
--79212--    --I1=32768,8,64
--79212--    --D1=32768,8,64
--79212--    --L2=8589934592,4,32768
--79212--    --cachegrind-out-file=/store/KCacheSim/scripts/../logs//redis/sim-cachegrind-method-rand-config-size=8589934592*block=32768*assoc=4-run-0.cachegrind.detail
--79212--    --log-file=/store/KCacheSim/scripts/../logs//redis/sim-cachegrind-method-rand-config-size=8589934592*block=32768*assoc=4-run-0.cachegrind.out
--79212--    -v
--79212--    --trace-children=yes
--79212-- Contents of /proc/version:
--79212--   Linux version 5.4.0-51-generic (buildd@lcy01-amd64-020) (gcc version 9.3.0 (Ubuntu 9.3.0-10ubuntu2)) #56-Ubuntu SMP Mon Oct 5 14:28:49 UTC 2020
--79212-- 
--79212-- Arch and hwcaps: AMD64, LittleEndian, amd64-cx16-lzcnt-rdtscp-sse3-ssse3-avx-avx2-bmi-f16c-rdrand
--79212-- Page sizes: currently 4096, max supported 4096
--79212-- Valgrind library directory: /store/KCacheSim/valgrind/build/lib/valgrind
--79212-- warning: L3 cache found, using its data for the LL simulation.
==79212== Cache configuration used:
==79212==   I1: 32,768 B, 8-way, 64 B lines
==79212==   D1: 32,768 B, 8-way, 64 B lines
==79212==   LL: 0 B, 4-way, 32768 B lines
--79212-- Reading syms from /store/KCacheSim/apps/redis/redis/src/redis-server
--79212-- Reading syms from /usr/lib/x86_64-linux-gnu/ld-2.31.so
--79212--   Considering /usr/lib/x86_64-linux-gnu/ld-2.31.so ..
--79212--   .. CRC mismatch (computed 387b17ea wanted d28cf5ef)
--79212--    object doesn't have a symbol table
--79212-- Reading syms from /store/KCacheSim/valgrind/build/lib/valgrind/cachegrind-amd64-linux
--79212--    object doesn't have a dynamic symbol table
--79212-- Scheduler: using generic scheduler lock implementation.
==79212== embedded gdbserver: reading from /tmp/vgdb-pipe-from-vgdb-to-79212-by-timran-on-???
==79212== embedded gdbserver: writing to   /tmp/vgdb-pipe-to-vgdb-from-79212-by-timran-on-???
==79212== embedded gdbserver: shared mem   /tmp/vgdb-pipe-shared-mem-vgdb-79212-by-timran-on-???
==79212== 
==79212== TO CONTROL THIS PROCESS USING vgdb (which you probably
==79212== don't want to do, unless you know exactly what you're doing,
==79212== or are doing some strange experiment):
==79212==   /store/KCacheSim/valgrind/build/lib/valgrind/../../bin/vgdb --pid=79212 ...command...
==79212== 
==79212== TO DEBUG THIS PROCESS USING GDB: start GDB like this
==79212==   /path/to/gdb ./src/redis-server
==79212== and then give GDB the following command
==79212==   target remote | /store/KCacheSim/valgrind/build/lib/valgrind/../../bin/vgdb --pid=79212
==79212== --pid is optional if only one valgrind process is running
==79212== 
--79212-- Reading syms from /store/KCacheSim/valgrind/build/lib/valgrind/vgpreload_core-amd64-linux.so
--79212-- Reading syms from /usr/lib/x86_64-linux-gnu/libm-2.31.so
--79212--   Considering /usr/lib/x86_64-linux-gnu/libm-2.31.so ..
--79212--   .. CRC mismatch (computed 327d785f wanted 751f5509)
--79212--    object doesn't have a symbol table
--79212-- Reading syms from /usr/lib/x86_64-linux-gnu/libdl-2.31.so
--79212--   Considering /usr/lib/x86_64-linux-gnu/libdl-2.31.so ..
--79212--   .. CRC mismatch (computed 4fd191ca wanted df8dd39a)
--79212--    object doesn't have a symbol table
--79212-- Reading syms from /usr/lib/x86_64-linux-gnu/libpthread-2.31.so
--79212--   Considering /usr/lib/debug/.build-id/77/5cbbfff814456660786780b0b3b40096b4c05e.debug ..
--79212--   .. build-id is valid
--79212-- Reading syms from /usr/lib/x86_64-linux-gnu/libc-2.31.so
--79212--   Considering /usr/lib/x86_64-linux-gnu/libc-2.31.so ..
--79212--   .. CRC mismatch (computed a6f43087 wanted 6555436e)
--79212--    object doesn't have a symbol table
==79212== 
==79212== I   refs:      326,863,520,717
==79212== I1  misses:        916,645,897
==79212== LLi misses:                 78
==79212== I1  miss rate:            0.28%
==79212== LLi miss rate:            0.00%
==79212== 
==79212== D   refs:      120,521,967,830  (83,272,829,063 rd   + 37,249,138,767 wr)
==79212== D1  misses:      1,283,208,188  (   903,773,660 rd   +    379,434,528 wr)
==79212== LLd misses:            120,610  (         9,155 rd   +        111,455 wr)
==79212== D1  miss rate:             1.1% (           1.1%     +            1.0%  )
==79212== LLd miss rate:             0.0% (           0.0%     +            0.0%  )
==79212== 
==79212== LL refs:         2,199,854,085  ( 1,820,419,557 rd   +    379,434,528 wr)
==79212== LL misses:             120,688  (         9,233 rd   +        111,455 wr)
==79212== LL miss rate:              0.0% (           0.0%     +            0.0%  )
