79369:C 15 Dec 2020 00:51:40.803 # oO0OoO0OoO0Oo Redis is starting oO0OoO0OoO0Oo
79369:C 15 Dec 2020 00:51:40.815 # Redis version=255.255.255, bits=64, commit=9acd40d9, modified=1, pid=79369, just started
79369:C 15 Dec 2020 00:51:40.815 # Configuration loaded
79369:M 15 Dec 2020 00:51:40.856 * monotonic clock: POSIX clock_gettime
                _._                                                  
           _.-``__ ''-._                                             
      _.-``    `.  `_.  ''-._           Redis 255.255.255 (9acd40d9/1) 64 bit
  .-`` .-```.  ```\/    _.,_ ''-._                                   
 (    '      ,       .-`  | `,    )     Running in standalone mode
 |`-._`-...-` __...-.``-._|'` _.-'|     Port: 30060
 |    `-._   `._    /     _.-'    |     PID: 79369
  `-._    `-._  `-./  _.-'    _.-'                                   
 |`-._`-._    `-.__.-'    _.-'_.-'|                                  
 |    `-._`-._        _.-'_.-'    |           http://redis.io        
  `-._    `-._`-.__.-'_.-'    _.-'                                   
 |`-._`-._    `-.__.-'    _.-'_.-'|                                  
 |    `-._`-._        _.-'_.-'    |                                  
  `-._    `-._`-.__.-'_.-'    _.-'                                   
      `-._    `-.__.-'    _.-'                                       
          `-._        _.-'                                           
              `-.__.-'                                               

79369:M 15 Dec 2020 00:51:40.988 # Server initialized
79369:M 15 Dec 2020 00:51:41.038 * Ready to accept connections
79369:signal-handler (1608021233) Received SIGINT scheduling shutdown...
79369:M 15 Dec 2020 03:33:54.209 # User requested shutdown...
79369:M 15 Dec 2020 03:33:55.160 * Removing the pid file.
79369:M 15 Dec 2020 03:33:55.636 # Redis is now ready to exit, bye bye...
