==84976== Cachegrind, a cache and branch-prediction profiler
==84976== Copyright (C) 2002-2017, and GNU GPL'd, by Nicholas Nethercote et al.
==84976== Using Valgrind-3.16.0.GIT-74b01035ef-20200315 and LibVEX; rerun with -h for copyright info
==84976== Command: ./src/redis-server ./redis.conf --port 30098
==84976== Parent PID: 84972
==84976== 
--84976-- 
--84976-- Valgrind options:
--84976--    --tool=cachegrind
--84976--    --I1=32768,8,64
--84976--    --D1=32768,8,64
--84976--    --L2=268435456,4,32768
--84976--    --cachegrind-out-file=/store/KCacheSim/scripts/../logs//redis/sim-cachegrind-method-rand-config-size=268435456*block=32768*assoc=4-run-0.cachegrind.detail
--84976--    --log-file=/store/KCacheSim/scripts/../logs//redis/sim-cachegrind-method-rand-config-size=268435456*block=32768*assoc=4-run-0.cachegrind.out
--84976--    -v
--84976--    --trace-children=yes
--84976-- Contents of /proc/version:
--84976--   Linux version 5.4.0-51-generic (buildd@lcy01-amd64-020) (gcc version 9.3.0 (Ubuntu 9.3.0-10ubuntu2)) #56-Ubuntu SMP Mon Oct 5 14:28:49 UTC 2020
--84976-- 
--84976-- Arch and hwcaps: AMD64, LittleEndian, amd64-cx16-lzcnt-rdtscp-sse3-ssse3-avx-avx2-bmi-f16c-rdrand
--84976-- Page sizes: currently 4096, max supported 4096
--84976-- Valgrind library directory: /store/KCacheSim/valgrind/build/lib/valgrind
--84976-- warning: L3 cache found, using its data for the LL simulation.
==84976== Cache configuration used:
==84976==   I1: 32,768 B, 8-way, 64 B lines
==84976==   D1: 32,768 B, 8-way, 64 B lines
==84976==   LL: 268,435,456 B, 4-way, 32768 B lines
--84976-- Reading syms from /store/KCacheSim/apps/redis/redis/src/redis-server
--84976-- Reading syms from /usr/lib/x86_64-linux-gnu/ld-2.31.so
--84976--   Considering /usr/lib/x86_64-linux-gnu/ld-2.31.so ..
--84976--   .. CRC mismatch (computed 387b17ea wanted d28cf5ef)
--84976--    object doesn't have a symbol table
--84976-- Reading syms from /store/KCacheSim/valgrind/build/lib/valgrind/cachegrind-amd64-linux
--84976--    object doesn't have a dynamic symbol table
--84976-- Scheduler: using generic scheduler lock implementation.
==84976== embedded gdbserver: reading from /tmp/vgdb-pipe-from-vgdb-to-84976-by-timran-on-???
==84976== embedded gdbserver: writing to   /tmp/vgdb-pipe-to-vgdb-from-84976-by-timran-on-???
==84976== embedded gdbserver: shared mem   /tmp/vgdb-pipe-shared-mem-vgdb-84976-by-timran-on-???
==84976== 
==84976== TO CONTROL THIS PROCESS USING vgdb (which you probably
==84976== don't want to do, unless you know exactly what you're doing,
==84976== or are doing some strange experiment):
==84976==   /store/KCacheSim/valgrind/build/lib/valgrind/../../bin/vgdb --pid=84976 ...command...
==84976== 
==84976== TO DEBUG THIS PROCESS USING GDB: start GDB like this
==84976==   /path/to/gdb ./src/redis-server
==84976== and then give GDB the following command
==84976==   target remote | /store/KCacheSim/valgrind/build/lib/valgrind/../../bin/vgdb --pid=84976
==84976== --pid is optional if only one valgrind process is running
==84976== 
--84976-- Reading syms from /store/KCacheSim/valgrind/build/lib/valgrind/vgpreload_core-amd64-linux.so
--84976-- Reading syms from /usr/lib/x86_64-linux-gnu/libm-2.31.so
--84976--   Considering /usr/lib/x86_64-linux-gnu/libm-2.31.so ..
--84976--   .. CRC mismatch (computed 327d785f wanted 751f5509)
--84976--    object doesn't have a symbol table
--84976-- Reading syms from /usr/lib/x86_64-linux-gnu/libdl-2.31.so
--84976--   Considering /usr/lib/x86_64-linux-gnu/libdl-2.31.so ..
--84976--   .. CRC mismatch (computed 4fd191ca wanted df8dd39a)
--84976--    object doesn't have a symbol table
--84976-- Reading syms from /usr/lib/x86_64-linux-gnu/libpthread-2.31.so
--84976--   Considering /usr/lib/debug/.build-id/77/5cbbfff814456660786780b0b3b40096b4c05e.debug ..
--84976--   .. build-id is valid
--84976-- Reading syms from /usr/lib/x86_64-linux-gnu/libc-2.31.so
--84976--   Considering /usr/lib/x86_64-linux-gnu/libc-2.31.so ..
--84976--   .. CRC mismatch (computed a6f43087 wanted 6555436e)
--84976--    object doesn't have a symbol table
==84976== 
==84976== I   refs:      303,417,863,377
==84976== I1  misses:        847,468,954
==84976== LLi misses:            120,123
==84976== I1  miss rate:            0.28%
==84976== LLi miss rate:            0.00%
==84976== 
==84976== D   refs:      111,649,403,312  (77,211,288,153 rd   + 34,438,115,159 wr)
==84976== D1  misses:      1,141,590,847  (   811,383,978 rd   +    330,206,869 wr)
==84976== LLd misses:        222,992,341  (   220,802,109 rd   +      2,190,232 wr)
==84976== D1  miss rate:             1.0% (           1.1%     +            1.0%  )
==84976== LLd miss rate:             0.2% (           0.3%     +            0.0%  )
==84976== 
==84976== LL refs:         1,989,059,801  ( 1,658,852,932 rd   +    330,206,869 wr)
==84976== LL misses:         223,112,464  (   220,922,232 rd   +      2,190,232 wr)
==84976== LL miss rate:              0.1% (           0.1%     +            0.0%  )
