==76832== Cachegrind, a cache and branch-prediction profiler
==76832== Copyright (C) 2002-2017, and GNU GPL'd, by Nicholas Nethercote et al.
==76832== Using Valgrind-3.16.0.GIT-3c62dde639-20200111 and LibVEX; rerun with -h for copyright info
==76832== Command: ./src/redis-server ./redis.conf --port 30052
==76832== Parent PID: 76823
==76832== 
--76832-- 
--76832-- Valgrind options:
--76832--    --tool=cachegrind
--76832--    --I1=32768,8,64
--76832--    --D1=32768,8,64
--76832--    --L2=16777216,4,256
--76832--    --cachegrind-out-file=/store/pberry-app-scripts/app-1/output/sim-cachegrind-method-2-config-size=16777216*block=256*assoc=4.cachegrind.detail
--76832--    --log-file=/store/pberry-app-scripts/app-1/output/sim-cachegrind-method-2-config-size=16777216*block=256*assoc=4.cachegrind.out
--76832--    -v
--76832--    --trace-children=yes
--76832-- Contents of /proc/version:
--76832--   Linux version 4.4.0-142-generic (buildd@lgw01-amd64-033) (gcc version 5.4.0 20160609 (Ubuntu 5.4.0-6ubuntu1~16.04.10) ) #168-Ubuntu SMP Wed Jan 16 21:00:45 UTC 2019
--76832-- 
--76832-- Arch and hwcaps: AMD64, LittleEndian, amd64-cx16-lzcnt-rdtscp-sse3-ssse3-avx-avx2-bmi-f16c-rdrand
--76832-- Page sizes: currently 4096, max supported 4096
--76832-- Valgrind library directory: /store/pberry-app-scripts/valgrind/build/lib/valgrind
--76832-- warning: L3 cache found, using its data for the LL simulation.
==76832== Cache configuration used:
==76832==   I1: 32,768 B, 8-way, 64 B lines
==76832==   D1: 32,768 B, 8-way, 64 B lines
==76832==   LL: 16,777,216 B, 4-way, 256 B lines
--76832-- Reading syms from /store/pberry-app-scripts/app-1/redis/src/redis-server
--76832-- Reading syms from /lib/x86_64-linux-gnu/ld-2.23.so
--76832--   Considering /lib/x86_64-linux-gnu/ld-2.23.so ..
--76832--   .. CRC mismatch (computed aa979a42 wanted 9019bbb7)
--76832--   Considering /usr/lib/debug/lib/x86_64-linux-gnu/ld-2.23.so ..
--76832--   .. CRC is valid
--76832-- Reading syms from /store/pberry-app-scripts/valgrind/build/lib/valgrind/cachegrind-amd64-linux
--76832--    object doesn't have a dynamic symbol table
--76832-- Scheduler: using generic scheduler lock implementation.
==76832== embedded gdbserver: reading from /tmp/vgdb-pipe-from-vgdb-to-76832-by-timran-on-???
==76832== embedded gdbserver: writing to   /tmp/vgdb-pipe-to-vgdb-from-76832-by-timran-on-???
==76832== embedded gdbserver: shared mem   /tmp/vgdb-pipe-shared-mem-vgdb-76832-by-timran-on-???
==76832== 
==76832== TO CONTROL THIS PROCESS USING vgdb (which you probably
==76832== don't want to do, unless you know exactly what you're doing,
==76832== or are doing some strange experiment):
==76832==   /store/pberry-app-scripts/valgrind/build/lib/valgrind/../../bin/vgdb --pid=76832 ...command...
==76832== 
==76832== TO DEBUG THIS PROCESS USING GDB: start GDB like this
==76832==   /path/to/gdb ./src/redis-server
==76832== and then give GDB the following command
==76832==   target remote | /store/pberry-app-scripts/valgrind/build/lib/valgrind/../../bin/vgdb --pid=76832
==76832== --pid is optional if only one valgrind process is running
==76832== 
--76832-- Reading syms from /store/pberry-app-scripts/valgrind/build/lib/valgrind/vgpreload_core-amd64-linux.so
--76832-- Reading syms from /lib/x86_64-linux-gnu/libm-2.23.so
--76832--   Considering /lib/x86_64-linux-gnu/libm-2.23.so ..
--76832--   .. CRC mismatch (computed e8c3647b wanted c3efddac)
--76832--   Considering /usr/lib/debug/lib/x86_64-linux-gnu/libm-2.23.so ..
--76832--   .. CRC is valid
--76832-- Reading syms from /lib/x86_64-linux-gnu/libdl-2.23.so
--76832--   Considering /lib/x86_64-linux-gnu/libdl-2.23.so ..
--76832--   .. CRC mismatch (computed 39227170 wanted ab6e2c22)
--76832--   Considering /usr/lib/debug/lib/x86_64-linux-gnu/libdl-2.23.so ..
--76832--   .. CRC is valid
--76832-- Reading syms from /lib/x86_64-linux-gnu/librt-2.23.so
--76832--   Considering /lib/x86_64-linux-gnu/librt-2.23.so ..
--76832--   .. CRC mismatch (computed 734d0439 wanted 09d6393c)
--76832--   Considering /usr/lib/debug/lib/x86_64-linux-gnu/librt-2.23.so ..
--76832--   .. CRC is valid
--76832-- Reading syms from /lib/x86_64-linux-gnu/libpthread-2.23.so
--76832--   Considering /usr/lib/debug/.build-id/ce/17e023542265fc11d9bc8f534bb4f070493d30.debug ..
--76832--   .. build-id is valid
--76832-- Reading syms from /lib/x86_64-linux-gnu/libc-2.23.so
--76832--   Considering /lib/x86_64-linux-gnu/libc-2.23.so ..
--76832--   .. CRC mismatch (computed 7a8ee3e4 wanted a5190ac4)
--76832--   Considering /usr/lib/debug/lib/x86_64-linux-gnu/libc-2.23.so ..
--76832--   .. CRC is valid
==76832== 
==76832== I   refs:      318,252,725,339
==76832== I1  misses:        568,925,510
==76832== LLi misses:          1,578,768
==76832== I1  miss rate:            0.18%
==76832== LLi miss rate:            0.00%
==76832== 
==76832== D   refs:      124,059,339,530  (87,708,853,769 rd   + 36,350,485,761 wr)
==76832== D1  misses:      1,234,578,201  (   874,262,673 rd   +    360,315,528 wr)
==76832== LLd misses:        547,496,810  (   464,334,307 rd   +     83,162,503 wr)
==76832== D1  miss rate:             1.0% (           1.0%     +            1.0%  )
==76832== LLd miss rate:             0.4% (           0.5%     +            0.2%  )
==76832== 
==76832== LL refs:         1,803,503,711  ( 1,443,188,183 rd   +    360,315,528 wr)
==76832== LL misses:         549,075,578  (   465,913,075 rd   +     83,162,503 wr)
==76832== LL miss rate:              0.1% (           0.1%     +            0.2%  )
