==79356== Cachegrind, a cache and branch-prediction profiler
==79356== Copyright (C) 2002-2017, and GNU GPL'd, by Nicholas Nethercote et al.
==79356== Using Valgrind-3.16.0.GIT-74b01035ef-20200315 and LibVEX; rerun with -h for copyright info
==79356== Command: ./src/redis-server ./redis.conf --port 30058
==79356== Parent PID: 79335
==79356== 
--79356-- 
--79356-- Valgrind options:
--79356--    --tool=cachegrind
--79356--    --I1=32768,8,64
--79356--    --D1=32768,8,64
--79356--    --L2=2147483648,4,512
--79356--    --cachegrind-out-file=/store/KCacheSim/scripts/../logs//redis/sim-cachegrind-method-rand-config-size=2147483648*block=512*assoc=4-run-0.cachegrind.detail
--79356--    --log-file=/store/KCacheSim/scripts/../logs//redis/sim-cachegrind-method-rand-config-size=2147483648*block=512*assoc=4-run-0.cachegrind.out
--79356--    -v
--79356--    --trace-children=yes
--79356-- Contents of /proc/version:
--79356--   Linux version 5.4.0-51-generic (buildd@lcy01-amd64-020) (gcc version 9.3.0 (Ubuntu 9.3.0-10ubuntu2)) #56-Ubuntu SMP Mon Oct 5 14:28:49 UTC 2020
--79356-- 
--79356-- Arch and hwcaps: AMD64, LittleEndian, amd64-cx16-lzcnt-rdtscp-sse3-ssse3-avx-avx2-bmi-f16c-rdrand
--79356-- Page sizes: currently 4096, max supported 4096
--79356-- Valgrind library directory: /store/KCacheSim/valgrind/build/lib/valgrind
--79356-- warning: L3 cache found, using its data for the LL simulation.
==79356== Cache configuration used:
==79356==   I1: 32,768 B, 8-way, 64 B lines
==79356==   D1: 32,768 B, 8-way, 64 B lines
==79356==   LL: -2,147,483,648 B, 4-way, 512 B lines
--79356-- Reading syms from /store/KCacheSim/apps/redis/redis/src/redis-server
--79356-- Reading syms from /usr/lib/x86_64-linux-gnu/ld-2.31.so
--79356--   Considering /usr/lib/x86_64-linux-gnu/ld-2.31.so ..
--79356--   .. CRC mismatch (computed 387b17ea wanted d28cf5ef)
--79356--    object doesn't have a symbol table
--79356-- Reading syms from /store/KCacheSim/valgrind/build/lib/valgrind/cachegrind-amd64-linux
--79356--    object doesn't have a dynamic symbol table
--79356-- Scheduler: using generic scheduler lock implementation.
==79356== embedded gdbserver: reading from /tmp/vgdb-pipe-from-vgdb-to-79356-by-timran-on-???
==79356== embedded gdbserver: writing to   /tmp/vgdb-pipe-to-vgdb-from-79356-by-timran-on-???
==79356== embedded gdbserver: shared mem   /tmp/vgdb-pipe-shared-mem-vgdb-79356-by-timran-on-???
==79356== 
==79356== TO CONTROL THIS PROCESS USING vgdb (which you probably
==79356== don't want to do, unless you know exactly what you're doing,
==79356== or are doing some strange experiment):
==79356==   /store/KCacheSim/valgrind/build/lib/valgrind/../../bin/vgdb --pid=79356 ...command...
==79356== 
==79356== TO DEBUG THIS PROCESS USING GDB: start GDB like this
==79356==   /path/to/gdb ./src/redis-server
==79356== and then give GDB the following command
==79356==   target remote | /store/KCacheSim/valgrind/build/lib/valgrind/../../bin/vgdb --pid=79356
==79356== --pid is optional if only one valgrind process is running
==79356== 
--79356-- Reading syms from /store/KCacheSim/valgrind/build/lib/valgrind/vgpreload_core-amd64-linux.so
--79356-- Reading syms from /usr/lib/x86_64-linux-gnu/libm-2.31.so
--79356--   Considering /usr/lib/x86_64-linux-gnu/libm-2.31.so ..
--79356--   .. CRC mismatch (computed 327d785f wanted 751f5509)
--79356--    object doesn't have a symbol table
--79356-- Reading syms from /usr/lib/x86_64-linux-gnu/libdl-2.31.so
--79356--   Considering /usr/lib/x86_64-linux-gnu/libdl-2.31.so ..
--79356--   .. CRC mismatch (computed 4fd191ca wanted df8dd39a)
--79356--    object doesn't have a symbol table
--79356-- Reading syms from /usr/lib/x86_64-linux-gnu/libpthread-2.31.so
--79356--   Considering /usr/lib/debug/.build-id/77/5cbbfff814456660786780b0b3b40096b4c05e.debug ..
--79356--   .. build-id is valid
--79356-- Reading syms from /usr/lib/x86_64-linux-gnu/libc-2.31.so
--79356--   Considering /usr/lib/x86_64-linux-gnu/libc-2.31.so ..
--79356--   .. CRC mismatch (computed a6f43087 wanted 6555436e)
--79356--    object doesn't have a symbol table
==79356== 
==79356== I   refs:      326,602,271,894
==79356== I1  misses:        916,436,821
==79356== LLi misses:              1,636
==79356== I1  miss rate:            0.28%
==79356== LLi miss rate:            0.00%
==79356== 
==79356== D   refs:      120,389,962,103  (83,192,470,314 rd   + 37,197,491,789 wr)
==79356== D1  misses:      1,275,162,857  (   899,332,364 rd   +    375,830,493 wr)
==79356== LLd misses:         50,708,191  (    38,553,695 rd   +     12,154,496 wr)
==79356== D1  miss rate:             1.1% (           1.1%     +            1.0%  )
==79356== LLd miss rate:             0.0% (           0.0%     +            0.0%  )
==79356== 
==79356== LL refs:         2,191,599,678  ( 1,815,769,185 rd   +    375,830,493 wr)
==79356== LL misses:          50,709,827  (    38,555,331 rd   +     12,154,496 wr)
==79356== LL miss rate:              0.0% (           0.0%     +            0.0%  )
