==79340== Cachegrind, a cache and branch-prediction profiler
==79340== Copyright (C) 2002-2017, and GNU GPL'd, by Nicholas Nethercote et al.
==79340== Using Valgrind-3.16.0.GIT-74b01035ef-20200315 and LibVEX; rerun with -h for copyright info
==79340== Command: ./src/redis-server ./redis.conf --port 30056
==79340== Parent PID: 79315
==79340== 
--79340-- 
--79340-- Valgrind options:
--79340--    --tool=cachegrind
--79340--    --I1=32768,8,64
--79340--    --D1=32768,8,64
--79340--    --L2=2147483648,4,256
--79340--    --cachegrind-out-file=/store/KCacheSim/scripts/../logs//redis/sim-cachegrind-method-rand-config-size=2147483648*block=256*assoc=4-run-0.cachegrind.detail
--79340--    --log-file=/store/KCacheSim/scripts/../logs//redis/sim-cachegrind-method-rand-config-size=2147483648*block=256*assoc=4-run-0.cachegrind.out
--79340--    -v
--79340--    --trace-children=yes
--79340-- Contents of /proc/version:
--79340--   Linux version 5.4.0-51-generic (buildd@lcy01-amd64-020) (gcc version 9.3.0 (Ubuntu 9.3.0-10ubuntu2)) #56-Ubuntu SMP Mon Oct 5 14:28:49 UTC 2020
--79340-- 
--79340-- Arch and hwcaps: AMD64, LittleEndian, amd64-cx16-lzcnt-rdtscp-sse3-ssse3-avx-avx2-bmi-f16c-rdrand
--79340-- Page sizes: currently 4096, max supported 4096
--79340-- Valgrind library directory: /store/KCacheSim/valgrind/build/lib/valgrind
--79340-- warning: L3 cache found, using its data for the LL simulation.
==79340== Cache configuration used:
==79340==   I1: 32,768 B, 8-way, 64 B lines
==79340==   D1: 32,768 B, 8-way, 64 B lines
==79340==   LL: -2,147,483,648 B, 4-way, 256 B lines
--79340-- Reading syms from /store/KCacheSim/apps/redis/redis/src/redis-server
--79340-- Reading syms from /usr/lib/x86_64-linux-gnu/ld-2.31.so
--79340--   Considering /usr/lib/x86_64-linux-gnu/ld-2.31.so ..
--79340--   .. CRC mismatch (computed 387b17ea wanted d28cf5ef)
--79340--    object doesn't have a symbol table
--79340-- Reading syms from /store/KCacheSim/valgrind/build/lib/valgrind/cachegrind-amd64-linux
--79340--    object doesn't have a dynamic symbol table
--79340-- Scheduler: using generic scheduler lock implementation.
==79340== embedded gdbserver: reading from /tmp/vgdb-pipe-from-vgdb-to-79340-by-timran-on-???
==79340== embedded gdbserver: writing to   /tmp/vgdb-pipe-to-vgdb-from-79340-by-timran-on-???
==79340== embedded gdbserver: shared mem   /tmp/vgdb-pipe-shared-mem-vgdb-79340-by-timran-on-???
==79340== 
==79340== TO CONTROL THIS PROCESS USING vgdb (which you probably
==79340== don't want to do, unless you know exactly what you're doing,
==79340== or are doing some strange experiment):
==79340==   /store/KCacheSim/valgrind/build/lib/valgrind/../../bin/vgdb --pid=79340 ...command...
==79340== 
==79340== TO DEBUG THIS PROCESS USING GDB: start GDB like this
==79340==   /path/to/gdb ./src/redis-server
==79340== and then give GDB the following command
==79340==   target remote | /store/KCacheSim/valgrind/build/lib/valgrind/../../bin/vgdb --pid=79340
==79340== --pid is optional if only one valgrind process is running
==79340== 
--79340-- Reading syms from /store/KCacheSim/valgrind/build/lib/valgrind/vgpreload_core-amd64-linux.so
--79340-- Reading syms from /usr/lib/x86_64-linux-gnu/libm-2.31.so
--79340--   Considering /usr/lib/x86_64-linux-gnu/libm-2.31.so ..
--79340--   .. CRC mismatch (computed 327d785f wanted 751f5509)
--79340--    object doesn't have a symbol table
--79340-- Reading syms from /usr/lib/x86_64-linux-gnu/libdl-2.31.so
--79340--   Considering /usr/lib/x86_64-linux-gnu/libdl-2.31.so ..
--79340--   .. CRC mismatch (computed 4fd191ca wanted df8dd39a)
--79340--    object doesn't have a symbol table
--79340-- Reading syms from /usr/lib/x86_64-linux-gnu/libpthread-2.31.so
--79340--   Considering /usr/lib/debug/.build-id/77/5cbbfff814456660786780b0b3b40096b4c05e.debug ..
--79340--   .. build-id is valid
--79340-- Reading syms from /usr/lib/x86_64-linux-gnu/libc-2.31.so
--79340--   Considering /usr/lib/x86_64-linux-gnu/libc-2.31.so ..
--79340--   .. CRC mismatch (computed a6f43087 wanted 6555436e)
--79340--    object doesn't have a symbol table
==79340== 
==79340== I   refs:      292,072,863,563
==79340== I1  misses:        823,832,548
==79340== LLi misses:              2,616
==79340== I1  miss rate:            0.28%
==79340== LLi miss rate:            0.00%
==79340== 
==79340== D   refs:      107,539,319,313  (74,350,054,889 rd   + 33,189,264,424 wr)
==79340== D1  misses:      1,111,667,974  (   787,130,418 rd   +    324,537,556 wr)
==79340== LLd misses:         60,931,084  (    39,438,615 rd   +     21,492,469 wr)
==79340== D1  miss rate:             1.0% (           1.1%     +            1.0%  )
==79340== LLd miss rate:             0.1% (           0.1%     +            0.1%  )
==79340== 
==79340== LL refs:         1,935,500,522  ( 1,610,962,966 rd   +    324,537,556 wr)
==79340== LL misses:          60,933,700  (    39,441,231 rd   +     21,492,469 wr)
==79340== LL miss rate:              0.0% (           0.0%     +            0.1%  )
