76832:C 10 Apr 2020 12:13:11.378 # oO0OoO0OoO0Oo Redis is starting oO0OoO0OoO0Oo
76832:C 10 Apr 2020 12:13:11.399 # Redis version=999.999.999, bits=64, commit=767977c5, modified=0, pid=76832, just started
76832:C 10 Apr 2020 12:13:11.400 # Configuration loaded
                _._                                                  
           _.-``__ ''-._                                             
      _.-``    `.  `_.  ''-._           Redis 999.999.999 (767977c5/0) 64 bit
  .-`` .-```.  ```\/    _.,_ ''-._                                   
 (    '      ,       .-`  | `,    )     Running in standalone mode
 |`-._`-...-` __...-.``-._|'` _.-'|     Port: 30052
 |    `-._   `._    /     _.-'    |     PID: 76832
  `-._    `-._  `-./  _.-'    _.-'                                   
 |`-._`-._    `-.__.-'    _.-'_.-'|                                  
 |    `-._`-._        _.-'_.-'    |           http://redis.io        
  `-._    `-._`-.__.-'_.-'    _.-'                                   
 |`-._`-._    `-.__.-'    _.-'_.-'|                                  
 |    `-._`-._        _.-'_.-'    |                                  
  `-._    `-._`-.__.-'_.-'    _.-'                                   
      `-._    `-.__.-'    _.-'                                       
          `-._        _.-'                                           
              `-.__.-'                                               

76832:M 10 Apr 2020 12:13:11.661 # WARNING: The TCP backlog setting of 511 cannot be enforced because /proc/sys/net/core/somaxconn is set to the lower value of 128.
76832:M 10 Apr 2020 12:13:11.662 # Server initialized
76832:M 10 Apr 2020 12:13:11.737 * Ready to accept connections
76832:signal-handler (1586542725) Received SIGINT scheduling shutdown...
76832:M 10 Apr 2020 14:18:45.560 # User requested shutdown...
76832:M 10 Apr 2020 14:18:45.562 * Removing the pid file.
76832:M 10 Apr 2020 14:18:45.564 # Redis is now ready to exit, bye bye...
