79016:C 15 Dec 2020 00:51:40.690 # oO0OoO0OoO0Oo Redis is starting oO0OoO0OoO0Oo
79016:C 15 Dec 2020 00:51:40.702 # Redis version=255.255.255, bits=64, commit=9acd40d9, modified=1, pid=79016, just started
79016:C 15 Dec 2020 00:51:40.702 # Configuration loaded
79016:M 15 Dec 2020 00:51:40.736 * monotonic clock: POSIX clock_gettime
                _._                                                  
           _.-``__ ''-._                                             
      _.-``    `.  `_.  ''-._           Redis 255.255.255 (9acd40d9/1) 64 bit
  .-`` .-```.  ```\/    _.,_ ''-._                                   
 (    '      ,       .-`  | `,    )     Running in standalone mode
 |`-._`-...-` __...-.``-._|'` _.-'|     Port: 30002
 |    `-._   `._    /     _.-'    |     PID: 79016
  `-._    `-._  `-./  _.-'    _.-'                                   
 |`-._`-._    `-.__.-'    _.-'_.-'|                                  
 |    `-._`-._        _.-'_.-'    |           http://redis.io        
  `-._    `-._`-.__.-'_.-'    _.-'                                   
 |`-._`-._    `-.__.-'    _.-'_.-'|                                  
 |    `-._`-._        _.-'_.-'    |                                  
  `-._    `-._`-.__.-'_.-'    _.-'                                   
      `-._    `-.__.-'    _.-'                                       
          `-._        _.-'                                           
              `-.__.-'                                               

79016:M 15 Dec 2020 00:51:40.860 # Server initialized
79016:M 15 Dec 2020 00:51:40.916 * Ready to accept connections
79016:signal-handler (1608014485) Received SIGINT scheduling shutdown...
79016:M 15 Dec 2020 01:41:37.958 # User requested shutdown...
79016:M 15 Dec 2020 01:41:43.152 * Removing the pid file.
79016:M 15 Dec 2020 01:41:44.118 # Redis is now ready to exit, bye bye...
