==79157== Cachegrind, a cache and branch-prediction profiler
==79157== Copyright (C) 2002-2017, and GNU GPL'd, by Nicholas Nethercote et al.
==79157== Using Valgrind-3.16.0.GIT-74b01035ef-20200315 and LibVEX; rerun with -h for copyright info
==79157== Command: ./src/redis-server ./redis.conf --port 30034
==79157== Parent PID: 79133
==79157== 
--79157-- 
--79157-- Valgrind options:
--79157--    --tool=cachegrind
--79157--    --I1=32768,8,64
--79157--    --D1=32768,8,64
--79157--    --L2=8589934592,4,512
--79157--    --cachegrind-out-file=/store/KCacheSim/scripts/../logs//redis/sim-cachegrind-method-rand-config-size=8589934592*block=512*assoc=4-run-0.cachegrind.detail
--79157--    --log-file=/store/KCacheSim/scripts/../logs//redis/sim-cachegrind-method-rand-config-size=8589934592*block=512*assoc=4-run-0.cachegrind.out
--79157--    -v
--79157--    --trace-children=yes
--79157-- Contents of /proc/version:
--79157--   Linux version 5.4.0-51-generic (buildd@lcy01-amd64-020) (gcc version 9.3.0 (Ubuntu 9.3.0-10ubuntu2)) #56-Ubuntu SMP Mon Oct 5 14:28:49 UTC 2020
--79157-- 
--79157-- Arch and hwcaps: AMD64, LittleEndian, amd64-cx16-lzcnt-rdtscp-sse3-ssse3-avx-avx2-bmi-f16c-rdrand
--79157-- Page sizes: currently 4096, max supported 4096
--79157-- Valgrind library directory: /store/KCacheSim/valgrind/build/lib/valgrind
--79157-- warning: L3 cache found, using its data for the LL simulation.
==79157== Cache configuration used:
==79157==   I1: 32,768 B, 8-way, 64 B lines
==79157==   D1: 32,768 B, 8-way, 64 B lines
==79157==   LL: 0 B, 4-way, 512 B lines
--79157-- Reading syms from /store/KCacheSim/apps/redis/redis/src/redis-server
--79157-- Reading syms from /usr/lib/x86_64-linux-gnu/ld-2.31.so
--79157--   Considering /usr/lib/x86_64-linux-gnu/ld-2.31.so ..
--79157--   .. CRC mismatch (computed 387b17ea wanted d28cf5ef)
--79157--    object doesn't have a symbol table
--79157-- Reading syms from /store/KCacheSim/valgrind/build/lib/valgrind/cachegrind-amd64-linux
--79157--    object doesn't have a dynamic symbol table
--79157-- Scheduler: using generic scheduler lock implementation.
==79157== embedded gdbserver: reading from /tmp/vgdb-pipe-from-vgdb-to-79157-by-timran-on-???
==79157== embedded gdbserver: writing to   /tmp/vgdb-pipe-to-vgdb-from-79157-by-timran-on-???
==79157== embedded gdbserver: shared mem   /tmp/vgdb-pipe-shared-mem-vgdb-79157-by-timran-on-???
==79157== 
==79157== TO CONTROL THIS PROCESS USING vgdb (which you probably
==79157== don't want to do, unless you know exactly what you're doing,
==79157== or are doing some strange experiment):
==79157==   /store/KCacheSim/valgrind/build/lib/valgrind/../../bin/vgdb --pid=79157 ...command...
==79157== 
==79157== TO DEBUG THIS PROCESS USING GDB: start GDB like this
==79157==   /path/to/gdb ./src/redis-server
==79157== and then give GDB the following command
==79157==   target remote | /store/KCacheSim/valgrind/build/lib/valgrind/../../bin/vgdb --pid=79157
==79157== --pid is optional if only one valgrind process is running
==79157== 
--79157-- Reading syms from /store/KCacheSim/valgrind/build/lib/valgrind/vgpreload_core-amd64-linux.so
--79157-- Reading syms from /usr/lib/x86_64-linux-gnu/libm-2.31.so
--79157--   Considering /usr/lib/x86_64-linux-gnu/libm-2.31.so ..
--79157--   .. CRC mismatch (computed 327d785f wanted 751f5509)
--79157--    object doesn't have a symbol table
--79157-- Reading syms from /usr/lib/x86_64-linux-gnu/libdl-2.31.so
--79157--   Considering /usr/lib/x86_64-linux-gnu/libdl-2.31.so ..
--79157--   .. CRC mismatch (computed 4fd191ca wanted df8dd39a)
--79157--    object doesn't have a symbol table
--79157-- Reading syms from /usr/lib/x86_64-linux-gnu/libpthread-2.31.so
--79157--   Considering /usr/lib/debug/.build-id/77/5cbbfff814456660786780b0b3b40096b4c05e.debug ..
--79157--   .. build-id is valid
--79157-- Reading syms from /usr/lib/x86_64-linux-gnu/libc-2.31.so
--79157--   Considering /usr/lib/x86_64-linux-gnu/libc-2.31.so ..
--79157--   .. CRC mismatch (computed a6f43087 wanted 6555436e)
--79157--    object doesn't have a symbol table
==79157== 
==79157== I   refs:      332,802,423,900
==79157== I1  misses:        941,722,537
==79157== LLi misses:              1,345
==79157== I1  miss rate:            0.28%
==79157== LLi miss rate:            0.00%
==79157== 
==79157== D   refs:      122,171,624,640  (84,846,032,841 rd   + 37,325,591,799 wr)
==79157== D1  misses:      1,279,276,441  (   906,100,631 rd   +    373,175,810 wr)
==79157== LLd misses:          7,698,294  (     1,790,496 rd   +      5,907,798 wr)
==79157== D1  miss rate:             1.0% (           1.1%     +            1.0%  )
==79157== LLd miss rate:             0.0% (           0.0%     +            0.0%  )
==79157== 
==79157== LL refs:         2,220,998,978  ( 1,847,823,168 rd   +    373,175,810 wr)
==79157== LL misses:           7,699,639  (     1,791,841 rd   +      5,907,798 wr)
==79157== LL miss rate:              0.0% (           0.0%     +            0.0%  )
