==73681== Cachegrind, a cache and branch-prediction profiler
==73681== Copyright (C) 2002-2017, and GNU GPL'd, by Nicholas Nethercote et al.
==73681== Using Valgrind-3.16.0.GIT-3c62dde639-20200111 and LibVEX; rerun with -h for copyright info
==73681== Command: ./src/redis-server ./redis.conf --port 30054
==73681== Parent PID: 73635
==73681== 
--73681-- 
--73681-- Valgrind options:
--73681--    --tool=cachegrind
--73681--    --I1=32768,8,64
--73681--    --D1=32768,8,64
--73681--    --L2=16777216,4,1024
--73681--    --cachegrind-out-file=/store/pberry-app-scripts/app-1/output/sim-cachegrind-method-2-config-size=16777216*block=1024*assoc=4.cachegrind.detail
--73681--    --log-file=/store/pberry-app-scripts/app-1/output/sim-cachegrind-method-2-config-size=16777216*block=1024*assoc=4.cachegrind.out
--73681--    -v
--73681--    --trace-children=yes
--73681-- Contents of /proc/version:
--73681--   Linux version 4.4.0-142-generic (buildd@lgw01-amd64-033) (gcc version 5.4.0 20160609 (Ubuntu 5.4.0-6ubuntu1~16.04.10) ) #168-Ubuntu SMP Wed Jan 16 21:00:45 UTC 2019
--73681-- 
--73681-- Arch and hwcaps: AMD64, LittleEndian, amd64-cx16-lzcnt-rdtscp-sse3-ssse3-avx-avx2-bmi-f16c-rdrand
--73681-- Page sizes: currently 4096, max supported 4096
--73681-- Valgrind library directory: /store/pberry-app-scripts/valgrind/build/lib/valgrind
--73681-- warning: L3 cache found, using its data for the LL simulation.
==73681== Cache configuration used:
==73681==   I1: 32,768 B, 8-way, 64 B lines
==73681==   D1: 32,768 B, 8-way, 64 B lines
==73681==   LL: 16,777,216 B, 4-way, 1024 B lines
--73681-- Reading syms from /store/pberry-app-scripts/app-1/redis/src/redis-server
--73681-- Reading syms from /lib/x86_64-linux-gnu/ld-2.23.so
--73681--   Considering /lib/x86_64-linux-gnu/ld-2.23.so ..
--73681--   .. CRC mismatch (computed aa979a42 wanted 9019bbb7)
--73681--   Considering /usr/lib/debug/lib/x86_64-linux-gnu/ld-2.23.so ..
--73681--   .. CRC is valid
--73681-- Reading syms from /store/pberry-app-scripts/valgrind/build/lib/valgrind/cachegrind-amd64-linux
--73681--    object doesn't have a dynamic symbol table
--73681-- Scheduler: using generic scheduler lock implementation.
==73681== embedded gdbserver: reading from /tmp/vgdb-pipe-from-vgdb-to-73681-by-timran-on-???
==73681== embedded gdbserver: writing to   /tmp/vgdb-pipe-to-vgdb-from-73681-by-timran-on-???
==73681== embedded gdbserver: shared mem   /tmp/vgdb-pipe-shared-mem-vgdb-73681-by-timran-on-???
==73681== 
==73681== TO CONTROL THIS PROCESS USING vgdb (which you probably
==73681== don't want to do, unless you know exactly what you're doing,
==73681== or are doing some strange experiment):
==73681==   /store/pberry-app-scripts/valgrind/build/lib/valgrind/../../bin/vgdb --pid=73681 ...command...
==73681== 
==73681== TO DEBUG THIS PROCESS USING GDB: start GDB like this
==73681==   /path/to/gdb ./src/redis-server
==73681== and then give GDB the following command
==73681==   target remote | /store/pberry-app-scripts/valgrind/build/lib/valgrind/../../bin/vgdb --pid=73681
==73681== --pid is optional if only one valgrind process is running
==73681== 
--73681-- Reading syms from /store/pberry-app-scripts/valgrind/build/lib/valgrind/vgpreload_core-amd64-linux.so
--73681-- Reading syms from /lib/x86_64-linux-gnu/libm-2.23.so
--73681--   Considering /lib/x86_64-linux-gnu/libm-2.23.so ..
--73681--   .. CRC mismatch (computed e8c3647b wanted c3efddac)
--73681--   Considering /usr/lib/debug/lib/x86_64-linux-gnu/libm-2.23.so ..
--73681--   .. CRC is valid
--73681-- Reading syms from /lib/x86_64-linux-gnu/libdl-2.23.so
--73681--   Considering /lib/x86_64-linux-gnu/libdl-2.23.so ..
--73681--   .. CRC mismatch (computed 39227170 wanted ab6e2c22)
--73681--   Considering /usr/lib/debug/lib/x86_64-linux-gnu/libdl-2.23.so ..
--73681--   .. CRC is valid
--73681-- Reading syms from /lib/x86_64-linux-gnu/librt-2.23.so
--73681--   Considering /lib/x86_64-linux-gnu/librt-2.23.so ..
--73681--   .. CRC mismatch (computed 734d0439 wanted 09d6393c)
--73681--   Considering /usr/lib/debug/lib/x86_64-linux-gnu/librt-2.23.so ..
--73681--   .. CRC is valid
--73681-- Reading syms from /lib/x86_64-linux-gnu/libpthread-2.23.so
--73681--   Considering /usr/lib/debug/.build-id/ce/17e023542265fc11d9bc8f534bb4f070493d30.debug ..
--73681--   .. build-id is valid
--73681-- Reading syms from /lib/x86_64-linux-gnu/libc-2.23.so
--73681--   Considering /lib/x86_64-linux-gnu/libc-2.23.so ..
--73681--   .. CRC mismatch (computed 7a8ee3e4 wanted a5190ac4)
--73681--   Considering /usr/lib/debug/lib/x86_64-linux-gnu/libc-2.23.so ..
--73681--   .. CRC is valid
==73681== 
==73681== I   refs:      315,287,458,088
==73681== I1  misses:        568,353,668
==73681== LLi misses:          1,103,900
==73681== I1  miss rate:            0.18%
==73681== LLi miss rate:            0.00%
==73681== 
==73681== D   refs:      123,154,035,581  (86,876,888,974 rd   + 36,277,146,607 wr)
==73681== D1  misses:      1,282,361,885  (   917,361,859 rd   +    365,000,026 wr)
==73681== LLd misses:        407,559,594  (   383,349,983 rd   +     24,209,611 wr)
==73681== D1  miss rate:             1.0% (           1.1%     +            1.0%  )
==73681== LLd miss rate:             0.3% (           0.4%     +            0.1%  )
==73681== 
==73681== LL refs:         1,850,715,553  ( 1,485,715,527 rd   +    365,000,026 wr)
==73681== LL misses:         408,663,494  (   384,453,883 rd   +     24,209,611 wr)
==73681== LL miss rate:              0.1% (           0.1%     +            0.1%  )
