==83873== Cachegrind, a cache and branch-prediction profiler
==83873== Copyright (C) 2002-2017, and GNU GPL'd, by Nicholas Nethercote et al.
==83873== Using Valgrind-3.16.0.GIT-74b01035ef-20200315 and LibVEX; rerun with -h for copyright info
==83873== Command: ./src/redis-server ./redis.conf --port 30078
==83873== Parent PID: 83869
==83873== 
--83873-- 
--83873-- Valgrind options:
--83873--    --tool=cachegrind
--83873--    --I1=32768,8,64
--83873--    --D1=32768,8,64
--83873--    --L2=536870912,4,64
--83873--    --cachegrind-out-file=/store/KCacheSim/scripts/../logs//redis/sim-cachegrind-method-rand-config-size=536870912*block=64*assoc=4-run-0.cachegrind.detail
--83873--    --log-file=/store/KCacheSim/scripts/../logs//redis/sim-cachegrind-method-rand-config-size=536870912*block=64*assoc=4-run-0.cachegrind.out
--83873--    -v
--83873--    --trace-children=yes
--83873-- Contents of /proc/version:
--83873--   Linux version 5.4.0-51-generic (buildd@lcy01-amd64-020) (gcc version 9.3.0 (Ubuntu 9.3.0-10ubuntu2)) #56-Ubuntu SMP Mon Oct 5 14:28:49 UTC 2020
--83873-- 
--83873-- Arch and hwcaps: AMD64, LittleEndian, amd64-cx16-lzcnt-rdtscp-sse3-ssse3-avx-avx2-bmi-f16c-rdrand
--83873-- Page sizes: currently 4096, max supported 4096
--83873-- Valgrind library directory: /store/KCacheSim/valgrind/build/lib/valgrind
--83873-- warning: L3 cache found, using its data for the LL simulation.
==83873== Cache configuration used:
==83873==   I1: 32,768 B, 8-way, 64 B lines
==83873==   D1: 32,768 B, 8-way, 64 B lines
==83873==   LL: 536,870,912 B, 4-way, 64 B lines
--83873-- Reading syms from /store/KCacheSim/apps/redis/redis/src/redis-server
--83873-- Reading syms from /usr/lib/x86_64-linux-gnu/ld-2.31.so
--83873--   Considering /usr/lib/x86_64-linux-gnu/ld-2.31.so ..
--83873--   .. CRC mismatch (computed 387b17ea wanted d28cf5ef)
--83873--    object doesn't have a symbol table
--83873-- Reading syms from /store/KCacheSim/valgrind/build/lib/valgrind/cachegrind-amd64-linux
--83873--    object doesn't have a dynamic symbol table
--83873-- Scheduler: using generic scheduler lock implementation.
==83873== embedded gdbserver: reading from /tmp/vgdb-pipe-from-vgdb-to-83873-by-timran-on-???
==83873== embedded gdbserver: writing to   /tmp/vgdb-pipe-to-vgdb-from-83873-by-timran-on-???
==83873== embedded gdbserver: shared mem   /tmp/vgdb-pipe-shared-mem-vgdb-83873-by-timran-on-???
==83873== 
==83873== TO CONTROL THIS PROCESS USING vgdb (which you probably
==83873== don't want to do, unless you know exactly what you're doing,
==83873== or are doing some strange experiment):
==83873==   /store/KCacheSim/valgrind/build/lib/valgrind/../../bin/vgdb --pid=83873 ...command...
==83873== 
==83873== TO DEBUG THIS PROCESS USING GDB: start GDB like this
==83873==   /path/to/gdb ./src/redis-server
==83873== and then give GDB the following command
==83873==   target remote | /store/KCacheSim/valgrind/build/lib/valgrind/../../bin/vgdb --pid=83873
==83873== --pid is optional if only one valgrind process is running
==83873== 
--83873-- Reading syms from /store/KCacheSim/valgrind/build/lib/valgrind/vgpreload_core-amd64-linux.so
--83873-- Reading syms from /usr/lib/x86_64-linux-gnu/libm-2.31.so
--83873--   Considering /usr/lib/x86_64-linux-gnu/libm-2.31.so ..
--83873--   .. CRC mismatch (computed 327d785f wanted 751f5509)
--83873--    object doesn't have a symbol table
--83873-- Reading syms from /usr/lib/x86_64-linux-gnu/libdl-2.31.so
--83873--   Considering /usr/lib/x86_64-linux-gnu/libdl-2.31.so ..
--83873--   .. CRC mismatch (computed 4fd191ca wanted df8dd39a)
--83873--    object doesn't have a symbol table
--83873-- Reading syms from /usr/lib/x86_64-linux-gnu/libpthread-2.31.so
--83873--   Considering /usr/lib/debug/.build-id/77/5cbbfff814456660786780b0b3b40096b4c05e.debug ..
--83873--   .. build-id is valid
==83873== 
==83873== Process terminating with default action of signal 2 (SIGINT)
==83873==    at 0x401EEC6: ??? (in /usr/lib/x86_64-linux-gnu/ld-2.31.so)
==83873==    by 0x40083BA: ??? (in /usr/lib/x86_64-linux-gnu/ld-2.31.so)
==83873==    by 0x400A9CC: ??? (in /usr/lib/x86_64-linux-gnu/ld-2.31.so)
==83873==    by 0x400F504: ??? (in /usr/lib/x86_64-linux-gnu/ld-2.31.so)
==83873==    by 0x401DC19: _dl_catch_exception (in /usr/lib/x86_64-linux-gnu/ld-2.31.so)
==83873==    by 0x400F952: ??? (in /usr/lib/x86_64-linux-gnu/ld-2.31.so)
==83873==    by 0x4004063: ??? (in /usr/lib/x86_64-linux-gnu/ld-2.31.so)
==83873==    by 0x401CBAA: ??? (in /usr/lib/x86_64-linux-gnu/ld-2.31.so)
==83873==    by 0x400204B: ??? (in /usr/lib/x86_64-linux-gnu/ld-2.31.so)
==83873==    by 0x4001107: ??? (in /usr/lib/x86_64-linux-gnu/ld-2.31.so)
==83873==    by 0x3: ???
==83873==    by 0x1FFF000042: ???
==83873== 
==83873== I   refs:      39,076
==83873== I1  misses:       436
==83873== LLi misses:       433
==83873== I1  miss rate:   1.12%
==83873== LLi miss rate:   1.11%
==83873== 
==83873== D   refs:      10,484  (8,028 rd   + 2,456 wr)
==83873== D1  misses:       539  (  264 rd   +   275 wr)
==83873== LLd misses:       536  (  261 rd   +   275 wr)
==83873== D1  miss rate:    5.1% (  3.3%     +  11.2%  )
==83873== LLd miss rate:    5.1% (  3.3%     +  11.2%  )
==83873== 
==83873== LL refs:          975  (  700 rd   +   275 wr)
==83873== LL misses:        969  (  694 rd   +   275 wr)
==83873== LL miss rate:     2.0% (  1.5%     +  11.2%  )
