73608:C 10 Apr 2020 10:07:52.762 # oO0OoO0OoO0Oo Redis is starting oO0OoO0OoO0Oo
73608:C 10 Apr 2020 10:07:52.783 # Redis version=999.999.999, bits=64, commit=767977c5, modified=0, pid=73608, just started
73608:C 10 Apr 2020 10:07:52.783 # Configuration loaded
                _._                                                  
           _.-``__ ''-._                                             
      _.-``    `.  `_.  ''-._           Redis 999.999.999 (767977c5/0) 64 bit
  .-`` .-```.  ```\/    _.,_ ''-._                                   
 (    '      ,       .-`  | `,    )     Running in standalone mode
 |`-._`-...-` __...-.``-._|'` _.-'|     Port: 30055
 |    `-._   `._    /     _.-'    |     PID: 73608
  `-._    `-._  `-./  _.-'    _.-'                                   
 |`-._`-._    `-.__.-'    _.-'_.-'|                                  
 |    `-._`-._        _.-'_.-'    |           http://redis.io        
  `-._    `-._`-.__.-'_.-'    _.-'                                   
 |`-._`-._    `-.__.-'    _.-'_.-'|                                  
 |    `-._`-._        _.-'_.-'    |                                  
  `-._    `-._`-.__.-'_.-'    _.-'                                   
      `-._    `-.__.-'    _.-'                                       
          `-._        _.-'                                           
              `-.__.-'                                               

73608:M 10 Apr 2020 10:07:53.018 # WARNING: The TCP backlog setting of 511 cannot be enforced because /proc/sys/net/core/somaxconn is set to the lower value of 128.
73608:M 10 Apr 2020 10:07:53.019 # Server initialized
73608:M 10 Apr 2020 10:07:53.066 * Ready to accept connections
73608:signal-handler (1586535100) Received SIGINT scheduling shutdown...
73608:M 10 Apr 2020 12:11:40.722 # User requested shutdown...
73608:M 10 Apr 2020 12:11:40.723 * Removing the pid file.
73608:M 10 Apr 2020 12:11:40.725 # Redis is now ready to exit, bye bye...
