84011:C 15 Dec 2020 01:24:38.106 # oO0OoO0OoO0Oo Redis is starting oO0OoO0OoO0Oo
84011:C 15 Dec 2020 01:24:38.117 # Redis version=255.255.255, bits=64, commit=9acd40d9, modified=1, pid=84011, just started
84011:C 15 Dec 2020 01:24:38.118 # Configuration loaded
84011:M 15 Dec 2020 01:24:38.158 * monotonic clock: POSIX clock_gettime
                _._                                                  
           _.-``__ ''-._                                             
      _.-``    `.  `_.  ''-._           Redis 255.255.255 (9acd40d9/1) 64 bit
  .-`` .-```.  ```\/    _.,_ ''-._                                   
 (    '      ,       .-`  | `,    )     Running in standalone mode
 |`-._`-...-` __...-.``-._|'` _.-'|     Port: 30082
 |    `-._   `._    /     _.-'    |     PID: 84011
  `-._    `-._  `-./  _.-'    _.-'                                   
 |`-._`-._    `-.__.-'    _.-'_.-'|                                  
 |    `-._`-._        _.-'_.-'    |           http://redis.io        
  `-._    `-._`-.__.-'_.-'    _.-'                                   
 |`-._`-._    `-.__.-'    _.-'_.-'|                                  
 |    `-._`-._        _.-'_.-'    |                                  
  `-._    `-._`-.__.-'_.-'    _.-'                                   
      `-._    `-.__.-'    _.-'                                       
          `-._        _.-'                                           
              `-.__.-'                                               

84011:M 15 Dec 2020 01:24:38.288 # Server initialized
84011:M 15 Dec 2020 01:24:38.356 * Ready to accept connections
84011:signal-handler (1608020848) Received SIGINT scheduling shutdown...
84011:M 15 Dec 2020 03:27:28.307 # User requested shutdown...
84011:M 15 Dec 2020 03:27:28.309 * Removing the pid file.
84011:M 15 Dec 2020 03:27:28.506 # Redis is now ready to exit, bye bye...
