==76853== Cachegrind, a cache and branch-prediction profiler
==76853== Copyright (C) 2002-2017, and GNU GPL'd, by Nicholas Nethercote et al.
==76853== Using Valgrind-3.16.0.GIT-3c62dde639-20200111 and LibVEX; rerun with -h for copyright info
==76853== Command: ./src/redis-server ./redis.conf --port 30050
==76853== Parent PID: 76848
==76853== 
--76853-- 
--76853-- Valgrind options:
--76853--    --tool=cachegrind
--76853--    --I1=32768,8,64
--76853--    --D1=32768,8,64
--76853--    --L2=16777216,4,4096
--76853--    --cachegrind-out-file=/store/pberry-app-scripts/app-1/output/sim-cachegrind-method-2-config-size=16777216*block=4096*assoc=4.cachegrind.detail
--76853--    --log-file=/store/pberry-app-scripts/app-1/output/sim-cachegrind-method-2-config-size=16777216*block=4096*assoc=4.cachegrind.out
--76853--    -v
--76853--    --trace-children=yes
--76853-- Contents of /proc/version:
--76853--   Linux version 4.4.0-142-generic (buildd@lgw01-amd64-033) (gcc version 5.4.0 20160609 (Ubuntu 5.4.0-6ubuntu1~16.04.10) ) #168-Ubuntu SMP Wed Jan 16 21:00:45 UTC 2019
--76853-- 
--76853-- Arch and hwcaps: AMD64, LittleEndian, amd64-cx16-lzcnt-rdtscp-sse3-ssse3-avx-avx2-bmi-f16c-rdrand
--76853-- Page sizes: currently 4096, max supported 4096
--76853-- Valgrind library directory: /store/pberry-app-scripts/valgrind/build/lib/valgrind
--76853-- warning: L3 cache found, using its data for the LL simulation.
==76853== Cache configuration used:
==76853==   I1: 32,768 B, 8-way, 64 B lines
==76853==   D1: 32,768 B, 8-way, 64 B lines
==76853==   LL: 16,777,216 B, 4-way, 4096 B lines
--76853-- Reading syms from /store/pberry-app-scripts/app-1/redis/src/redis-server
--76853-- Reading syms from /lib/x86_64-linux-gnu/ld-2.23.so
--76853--   Considering /lib/x86_64-linux-gnu/ld-2.23.so ..
--76853--   .. CRC mismatch (computed aa979a42 wanted 9019bbb7)
--76853--   Considering /usr/lib/debug/lib/x86_64-linux-gnu/ld-2.23.so ..
--76853--   .. CRC is valid
--76853-- Reading syms from /store/pberry-app-scripts/valgrind/build/lib/valgrind/cachegrind-amd64-linux
--76853--    object doesn't have a dynamic symbol table
--76853-- Scheduler: using generic scheduler lock implementation.
==76853== embedded gdbserver: reading from /tmp/vgdb-pipe-from-vgdb-to-76853-by-timran-on-???
==76853== embedded gdbserver: writing to   /tmp/vgdb-pipe-to-vgdb-from-76853-by-timran-on-???
==76853== embedded gdbserver: shared mem   /tmp/vgdb-pipe-shared-mem-vgdb-76853-by-timran-on-???
==76853== 
==76853== TO CONTROL THIS PROCESS USING vgdb (which you probably
==76853== don't want to do, unless you know exactly what you're doing,
==76853== or are doing some strange experiment):
==76853==   /store/pberry-app-scripts/valgrind/build/lib/valgrind/../../bin/vgdb --pid=76853 ...command...
==76853== 
==76853== TO DEBUG THIS PROCESS USING GDB: start GDB like this
==76853==   /path/to/gdb ./src/redis-server
==76853== and then give GDB the following command
==76853==   target remote | /store/pberry-app-scripts/valgrind/build/lib/valgrind/../../bin/vgdb --pid=76853
==76853== --pid is optional if only one valgrind process is running
==76853== 
--76853-- Reading syms from /store/pberry-app-scripts/valgrind/build/lib/valgrind/vgpreload_core-amd64-linux.so
--76853-- Reading syms from /lib/x86_64-linux-gnu/libm-2.23.so
--76853--   Considering /lib/x86_64-linux-gnu/libm-2.23.so ..
--76853--   .. CRC mismatch (computed e8c3647b wanted c3efddac)
--76853--   Considering /usr/lib/debug/lib/x86_64-linux-gnu/libm-2.23.so ..
--76853--   .. CRC is valid
--76853-- Reading syms from /lib/x86_64-linux-gnu/libdl-2.23.so
--76853--   Considering /lib/x86_64-linux-gnu/libdl-2.23.so ..
--76853--   .. CRC mismatch (computed 39227170 wanted ab6e2c22)
--76853--   Considering /usr/lib/debug/lib/x86_64-linux-gnu/libdl-2.23.so ..
--76853--   .. CRC is valid
--76853-- Reading syms from /lib/x86_64-linux-gnu/librt-2.23.so
--76853--   Considering /lib/x86_64-linux-gnu/librt-2.23.so ..
--76853--   .. CRC mismatch (computed 734d0439 wanted 09d6393c)
--76853--   Considering /usr/lib/debug/lib/x86_64-linux-gnu/librt-2.23.so ..
--76853--   .. CRC is valid
--76853-- Reading syms from /lib/x86_64-linux-gnu/libpthread-2.23.so
--76853--   Considering /usr/lib/debug/.build-id/ce/17e023542265fc11d9bc8f534bb4f070493d30.debug ..
--76853--   .. build-id is valid
--76853-- Reading syms from /lib/x86_64-linux-gnu/libc-2.23.so
--76853--   Considering /lib/x86_64-linux-gnu/libc-2.23.so ..
--76853--   .. CRC mismatch (computed 7a8ee3e4 wanted a5190ac4)
--76853--   Considering /usr/lib/debug/lib/x86_64-linux-gnu/libc-2.23.so ..
--76853--   .. CRC is valid
==76853== 
==76853== I   refs:      318,204,577,583
==76853== I1  misses:        568,528,832
==76853== LLi misses:          1,530,627
==76853== I1  miss rate:            0.18%
==76853== LLi miss rate:            0.00%
==76853== 
==76853== D   refs:      124,040,254,911  (87,695,513,071 rd   + 36,344,741,840 wr)
==76853== D1  misses:      1,233,043,811  (   872,678,000 rd   +    360,365,811 wr)
==76853== LLd misses:        368,076,164  (   359,455,930 rd   +      8,620,234 wr)
==76853== D1  miss rate:             1.0% (           1.0%     +            1.0%  )
==76853== LLd miss rate:             0.3% (           0.4%     +            0.0%  )
==76853== 
==76853== LL refs:         1,801,572,643  ( 1,441,206,832 rd   +    360,365,811 wr)
==76853== LL misses:         369,606,791  (   360,986,557 rd   +      8,620,234 wr)
==76853== LL miss rate:              0.1% (           0.1%     +            0.0%  )
