==79267== Cachegrind, a cache and branch-prediction profiler
==79267== Copyright (C) 2002-2017, and GNU GPL'd, by Nicholas Nethercote et al.
==79267== Using Valgrind-3.16.0.GIT-74b01035ef-20200315 and LibVEX; rerun with -h for copyright info
==79267== Command: ./src/redis-server ./redis.conf --port 30048
==79267== Parent PID: 79246
==79267== 
--79267-- 
--79267-- Valgrind options:
--79267--    --tool=cachegrind
--79267--    --I1=32768,8,64
--79267--    --D1=32768,8,64
--79267--    --L2=4294967296,4,1024
--79267--    --cachegrind-out-file=/store/KCacheSim/scripts/../logs//redis/sim-cachegrind-method-rand-config-size=4294967296*block=1024*assoc=4-run-0.cachegrind.detail
--79267--    --log-file=/store/KCacheSim/scripts/../logs//redis/sim-cachegrind-method-rand-config-size=4294967296*block=1024*assoc=4-run-0.cachegrind.out
--79267--    -v
--79267--    --trace-children=yes
--79267-- Contents of /proc/version:
--79267--   Linux version 5.4.0-51-generic (buildd@lcy01-amd64-020) (gcc version 9.3.0 (Ubuntu 9.3.0-10ubuntu2)) #56-Ubuntu SMP Mon Oct 5 14:28:49 UTC 2020
--79267-- 
--79267-- Arch and hwcaps: AMD64, LittleEndian, amd64-cx16-lzcnt-rdtscp-sse3-ssse3-avx-avx2-bmi-f16c-rdrand
--79267-- Page sizes: currently 4096, max supported 4096
--79267-- Valgrind library directory: /store/KCacheSim/valgrind/build/lib/valgrind
--79267-- warning: L3 cache found, using its data for the LL simulation.
==79267== Cache configuration used:
==79267==   I1: 32,768 B, 8-way, 64 B lines
==79267==   D1: 32,768 B, 8-way, 64 B lines
==79267==   LL: 0 B, 4-way, 1024 B lines
--79267-- Reading syms from /store/KCacheSim/apps/redis/redis/src/redis-server
--79267-- Reading syms from /usr/lib/x86_64-linux-gnu/ld-2.31.so
--79267--   Considering /usr/lib/x86_64-linux-gnu/ld-2.31.so ..
--79267--   .. CRC mismatch (computed 387b17ea wanted d28cf5ef)
--79267--    object doesn't have a symbol table
--79267-- Reading syms from /store/KCacheSim/valgrind/build/lib/valgrind/cachegrind-amd64-linux
--79267--    object doesn't have a dynamic symbol table
--79267-- Scheduler: using generic scheduler lock implementation.
==79267== embedded gdbserver: reading from /tmp/vgdb-pipe-from-vgdb-to-79267-by-timran-on-???
==79267== embedded gdbserver: writing to   /tmp/vgdb-pipe-to-vgdb-from-79267-by-timran-on-???
==79267== embedded gdbserver: shared mem   /tmp/vgdb-pipe-shared-mem-vgdb-79267-by-timran-on-???
==79267== 
==79267== TO CONTROL THIS PROCESS USING vgdb (which you probably
==79267== don't want to do, unless you know exactly what you're doing,
==79267== or are doing some strange experiment):
==79267==   /store/KCacheSim/valgrind/build/lib/valgrind/../../bin/vgdb --pid=79267 ...command...
==79267== 
==79267== TO DEBUG THIS PROCESS USING GDB: start GDB like this
==79267==   /path/to/gdb ./src/redis-server
==79267== and then give GDB the following command
==79267==   target remote | /store/KCacheSim/valgrind/build/lib/valgrind/../../bin/vgdb --pid=79267
==79267== --pid is optional if only one valgrind process is running
==79267== 
--79267-- Reading syms from /store/KCacheSim/valgrind/build/lib/valgrind/vgpreload_core-amd64-linux.so
--79267-- Reading syms from /usr/lib/x86_64-linux-gnu/libm-2.31.so
--79267--   Considering /usr/lib/x86_64-linux-gnu/libm-2.31.so ..
--79267--   .. CRC mismatch (computed 327d785f wanted 751f5509)
--79267--    object doesn't have a symbol table
--79267-- Reading syms from /usr/lib/x86_64-linux-gnu/libdl-2.31.so
--79267--   Considering /usr/lib/x86_64-linux-gnu/libdl-2.31.so ..
--79267--   .. CRC mismatch (computed 4fd191ca wanted df8dd39a)
--79267--    object doesn't have a symbol table
--79267-- Reading syms from /usr/lib/x86_64-linux-gnu/libpthread-2.31.so
--79267--   Considering /usr/lib/debug/.build-id/77/5cbbfff814456660786780b0b3b40096b4c05e.debug ..
--79267--   .. build-id is valid
--79267-- Reading syms from /usr/lib/x86_64-linux-gnu/libc-2.31.so
--79267--   Considering /usr/lib/x86_64-linux-gnu/libc-2.31.so ..
--79267--   .. CRC mismatch (computed a6f43087 wanted 6555436e)
--79267--    object doesn't have a symbol table
==79267== 
==79267== I   refs:      291,593,552,355
==79267== I1  misses:        820,473,277
==79267== LLi misses:                836
==79267== I1  miss rate:            0.28%
==79267== LLi miss rate:            0.00%
==79267== 
==79267== D   refs:      107,313,500,409  (74,209,181,200 rd   + 33,104,319,209 wr)
==79267== D1  misses:      1,098,572,956  (   779,629,031 rd   +    318,943,925 wr)
==79267== LLd misses:          3,813,274  (       839,245 rd   +      2,974,029 wr)
==79267== D1  miss rate:             1.0% (           1.1%     +            1.0%  )
==79267== LLd miss rate:             0.0% (           0.0%     +            0.0%  )
==79267== 
==79267== LL refs:         1,919,046,233  ( 1,600,102,308 rd   +    318,943,925 wr)
==79267== LL misses:           3,814,110  (       840,081 rd   +      2,974,029 wr)
==79267== LL miss rate:              0.0% (           0.0%     +            0.0%  )
