79107:C 15 Dec 2020 00:51:40.700 # oO0OoO0OoO0Oo Redis is starting oO0OoO0OoO0Oo
79107:C 15 Dec 2020 00:51:40.712 # Redis version=255.255.255, bits=64, commit=9acd40d9, modified=1, pid=79107, just started
79107:C 15 Dec 2020 00:51:40.712 # Configuration loaded
79107:M 15 Dec 2020 00:51:40.746 * monotonic clock: POSIX clock_gettime
                _._                                                  
           _.-``__ ''-._                                             
      _.-``    `.  `_.  ''-._           Redis 255.255.255 (9acd40d9/1) 64 bit
  .-`` .-```.  ```\/    _.,_ ''-._                                   
 (    '      ,       .-`  | `,    )     Running in standalone mode
 |`-._`-...-` __...-.``-._|'` _.-'|     Port: 30024
 |    `-._   `._    /     _.-'    |     PID: 79107
  `-._    `-._  `-./  _.-'    _.-'                                   
 |`-._`-._    `-.__.-'    _.-'_.-'|                                  
 |    `-._`-._        _.-'_.-'    |           http://redis.io        
  `-._    `-._`-.__.-'_.-'    _.-'                                   
 |`-._`-._    `-.__.-'    _.-'_.-'|                                  
 |    `-._`-._        _.-'_.-'    |                                  
  `-._    `-._`-.__.-'_.-'    _.-'                                   
      `-._    `-.__.-'    _.-'                                       
          `-._        _.-'                                           
              `-.__.-'                                               

79107:M 15 Dec 2020 00:51:40.870 # Server initialized
79107:M 15 Dec 2020 00:51:40.923 * Ready to accept connections
78991:signal-handler (1608020327) Received SIGINT scheduling shutdown...
78991:M 15 Dec 2020 03:18:48.354 # User requested shutdown...
78991:M 15 Dec 2020 03:18:50.232 * Removing the pid file.
78991:M 15 Dec 2020 03:18:50.655 # Redis is now ready to exit, bye bye...
