==84836== Cachegrind, a cache and branch-prediction profiler
==84836== Copyright (C) 2002-2017, and GNU GPL'd, by Nicholas Nethercote et al.
==84836== Using Valgrind-3.16.0.GIT-74b01035ef-20200315 and LibVEX; rerun with -h for copyright info
==84836== Command: ./src/redis-server ./redis.conf --port 30094
==84836== Parent PID: 84832
==84836== 
--84836-- 
--84836-- Valgrind options:
--84836--    --tool=cachegrind
--84836--    --I1=32768,8,64
--84836--    --D1=32768,8,64
--84836--    --L2=268435456,4,512
--84836--    --cachegrind-out-file=/store/KCacheSim/scripts/../logs//redis/sim-cachegrind-method-rand-config-size=268435456*block=512*assoc=4-run-0.cachegrind.detail
--84836--    --log-file=/store/KCacheSim/scripts/../logs//redis/sim-cachegrind-method-rand-config-size=268435456*block=512*assoc=4-run-0.cachegrind.out
--84836--    -v
--84836--    --trace-children=yes
--84836-- Contents of /proc/version:
--84836--   Linux version 5.4.0-51-generic (buildd@lcy01-amd64-020) (gcc version 9.3.0 (Ubuntu 9.3.0-10ubuntu2)) #56-Ubuntu SMP Mon Oct 5 14:28:49 UTC 2020
--84836-- 
--84836-- Arch and hwcaps: AMD64, LittleEndian, amd64-cx16-lzcnt-rdtscp-sse3-ssse3-avx-avx2-bmi-f16c-rdrand
--84836-- Page sizes: currently 4096, max supported 4096
--84836-- Valgrind library directory: /store/KCacheSim/valgrind/build/lib/valgrind
--84836-- warning: L3 cache found, using its data for the LL simulation.
==84836== Cache configuration used:
==84836==   I1: 32,768 B, 8-way, 64 B lines
==84836==   D1: 32,768 B, 8-way, 64 B lines
==84836==   LL: 268,435,456 B, 4-way, 512 B lines
--84836-- Reading syms from /store/KCacheSim/apps/redis/redis/src/redis-server
--84836-- Reading syms from /usr/lib/x86_64-linux-gnu/ld-2.31.so
--84836--   Considering /usr/lib/x86_64-linux-gnu/ld-2.31.so ..
--84836--   .. CRC mismatch (computed 387b17ea wanted d28cf5ef)
--84836--    object doesn't have a symbol table
--84836-- Reading syms from /store/KCacheSim/valgrind/build/lib/valgrind/cachegrind-amd64-linux
--84836--    object doesn't have a dynamic symbol table
