73569:C 10 Apr 2020 10:07:52.563 # oO0OoO0OoO0Oo Redis is starting oO0OoO0OoO0Oo
73569:C 10 Apr 2020 10:07:52.583 # Redis version=999.999.999, bits=64, commit=767977c5, modified=0, pid=73569, just started
73569:C 10 Apr 2020 10:07:52.584 # Configuration loaded
                _._                                                  
           _.-``__ ''-._                                             
      _.-``    `.  `_.  ''-._           Redis 999.999.999 (767977c5/0) 64 bit
  .-`` .-```.  ```\/    _.,_ ''-._                                   
 (    '      ,       .-`  | `,    )     Running in standalone mode
 |`-._`-...-` __...-.``-._|'` _.-'|     Port: 30038
 |    `-._   `._    /     _.-'    |     PID: 73569
  `-._    `-._  `-./  _.-'    _.-'                                   
 |`-._`-._    `-.__.-'    _.-'_.-'|                                  
 |    `-._`-._        _.-'_.-'    |           http://redis.io        
  `-._    `-._`-.__.-'_.-'    _.-'                                   
 |`-._`-._    `-.__.-'    _.-'_.-'|                                  
 |    `-._`-._        _.-'_.-'    |                                  
  `-._    `-._`-.__.-'_.-'    _.-'                                   
      `-._    `-.__.-'    _.-'                                       
          `-._        _.-'                                           
              `-.__.-'                                               

73569:M 10 Apr 2020 10:07:52.821 # WARNING: The TCP backlog setting of 511 cannot be enforced because /proc/sys/net/core/somaxconn is set to the lower value of 128.
73569:M 10 Apr 2020 10:07:52.822 # Server initialized
73569:M 10 Apr 2020 10:07:52.890 * Ready to accept connections
73569:signal-handler (1586535190) Received SIGINT scheduling shutdown...
73569:M 10 Apr 2020 12:13:10.623 # User requested shutdown...
73569:M 10 Apr 2020 12:13:10.624 * Removing the pid file.
73569:M 10 Apr 2020 12:13:10.626 # Redis is now ready to exit, bye bye...
