73558:C 10 Apr 2020 10:07:52.649 # oO0OoO0OoO0Oo Redis is starting oO0OoO0OoO0Oo
73558:C 10 Apr 2020 10:07:52.669 # Redis version=999.999.999, bits=64, commit=767977c5, modified=0, pid=73558, just started
73558:C 10 Apr 2020 10:07:52.670 # Configuration loaded
                _._                                                  
           _.-``__ ''-._                                             
      _.-``    `.  `_.  ''-._           Redis 999.999.999 (767977c5/0) 64 bit
  .-`` .-```.  ```\/    _.,_ ''-._                                   
 (    '      ,       .-`  | `,    )     Running in standalone mode
 |`-._`-...-` __...-.``-._|'` _.-'|     Port: 30024
 |    `-._   `._    /     _.-'    |     PID: 73558
  `-._    `-._  `-./  _.-'    _.-'                                   
 |`-._`-._    `-.__.-'    _.-'_.-'|                                  
 |    `-._`-._        _.-'_.-'    |           http://redis.io        
  `-._    `-._`-.__.-'_.-'    _.-'                                   
 |`-._`-._    `-.__.-'    _.-'_.-'|                                  
 |    `-._`-._        _.-'_.-'    |                                  
  `-._    `-._`-.__.-'_.-'    _.-'                                   
      `-._    `-.__.-'    _.-'                                       
          `-._        _.-'                                           
              `-.__.-'                                               

73558:M 10 Apr 2020 10:07:52.917 # WARNING: The TCP backlog setting of 511 cannot be enforced because /proc/sys/net/core/somaxconn is set to the lower value of 128.
73558:M 10 Apr 2020 10:07:52.918 # Server initialized
73558:M 10 Apr 2020 10:07:52.987 * Ready to accept connections
73558:signal-handler (1586535176) Received SIGINT scheduling shutdown...
73558:M 10 Apr 2020 12:12:56.554 # User requested shutdown...
73558:M 10 Apr 2020 12:12:56.555 * Removing the pid file.
73558:M 10 Apr 2020 12:12:56.557 # Redis is now ready to exit, bye bye...
