==79304== Cachegrind, a cache and branch-prediction profiler
==79304== Copyright (C) 2002-2017, and GNU GPL'd, by Nicholas Nethercote et al.
==79304== Using Valgrind-3.16.0.GIT-74b01035ef-20200315 and LibVEX; rerun with -h for copyright info
==79304== Command: ./src/redis-server ./redis.conf --port 30054
==79304== Parent PID: 79282
==79304== 
--79304-- 
--79304-- Valgrind options:
--79304--    --tool=cachegrind
--79304--    --I1=32768,8,64
--79304--    --D1=32768,8,64
--79304--    --L2=2147483648,4,64
--79304--    --cachegrind-out-file=/store/KCacheSim/scripts/../logs//redis/sim-cachegrind-method-rand-config-size=2147483648*block=64*assoc=4-run-0.cachegrind.detail
--79304--    --log-file=/store/KCacheSim/scripts/../logs//redis/sim-cachegrind-method-rand-config-size=2147483648*block=64*assoc=4-run-0.cachegrind.out
--79304--    -v
--79304--    --trace-children=yes
--79304-- Contents of /proc/version:
--79304--   Linux version 5.4.0-51-generic (buildd@lcy01-amd64-020) (gcc version 9.3.0 (Ubuntu 9.3.0-10ubuntu2)) #56-Ubuntu SMP Mon Oct 5 14:28:49 UTC 2020
--79304-- 
--79304-- Arch and hwcaps: AMD64, LittleEndian, amd64-cx16-lzcnt-rdtscp-sse3-ssse3-avx-avx2-bmi-f16c-rdrand
--79304-- Page sizes: currently 4096, max supported 4096
--79304-- Valgrind library directory: /store/KCacheSim/valgrind/build/lib/valgrind
--79304-- warning: L3 cache found, using its data for the LL simulation.
==79304== Cache configuration used:
==79304==   I1: 32,768 B, 8-way, 64 B lines
==79304==   D1: 32,768 B, 8-way, 64 B lines
==79304==   LL: -2,147,483,648 B, 4-way, 64 B lines
--79304-- Reading syms from /store/KCacheSim/apps/redis/redis/src/redis-server
--79304-- Reading syms from /usr/lib/x86_64-linux-gnu/ld-2.31.so
--79304--   Considering /usr/lib/x86_64-linux-gnu/ld-2.31.so ..
--79304--   .. CRC mismatch (computed 387b17ea wanted d28cf5ef)
--79304--    object doesn't have a symbol table
--79304-- Reading syms from /store/KCacheSim/valgrind/build/lib/valgrind/cachegrind-amd64-linux
--79304--    object doesn't have a dynamic symbol table
--79304-- Scheduler: using generic scheduler lock implementation.
==79304== embedded gdbserver: reading from /tmp/vgdb-pipe-from-vgdb-to-79304-by-timran-on-???
==79304== embedded gdbserver: writing to   /tmp/vgdb-pipe-to-vgdb-from-79304-by-timran-on-???
==79304== embedded gdbserver: shared mem   /tmp/vgdb-pipe-shared-mem-vgdb-79304-by-timran-on-???
==79304== 
==79304== TO CONTROL THIS PROCESS USING vgdb (which you probably
==79304== don't want to do, unless you know exactly what you're doing,
==79304== or are doing some strange experiment):
==79304==   /store/KCacheSim/valgrind/build/lib/valgrind/../../bin/vgdb --pid=79304 ...command...
==79304== 
==79304== TO DEBUG THIS PROCESS USING GDB: start GDB like this
==79304==   /path/to/gdb ./src/redis-server
==79304== and then give GDB the following command
==79304==   target remote | /store/KCacheSim/valgrind/build/lib/valgrind/../../bin/vgdb --pid=79304
==79304== --pid is optional if only one valgrind process is running
==79304== 
--79304-- Reading syms from /store/KCacheSim/valgrind/build/lib/valgrind/vgpreload_core-amd64-linux.so
--79304-- Reading syms from /usr/lib/x86_64-linux-gnu/libm-2.31.so
--79304--   Considering /usr/lib/x86_64-linux-gnu/libm-2.31.so ..
--79304--   .. CRC mismatch (computed 327d785f wanted 751f5509)
--79304--    object doesn't have a symbol table
--79304-- Reading syms from /usr/lib/x86_64-linux-gnu/libdl-2.31.so
--79304--   Considering /usr/lib/x86_64-linux-gnu/libdl-2.31.so ..
--79304--   .. CRC mismatch (computed 4fd191ca wanted df8dd39a)
--79304--    object doesn't have a symbol table
--79304-- Reading syms from /usr/lib/x86_64-linux-gnu/libpthread-2.31.so
--79304--   Considering /usr/lib/debug/.build-id/77/5cbbfff814456660786780b0b3b40096b4c05e.debug ..
--79304--   .. build-id is valid
--79304-- Reading syms from /usr/lib/x86_64-linux-gnu/libc-2.31.so
--79304--   Considering /usr/lib/x86_64-linux-gnu/libc-2.31.so ..
--79304--   .. CRC mismatch (computed a6f43087 wanted 6555436e)
--79304--    object doesn't have a symbol table
==79304== 
==79304== I   refs:      330,158,983,754
==79304== I1  misses:        963,289,973
==79304== LLi misses:              6,713
==79304== I1  miss rate:            0.29%
==79304== LLi miss rate:            0.00%
==79304== 
==79304== D   refs:      121,166,143,920  (83,963,878,848 rd   + 37,202,265,072 wr)
==79304== D1  misses:      1,259,961,630  (   891,513,840 rd   +    368,447,790 wr)
==79304== LLd misses:        208,202,736  (   112,557,472 rd   +     95,645,264 wr)
==79304== D1  miss rate:             1.0% (           1.1%     +            1.0%  )
==79304== LLd miss rate:             0.2% (           0.1%     +            0.3%  )
==79304== 
==79304== LL refs:         2,223,251,603  ( 1,854,803,813 rd   +    368,447,790 wr)
==79304== LL misses:         208,209,449  (   112,564,185 rd   +     95,645,264 wr)
==79304== LL miss rate:              0.0% (           0.0%     +            0.3%  )
