==79130== Cachegrind, a cache and branch-prediction profiler
==79130== Copyright (C) 2002-2017, and GNU GPL'd, by Nicholas Nethercote et al.
==79130== Using Valgrind-3.16.0.GIT-74b01035ef-20200315 and LibVEX; rerun with -h for copyright info
==79130== Command: ./src/redis-server ./redis.conf --port 30030
==79130== Parent PID: 79102
==79130== 
--79130-- 
--79130-- Valgrind options:
--79130--    --tool=cachegrind
--79130--    --I1=32768,8,64
--79130--    --D1=32768,8,64
--79130--    --L2=8589934592,4,64
--79130--    --cachegrind-out-file=/store/KCacheSim/scripts/../logs//redis/sim-cachegrind-method-rand-config-size=8589934592*block=64*assoc=4-run-0.cachegrind.detail
--79130--    --log-file=/store/KCacheSim/scripts/../logs//redis/sim-cachegrind-method-rand-config-size=8589934592*block=64*assoc=4-run-0.cachegrind.out
--79130--    -v
--79130--    --trace-children=yes
--79130-- Contents of /proc/version:
--79130--   Linux version 5.4.0-51-generic (buildd@lcy01-amd64-020) (gcc version 9.3.0 (Ubuntu 9.3.0-10ubuntu2)) #56-Ubuntu SMP Mon Oct 5 14:28:49 UTC 2020
--79130-- 
--79130-- Arch and hwcaps: AMD64, LittleEndian, amd64-cx16-lzcnt-rdtscp-sse3-ssse3-avx-avx2-bmi-f16c-rdrand
--79130-- Page sizes: currently 4096, max supported 4096
--79130-- Valgrind library directory: /store/KCacheSim/valgrind/build/lib/valgrind
--79130-- warning: L3 cache found, using its data for the LL simulation.
==79130== Cache configuration used:
==79130==   I1: 32,768 B, 8-way, 64 B lines
==79130==   D1: 32,768 B, 8-way, 64 B lines
==79130==   LL: 0 B, 4-way, 64 B lines
--79130-- Reading syms from /store/KCacheSim/apps/redis/redis/src/redis-server
--79130-- Reading syms from /usr/lib/x86_64-linux-gnu/ld-2.31.so
--79130--   Considering /usr/lib/x86_64-linux-gnu/ld-2.31.so ..
--79130--   .. CRC mismatch (computed 387b17ea wanted d28cf5ef)
--79130--    object doesn't have a symbol table
--79130-- Reading syms from /store/KCacheSim/valgrind/build/lib/valgrind/cachegrind-amd64-linux
--79130--    object doesn't have a dynamic symbol table
--79130-- Scheduler: using generic scheduler lock implementation.
==79130== embedded gdbserver: reading from /tmp/vgdb-pipe-from-vgdb-to-79130-by-timran-on-???
==79130== embedded gdbserver: writing to   /tmp/vgdb-pipe-to-vgdb-from-79130-by-timran-on-???
==79130== embedded gdbserver: shared mem   /tmp/vgdb-pipe-shared-mem-vgdb-79130-by-timran-on-???
==79130== 
==79130== TO CONTROL THIS PROCESS USING vgdb (which you probably
==79130== don't want to do, unless you know exactly what you're doing,
==79130== or are doing some strange experiment):
==79130==   /store/KCacheSim/valgrind/build/lib/valgrind/../../bin/vgdb --pid=79130 ...command...
==79130== 
==79130== TO DEBUG THIS PROCESS USING GDB: start GDB like this
==79130==   /path/to/gdb ./src/redis-server
==79130== and then give GDB the following command
==79130==   target remote | /store/KCacheSim/valgrind/build/lib/valgrind/../../bin/vgdb --pid=79130
==79130== --pid is optional if only one valgrind process is running
==79130== 
--79130-- Reading syms from /store/KCacheSim/valgrind/build/lib/valgrind/vgpreload_core-amd64-linux.so
--79130-- Reading syms from /usr/lib/x86_64-linux-gnu/libm-2.31.so
--79130--   Considering /usr/lib/x86_64-linux-gnu/libm-2.31.so ..
--79130--   .. CRC mismatch (computed 327d785f wanted 751f5509)
--79130--    object doesn't have a symbol table
--79130-- Reading syms from /usr/lib/x86_64-linux-gnu/libdl-2.31.so
--79130--   Considering /usr/lib/x86_64-linux-gnu/libdl-2.31.so ..
--79130--   .. CRC mismatch (computed 4fd191ca wanted df8dd39a)
--79130--    object doesn't have a symbol table
--79130-- Reading syms from /usr/lib/x86_64-linux-gnu/libpthread-2.31.so
--79130--   Considering /usr/lib/debug/.build-id/77/5cbbfff814456660786780b0b3b40096b4c05e.debug ..
--79130--   .. build-id is valid
--79130-- Reading syms from /usr/lib/x86_64-linux-gnu/libc-2.31.so
--79130--   Considering /usr/lib/x86_64-linux-gnu/libc-2.31.so ..
--79130--   .. CRC mismatch (computed a6f43087 wanted 6555436e)
--79130--    object doesn't have a symbol table
==79130== 
==79130== I   refs:      198,794,811,579
==79130== I1  misses:        581,131,000
==79130== LLi misses:              6,021
==79130== I1  miss rate:            0.29%
==79130== LLi miss rate:            0.00%
==79130== 
==79130== D   refs:       73,064,760,182  (50,562,824,630 rd   + 22,501,935,552 wr)
==79130== D1  misses:        725,663,884  (   516,145,566 rd   +    209,518,318 wr)
==79130== LLd misses:         56,713,353  (    12,152,213 rd   +     44,561,140 wr)
==79130== D1  miss rate:             1.0% (           1.0%     +            0.9%  )
==79130== LLd miss rate:             0.1% (           0.0%     +            0.2%  )
==79130== 
==79130== LL refs:         1,306,794,884  ( 1,097,276,566 rd   +    209,518,318 wr)
==79130== LL misses:          56,719,374  (    12,158,234 rd   +     44,561,140 wr)
==79130== LL miss rate:              0.0% (           0.0%     +            0.2%  )
