79212:C 15 Dec 2020 00:51:41.008 # oO0OoO0OoO0Oo Redis is starting oO0OoO0OoO0Oo
79212:C 15 Dec 2020 00:51:41.024 # Redis version=255.255.255, bits=64, commit=9acd40d9, modified=1, pid=79212, just started
79212:C 15 Dec 2020 00:51:41.025 # Configuration loaded
79212:M 15 Dec 2020 00:51:41.068 * monotonic clock: POSIX clock_gettime
                _._                                                  
           _.-``__ ''-._                                             
      _.-``    `.  `_.  ''-._           Redis 255.255.255 (9acd40d9/1) 64 bit
  .-`` .-```.  ```\/    _.,_ ''-._                                   
 (    '      ,       .-`  | `,    )     Running in standalone mode
 |`-._`-...-` __...-.``-._|'` _.-'|     Port: 30038
 |    `-._   `._    /     _.-'    |     PID: 79212
  `-._    `-._  `-./  _.-'    _.-'                                   
 |`-._`-._    `-.__.-'    _.-'_.-'|                                  
 |    `-._`-._        _.-'_.-'    |           http://redis.io        
  `-._    `-._`-.__.-'_.-'    _.-'                                   
 |`-._`-._    `-.__.-'    _.-'_.-'|                                  
 |    `-._`-._        _.-'_.-'    |                                  
  `-._    `-._`-.__.-'_.-'    _.-'                                   
      `-._    `-.__.-'    _.-'                                       
          `-._        _.-'                                           
              `-.__.-'                                               

79212:M 15 Dec 2020 00:51:41.196 # Server initialized
79212:M 15 Dec 2020 00:51:41.242 * Ready to accept connections
79212:signal-handler (1608021422) Received SIGINT scheduling shutdown...
79212:M 15 Dec 2020 03:37:03.732 # User requested shutdown...
79212:M 15 Dec 2020 03:37:04.476 * Removing the pid file.
79212:M 15 Dec 2020 03:37:04.635 # Redis is now ready to exit, bye bye...
