==79260== Cachegrind, a cache and branch-prediction profiler
==79260== Copyright (C) 2002-2017, and GNU GPL'd, by Nicholas Nethercote et al.
==79260== Using Valgrind-3.16.0.GIT-74b01035ef-20200315 and LibVEX; rerun with -h for copyright info
==79260== Command: ./src/redis-server ./redis.conf --port 30044
==79260== Parent PID: 79232
==79260== 
--79260-- 
--79260-- Valgrind options:
--79260--    --tool=cachegrind
--79260--    --I1=32768,8,64
--79260--    --D1=32768,8,64
--79260--    --L2=4294967296,4,256
--79260--    --cachegrind-out-file=/store/KCacheSim/scripts/../logs//redis/sim-cachegrind-method-rand-config-size=4294967296*block=256*assoc=4-run-0.cachegrind.detail
--79260--    --log-file=/store/KCacheSim/scripts/../logs//redis/sim-cachegrind-method-rand-config-size=4294967296*block=256*assoc=4-run-0.cachegrind.out
--79260--    -v
--79260--    --trace-children=yes
--79260-- Contents of /proc/version:
--79260--   Linux version 5.4.0-51-generic (buildd@lcy01-amd64-020) (gcc version 9.3.0 (Ubuntu 9.3.0-10ubuntu2)) #56-Ubuntu SMP Mon Oct 5 14:28:49 UTC 2020
--79260-- 
--79260-- Arch and hwcaps: AMD64, LittleEndian, amd64-cx16-lzcnt-rdtscp-sse3-ssse3-avx-avx2-bmi-f16c-rdrand
--79260-- Page sizes: currently 4096, max supported 4096
--79260-- Valgrind library directory: /store/KCacheSim/valgrind/build/lib/valgrind
--79260-- warning: L3 cache found, using its data for the LL simulation.
==79260== Cache configuration used:
==79260==   I1: 32,768 B, 8-way, 64 B lines
==79260==   D1: 32,768 B, 8-way, 64 B lines
==79260==   LL: 0 B, 4-way, 256 B lines
--79260-- Reading syms from /store/KCacheSim/apps/redis/redis/src/redis-server
--79260-- Reading syms from /usr/lib/x86_64-linux-gnu/ld-2.31.so
--79260--   Considering /usr/lib/x86_64-linux-gnu/ld-2.31.so ..
--79260--   .. CRC mismatch (computed 387b17ea wanted d28cf5ef)
--79260--    object doesn't have a symbol table
--79260-- Reading syms from /store/KCacheSim/valgrind/build/lib/valgrind/cachegrind-amd64-linux
--79260--    object doesn't have a dynamic symbol table
--79260-- Scheduler: using generic scheduler lock implementation.
==79260== embedded gdbserver: reading from /tmp/vgdb-pipe-from-vgdb-to-79260-by-timran-on-???
==79260== embedded gdbserver: writing to   /tmp/vgdb-pipe-to-vgdb-from-79260-by-timran-on-???
==79260== embedded gdbserver: shared mem   /tmp/vgdb-pipe-shared-mem-vgdb-79260-by-timran-on-???
==79260== 
==79260== TO CONTROL THIS PROCESS USING vgdb (which you probably
==79260== don't want to do, unless you know exactly what you're doing,
==79260== or are doing some strange experiment):
==79260==   /store/KCacheSim/valgrind/build/lib/valgrind/../../bin/vgdb --pid=79260 ...command...
==79260== 
==79260== TO DEBUG THIS PROCESS USING GDB: start GDB like this
==79260==   /path/to/gdb ./src/redis-server
==79260== and then give GDB the following command
==79260==   target remote | /store/KCacheSim/valgrind/build/lib/valgrind/../../bin/vgdb --pid=79260
==79260== --pid is optional if only one valgrind process is running
==79260== 
--79260-- Reading syms from /store/KCacheSim/valgrind/build/lib/valgrind/vgpreload_core-amd64-linux.so
--79260-- Reading syms from /usr/lib/x86_64-linux-gnu/libm-2.31.so
--79260--   Considering /usr/lib/x86_64-linux-gnu/libm-2.31.so ..
--79260--   .. CRC mismatch (computed 327d785f wanted 751f5509)
--79260--    object doesn't have a symbol table
--79260-- Reading syms from /usr/lib/x86_64-linux-gnu/libdl-2.31.so
--79260--   Considering /usr/lib/x86_64-linux-gnu/libdl-2.31.so ..
--79260--   .. CRC mismatch (computed 4fd191ca wanted df8dd39a)
--79260--    object doesn't have a symbol table
--79260-- Reading syms from /usr/lib/x86_64-linux-gnu/libpthread-2.31.so
--79260--   Considering /usr/lib/debug/.build-id/77/5cbbfff814456660786780b0b3b40096b4c05e.debug ..
--79260--   .. build-id is valid
--79260-- Reading syms from /usr/lib/x86_64-linux-gnu/libc-2.31.so
--79260--   Considering /usr/lib/x86_64-linux-gnu/libc-2.31.so ..
--79260--   .. CRC mismatch (computed a6f43087 wanted 6555436e)
--79260--    object doesn't have a symbol table
==79260== 
==79260== I   refs:      214,954,252,896
==79260== I1  misses:        612,365,240
==79260== LLi misses:              2,157
==79260== I1  miss rate:            0.28%
==79260== LLi miss rate:            0.00%
==79260== 
==79260== D   refs:       78,562,048,355  (54,624,911,078 rd   + 23,937,137,277 wr)
==79260== D1  misses:        777,735,244  (   552,368,033 rd   +    225,367,211 wr)
==79260== LLd misses:         14,460,328  (     3,188,486 rd   +     11,271,842 wr)
==79260== D1  miss rate:             1.0% (           1.0%     +            0.9%  )
==79260== LLd miss rate:             0.0% (           0.0%     +            0.0%  )
==79260== 
==79260== LL refs:         1,390,100,484  ( 1,164,733,273 rd   +    225,367,211 wr)
==79260== LL misses:          14,462,485  (     3,190,643 rd   +     11,271,842 wr)
==79260== LL miss rate:              0.0% (           0.0%     +            0.0%  )
