==79080== Cachegrind, a cache and branch-prediction profiler
==79080== Copyright (C) 2002-2017, and GNU GPL'd, by Nicholas Nethercote et al.
==79080== Using Valgrind-3.16.0.GIT-74b01035ef-20200315 and LibVEX; rerun with -h for copyright info
==79080== Command: ./src/redis-server ./redis.conf --port 30026
==79080== Parent PID: 79053
==79080== 
--79080-- 
--79080-- Valgrind options:
--79080--    --tool=cachegrind
--79080--    --I1=32768,8,64
--79080--    --D1=32768,8,64
--79080--    --L2=4194304,16,64
--79080--    --cachegrind-out-file=/store/KCacheSim/scripts/../logs//redis/sim-cachegrind-method-rand-config-l3-run-0.cachegrind.detail
--79080--    --log-file=/store/KCacheSim/scripts/../logs//redis/sim-cachegrind-method-rand-config-l3-run-0.cachegrind.out
--79080--    -v
--79080--    --trace-children=yes
--79080-- Contents of /proc/version:
--79080--   Linux version 5.4.0-51-generic (buildd@lcy01-amd64-020) (gcc version 9.3.0 (Ubuntu 9.3.0-10ubuntu2)) #56-Ubuntu SMP Mon Oct 5 14:28:49 UTC 2020
--79080-- 
--79080-- Arch and hwcaps: AMD64, LittleEndian, amd64-cx16-lzcnt-rdtscp-sse3-ssse3-avx-avx2-bmi-f16c-rdrand
--79080-- Page sizes: currently 4096, max supported 4096
--79080-- Valgrind library directory: /store/KCacheSim/valgrind/build/lib/valgrind
--79080-- warning: L3 cache found, using its data for the LL simulation.
==79080== Cache configuration used:
==79080==   I1: 32,768 B, 8-way, 64 B lines
==79080==   D1: 32,768 B, 8-way, 64 B lines
==79080==   LL: 4,194,304 B, 16-way, 64 B lines
--79080-- Reading syms from /store/KCacheSim/apps/redis/redis/src/redis-server
--79080-- Reading syms from /usr/lib/x86_64-linux-gnu/ld-2.31.so
--79080--   Considering /usr/lib/x86_64-linux-gnu/ld-2.31.so ..
--79080--   .. CRC mismatch (computed 387b17ea wanted d28cf5ef)
--79080--    object doesn't have a symbol table
--79016-- Reading syms from /store/KCacheSim/valgrind/build/lib/valgrind/cachegrind-amd64-linux
--79016--    object doesn't have a dynamic symbol table
--79016-- Scheduler: using generic scheduler lock implementation.
==79016== embedded gdbserver: reading from /tmp/vgdb-pipe-from-vgdb-to-79016-by-timran-on-???
==79016== embedded gdbserver: writing to   /tmp/vgdb-pipe-to-vgdb-from-79016-by-timran-on-???
==79016== embedded gdbserver: shared mem   /tmp/vgdb-pipe-shared-mem-vgdb-79016-by-timran-on-???
==79016== 
==79016== TO CONTROL THIS PROCESS USING vgdb (which you probably
==79016== don't want to do, unless you know exactly what you're doing,
==79016== or are doing some strange experiment):
==79016==   /store/KCacheSim/valgrind/build/lib/valgrind/../../bin/vgdb --pid=79016 ...command...
==79016== 
==79016== TO DEBUG THIS PROCESS USING GDB: start GDB like this
==79016==   /path/to/gdb ./src/redis-server
==79016== and then give GDB the following command
==79016==   target remote | /store/KCacheSim/valgrind/build/lib/valgrind/../../bin/vgdb --pid=79016
==79016== --pid is optional if only one valgrind process is running
==79016== 
--79016-- Reading syms from /store/KCacheSim/valgrind/build/lib/valgrind/vgpreload_core-amd64-linux.so
--79016-- Reading syms from /usr/lib/x86_64-linux-gnu/libm-2.31.so
--79016--   Considering /usr/lib/x86_64-linux-gnu/libm-2.31.so ..
--79016--   .. CRC mismatch (computed 327d785f wanted 751f5509)
--79016--    object doesn't have a symbol table
--79016-- Reading syms from /usr/lib/x86_64-linux-gnu/libdl-2.31.so
--79016--   Considering /usr/lib/x86_64-linux-gnu/libdl-2.31.so ..
--79016--   .. CRC mismatch (computed 4fd191ca wanted df8dd39a)
--79016--    object doesn't have a symbol table
--79016-- Reading syms from /usr/lib/x86_64-linux-gnu/libpthread-2.31.so
--79016--   Considering /usr/lib/debug/.build-id/77/5cbbfff814456660786780b0b3b40096b4c05e.debug ..
--79016--   .. build-id is valid
--79016-- Reading syms from /usr/lib/x86_64-linux-gnu/libc-2.31.so
--79016--   Considering /usr/lib/x86_64-linux-gnu/libc-2.31.so ..
--79016--   .. CRC mismatch (computed a6f43087 wanted 6555436e)
--79016--    object doesn't have a symbol table
==79016== 
==79016== I   refs:      191,143,605,346
==79016== I1  misses:        563,738,618
==79016== LLi misses:          2,930,743
==79016== I1  miss rate:            0.29%
==79016== LLi miss rate:            0.00%
==79016== 
==79016== D   refs:       70,246,961,684  (48,615,337,419 rd   + 21,631,624,265 wr)
==79016== D1  misses:        697,770,024  (   496,472,153 rd   +    201,297,871 wr)
==79016== LLd misses:        637,093,993  (   449,604,668 rd   +    187,489,325 wr)
==79016== D1  miss rate:             1.0% (           1.0%     +            0.9%  )
==79016== LLd miss rate:             0.9% (           0.9%     +            0.9%  )
==79016== 
==79016== LL refs:         1,261,508,642  ( 1,060,210,771 rd   +    201,297,871 wr)
==79016== LL misses:         640,024,736  (   452,535,411 rd   +    187,489,325 wr)
==79016== LL miss rate:              0.2% (           0.2%     +            0.9%  )
