79109:C 15 Dec 2020 00:51:40.747 # oO0OoO0OoO0Oo Redis is starting oO0OoO0OoO0Oo
79109:C 15 Dec 2020 00:51:40.759 # Redis version=255.255.255, bits=64, commit=9acd40d9, modified=1, pid=79109, just started
79109:C 15 Dec 2020 00:51:40.759 # Configuration loaded
79109:M 15 Dec 2020 00:51:40.800 * monotonic clock: POSIX clock_gettime
                _._                                                  
           _.-``__ ''-._                                             
      _.-``    `.  `_.  ''-._           Redis 255.255.255 (9acd40d9/1) 64 bit
  .-`` .-```.  ```\/    _.,_ ''-._                                   
 (    '      ,       .-`  | `,    )     Running in standalone mode
 |`-._`-...-` __...-.``-._|'` _.-'|     Port: 30028
 |    `-._   `._    /     _.-'    |     PID: 79109
  `-._    `-._  `-./  _.-'    _.-'                                   
 |`-._`-._    `-.__.-'    _.-'_.-'|                                  
 |    `-._`-._        _.-'_.-'    |           http://redis.io        
  `-._    `-._`-.__.-'_.-'    _.-'                                   
 |`-._`-._    `-.__.-'    _.-'_.-'|                                  
 |    `-._`-._        _.-'_.-'    |                                  
  `-._    `-._`-.__.-'_.-'    _.-'                                   
      `-._    `-.__.-'    _.-'                                       
          `-._        _.-'                                           
              `-.__.-'                                               

79109:M 15 Dec 2020 00:51:40.932 # Server initialized
79023:M 15 Dec 2020 00:51:40.988 * Ready to accept connections
79023:signal-handler (1608021024) Received SIGINT scheduling shutdown...
79023:M 15 Dec 2020 03:30:25.912 # User requested shutdown...
79023:M 15 Dec 2020 03:30:26.572 * Removing the pid file.
79023:M 15 Dec 2020 03:30:27.110 # Redis is now ready to exit, bye bye...
