79164:C 15 Dec 2020 00:51:40.830 # oO0OoO0OoO0Oo Redis is starting oO0OoO0OoO0Oo
79164:C 15 Dec 2020 00:51:40.848 # Redis version=255.255.255, bits=64, commit=9acd40d9, modified=1, pid=79164, just started
79164:C 15 Dec 2020 00:51:40.849 # Configuration loaded
79164:M 15 Dec 2020 00:51:40.911 * monotonic clock: POSIX clock_gettime
                _._                                                  
           _.-``__ ''-._                                             
      _.-``    `.  `_.  ''-._           Redis 255.255.255 (9acd40d9/1) 64 bit
  .-`` .-```.  ```\/    _.,_ ''-._                                   
 (    '      ,       .-`  | `,    )     Running in standalone mode
 |`-._`-...-` __...-.``-._|'` _.-'|     Port: 30036
 |    `-._   `._    /     _.-'    |     PID: 79164
  `-._    `-._  `-./  _.-'    _.-'                                   
 |`-._`-._    `-.__.-'    _.-'_.-'|                                  
 |    `-._`-._        _.-'_.-'    |           http://redis.io        
  `-._    `-._`-.__.-'_.-'    _.-'                                   
 |`-._`-._    `-.__.-'    _.-'_.-'|                                  
 |    `-._`-._        _.-'_.-'    |                                  
  `-._    `-._`-.__.-'_.-'    _.-'                                   
      `-._    `-.__.-'    _.-'                                       
          `-._        _.-'                                           
              `-.__.-'                                               

79164:M 15 Dec 2020 00:51:41.044 # Server initialized
79164:M 15 Dec 2020 00:51:41.090 * Ready to accept connections
79164:signal-handler (1608014086) Received SIGINT scheduling shutdown...
79164:M 15 Dec 2020 01:34:46.480 # User requested shutdown...
79164:M 15 Dec 2020 01:34:47.310 * Removing the pid file.
79164:M 15 Dec 2020 01:34:47.435 # Redis is now ready to exit, bye bye...
