==73608== Cachegrind, a cache and branch-prediction profiler
==73608== Copyright (C) 2002-2017, and GNU GPL'd, by Nicholas Nethercote et al.
==73608== Using Valgrind-3.16.0.GIT-3c62dde639-20200111 and LibVEX; rerun with -h for copyright info
==73608== Command: ./src/redis-server ./redis.conf --port 30055
==73608== Parent PID: 73133
==73608== 
--73608-- 
--73608-- Valgrind options:
--73608--    --tool=cachegrind
--73608--    --I1=32768,8,64
--73608--    --D1=32768,8,64
--73608--    --L2=16777216,4,32768
--73608--    --cachegrind-out-file=/store/pberry-app-scripts/app-1/output/sim-cachegrind-method-2-config-size=16777216*block=32768*assoc=4.cachegrind.detail
--73608--    --log-file=/store/pberry-app-scripts/app-1/output/sim-cachegrind-method-2-config-size=16777216*block=32768*assoc=4.cachegrind.out
--73608--    -v
--73608--    --trace-children=yes
--73608-- Contents of /proc/version:
--73608--   Linux version 4.4.0-142-generic (buildd@lgw01-amd64-033) (gcc version 5.4.0 20160609 (Ubuntu 5.4.0-6ubuntu1~16.04.10) ) #168-Ubuntu SMP Wed Jan 16 21:00:45 UTC 2019
--73608-- 
--73608-- Arch and hwcaps: AMD64, LittleEndian, amd64-cx16-lzcnt-rdtscp-sse3-ssse3-avx-avx2-bmi-f16c-rdrand
--73608-- Page sizes: currently 4096, max supported 4096
--73608-- Valgrind library directory: /store/pberry-app-scripts/valgrind/build/lib/valgrind
--73608-- warning: L3 cache found, using its data for the LL simulation.
==73608== Cache configuration used:
==73608==   I1: 32,768 B, 8-way, 64 B lines
==73608==   D1: 32,768 B, 8-way, 64 B lines
==73608==   LL: 16,777,216 B, 4-way, 32768 B lines
--73608-- Reading syms from /store/pberry-app-scripts/app-1/redis/src/redis-server
--73608-- Reading syms from /lib/x86_64-linux-gnu/ld-2.23.so
--73608--   Considering /lib/x86_64-linux-gnu/ld-2.23.so ..
--73608--   .. CRC mismatch (computed aa979a42 wanted 9019bbb7)
--73608--   Considering /usr/lib/debug/lib/x86_64-linux-gnu/ld-2.23.so ..
--73608--   .. CRC is valid
--73608-- Reading syms from /store/pberry-app-scripts/valgrind/build/lib/valgrind/cachegrind-amd64-linux
--73608--    object doesn't have a dynamic symbol table
--73608-- Scheduler: using generic scheduler lock implementation.
==73608== embedded gdbserver: reading from /tmp/vgdb-pipe-from-vgdb-to-73608-by-timran-on-???
==73608== embedded gdbserver: writing to   /tmp/vgdb-pipe-to-vgdb-from-73608-by-timran-on-???
==73608== embedded gdbserver: shared mem   /tmp/vgdb-pipe-shared-mem-vgdb-73608-by-timran-on-???
==73608== 
==73608== TO CONTROL THIS PROCESS USING vgdb (which you probably
==73608== don't want to do, unless you know exactly what you're doing,
==73608== or are doing some strange experiment):
==73608==   /store/pberry-app-scripts/valgrind/build/lib/valgrind/../../bin/vgdb --pid=73608 ...command...
==73608== 
==73608== TO DEBUG THIS PROCESS USING GDB: start GDB like this
==73608==   /path/to/gdb ./src/redis-server
==73608== and then give GDB the following command
==73608==   target remote | /store/pberry-app-scripts/valgrind/build/lib/valgrind/../../bin/vgdb --pid=73608
==73608== --pid is optional if only one valgrind process is running
==73608== 
--73608-- Reading syms from /store/pberry-app-scripts/valgrind/build/lib/valgrind/vgpreload_core-amd64-linux.so
--73608-- Reading syms from /lib/x86_64-linux-gnu/libm-2.23.so
--73608--   Considering /lib/x86_64-linux-gnu/libm-2.23.so ..
--73608--   .. CRC mismatch (computed e8c3647b wanted c3efddac)
--73608--   Considering /usr/lib/debug/lib/x86_64-linux-gnu/libm-2.23.so ..
--73608--   .. CRC is valid
--73608-- Reading syms from /lib/x86_64-linux-gnu/libdl-2.23.so
--73608--   Considering /lib/x86_64-linux-gnu/libdl-2.23.so ..
--73608--   .. CRC mismatch (computed 39227170 wanted ab6e2c22)
--73608--   Considering /usr/lib/debug/lib/x86_64-linux-gnu/libdl-2.23.so ..
--73608--   .. CRC is valid
--73608-- Reading syms from /lib/x86_64-linux-gnu/librt-2.23.so
--73608--   Considering /lib/x86_64-linux-gnu/librt-2.23.so ..
--73608--   .. CRC mismatch (computed 734d0439 wanted 09d6393c)
--73608--   Considering /usr/lib/debug/lib/x86_64-linux-gnu/librt-2.23.so ..
--73608--   .. CRC is valid
--73608-- Reading syms from /lib/x86_64-linux-gnu/libpthread-2.23.so
--73608--   Considering /usr/lib/debug/.build-id/ce/17e023542265fc11d9bc8f534bb4f070493d30.debug ..
--73608--   .. build-id is valid
--73608-- Reading syms from /lib/x86_64-linux-gnu/libc-2.23.so
--73608--   Considering /lib/x86_64-linux-gnu/libc-2.23.so ..
--73608--   .. CRC mismatch (computed 7a8ee3e4 wanted a5190ac4)
--73608--   Considering /usr/lib/debug/lib/x86_64-linux-gnu/libc-2.23.so ..
--73608--   .. CRC is valid
==73608== 
==73608== I   refs:      315,322,258,516
==73608== I1  misses:        568,545,942
==73608== LLi misses:          3,362,802
==73608== I1  miss rate:            0.18%
==73608== LLi miss rate:            0.00%
==73608== 
==73608== D   refs:      123,160,790,412  (86,881,245,767 rd   + 36,279,544,645 wr)
==73608== D1  misses:      1,230,076,476  (   869,813,126 rd   +    360,263,350 wr)
==73608== LLd misses:        356,156,335  (   351,907,316 rd   +      4,249,019 wr)
==73608== D1  miss rate:             1.0% (           1.0%     +            1.0%  )
==73608== LLd miss rate:             0.3% (           0.4%     +            0.0%  )
==73608== 
==73608== LL refs:         1,798,622,418  ( 1,438,359,068 rd   +    360,263,350 wr)
==73608== LL misses:         359,519,137  (   355,270,118 rd   +      4,249,019 wr)
==73608== LL miss rate:              0.1% (           0.1%     +            0.0%  )
