79404:C 15 Dec 2020 00:51:40.762 # oO0OoO0OoO0Oo Redis is starting oO0OoO0OoO0Oo
79404:C 15 Dec 2020 00:51:40.773 # Redis version=255.255.255, bits=64, commit=9acd40d9, modified=1, pid=79404, just started
79404:C 15 Dec 2020 00:51:40.774 # Configuration loaded
79404:M 15 Dec 2020 00:51:40.807 * monotonic clock: POSIX clock_gettime
                _._                                                  
           _.-``__ ''-._                                             
      _.-``    `.  `_.  ''-._           Redis 255.255.255 (9acd40d9/1) 64 bit
  .-`` .-```.  ```\/    _.,_ ''-._                                   
 (    '      ,       .-`  | `,    )     Running in standalone mode
 |`-._`-...-` __...-.``-._|'` _.-'|     Port: 30066
 |    `-._   `._    /     _.-'    |     PID: 79404
  `-._    `-._  `-./  _.-'    _.-'                                   
 |`-._`-._    `-.__.-'    _.-'_.-'|                                  
 |    `-._`-._        _.-'_.-'    |           http://redis.io        
  `-._    `-._`-.__.-'_.-'    _.-'                                   
 |`-._`-._    `-.__.-'    _.-'_.-'|                                  
 |    `-._`-._        _.-'_.-'    |                                  
  `-._    `-._`-.__.-'_.-'    _.-'                                   
      `-._    `-.__.-'    _.-'                                       
          `-._        _.-'                                           
              `-.__.-'                                               

79404:M 15 Dec 2020 00:51:40.931 # Server initialized
79404:M 15 Dec 2020 00:51:40.986 * Ready to accept connections
79404:signal-handler (1608020850) Received SIGINT scheduling shutdown...
79404:M 15 Dec 2020 03:27:31.327 # User requested shutdown...
79404:M 15 Dec 2020 03:27:32.465 * Removing the pid file.
79404:M 15 Dec 2020 03:27:33.301 # Redis is now ready to exit, bye bye...
