==79164== Cachegrind, a cache and branch-prediction profiler
==79164== Copyright (C) 2002-2017, and GNU GPL'd, by Nicholas Nethercote et al.
==79164== Using Valgrind-3.16.0.GIT-74b01035ef-20200315 and LibVEX; rerun with -h for copyright info
==79164== Command: ./src/redis-server ./redis.conf --port 30036
==79164== Parent PID: 79150
==79164== 
--79164-- 
--79164-- Valgrind options:
--79164--    --tool=cachegrind
--79164--    --I1=32768,8,64
--79164--    --D1=32768,8,64
--79164--    --L2=8589934592,4,1024
--79164--    --cachegrind-out-file=/store/KCacheSim/scripts/../logs//redis/sim-cachegrind-method-rand-config-size=8589934592*block=1024*assoc=4-run-0.cachegrind.detail
--79164--    --log-file=/store/KCacheSim/scripts/../logs//redis/sim-cachegrind-method-rand-config-size=8589934592*block=1024*assoc=4-run-0.cachegrind.out
--79164--    -v
--79164--    --trace-children=yes
--79164-- Contents of /proc/version:
--79164--   Linux version 5.4.0-51-generic (buildd@lcy01-amd64-020) (gcc version 9.3.0 (Ubuntu 9.3.0-10ubuntu2)) #56-Ubuntu SMP Mon Oct 5 14:28:49 UTC 2020
--79164-- 
--79164-- Arch and hwcaps: AMD64, LittleEndian, amd64-cx16-lzcnt-rdtscp-sse3-ssse3-avx-avx2-bmi-f16c-rdrand
--79164-- Page sizes: currently 4096, max supported 4096
--79164-- Valgrind library directory: /store/KCacheSim/valgrind/build/lib/valgrind
--79164-- warning: L3 cache found, using its data for the LL simulation.
==79164== Cache configuration used:
==79164==   I1: 32,768 B, 8-way, 64 B lines
==79164==   D1: 32,768 B, 8-way, 64 B lines
==79164==   LL: 0 B, 4-way, 1024 B lines
--79164-- Reading syms from /store/KCacheSim/apps/redis/redis/src/redis-server
--79164-- Reading syms from /usr/lib/x86_64-linux-gnu/ld-2.31.so
--79164--   Considering /usr/lib/x86_64-linux-gnu/ld-2.31.so ..
--79164--   .. CRC mismatch (computed 387b17ea wanted d28cf5ef)
--79164--    object doesn't have a symbol table
--79164-- Reading syms from /store/KCacheSim/valgrind/build/lib/valgrind/cachegrind-amd64-linux
--79164--    object doesn't have a dynamic symbol table
--79164-- Scheduler: using generic scheduler lock implementation.
==79164== embedded gdbserver: reading from /tmp/vgdb-pipe-from-vgdb-to-79164-by-timran-on-???
==79164== embedded gdbserver: writing to   /tmp/vgdb-pipe-to-vgdb-from-79164-by-timran-on-???
==79164== embedded gdbserver: shared mem   /tmp/vgdb-pipe-shared-mem-vgdb-79164-by-timran-on-???
==79164== 
==79164== TO CONTROL THIS PROCESS USING vgdb (which you probably
==79164== don't want to do, unless you know exactly what you're doing,
==79164== or are doing some strange experiment):
==79164==   /store/KCacheSim/valgrind/build/lib/valgrind/../../bin/vgdb --pid=79164 ...command...
==79164== 
==79164== TO DEBUG THIS PROCESS USING GDB: start GDB like this
==79164==   /path/to/gdb ./src/redis-server
==79164== and then give GDB the following command
==79164==   target remote | /store/KCacheSim/valgrind/build/lib/valgrind/../../bin/vgdb --pid=79164
==79164== --pid is optional if only one valgrind process is running
==79164== 
--79164-- Reading syms from /store/KCacheSim/valgrind/build/lib/valgrind/vgpreload_core-amd64-linux.so
--79164-- Reading syms from /usr/lib/x86_64-linux-gnu/libm-2.31.so
--79164--   Considering /usr/lib/x86_64-linux-gnu/libm-2.31.so ..
--79164--   .. CRC mismatch (computed 327d785f wanted 751f5509)
--79164--    object doesn't have a symbol table
--79164-- Reading syms from /usr/lib/x86_64-linux-gnu/libdl-2.31.so
--79164--   Considering /usr/lib/x86_64-linux-gnu/libdl-2.31.so ..
--79164--   .. CRC mismatch (computed 4fd191ca wanted df8dd39a)
--79164--    object doesn't have a symbol table
--79164-- Reading syms from /usr/lib/x86_64-linux-gnu/libpthread-2.31.so
--79164--   Considering /usr/lib/debug/.build-id/77/5cbbfff814456660786780b0b3b40096b4c05e.debug ..
--79164--   .. build-id is valid
--79164-- Reading syms from /usr/lib/x86_64-linux-gnu/libc-2.31.so
--79164--   Considering /usr/lib/x86_64-linux-gnu/libc-2.31.so ..
--79164--   .. CRC mismatch (computed a6f43087 wanted 6555436e)
--79164--    object doesn't have a symbol table
==79164== 
==79164== I   refs:      141,414,360,216
==79164== I1  misses:        425,241,796
==79164== LLi misses:                836
==79164== I1  miss rate:            0.30%
==79164== LLi miss rate:            0.00%
==79164== 
==79164== D   refs:       52,093,560,044  (36,041,963,581 rd   + 16,051,596,463 wr)
==79164== D1  misses:        491,042,069  (   344,935,404 rd   +    146,106,665 wr)
==79164== LLd misses:          3,190,240  (       567,810 rd   +      2,622,430 wr)
==79164== D1  miss rate:             0.9% (           1.0%     +            0.9%  )
==79164== LLd miss rate:             0.0% (           0.0%     +            0.0%  )
==79164== 
==79164== LL refs:           916,283,865  (   770,177,200 rd   +    146,106,665 wr)
==79164== LL misses:           3,191,076  (       568,646 rd   +      2,622,430 wr)
==79164== LL miss rate:              0.0% (           0.0%     +            0.0%  )
