==84550== Cachegrind, a cache and branch-prediction profiler
==84550== Copyright (C) 2002-2017, and GNU GPL'd, by Nicholas Nethercote et al.
==84550== Using Valgrind-3.16.0.GIT-74b01035ef-20200315 and LibVEX; rerun with -h for copyright info
==84550== Command: ./src/redis-server ./redis.conf --port 30090
==84550== Parent PID: 84546
==84550== 
--84550-- 
--84550-- Valgrind options:
--84550--    --tool=cachegrind
--84550--    --I1=32768,8,64
--84550--    --D1=32768,8,64
--84550--    --L2=268435456,4,64
--84550--    --cachegrind-out-file=/store/KCacheSim/scripts/../logs//redis/sim-cachegrind-method-rand-config-size=268435456*block=64*assoc=4-run-0.cachegrind.detail
--84550--    --log-file=/store/KCacheSim/scripts/../logs//redis/sim-cachegrind-method-rand-config-size=268435456*block=64*assoc=4-run-0.cachegrind.out
--84550--    -v
--84550--    --trace-children=yes
--84550-- Contents of /proc/version:
--84550--   Linux version 5.4.0-51-generic (buildd@lcy01-amd64-020) (gcc version 9.3.0 (Ubuntu 9.3.0-10ubuntu2)) #56-Ubuntu SMP Mon Oct 5 14:28:49 UTC 2020
--84550-- 
--84550-- Arch and hwcaps: AMD64, LittleEndian, amd64-cx16-lzcnt-rdtscp-sse3-ssse3-avx-avx2-bmi-f16c-rdrand
--84550-- Page sizes: currently 4096, max supported 4096
--84550-- Valgrind library directory: /store/KCacheSim/valgrind/build/lib/valgrind
--84550-- warning: L3 cache found, using its data for the LL simulation.
==84550== Cache configuration used:
==84550==   I1: 32,768 B, 8-way, 64 B lines
==84550==   D1: 32,768 B, 8-way, 64 B lines
==84550==   LL: 268,435,456 B, 4-way, 64 B lines
--84550-- Reading syms from /store/KCacheSim/apps/redis/redis/src/redis-server
--84550-- Reading syms from /usr/lib/x86_64-linux-gnu/ld-2.31.so
--84550--   Considering /usr/lib/x86_64-linux-gnu/ld-2.31.so ..
--84550--   .. CRC mismatch (computed 387b17ea wanted d28cf5ef)
--84550--    object doesn't have a symbol table
--84550-- Reading syms from /store/KCacheSim/valgrind/build/lib/valgrind/cachegrind-amd64-linux
--84550--    object doesn't have a dynamic symbol table
--84550-- Scheduler: using generic scheduler lock implementation.
==84550== embedded gdbserver: reading from /tmp/vgdb-pipe-from-vgdb-to-84550-by-timran-on-???
==84550== embedded gdbserver: writing to   /tmp/vgdb-pipe-to-vgdb-from-84550-by-timran-on-???
==84550== embedded gdbserver: shared mem   /tmp/vgdb-pipe-shared-mem-vgdb-84550-by-timran-on-???
==84550== 
==84550== TO CONTROL THIS PROCESS USING vgdb (which you probably
==84550== don't want to do, unless you know exactly what you're doing,
==84550== or are doing some strange experiment):
==84550==   /store/KCacheSim/valgrind/build/lib/valgrind/../../bin/vgdb --pid=84550 ...command...
==84550== 
==84550== TO DEBUG THIS PROCESS USING GDB: start GDB like this
==84550==   /path/to/gdb ./src/redis-server
==84550== and then give GDB the following command
==84550==   target remote | /store/KCacheSim/valgrind/build/lib/valgrind/../../bin/vgdb --pid=84550
==84550== --pid is optional if only one valgrind process is running
==84550== 
--84550-- Reading syms from /store/KCacheSim/valgrind/build/lib/valgrind/vgpreload_core-amd64-linux.so
--84550-- Reading syms from /usr/lib/x86_64-linux-gnu/libm-2.31.so
--84550--   Considering /usr/lib/x86_64-linux-gnu/libm-2.31.so ..
--84550--   .. CRC mismatch (computed 327d785f wanted 751f5509)
--84550--    object doesn't have a symbol table
--84550-- Reading syms from /usr/lib/x86_64-linux-gnu/libdl-2.31.so
--84550--   Considering /usr/lib/x86_64-linux-gnu/libdl-2.31.so ..
--84550--   .. CRC mismatch (computed 4fd191ca wanted df8dd39a)
--84550--    object doesn't have a symbol table
--84550-- Reading syms from /usr/lib/x86_64-linux-gnu/libpthread-2.31.so
--84550--   Considering /usr/lib/debug/.build-id/77/5cbbfff814456660786780b0b3b40096b4c05e.debug ..
--84550--   .. build-id is valid
--84550-- Reading syms from /usr/lib/x86_64-linux-gnu/libc-2.31.so
--84550--   Considering /usr/lib/x86_64-linux-gnu/libc-2.31.so ..
--84550--   .. CRC mismatch (computed a6f43087 wanted 6555436e)
--84550--    object doesn't have a symbol table
==84550== 
==84550== I   refs:      325,010,566,313
==84550== I1  misses:        900,336,880
==84550== LLi misses:             19,913
==84550== I1  miss rate:            0.28%
==84550== LLi miss rate:            0.00%
==84550== 
==84550== D   refs:      119,609,075,031  (82,709,372,787 rd   + 36,899,702,244 wr)
==84550== D1  misses:      1,228,719,812  (   873,418,721 rd   +    355,301,091 wr)
==84550== LLd misses:        586,169,400  (   423,547,877 rd   +    162,621,523 wr)
==84550== D1  miss rate:             1.0% (           1.1%     +            1.0%  )
==84550== LLd miss rate:             0.5% (           0.5%     +            0.4%  )
==84550== 
==84550== LL refs:         2,129,056,692  ( 1,773,755,601 rd   +    355,301,091 wr)
==84550== LL misses:         586,189,313  (   423,567,790 rd   +    162,621,523 wr)
==84550== LL miss rate:              0.1% (           0.1%     +            0.4%  )
