==73407== Cachegrind, a cache and branch-prediction profiler
==73407== Copyright (C) 2002-2017, and GNU GPL'd, by Nicholas Nethercote et al.
==73407== Using Valgrind-3.16.0.GIT-3c62dde639-20200111 and LibVEX; rerun with -h for copyright info
==73407== Command: ./src/redis-server ./redis.conf --port 30025
==73407== Parent PID: 72916
==73407== 
--73407-- 
--73407-- Valgrind options:
--73407--    --tool=cachegrind
--73407--    --I1=32768,8,64
--73407--    --D1=32768,8,64
--73407--    --L2=1073741824,4,32768
--73407--    --cachegrind-out-file=/store/pberry-app-scripts/app-1/output/sim-cachegrind-method-2-config-size=1073741824*block=32768*assoc=4.cachegrind.detail
--73407--    --log-file=/store/pberry-app-scripts/app-1/output/sim-cachegrind-method-2-config-size=1073741824*block=32768*assoc=4.cachegrind.out
--73407--    -v
--73407--    --trace-children=yes
--73407-- Contents of /proc/version:
--73407--   Linux version 4.4.0-142-generic (buildd@lgw01-amd64-033) (gcc version 5.4.0 20160609 (Ubuntu 5.4.0-6ubuntu1~16.04.10) ) #168-Ubuntu SMP Wed Jan 16 21:00:45 UTC 2019
--73407-- 
--73407-- Arch and hwcaps: AMD64, LittleEndian, amd64-cx16-lzcnt-rdtscp-sse3-ssse3-avx-avx2-bmi-f16c-rdrand
--73407-- Page sizes: currently 4096, max supported 4096
--73407-- Valgrind library directory: /store/pberry-app-scripts/valgrind/build/lib/valgrind
--73407-- warning: L3 cache found, using its data for the LL simulation.
==73407== Cache configuration used:
==73407==   I1: 32,768 B, 8-way, 64 B lines
==73407==   D1: 32,768 B, 8-way, 64 B lines
==73407==   LL: 1,073,741,824 B, 4-way, 32768 B lines
--73407-- Reading syms from /store/pberry-app-scripts/app-1/redis/src/redis-server
--73407-- Reading syms from /lib/x86_64-linux-gnu/ld-2.23.so
--73407--   Considering /lib/x86_64-linux-gnu/ld-2.23.so ..
--73407--   .. CRC mismatch (computed aa979a42 wanted 9019bbb7)
--73407--   Considering /usr/lib/debug/lib/x86_64-linux-gnu/ld-2.23.so ..
--73407--   .. CRC is valid
--73407-- Reading syms from /store/pberry-app-scripts/valgrind/build/lib/valgrind/cachegrind-amd64-linux
--73407--    object doesn't have a dynamic symbol table
--73407-- Scheduler: using generic scheduler lock implementation.
==73407== embedded gdbserver: reading from /tmp/vgdb-pipe-from-vgdb-to-73407-by-timran-on-???
==73407== embedded gdbserver: writing to   /tmp/vgdb-pipe-to-vgdb-from-73407-by-timran-on-???
==73407== embedded gdbserver: shared mem   /tmp/vgdb-pipe-shared-mem-vgdb-73407-by-timran-on-???
==73407== 
==73407== TO CONTROL THIS PROCESS USING vgdb (which you probably
==73407== don't want to do, unless you know exactly what you're doing,
==73407== or are doing some strange experiment):
==73407==   /store/pberry-app-scripts/valgrind/build/lib/valgrind/../../bin/vgdb --pid=73407 ...command...
==73407== 
==73407== TO DEBUG THIS PROCESS USING GDB: start GDB like this
==73407==   /path/to/gdb ./src/redis-server
==73407== and then give GDB the following command
==73407==   target remote | /store/pberry-app-scripts/valgrind/build/lib/valgrind/../../bin/vgdb --pid=73407
==73407== --pid is optional if only one valgrind process is running
==73407== 
--73407-- Reading syms from /store/pberry-app-scripts/valgrind/build/lib/valgrind/vgpreload_core-amd64-linux.so
--73407-- Reading syms from /lib/x86_64-linux-gnu/libm-2.23.so
--73407--   Considering /lib/x86_64-linux-gnu/libm-2.23.so ..
--73407--   .. CRC mismatch (computed e8c3647b wanted c3efddac)
--73407--   Considering /usr/lib/debug/lib/x86_64-linux-gnu/libm-2.23.so ..
--73407--   .. CRC is valid
--73407-- Reading syms from /lib/x86_64-linux-gnu/libdl-2.23.so
--73407--   Considering /lib/x86_64-linux-gnu/libdl-2.23.so ..
--73407--   .. CRC mismatch (computed 39227170 wanted ab6e2c22)
--73407--   Considering /usr/lib/debug/lib/x86_64-linux-gnu/libdl-2.23.so ..
--73407--   .. CRC is valid
--73407-- Reading syms from /lib/x86_64-linux-gnu/librt-2.23.so
--73407--   Considering /lib/x86_64-linux-gnu/librt-2.23.so ..
--73407--   .. CRC mismatch (computed 734d0439 wanted 09d6393c)
--73407--   Considering /usr/lib/debug/lib/x86_64-linux-gnu/librt-2.23.so ..
--73407--   .. CRC is valid
--73407-- Reading syms from /lib/x86_64-linux-gnu/libpthread-2.23.so
--73407--   Considering /usr/lib/debug/.build-id/ce/17e023542265fc11d9bc8f534bb4f070493d30.debug ..
--73407--   .. build-id is valid
--73407-- Reading syms from /lib/x86_64-linux-gnu/libc-2.23.so
--73407--   Considering /lib/x86_64-linux-gnu/libc-2.23.so ..
--73407--   .. CRC mismatch (computed 7a8ee3e4 wanted a5190ac4)
--73407--   Considering /usr/lib/debug/lib/x86_64-linux-gnu/libc-2.23.so ..
--73407--   .. CRC is valid
==73407== 
==73407== I   refs:      315,254,036,277
==73407== I1  misses:        568,740,003
==73407== LLi misses:             58,988
==73407== I1  miss rate:            0.18%
==73407== LLi miss rate:            0.00%
==73407== 
==73407== D   refs:      123,138,168,505  (86,865,495,443 rd   + 36,272,673,062 wr)
==73407== D1  misses:      1,230,908,183  (   870,554,551 rd   +    360,353,632 wr)
==73407== LLd misses:        131,220,589  (   129,856,522 rd   +      1,364,067 wr)
==73407== D1  miss rate:             1.0% (           1.0%     +            1.0%  )
==73407== LLd miss rate:             0.1% (           0.1%     +            0.0%  )
==73407== 
==73407== LL refs:         1,799,648,186  ( 1,439,294,554 rd   +    360,353,632 wr)
==73407== LL misses:         131,279,577  (   129,915,510 rd   +      1,364,067 wr)
==73407== LL miss rate:              0.0% (           0.0%     +            0.0%  )
