==79107== Cachegrind, a cache and branch-prediction profiler
==79107== Copyright (C) 2002-2017, and GNU GPL'd, by Nicholas Nethercote et al.
==79107== Using Valgrind-3.16.0.GIT-74b01035ef-20200315 and LibVEX; rerun with -h for copyright info
==79107== Command: ./src/redis-server ./redis.conf --port 30024
==79107== Parent PID: 79072
==79107== 
--79107-- 
--79107-- Valgrind options:
--79107--    --tool=cachegrind
--79107--    --I1=32768,8,64
--79107--    --D1=32768,8,64
--79107--    --L2=65536,16,64
--79107--    --cachegrind-out-file=/store/KCacheSim/scripts/../logs//redis/sim-cachegrind-method-rand-config-l2-run-0.cachegrind.detail
--79107--    --log-file=/store/KCacheSim/scripts/../logs//redis/sim-cachegrind-method-rand-config-l2-run-0.cachegrind.out
--79107--    -v
--79107--    --trace-children=yes
--79107-- Contents of /proc/version:
--79107--   Linux version 5.4.0-51-generic (buildd@lcy01-amd64-020) (gcc version 9.3.0 (Ubuntu 9.3.0-10ubuntu2)) #56-Ubuntu SMP Mon Oct 5 14:28:49 UTC 2020
--79107-- 
--79107-- Arch and hwcaps: AMD64, LittleEndian, amd64-cx16-lzcnt-rdtscp-sse3-ssse3-avx-avx2-bmi-f16c-rdrand
--79107-- Page sizes: currently 4096, max supported 4096
--79107-- Valgrind library directory: /store/KCacheSim/valgrind/build/lib/valgrind
--79107-- warning: L3 cache found, using its data for the LL simulation.
==79107== Cache configuration used:
==79107==   I1: 32,768 B, 8-way, 64 B lines
==79107==   D1: 32,768 B, 8-way, 64 B lines
==79107==   LL: 65,536 B, 16-way, 64 B lines
--79107-- Reading syms from /store/KCacheSim/apps/redis/redis/src/redis-server
--79107-- Reading syms from /usr/lib/x86_64-linux-gnu/ld-2.31.so
--79107--   Considering /usr/lib/x86_64-linux-gnu/ld-2.31.so ..
--79107--   .. CRC mismatch (computed 387b17ea wanted d28cf5ef)
--79107--    object doesn't have a symbol table
--79107-- Reading syms from /store/KCacheSim/valgrind/build/lib/valgrind/cachegrind-amd64-linux
--79107--    object doesn't have a dynamic symbol table
--79107-- Scheduler: using generic scheduler lock implementation.
==79107== embedded gdbserver: reading from /tmp/vgdb-pipe-from-vgdb-to-79107-by-timran-on-???
==79107== embedded gdbserver: writing to   /tmp/vgdb-pipe-to-vgdb-from-79107-by-timran-on-???
==79107== embedded gdbserver: shared mem   /tmp/vgdb-pipe-shared-mem-vgdb-79107-by-timran-on-???
==79107== 
==79107== TO CONTROL THIS PROCESS USING vgdb (which you probably
==79107== don't want to do, unless you know exactly what you're doing,
==79107== or are doing some strange experiment):
==79107==   /store/KCacheSim/valgrind/build/lib/valgrind/../../bin/vgdb --pid=79107 ...command...
==79107== 
==79107== TO DEBUG THIS PROCESS USING GDB: start GDB like this
==79107==   /path/to/gdb ./src/redis-server
==79107== and then give GDB the following command
==79107==   target remote | /store/KCacheSim/valgrind/build/lib/valgrind/../../bin/vgdb --pid=79107
==79107== --pid is optional if only one valgrind process is running
==79107== 
--79107-- Reading syms from /store/KCacheSim/valgrind/build/lib/valgrind/vgpreload_core-amd64-linux.so
--79107-- Reading syms from /usr/lib/x86_64-linux-gnu/libm-2.31.so
--79107--   Considering /usr/lib/x86_64-linux-gnu/libm-2.31.so ..
--79107--   .. CRC mismatch (computed 327d785f wanted 751f5509)
--79107--    object doesn't have a symbol table
--79107-- Reading syms from /usr/lib/x86_64-linux-gnu/libdl-2.31.so
--79107--   Considering /usr/lib/x86_64-linux-gnu/libdl-2.31.so ..
--79107--   .. CRC mismatch (computed 4fd191ca wanted df8dd39a)
--79107--    object doesn't have a symbol table
--79107-- Reading syms from /usr/lib/x86_64-linux-gnu/libpthread-2.31.so
--79107--   Considering /usr/lib/debug/.build-id/77/5cbbfff814456660786780b0b3b40096b4c05e.debug ..
--79107--   .. build-id is valid
--79107-- Reading syms from /usr/lib/x86_64-linux-gnu/libc-2.31.so
--79107--   Considering /usr/lib/x86_64-linux-gnu/libc-2.31.so ..
--79107--   .. CRC mismatch (computed a6f43087 wanted 6555436e)
--79107--    object doesn't have a symbol table
==78991== 
==78991== I   refs:      330,107,406,928
==78991== I1  misses:        914,223,378
==78991== LLi misses:        101,271,900
==78991== I1  miss rate:            0.28%
==78991== LLi miss rate:            0.03%
==78991== 
==78991== D   refs:      121,493,522,024  (84,153,255,012 rd   + 37,340,267,012 wr)
==78991== D1  misses:      1,281,700,612  (   903,729,242 rd   +    377,971,370 wr)
==78991== LLd misses:      1,255,196,999  (   881,722,941 rd   +    373,474,058 wr)
==78991== D1  miss rate:             1.1% (           1.1%     +            1.0%  )
==78991== LLd miss rate:             1.0% (           1.0%     +            1.0%  )
==78991== 
==78991== LL refs:         2,195,923,990  ( 1,817,952,620 rd   +    377,971,370 wr)
==78991== LL misses:       1,356,468,899  (   982,994,841 rd   +    373,474,058 wr)
==78991== LL miss rate:              0.3% (           0.2%     +            1.0%  )
