73681:C 10 Apr 2020 10:07:52.633 # oO0OoO0OoO0Oo Redis is starting oO0OoO0OoO0Oo
73681:C 10 Apr 2020 10:07:52.653 # Redis version=999.999.999, bits=64, commit=767977c5, modified=0, pid=73681, just started
73681:C 10 Apr 2020 10:07:52.653 # Configuration loaded
                _._                                                  
           _.-``__ ''-._                                             
      _.-``    `.  `_.  ''-._           Redis 999.999.999 (767977c5/0) 64 bit
  .-`` .-```.  ```\/    _.,_ ''-._                                   
 (    '      ,       .-`  | `,    )     Running in standalone mode
 |`-._`-...-` __...-.``-._|'` _.-'|     Port: 30054
 |    `-._   `._    /     _.-'    |     PID: 73681
  `-._    `-._  `-./  _.-'    _.-'                                   
 |`-._`-._    `-.__.-'    _.-'_.-'|                                  
 |    `-._`-._        _.-'_.-'    |           http://redis.io        
  `-._    `-._`-.__.-'_.-'    _.-'                                   
 |`-._`-._    `-.__.-'    _.-'_.-'|                                  
 |    `-._`-._        _.-'_.-'    |                                  
  `-._    `-._`-.__.-'_.-'    _.-'                                   
      `-._    `-.__.-'    _.-'                                       
          `-._        _.-'                                           
              `-.__.-'                                               

73681:M 10 Apr 2020 10:07:52.889 # WARNING: The TCP backlog setting of 511 cannot be enforced because /proc/sys/net/core/somaxconn is set to the lower value of 128.
73681:M 10 Apr 2020 10:07:52.890 # Server initialized
73681:M 10 Apr 2020 10:07:52.966 * Ready to accept connections
73681:signal-handler (1586535054) Received SIGINT scheduling shutdown...
73681:M 10 Apr 2020 12:10:54.476 # User requested shutdown...
73681:M 10 Apr 2020 12:10:54.478 * Removing the pid file.
73681:M 10 Apr 2020 12:10:54.480 # Redis is now ready to exit, bye bye...
