79340:C 15 Dec 2020 00:51:41.042 # oO0OoO0OoO0Oo Redis is starting oO0OoO0OoO0Oo
79340:C 15 Dec 2020 00:51:41.054 # Redis version=255.255.255, bits=64, commit=9acd40d9, modified=1, pid=79340, just started
79340:C 15 Dec 2020 00:51:41.055 # Configuration loaded
79340:M 15 Dec 2020 00:51:41.095 * monotonic clock: POSIX clock_gettime
                _._                                                  
           _.-``__ ''-._                                             
      _.-``    `.  `_.  ''-._           Redis 255.255.255 (9acd40d9/1) 64 bit
  .-`` .-```.  ```\/    _.,_ ''-._                                   
 (    '      ,       .-`  | `,    )     Running in standalone mode
 |`-._`-...-` __...-.``-._|'` _.-'|     Port: 30056
 |    `-._   `._    /     _.-'    |     PID: 79340
  `-._    `-._  `-./  _.-'    _.-'                                   
 |`-._`-._    `-.__.-'    _.-'_.-'|                                  
 |    `-._`-._        _.-'_.-'    |           http://redis.io        
  `-._    `-._`-.__.-'_.-'    _.-'                                   
 |`-._`-._    `-.__.-'    _.-'_.-'|                                  
 |    `-._`-._        _.-'_.-'    |                                  
  `-._    `-._`-.__.-'_.-'    _.-'                                   
      `-._    `-.__.-'    _.-'                                       
          `-._        _.-'                                           
              `-.__.-'                                               

79340:M 15 Dec 2020 00:51:41.223 # Server initialized
79340:M 15 Dec 2020 00:51:41.277 * Ready to accept connections
79340:signal-handler (1608019299) Received SIGINT scheduling shutdown...
79340:M 15 Dec 2020 03:01:39.801 # User requested shutdown...
79340:M 15 Dec 2020 03:01:40.722 * Removing the pid file.
79340:M 15 Dec 2020 03:01:41.254 # Redis is now ready to exit, bye bye...
