==83599== Cachegrind, a cache and branch-prediction profiler
==83599== Copyright (C) 2002-2017, and GNU GPL'd, by Nicholas Nethercote et al.
==83599== Using Valgrind-3.16.0.GIT-74b01035ef-20200315 and LibVEX; rerun with -h for copyright info
==83599== Command: ./src/redis-server ./redis.conf --port 30072
==83599== Parent PID: 83594
==83599== 
--83599-- 
--83599-- Valgrind options:
--83599--    --tool=cachegrind
--83599--    --I1=32768,8,64
--83599--    --D1=32768,8,64
--83599--    --L2=1073741824,4,1024
--83599--    --cachegrind-out-file=/store/KCacheSim/scripts/../logs//redis/sim-cachegrind-method-rand-config-size=1073741824*block=1024*assoc=4-run-0.cachegrind.detail
--83599--    --log-file=/store/KCacheSim/scripts/../logs//redis/sim-cachegrind-method-rand-config-size=1073741824*block=1024*assoc=4-run-0.cachegrind.out
--83599--    -v
--83599--    --trace-children=yes
--83599-- Contents of /proc/version:
--83599--   Linux version 5.4.0-51-generic (buildd@lcy01-amd64-020) (gcc version 9.3.0 (Ubuntu 9.3.0-10ubuntu2)) #56-Ubuntu SMP Mon Oct 5 14:28:49 UTC 2020
--83599-- 
--83599-- Arch and hwcaps: AMD64, LittleEndian, amd64-cx16-lzcnt-rdtscp-sse3-ssse3-avx-avx2-bmi-f16c-rdrand
--83599-- Page sizes: currently 4096, max supported 4096
--83599-- Valgrind library directory: /store/KCacheSim/valgrind/build/lib/valgrind
--83599-- warning: L3 cache found, using its data for the LL simulation.
==83599== Cache configuration used:
==83599==   I1: 32,768 B, 8-way, 64 B lines
==83599==   D1: 32,768 B, 8-way, 64 B lines
==83599==   LL: 1,073,741,824 B, 4-way, 1024 B lines
--83599-- Reading syms from /store/KCacheSim/apps/redis/redis/src/redis-server
--83599-- Reading syms from /usr/lib/x86_64-linux-gnu/ld-2.31.so
--83599--   Considering /usr/lib/x86_64-linux-gnu/ld-2.31.so ..
--83599--   .. CRC mismatch (computed 387b17ea wanted d28cf5ef)
--83599--    object doesn't have a symbol table
--83599-- Reading syms from /store/KCacheSim/valgrind/build/lib/valgrind/cachegrind-amd64-linux
