79141:C 15 Dec 2020 00:51:40.749 # oO0OoO0OoO0Oo Redis is starting oO0OoO0OoO0Oo
79141:C 15 Dec 2020 00:51:40.760 # Redis version=255.255.255, bits=64, commit=9acd40d9, modified=1, pid=79141, just started
79141:C 15 Dec 2020 00:51:40.761 # Configuration loaded
79141:M 15 Dec 2020 00:51:40.802 * monotonic clock: POSIX clock_gettime
                _._                                                  
           _.-``__ ''-._                                             
      _.-``    `.  `_.  ''-._           Redis 255.255.255 (9acd40d9/1) 64 bit
  .-`` .-```.  ```\/    _.,_ ''-._                                   
 (    '      ,       .-`  | `,    )     Running in standalone mode
 |`-._`-...-` __...-.``-._|'` _.-'|     Port: 30010
 |    `-._   `._    /     _.-'    |     PID: 79141
  `-._    `-._  `-./  _.-'    _.-'                                   
 |`-._`-._    `-.__.-'    _.-'_.-'|                                  
 |    `-._`-._        _.-'_.-'    |           http://redis.io        
  `-._    `-._`-.__.-'_.-'    _.-'                                   
 |`-._`-._    `-.__.-'    _.-'_.-'|                                  
 |    `-._`-._        _.-'_.-'    |                                  
  `-._    `-._`-.__.-'_.-'    _.-'                                   
      `-._    `-.__.-'    _.-'                                       
          `-._        _.-'                                           
              `-.__.-'                                               

79141:M 15 Dec 2020 00:51:40.934 # Server initialized
79141:M 15 Dec 2020 00:51:40.998 * Ready to accept connections
79402:signal-handler (1608020568) Received SIGINT scheduling shutdown...
79402:M 15 Dec 2020 03:22:49.538 # User requested shutdown...
79402:M 15 Dec 2020 03:22:50.438 * Removing the pid file.
79402:M 15 Dec 2020 03:22:50.679 # Redis is now ready to exit, bye bye...
