79130:C 15 Dec 2020 00:51:41.233 # oO0OoO0OoO0Oo Redis is starting oO0OoO0OoO0Oo
79130:C 15 Dec 2020 00:51:41.243 # Redis version=255.255.255, bits=64, commit=9acd40d9, modified=1, pid=79130, just started
79130:C 15 Dec 2020 00:51:41.244 # Configuration loaded
79130:M 15 Dec 2020 00:51:41.274 * monotonic clock: POSIX clock_gettime
                _._                                                  
           _.-``__ ''-._                                             
      _.-``    `.  `_.  ''-._           Redis 255.255.255 (9acd40d9/1) 64 bit
  .-`` .-```.  ```\/    _.,_ ''-._                                   
 (    '      ,       .-`  | `,    )     Running in standalone mode
 |`-._`-...-` __...-.``-._|'` _.-'|     Port: 30030
 |    `-._   `._    /     _.-'    |     PID: 79130
  `-._    `-._  `-./  _.-'    _.-'                                   
 |`-._`-._    `-.__.-'    _.-'_.-'|                                  
 |    `-._`-._        _.-'_.-'    |           http://redis.io        
  `-._    `-._`-.__.-'_.-'    _.-'                                   
 |`-._`-._    `-.__.-'    _.-'_.-'|                                  
 |    `-._`-._        _.-'_.-'    |                                  
  `-._    `-._`-.__.-'_.-'    _.-'                                   
      `-._    `-.__.-'    _.-'                                       
          `-._        _.-'                                           
              `-.__.-'                                               

79130:M 15 Dec 2020 00:51:41.390 # Server initialized
79130:M 15 Dec 2020 00:51:41.443 * Ready to accept connections
79130:signal-handler (1608013905) Received SIGINT scheduling shutdown...
79130:M 15 Dec 2020 01:31:45.308 # User requested shutdown...
79130:M 15 Dec 2020 01:31:45.412 * Removing the pid file.
79130:M 15 Dec 2020 01:31:45.502 # Redis is now ready to exit, bye bye...
