==79411== Cachegrind, a cache and branch-prediction profiler
==79411== Copyright (C) 2002-2017, and GNU GPL'd, by Nicholas Nethercote et al.
==79411== Using Valgrind-3.16.0.GIT-74b01035ef-20200315 and LibVEX; rerun with -h for copyright info
==79411== Command: ./src/redis-server ./redis.conf --port 30070
==79411== Parent PID: 79405
==79411== 
--79411-- 
--79411-- Valgrind options:
--79411--    --tool=cachegrind
--79411--    --I1=32768,8,64
--79411--    --D1=32768,8,64
--79411--    --L2=1073741824,4,512
--79411--    --cachegrind-out-file=/store/KCacheSim/scripts/../logs//redis/sim-cachegrind-method-rand-config-size=1073741824*block=512*assoc=4-run-0.cachegrind.detail
--79411--    --log-file=/store/KCacheSim/scripts/../logs//redis/sim-cachegrind-method-rand-config-size=1073741824*block=512*assoc=4-run-0.cachegrind.out
--79411--    -v
--79411--    --trace-children=yes
--79411-- Contents of /proc/version:
--79411--   Linux version 5.4.0-51-generic (buildd@lcy01-amd64-020) (gcc version 9.3.0 (Ubuntu 9.3.0-10ubuntu2)) #56-Ubuntu SMP Mon Oct 5 14:28:49 UTC 2020
--79411-- 
--79411-- Arch and hwcaps: AMD64, LittleEndian, amd64-cx16-lzcnt-rdtscp-sse3-ssse3-avx-avx2-bmi-f16c-rdrand
--79411-- Page sizes: currently 4096, max supported 4096
--79411-- Valgrind library directory: /store/KCacheSim/valgrind/build/lib/valgrind
--79411-- warning: L3 cache found, using its data for the LL simulation.
==79411== Cache configuration used:
==79411==   I1: 32,768 B, 8-way, 64 B lines
==79411==   D1: 32,768 B, 8-way, 64 B lines
==79411==   LL: 1,073,741,824 B, 4-way, 512 B lines
--79411-- Reading syms from /store/KCacheSim/apps/redis/redis/src/redis-server
--79411-- Reading syms from /usr/lib/x86_64-linux-gnu/ld-2.31.so
--79411--   Considering /usr/lib/x86_64-linux-gnu/ld-2.31.so ..
--79411--   .. CRC mismatch (computed 387b17ea wanted d28cf5ef)
--79411--    object doesn't have a symbol table
--79411-- Reading syms from /store/KCacheSim/valgrind/build/lib/valgrind/cachegrind-amd64-linux
--79411--    object doesn't have a dynamic symbol table
--79411-- Scheduler: using generic scheduler lock implementation.
==79411== embedded gdbserver: reading from /tmp/vgdb-pipe-from-vgdb-to-79411-by-timran-on-???
==79411== embedded gdbserver: writing to   /tmp/vgdb-pipe-to-vgdb-from-79411-by-timran-on-???
==79411== embedded gdbserver: shared mem   /tmp/vgdb-pipe-shared-mem-vgdb-79411-by-timran-on-???
==79411== 
==79411== TO CONTROL THIS PROCESS USING vgdb (which you probably
==79411== don't want to do, unless you know exactly what you're doing,
==79411== or are doing some strange experiment):
==79411==   /store/KCacheSim/valgrind/build/lib/valgrind/../../bin/vgdb --pid=79411 ...command...
==79411== 
==79411== TO DEBUG THIS PROCESS USING GDB: start GDB like this
==79411==   /path/to/gdb ./src/redis-server
==79411== and then give GDB the following command
==79411==   target remote | /store/KCacheSim/valgrind/build/lib/valgrind/../../bin/vgdb --pid=79411
==79411== --pid is optional if only one valgrind process is running
==79411== 
--79411-- Reading syms from /store/KCacheSim/valgrind/build/lib/valgrind/vgpreload_core-amd64-linux.so
--79411-- Reading syms from /usr/lib/x86_64-linux-gnu/libm-2.31.so
--79411--   Considering /usr/lib/x86_64-linux-gnu/libm-2.31.so ..
--79411--   .. CRC mismatch (computed 327d785f wanted 751f5509)
--79411--    object doesn't have a symbol table
--79411-- Reading syms from /usr/lib/x86_64-linux-gnu/libdl-2.31.so
--79411--   Considering /usr/lib/x86_64-linux-gnu/libdl-2.31.so ..
--79411--   .. CRC mismatch (computed 4fd191ca wanted df8dd39a)
--79411--    object doesn't have a symbol table
--79411-- Reading syms from /usr/lib/x86_64-linux-gnu/libpthread-2.31.so
--79411--   Considering /usr/lib/debug/.build-id/77/5cbbfff814456660786780b0b3b40096b4c05e.debug ..
--79411--   .. build-id is valid
--79411-- Reading syms from /usr/lib/x86_64-linux-gnu/libc-2.31.so
--79411--   Considering /usr/lib/x86_64-linux-gnu/libc-2.31.so ..
--79411--   .. CRC mismatch (computed a6f43087 wanted 6555436e)
--79411--    object doesn't have a symbol table
==79411== 
==79411== I   refs:      187,938,029,679
==79411== I1  misses:        543,144,812
==79411== LLi misses:              2,133
==79411== I1  miss rate:            0.29%
==79411== LLi miss rate:            0.00%
==79411== 
==79411== D   refs:       68,645,714,722  (47,744,081,406 rd   + 20,901,633,316 wr)
==79411== D1  misses:        672,733,244  (   478,359,738 rd   +    194,373,506 wr)
==79411== LLd misses:         48,100,397  (    37,867,542 rd   +     10,232,855 wr)
==79411== D1  miss rate:             1.0% (           1.0%     +            0.9%  )
==79411== LLd miss rate:             0.1% (           0.1%     +            0.0%  )
==79411== 
==79411== LL refs:         1,215,878,056  ( 1,021,504,550 rd   +    194,373,506 wr)
==79411== LL misses:          48,102,530  (    37,869,675 rd   +     10,232,855 wr)
==79411== LL miss rate:              0.0% (           0.0%     +            0.0%  )
