==73439== Cachegrind, a cache and branch-prediction profiler
==73439== Copyright (C) 2002-2017, and GNU GPL'd, by Nicholas Nethercote et al.
==73439== Using Valgrind-3.16.0.GIT-3c62dde639-20200111 and LibVEX; rerun with -h for copyright info
==73439== Command: ./src/redis-server ./redis.conf --port 30034
==73439== Parent PID: 72967
==73439== 
--73439-- 
--73439-- Valgrind options:
--73439--    --tool=cachegrind
--73439--    --I1=32768,8,64
--73439--    --D1=32768,8,64
--73439--    --L2=268435456,4,256
--73439--    --cachegrind-out-file=/store/pberry-app-scripts/app-1/output/sim-cachegrind-method-2-config-size=268435456*block=256*assoc=4.cachegrind.detail
--73439--    --log-file=/store/pberry-app-scripts/app-1/output/sim-cachegrind-method-2-config-size=268435456*block=256*assoc=4.cachegrind.out
--73439--    -v
--73439--    --trace-children=yes
--73439-- Contents of /proc/version:
--73439--   Linux version 4.4.0-142-generic (buildd@lgw01-amd64-033) (gcc version 5.4.0 20160609 (Ubuntu 5.4.0-6ubuntu1~16.04.10) ) #168-Ubuntu SMP Wed Jan 16 21:00:45 UTC 2019
--73439-- 
--73439-- Arch and hwcaps: AMD64, LittleEndian, amd64-cx16-lzcnt-rdtscp-sse3-ssse3-avx-avx2-bmi-f16c-rdrand
--73439-- Page sizes: currently 4096, max supported 4096
--73439-- Valgrind library directory: /store/pberry-app-scripts/valgrind/build/lib/valgrind
--73439-- warning: L3 cache found, using its data for the LL simulation.
==73439== Cache configuration used:
==73439==   I1: 32,768 B, 8-way, 64 B lines
==73439==   D1: 32,768 B, 8-way, 64 B lines
==73439==   LL: 268,435,456 B, 4-way, 256 B lines
--73439-- Reading syms from /store/pberry-app-scripts/app-1/redis/src/redis-server
--73439-- Reading syms from /lib/x86_64-linux-gnu/ld-2.23.so
--73439--   Considering /lib/x86_64-linux-gnu/ld-2.23.so ..
--73439--   .. CRC mismatch (computed aa979a42 wanted 9019bbb7)
--73439--   Considering /usr/lib/debug/lib/x86_64-linux-gnu/ld-2.23.so ..
--73439--   .. CRC is valid
--73439-- Reading syms from /store/pberry-app-scripts/valgrind/build/lib/valgrind/cachegrind-amd64-linux
--73439--    object doesn't have a dynamic symbol table
--73439-- Scheduler: using generic scheduler lock implementation.
==73439== embedded gdbserver: reading from /tmp/vgdb-pipe-from-vgdb-to-73439-by-timran-on-???
==73439== embedded gdbserver: writing to   /tmp/vgdb-pipe-to-vgdb-from-73439-by-timran-on-???
==73439== embedded gdbserver: shared mem   /tmp/vgdb-pipe-shared-mem-vgdb-73439-by-timran-on-???
==73439== 
==73439== TO CONTROL THIS PROCESS USING vgdb (which you probably
==73439== don't want to do, unless you know exactly what you're doing,
==73439== or are doing some strange experiment):
==73439==   /store/pberry-app-scripts/valgrind/build/lib/valgrind/../../bin/vgdb --pid=73439 ...command...
==73439== 
==73439== TO DEBUG THIS PROCESS USING GDB: start GDB like this
==73439==   /path/to/gdb ./src/redis-server
==73439== and then give GDB the following command
==73439==   target remote | /store/pberry-app-scripts/valgrind/build/lib/valgrind/../../bin/vgdb --pid=73439
==73439== --pid is optional if only one valgrind process is running
==73439== 
--73439-- Reading syms from /store/pberry-app-scripts/valgrind/build/lib/valgrind/vgpreload_core-amd64-linux.so
--73439-- Reading syms from /lib/x86_64-linux-gnu/libm-2.23.so
--73439--   Considering /lib/x86_64-linux-gnu/libm-2.23.so ..
--73439--   .. CRC mismatch (computed e8c3647b wanted c3efddac)
--73439--   Considering /usr/lib/debug/lib/x86_64-linux-gnu/libm-2.23.so ..
--73439--   .. CRC is valid
--73439-- Reading syms from /lib/x86_64-linux-gnu/libdl-2.23.so
--73439--   Considering /lib/x86_64-linux-gnu/libdl-2.23.so ..
--73439--   .. CRC mismatch (computed 39227170 wanted ab6e2c22)
--73439--   Considering /usr/lib/debug/lib/x86_64-linux-gnu/libdl-2.23.so ..
--73439--   .. CRC is valid
--73439-- Reading syms from /lib/x86_64-linux-gnu/librt-2.23.so
--73439--   Considering /lib/x86_64-linux-gnu/librt-2.23.so ..
--73439--   .. CRC mismatch (computed 734d0439 wanted 09d6393c)
--73439--   Considering /usr/lib/debug/lib/x86_64-linux-gnu/librt-2.23.so ..
--73439--   .. CRC is valid
--73439-- Reading syms from /lib/x86_64-linux-gnu/libpthread-2.23.so
--73439--   Considering /usr/lib/debug/.build-id/ce/17e023542265fc11d9bc8f534bb4f070493d30.debug ..
--73439--   .. build-id is valid
--73439-- Reading syms from /lib/x86_64-linux-gnu/libc-2.23.so
--73439--   Considering /lib/x86_64-linux-gnu/libc-2.23.so ..
--73439--   .. CRC mismatch (computed 7a8ee3e4 wanted a5190ac4)
--73439--   Considering /usr/lib/debug/lib/x86_64-linux-gnu/libc-2.23.so ..
--73439--   .. CRC is valid
==73439== 
==73439== I   refs:      315,261,952,803
==73439== I1  misses:        568,722,643
==73439== LLi misses:             12,896
==73439== I1  miss rate:            0.18%
==73439== LLi miss rate:            0.00%
==73439== 
==73439== D   refs:      123,141,405,673  (86,867,860,398 rd   + 36,273,545,275 wr)
==73439== D1  misses:      1,230,764,116  (   870,380,972 rd   +    360,383,144 wr)
==73439== LLd misses:        311,796,779  (   270,610,647 rd   +     41,186,132 wr)
==73439== D1  miss rate:             1.0% (           1.0%     +            1.0%  )
==73439== LLd miss rate:             0.3% (           0.3%     +            0.1%  )
==73439== 
==73439== LL refs:         1,799,486,759  ( 1,439,103,615 rd   +    360,383,144 wr)
==73439== LL misses:         311,809,675  (   270,623,543 rd   +     41,186,132 wr)
==73439== LL miss rate:              0.1% (           0.1%     +            0.1%  )
