73667:C 10 Apr 2020 10:07:52.577 # oO0OoO0OoO0Oo Redis is starting oO0OoO0OoO0Oo
73667:C 10 Apr 2020 10:07:52.597 # Redis version=999.999.999, bits=64, commit=767977c5, modified=0, pid=73667, just started
73667:C 10 Apr 2020 10:07:52.597 # Configuration loaded
                _._                                                  
           _.-``__ ''-._                                             
      _.-``    `.  `_.  ''-._           Redis 999.999.999 (767977c5/0) 64 bit
  .-`` .-```.  ```\/    _.,_ ''-._                                   
 (    '      ,       .-`  | `,    )     Running in standalone mode
 |`-._`-...-` __...-.``-._|'` _.-'|     Port: 30051
 |    `-._   `._    /     _.-'    |     PID: 73667
  `-._    `-._  `-./  _.-'    _.-'                                   
 |`-._`-._    `-.__.-'    _.-'_.-'|                                  
 |    `-._`-._        _.-'_.-'    |           http://redis.io        
  `-._    `-._`-.__.-'_.-'    _.-'                                   
 |`-._`-._    `-.__.-'    _.-'_.-'|                                  
 |    `-._`-._        _.-'_.-'    |                                  
  `-._    `-._`-.__.-'_.-'    _.-'                                   
      `-._    `-.__.-'    _.-'                                       
          `-._        _.-'                                           
              `-.__.-'                                               

73667:M 10 Apr 2020 10:07:52.812 # WARNING: The TCP backlog setting of 511 cannot be enforced because /proc/sys/net/core/somaxconn is set to the lower value of 128.
73667:M 10 Apr 2020 10:07:52.812 # Server initialized
73667:M 10 Apr 2020 10:07:52.878 * Ready to accept connections
73667:signal-handler (1586533238) Received SIGINT scheduling shutdown...
73667:M 10 Apr 2020 11:40:38.127 # User requested shutdown...
73667:M 10 Apr 2020 11:40:38.129 * Removing the pid file.
73667:M 10 Apr 2020 11:40:38.131 # Redis is now ready to exit, bye bye...
