79156:C 15 Dec 2020 00:51:40.866 # oO0OoO0OoO0Oo Redis is starting oO0OoO0OoO0Oo
79156:C 15 Dec 2020 00:51:40.877 # Redis version=255.255.255, bits=64, commit=9acd40d9, modified=1, pid=79156, just started
79156:C 15 Dec 2020 00:51:40.878 # Configuration loaded
79156:M 15 Dec 2020 00:51:40.919 * monotonic clock: POSIX clock_gettime
                _._                                                  
           _.-``__ ''-._                                             
      _.-``    `.  `_.  ''-._           Redis 255.255.255 (9acd40d9/1) 64 bit
  .-`` .-```.  ```\/    _.,_ ''-._                                   
 (    '      ,       .-`  | `,    )     Running in standalone mode
 |`-._`-...-` __...-.``-._|'` _.-'|     Port: 30032
 |    `-._   `._    /     _.-'    |     PID: 79156
  `-._    `-._  `-./  _.-'    _.-'                                   
 |`-._`-._    `-.__.-'    _.-'_.-'|                                  
 |    `-._`-._        _.-'_.-'    |           http://redis.io        
  `-._    `-._`-.__.-'_.-'    _.-'                                   
 |`-._`-._    `-.__.-'    _.-'_.-'|                                  
 |    `-._`-._        _.-'_.-'    |                                  
  `-._    `-._`-.__.-'_.-'    _.-'                                   
      `-._    `-.__.-'    _.-'                                       
          `-._        _.-'                                           
              `-.__.-'                                               

79156:M 15 Dec 2020 00:51:41.053 # Server initialized
79156:M 15 Dec 2020 00:51:41.108 * Ready to accept connections
79156:signal-handler (1608023261) Received SIGINT scheduling shutdown...
79156:M 15 Dec 2020 04:07:41.113 # User requested shutdown...
79156:M 15 Dec 2020 04:07:41.175 * Removing the pid file.
79156:M 15 Dec 2020 04:07:41.230 # Redis is now ready to exit, bye bye...
