73439:C 10 Apr 2020 10:07:52.744 # oO0OoO0OoO0Oo Redis is starting oO0OoO0OoO0Oo
73439:C 10 Apr 2020 10:07:52.768 # Redis version=999.999.999, bits=64, commit=767977c5, modified=0, pid=73439, just started
73439:C 10 Apr 2020 10:07:52.769 # Configuration loaded
                _._                                                  
           _.-``__ ''-._                                             
      _.-``    `.  `_.  ''-._           Redis 999.999.999 (767977c5/0) 64 bit
  .-`` .-```.  ```\/    _.,_ ''-._                                   
 (    '      ,       .-`  | `,    )     Running in standalone mode
 |`-._`-...-` __...-.``-._|'` _.-'|     Port: 30034
 |    `-._   `._    /     _.-'    |     PID: 73439
  `-._    `-._  `-./  _.-'    _.-'                                   
 |`-._`-._    `-.__.-'    _.-'_.-'|                                  
 |    `-._`-._        _.-'_.-'    |           http://redis.io        
  `-._    `-._`-.__.-'_.-'    _.-'                                   
 |`-._`-._    `-.__.-'    _.-'_.-'|                                  
 |    `-._`-._        _.-'_.-'    |                                  
  `-._    `-._`-.__.-'_.-'    _.-'                                   
      `-._    `-.__.-'    _.-'                                       
          `-._        _.-'                                           
              `-.__.-'                                               

73439:M 10 Apr 2020 10:07:53.016 # WARNING: The TCP backlog setting of 511 cannot be enforced because /proc/sys/net/core/somaxconn is set to the lower value of 128.
73439:M 10 Apr 2020 10:07:53.017 # Server initialized
73439:M 10 Apr 2020 10:07:53.063 * Ready to accept connections
73439:signal-handler (1586534883) Received SIGINT scheduling shutdown...
73439:M 10 Apr 2020 12:08:03.761 # User requested shutdown...
73439:M 10 Apr 2020 12:08:03.763 * Removing the pid file.
73439:M 10 Apr 2020 12:08:03.764 # Redis is now ready to exit, bye bye...
