==79255== Cachegrind, a cache and branch-prediction profiler
==79255== Copyright (C) 2002-2017, and GNU GPL'd, by Nicholas Nethercote et al.
==79255== Using Valgrind-3.16.0.GIT-74b01035ef-20200315 and LibVEX; rerun with -h for copyright info
==79255== Command: ./src/redis-server ./redis.conf --port 30046
==79255== Parent PID: 79225
==79255== 
--79255-- 
--79255-- Valgrind options:
--79255--    --tool=cachegrind
--79255--    --I1=32768,8,64
--79255--    --D1=32768,8,64
--79255--    --L2=4294967296,4,512
--79255--    --cachegrind-out-file=/store/KCacheSim/scripts/../logs//redis/sim-cachegrind-method-rand-config-size=4294967296*block=512*assoc=4-run-0.cachegrind.detail
--79255--    --log-file=/store/KCacheSim/scripts/../logs//redis/sim-cachegrind-method-rand-config-size=4294967296*block=512*assoc=4-run-0.cachegrind.out
--79255--    -v
--79255--    --trace-children=yes
--79255-- Contents of /proc/version:
--79255--   Linux version 5.4.0-51-generic (buildd@lcy01-amd64-020) (gcc version 9.3.0 (Ubuntu 9.3.0-10ubuntu2)) #56-Ubuntu SMP Mon Oct 5 14:28:49 UTC 2020
--79255-- 
--79255-- Arch and hwcaps: AMD64, LittleEndian, amd64-cx16-lzcnt-rdtscp-sse3-ssse3-avx-avx2-bmi-f16c-rdrand
--79255-- Page sizes: currently 4096, max supported 4096
--79255-- Valgrind library directory: /store/KCacheSim/valgrind/build/lib/valgrind
--79255-- warning: L3 cache found, using its data for the LL simulation.
==79255== Cache configuration used:
==79255==   I1: 32,768 B, 8-way, 64 B lines
==79255==   D1: 32,768 B, 8-way, 64 B lines
==79255==   LL: 0 B, 4-way, 512 B lines
--79255-- Reading syms from /store/KCacheSim/apps/redis/redis/src/redis-server
--79255-- Reading syms from /usr/lib/x86_64-linux-gnu/ld-2.31.so
--79255--   Considering /usr/lib/x86_64-linux-gnu/ld-2.31.so ..
--79255--   .. CRC mismatch (computed 387b17ea wanted d28cf5ef)
--79255--    object doesn't have a symbol table
--79255-- Reading syms from /store/KCacheSim/valgrind/build/lib/valgrind/cachegrind-amd64-linux
--79255--    object doesn't have a dynamic symbol table
--79255-- Scheduler: using generic scheduler lock implementation.
==79255== embedded gdbserver: reading from /tmp/vgdb-pipe-from-vgdb-to-79255-by-timran-on-???
==79255== embedded gdbserver: writing to   /tmp/vgdb-pipe-to-vgdb-from-79255-by-timran-on-???
==79255== embedded gdbserver: shared mem   /tmp/vgdb-pipe-shared-mem-vgdb-79255-by-timran-on-???
==79255== 
==79255== TO CONTROL THIS PROCESS USING vgdb (which you probably
==79255== don't want to do, unless you know exactly what you're doing,
==79255== or are doing some strange experiment):
==79255==   /store/KCacheSim/valgrind/build/lib/valgrind/../../bin/vgdb --pid=79255 ...command...
==79255== 
==79255== TO DEBUG THIS PROCESS USING GDB: start GDB like this
==79255==   /path/to/gdb ./src/redis-server
==79255== and then give GDB the following command
==79255==   target remote | /store/KCacheSim/valgrind/build/lib/valgrind/../../bin/vgdb --pid=79255
==79255== --pid is optional if only one valgrind process is running
==79255== 
--79255-- Reading syms from /store/KCacheSim/valgrind/build/lib/valgrind/vgpreload_core-amd64-linux.so
--79255-- Reading syms from /usr/lib/x86_64-linux-gnu/libm-2.31.so
--79255--   Considering /usr/lib/x86_64-linux-gnu/libm-2.31.so ..
--79255--   .. CRC mismatch (computed 327d785f wanted 751f5509)
--79255--    object doesn't have a symbol table
--79255-- Reading syms from /usr/lib/x86_64-linux-gnu/libdl-2.31.so
--79255--   Considering /usr/lib/x86_64-linux-gnu/libdl-2.31.so ..
--79255--   .. CRC mismatch (computed 4fd191ca wanted df8dd39a)
--79255--    object doesn't have a symbol table
--79255-- Reading syms from /usr/lib/x86_64-linux-gnu/libpthread-2.31.so
--79255--   Considering /usr/lib/debug/.build-id/77/5cbbfff814456660786780b0b3b40096b4c05e.debug ..
--79255--   .. build-id is valid
--79255-- Reading syms from /usr/lib/x86_64-linux-gnu/libc-2.31.so
--79255--   Considering /usr/lib/x86_64-linux-gnu/libc-2.31.so ..
--79255--   .. CRC mismatch (computed a6f43087 wanted 6555436e)
--79255--    object doesn't have a symbol table
==79255== 
==79255== I   refs:      241,924,360,874
==79255== I1  misses:        693,287,319
==79255== LLi misses:              1,333
==79255== I1  miss rate:            0.29%
==79255== LLi miss rate:            0.00%
==79255== 
==79255== D   refs:       88,633,968,961  (61,611,888,646 rd   + 27,022,080,315 wr)
==79255== D1  misses:        881,281,310  (   625,665,252 rd   +    255,616,058 wr)
==79255== LLd misses:          7,426,944  (     1,661,251 rd   +      5,765,693 wr)
==79255== D1  miss rate:             1.0% (           1.0%     +            0.9%  )
==79255== LLd miss rate:             0.0% (           0.0%     +            0.0%  )
==79255== 
==79255== LL refs:         1,574,568,629  ( 1,318,952,571 rd   +    255,616,058 wr)
==79255== LL misses:           7,428,277  (     1,662,584 rd   +      5,765,693 wr)
==79255== LL miss rate:              0.0% (           0.0%     +            0.0%  )
