==79369== Cachegrind, a cache and branch-prediction profiler
==79369== Copyright (C) 2002-2017, and GNU GPL'd, by Nicholas Nethercote et al.
==79369== Using Valgrind-3.16.0.GIT-74b01035ef-20200315 and LibVEX; rerun with -h for copyright info
==79369== Command: ./src/redis-server ./redis.conf --port 30060
==79369== Parent PID: 79351
==79369== 
--79369-- 
--79369-- Valgrind options:
--79369--    --tool=cachegrind
--79369--    --I1=32768,8,64
--79369--    --D1=32768,8,64
--79369--    --L2=2147483648,4,1024
--79369--    --cachegrind-out-file=/store/KCacheSim/scripts/../logs//redis/sim-cachegrind-method-rand-config-size=2147483648*block=1024*assoc=4-run-0.cachegrind.detail
--79369--    --log-file=/store/KCacheSim/scripts/../logs//redis/sim-cachegrind-method-rand-config-size=2147483648*block=1024*assoc=4-run-0.cachegrind.out
--79369--    -v
--79369--    --trace-children=yes
--79369-- Contents of /proc/version:
--79369--   Linux version 5.4.0-51-generic (buildd@lcy01-amd64-020) (gcc version 9.3.0 (Ubuntu 9.3.0-10ubuntu2)) #56-Ubuntu SMP Mon Oct 5 14:28:49 UTC 2020
--79369-- 
--79369-- Arch and hwcaps: AMD64, LittleEndian, amd64-cx16-lzcnt-rdtscp-sse3-ssse3-avx-avx2-bmi-f16c-rdrand
--79369-- Page sizes: currently 4096, max supported 4096
--79369-- Valgrind library directory: /store/KCacheSim/valgrind/build/lib/valgrind
--79369-- warning: L3 cache found, using its data for the LL simulation.
==79369== Cache configuration used:
==79369==   I1: 32,768 B, 8-way, 64 B lines
==79369==   D1: 32,768 B, 8-way, 64 B lines
==79369==   LL: -2,147,483,648 B, 4-way, 1024 B lines
--79369-- Reading syms from /store/KCacheSim/apps/redis/redis/src/redis-server
--79369-- Reading syms from /usr/lib/x86_64-linux-gnu/ld-2.31.so
--79369--   Considering /usr/lib/x86_64-linux-gnu/ld-2.31.so ..
--79369--   .. CRC mismatch (computed 387b17ea wanted d28cf5ef)
--79369--    object doesn't have a symbol table
--79369-- Reading syms from /store/KCacheSim/valgrind/build/lib/valgrind/cachegrind-amd64-linux
--79369--    object doesn't have a dynamic symbol table
--79369-- Scheduler: using generic scheduler lock implementation.
==79369== embedded gdbserver: reading from /tmp/vgdb-pipe-from-vgdb-to-79369-by-timran-on-???
==79369== embedded gdbserver: writing to   /tmp/vgdb-pipe-to-vgdb-from-79369-by-timran-on-???
==79369== embedded gdbserver: shared mem   /tmp/vgdb-pipe-shared-mem-vgdb-79369-by-timran-on-???
==79369== 
==79369== TO CONTROL THIS PROCESS USING vgdb (which you probably
==79369== don't want to do, unless you know exactly what you're doing,
==79369== or are doing some strange experiment):
==79369==   /store/KCacheSim/valgrind/build/lib/valgrind/../../bin/vgdb --pid=79369 ...command...
==79369== 
==79369== TO DEBUG THIS PROCESS USING GDB: start GDB like this
==79369==   /path/to/gdb ./src/redis-server
==79369== and then give GDB the following command
==79369==   target remote | /store/KCacheSim/valgrind/build/lib/valgrind/../../bin/vgdb --pid=79369
==79369== --pid is optional if only one valgrind process is running
==79369== 
--79369-- Reading syms from /store/KCacheSim/valgrind/build/lib/valgrind/vgpreload_core-amd64-linux.so
--79369-- Reading syms from /usr/lib/x86_64-linux-gnu/libm-2.31.so
--79369--   Considering /usr/lib/x86_64-linux-gnu/libm-2.31.so ..
--79369--   .. CRC mismatch (computed 327d785f wanted 751f5509)
--79369--    object doesn't have a symbol table
--79369-- Reading syms from /usr/lib/x86_64-linux-gnu/libdl-2.31.so
--79369--   Considering /usr/lib/x86_64-linux-gnu/libdl-2.31.so ..
--79369--   .. CRC mismatch (computed 4fd191ca wanted df8dd39a)
--79369--    object doesn't have a symbol table
--79369-- Reading syms from /usr/lib/x86_64-linux-gnu/libpthread-2.31.so
--79369--   Considering /usr/lib/debug/.build-id/77/5cbbfff814456660786780b0b3b40096b4c05e.debug ..
--79369--   .. build-id is valid
--79369-- Reading syms from /usr/lib/x86_64-linux-gnu/libc-2.31.so
--79369--   Considering /usr/lib/x86_64-linux-gnu/libc-2.31.so ..
--79369--   .. CRC mismatch (computed a6f43087 wanted 6555436e)
--79369--    object doesn't have a symbol table
==79369== 
==79369== I   refs:      329,436,946,526
==79369== I1  misses:        927,967,421
==79369== LLi misses:              1,105
==79369== I1  miss rate:            0.28%
==79369== LLi miss rate:            0.00%
==79369== 
==79369== D   refs:      121,146,241,076  (83,936,276,625 rd   + 37,209,964,451 wr)
==79369== D1  misses:      1,263,557,225  (   892,838,671 rd   +    370,718,554 wr)
==79369== LLd misses:         40,339,937  (    34,109,486 rd   +      6,230,451 wr)
==79369== D1  miss rate:             1.0% (           1.1%     +            1.0%  )
==79369== LLd miss rate:             0.0% (           0.0%     +            0.0%  )
==79369== 
==79369== LL refs:         2,191,524,646  ( 1,820,806,092 rd   +    370,718,554 wr)
==79369== LL misses:          40,341,042  (    34,110,591 rd   +      6,230,451 wr)
==79369== LL miss rate:              0.0% (           0.0%     +            0.0%  )
