79157:C 15 Dec 2020 00:51:40.803 # oO0OoO0OoO0Oo Redis is starting oO0OoO0OoO0Oo
79157:C 15 Dec 2020 00:51:40.815 # Redis version=255.255.255, bits=64, commit=9acd40d9, modified=1, pid=79157, just started
79157:C 15 Dec 2020 00:51:40.816 # Configuration loaded
79157:M 15 Dec 2020 00:51:40.857 * monotonic clock: POSIX clock_gettime
                _._                                                  
           _.-``__ ''-._                                             
      _.-``    `.  `_.  ''-._           Redis 255.255.255 (9acd40d9/1) 64 bit
  .-`` .-```.  ```\/    _.,_ ''-._                                   
 (    '      ,       .-`  | `,    )     Running in standalone mode
 |`-._`-...-` __...-.``-._|'` _.-'|     Port: 30034
 |    `-._   `._    /     _.-'    |     PID: 79157
  `-._    `-._  `-./  _.-'    _.-'                                   
 |`-._`-._    `-.__.-'    _.-'_.-'|                                  
 |    `-._`-._        _.-'_.-'    |           http://redis.io        
  `-._    `-._`-.__.-'_.-'    _.-'                                   
 |`-._`-._    `-.__.-'    _.-'_.-'|                                  
 |    `-._`-._        _.-'_.-'    |                                  
  `-._    `-._`-.__.-'_.-'    _.-'                                   
      `-._    `-.__.-'    _.-'                                       
          `-._        _.-'                                           
              `-.__.-'                                               

79157:M 15 Dec 2020 00:51:40.989 # Server initialized
79157:M 15 Dec 2020 00:51:41.052 * Ready to accept connections
79157:signal-handler (1608021590) Received SIGINT scheduling shutdown...
79157:M 15 Dec 2020 03:39:50.607 # User requested shutdown...
79157:M 15 Dec 2020 03:39:51.197 * Removing the pid file.
79157:M 15 Dec 2020 03:39:51.440 # Redis is now ready to exit, bye bye...
