==77089== Cachegrind, a cache and branch-prediction profiler
==77089== Copyright (C) 2002-2017, and GNU GPL'd, by Nicholas Nethercote et al.
==77089== Using Valgrind-3.16.0.GIT-3c62dde639-20200111 and LibVEX; rerun with -h for copyright info
==77089== Command: ./src/redis-server ./redis.conf --port 30044
==77089== Parent PID: 77084
==77089== 
--77089-- 
--77089-- Valgrind options:
--77089--    --tool=cachegrind
--77089--    --I1=32768,8,64
--77089--    --D1=32768,8,64
--77089--    --L2=33554432,4,4096
--77089--    --cachegrind-out-file=/store/pberry-app-scripts/app-1/output/sim-cachegrind-method-2-config-size=33554432*block=4096*assoc=4.cachegrind.detail
--77089--    --log-file=/store/pberry-app-scripts/app-1/output/sim-cachegrind-method-2-config-size=33554432*block=4096*assoc=4.cachegrind.out
--77089--    -v
--77089--    --trace-children=yes
--77089-- Contents of /proc/version:
--77089--   Linux version 4.4.0-142-generic (buildd@lgw01-amd64-033) (gcc version 5.4.0 20160609 (Ubuntu 5.4.0-6ubuntu1~16.04.10) ) #168-Ubuntu SMP Wed Jan 16 21:00:45 UTC 2019
--77089-- 
--77089-- Arch and hwcaps: AMD64, LittleEndian, amd64-cx16-lzcnt-rdtscp-sse3-ssse3-avx-avx2-bmi-f16c-rdrand
--77089-- Page sizes: currently 4096, max supported 4096
--77089-- Valgrind library directory: /store/pberry-app-scripts/valgrind/build/lib/valgrind
--77089-- warning: L3 cache found, using its data for the LL simulation.
==77089== Cache configuration used:
==77089==   I1: 32,768 B, 8-way, 64 B lines
==77089==   D1: 32,768 B, 8-way, 64 B lines
==77089==   LL: 33,554,432 B, 4-way, 4096 B lines
--77089-- Reading syms from /store/pberry-app-scripts/app-1/redis/src/redis-server
--77089-- Reading syms from /lib/x86_64-linux-gnu/ld-2.23.so
--77089--   Considering /lib/x86_64-linux-gnu/ld-2.23.so ..
--77089--   .. CRC mismatch (computed aa979a42 wanted 9019bbb7)
--77089--   Considering /usr/lib/debug/lib/x86_64-linux-gnu/ld-2.23.so ..
--77089--   .. CRC is valid
--77089-- Reading syms from /store/pberry-app-scripts/valgrind/build/lib/valgrind/cachegrind-amd64-linux
--77089--    object doesn't have a dynamic symbol table
--77089-- Scheduler: using generic scheduler lock implementation.
==77089== embedded gdbserver: reading from /tmp/vgdb-pipe-from-vgdb-to-77089-by-timran-on-???
==77089== embedded gdbserver: writing to   /tmp/vgdb-pipe-to-vgdb-from-77089-by-timran-on-???
==77089== embedded gdbserver: shared mem   /tmp/vgdb-pipe-shared-mem-vgdb-77089-by-timran-on-???
==77089== 
==77089== TO CONTROL THIS PROCESS USING vgdb (which you probably
==77089== don't want to do, unless you know exactly what you're doing,
==77089== or are doing some strange experiment):
==77089==   /store/pberry-app-scripts/valgrind/build/lib/valgrind/../../bin/vgdb --pid=77089 ...command...
==77089== 
==77089== TO DEBUG THIS PROCESS USING GDB: start GDB like this
==77089==   /path/to/gdb ./src/redis-server
==77089== and then give GDB the following command
==77089==   target remote | /store/pberry-app-scripts/valgrind/build/lib/valgrind/../../bin/vgdb --pid=77089
==77089== --pid is optional if only one valgrind process is running
==77089== 
--77089-- Reading syms from /store/pberry-app-scripts/valgrind/build/lib/valgrind/vgpreload_core-amd64-linux.so
--77089-- Reading syms from /lib/x86_64-linux-gnu/libm-2.23.so
--77089--   Considering /lib/x86_64-linux-gnu/libm-2.23.so ..
--77089--   .. CRC mismatch (computed e8c3647b wanted c3efddac)
--77089--   Considering /usr/lib/debug/lib/x86_64-linux-gnu/libm-2.23.so ..
--77089--   .. CRC is valid
--77089-- Reading syms from /lib/x86_64-linux-gnu/libdl-2.23.so
--77089--   Considering /lib/x86_64-linux-gnu/libdl-2.23.so ..
--77089--   .. CRC mismatch (computed 39227170 wanted ab6e2c22)
--77089--   Considering /usr/lib/debug/lib/x86_64-linux-gnu/libdl-2.23.so ..
--77089--   .. CRC is valid
--77089-- Reading syms from /lib/x86_64-linux-gnu/librt-2.23.so
--77089--   Considering /lib/x86_64-linux-gnu/librt-2.23.so ..
--77089--   .. CRC mismatch (computed 734d0439 wanted 09d6393c)
--77089--   Considering /usr/lib/debug/lib/x86_64-linux-gnu/librt-2.23.so ..
--77089--   .. CRC is valid
--77089-- Reading syms from /lib/x86_64-linux-gnu/libpthread-2.23.so
--77089--   Considering /usr/lib/debug/.build-id/ce/17e023542265fc11d9bc8f534bb4f070493d30.debug ..
--77089--   .. build-id is valid
--77089-- Reading syms from /lib/x86_64-linux-gnu/libc-2.23.so
--77089--   Considering /lib/x86_64-linux-gnu/libc-2.23.so ..
--77089--   .. CRC mismatch (computed 7a8ee3e4 wanted a5190ac4)
--77089--   Considering /usr/lib/debug/lib/x86_64-linux-gnu/libc-2.23.so ..
--77089--   .. CRC is valid
==77089== 
==77089== I   refs:      319,074,443,883
==77089== I1  misses:        569,176,678
==77089== LLi misses:            689,459
==77089== I1  miss rate:            0.18%
==77089== LLi miss rate:            0.00%
==77089== 
==77089== D   refs:      124,090,793,356  (87,740,199,312 rd   + 36,350,594,044 wr)
==77089== D1  misses:      1,235,366,985  (   875,050,635 rd   +    360,316,350 wr)
==77089== LLd misses:        347,110,468  (   338,747,046 rd   +      8,363,422 wr)
==77089== D1  miss rate:             1.0% (           1.0%     +            1.0%  )
==77089== LLd miss rate:             0.3% (           0.4%     +            0.0%  )
==77089== 
==77089== LL refs:         1,804,543,663  ( 1,444,227,313 rd   +    360,316,350 wr)
==77089== LL misses:         347,799,927  (   339,436,505 rd   +      8,363,422 wr)
==77089== LL miss rate:              0.1% (           0.1%     +            0.0%  )
